{"C:\\Users\\guirv\\Desenvolvimento\\Hubert\\hubert.lib.front\\packages\\atoms\\src\\hub-alert\\icon-close.tsx": {"path":"C:\\Users\\guirv\\Desenvolvimento\\Hubert\\hubert.lib.front\\packages\\atoms\\src\\hub-alert\\icon-close.tsx","statementMap":{"0":{"start":{"line":4,"column":2},"end":{"line":18,"column":4}}},"fnMap":{"0":{"name":"(anonymous_0)","decl":{"start":{"line":3,"column":15},"end":{"line":3,"column":16}},"loc":{"start":{"line":3,"column":26},"end":{"line":19,"column":1}},"line":3}},"branchMap":{},"s":{"0":0},"f":{"0":0},"b":{},"_coverageSchema":"1a1c01bbd47fc00a2c39e90264f33305004495a9","hash":"591c547b247c00386a70970ec881833c60e9d3a1"}
,"C:\\Users\\guirv\\Desenvolvimento\\Hubert\\hubert.lib.front\\packages\\atoms\\src\\hub-alert\\index.tsx": {"path":"C:\\Users\\guirv\\Desenvolvimento\\Hubert\\hubert.lib.front\\packages\\atoms\\src\\hub-alert\\index.tsx","statementMap":{"0":{"start":{"line":23,"column":20},"end":{"line":23,"column":76}},"1":{"start":{"line":23,"column":40},"end":{"line":23,"column":66}},"2":{"start":{"line":25,"column":2},"end":{"line":45,"column":4}}},"fnMap":{"0":{"name":"HubAlert","decl":{"start":{"line":15,"column":16},"end":{"line":15,"column":24}},"loc":{"start":{"line":22,"column":18},"end":{"line":46,"column":1}},"line":22},"1":{"name":"(anonymous_1)","decl":{"start":{"line":23,"column":34},"end":{"line":23,"column":35}},"loc":{"start":{"line":23,"column":40},"end":{"line":23,"column":66}},"line":23}},"branchMap":{"0":{"loc":{"start":{"line":25,"column":9},"end":{"line":45,"column":3}},"type":"cond-expr","locations":[{"start":{"line":26,"column":4},"end":{"line":42,"column":17}},{"start":{"line":44,"column":4},"end":{"line":44,"column":9}}],"line":25},"1":{"loc":{"start":{"line":30,"column":9},"end":{"line":30,"column":68}},"type":"binary-expr","locations":[{"start":{"line":30,"column":9},"end":{"line":30,"column":16}},{"start":{"line":30,"column":20},"end":{"line":30,"column":68}}],"line":30},"2":{"loc":{"start":{"line":33,"column":7},"end":{"line":41,"column":7}},"type":"binary-expr","locations":[{"start":{"line":33,"column":7},"end":{"line":33,"column":14}},{"start":{"line":34,"column":8},"end":{"line":40,"column":26}}],"line":33}},"s":{"0":1,"1":1,"2":1},"f":{"0":1,"1":1},"b":{"0":[1,0],"1":[1,1],"2":[1,0]},"_coverageSchema":"1a1c01bbd47fc00a2c39e90264f33305004495a9","hash":"b67d573423c3751d23a9de001fe9698458e1dad5"}
,"C:\\Users\\guirv\\Desenvolvimento\\Hubert\\hubert.lib.front\\packages\\atoms\\src\\hub-alert\\styles.ts": {"path":"C:\\Users\\guirv\\Desenvolvimento\\Hubert\\hubert.lib.front\\packages\\atoms\\src\\hub-alert\\styles.ts","statementMap":{"0":{"start":{"line":5,"column":31},"end":{"line":10,"column":1}},"1":{"start":{"line":7,"column":24},"end":{"line":7,"column":39}},"2":{"start":{"line":12,"column":31},"end":{"line":18,"column":1}},"3":{"start":{"line":13,"column":32},"end":{"line":13,"column":61}},"4":{"start":{"line":14,"column":30},"end":{"line":14,"column":57}},"5":{"start":{"line":15,"column":32},"end":{"line":15,"column":65}},"6":{"start":{"line":16,"column":35},"end":{"line":16,"column":71}},"7":{"start":{"line":17,"column":26},"end":{"line":17,"column":51}},"8":{"start":{"line":20,"column":33},"end":{"line":30,"column":1}},"9":{"start":{"line":21,"column":32},"end":{"line":21,"column":61}},"10":{"start":{"line":22,"column":30},"end":{"line":22,"column":57}},"11":{"start":{"line":23,"column":32},"end":{"line":23,"column":65}},"12":{"start":{"line":24,"column":35},"end":{"line":24,"column":71}},"13":{"start":{"line":25,"column":26},"end":{"line":25,"column":55}},"14":{"start":{"line":32,"column":31},"end":{"line":39,"column":1}},"15":{"start":{"line":34,"column":26},"end":{"line":34,"column":41}},"16":{"start":{"line":35,"column":27},"end":{"line":35,"column":42}},"17":{"start":{"line":41,"column":26},"end":{"line":79,"column":1}},"18":{"start":{"line":45,"column":4},"end":{"line":45,"column":64}},"19":{"start":{"line":47,"column":4},"end":{"line":47,"column":64}},"20":{"start":{"line":50,"column":6},"end":{"line":50,"column":66}},"21":{"start":{"line":52,"column":4},"end":{"line":52,"column":41}},"22":{"start":{"line":53,"column":34},"end":{"line":53,"column":61}},"23":{"start":{"line":56,"column":4},"end":{"line":58,"column":5}},"24":{"start":{"line":57,"column":6},"end":{"line":57,"column":46}},"25":{"start":{"line":59,"column":4},"end":{"line":64,"column":5}},"26":{"start":{"line":60,"column":6},"end":{"line":63,"column":11}},"27":{"start":{"line":61,"column":20},"end":{"line":61,"column":47}},"28":{"start":{"line":65,"column":4},"end":{"line":65,"column":42}},"29":{"start":{"line":68,"column":30},"end":{"line":68,"column":71}},"30":{"start":{"line":71,"column":39},"end":{"line":71,"column":64}},"31":{"start":{"line":72,"column":36},"end":{"line":72,"column":63}},"32":{"start":{"line":76,"column":36},"end":{"line":76,"column":54}},"33":{"start":{"line":77,"column":36},"end":{"line":77,"column":65}}},"fnMap":{"0":{"name":"(anonymous_0)","decl":{"start":{"line":7,"column":9},"end":{"line":7,"column":10}},"loc":{"start":{"line":7,"column":24},"end":{"line":7,"column":39}},"line":7},"1":{"name":"(anonymous_1)","decl":{"start":{"line":13,"column":17},"end":{"line":13,"column":18}},"loc":{"start":{"line":13,"column":32},"end":{"line":13,"column":61}},"line":13},"2":{"name":"(anonymous_2)","decl":{"start":{"line":14,"column":15},"end":{"line":14,"column":16}},"loc":{"start":{"line":14,"column":30},"end":{"line":14,"column":57}},"line":14},"3":{"name":"(anonymous_3)","decl":{"start":{"line":15,"column":17},"end":{"line":15,"column":18}},"loc":{"start":{"line":15,"column":32},"end":{"line":15,"column":65}},"line":15},"4":{"name":"(anonymous_4)","decl":{"start":{"line":16,"column":20},"end":{"line":16,"column":21}},"loc":{"start":{"line":16,"column":35},"end":{"line":16,"column":71}},"line":16},"5":{"name":"(anonymous_5)","decl":{"start":{"line":17,"column":11},"end":{"line":17,"column":12}},"loc":{"start":{"line":17,"column":26},"end":{"line":17,"column":51}},"line":17},"6":{"name":"(anonymous_6)","decl":{"start":{"line":21,"column":17},"end":{"line":21,"column":18}},"loc":{"start":{"line":21,"column":32},"end":{"line":21,"column":61}},"line":21},"7":{"name":"(anonymous_7)","decl":{"start":{"line":22,"column":15},"end":{"line":22,"column":16}},"loc":{"start":{"line":22,"column":30},"end":{"line":22,"column":57}},"line":22},"8":{"name":"(anonymous_8)","decl":{"start":{"line":23,"column":17},"end":{"line":23,"column":18}},"loc":{"start":{"line":23,"column":32},"end":{"line":23,"column":65}},"line":23},"9":{"name":"(anonymous_9)","decl":{"start":{"line":24,"column":20},"end":{"line":24,"column":21}},"loc":{"start":{"line":24,"column":35},"end":{"line":24,"column":71}},"line":24},"10":{"name":"(anonymous_10)","decl":{"start":{"line":25,"column":11},"end":{"line":25,"column":12}},"loc":{"start":{"line":25,"column":26},"end":{"line":25,"column":55}},"line":25},"11":{"name":"(anonymous_11)","decl":{"start":{"line":34,"column":11},"end":{"line":34,"column":12}},"loc":{"start":{"line":34,"column":26},"end":{"line":34,"column":41}},"line":34},"12":{"name":"(anonymous_12)","decl":{"start":{"line":35,"column":12},"end":{"line":35,"column":13}},"loc":{"start":{"line":35,"column":27},"end":{"line":35,"column":42}},"line":35},"13":{"name":"(anonymous_13)","decl":{"start":{"line":44,"column":22},"end":{"line":44,"column":23}},"loc":{"start":{"line":45,"column":4},"end":{"line":45,"column":64}},"line":45},"14":{"name":"(anonymous_14)","decl":{"start":{"line":46,"column":11},"end":{"line":46,"column":12}},"loc":{"start":{"line":47,"column":4},"end":{"line":47,"column":64}},"line":47},"15":{"name":"(anonymous_15)","decl":{"start":{"line":49,"column":6},"end":{"line":49,"column":7}},"loc":{"start":{"line":50,"column":6},"end":{"line":50,"column":66}},"line":50},"16":{"name":"(anonymous_16)","decl":{"start":{"line":51,"column":19},"end":{"line":51,"column":20}},"loc":{"start":{"line":52,"column":4},"end":{"line":52,"column":41}},"line":52},"17":{"name":"(anonymous_17)","decl":{"start":{"line":53,"column":17},"end":{"line":53,"column":18}},"loc":{"start":{"line":53,"column":34},"end":{"line":53,"column":61}},"line":53},"18":{"name":"(anonymous_18)","decl":{"start":{"line":55,"column":4},"end":{"line":55,"column":5}},"loc":{"start":{"line":55,"column":24},"end":{"line":66,"column":3}},"line":55},"19":{"name":"(anonymous_19)","decl":{"start":{"line":61,"column":8},"end":{"line":61,"column":9}},"loc":{"start":{"line":61,"column":20},"end":{"line":61,"column":47}},"line":61},"20":{"name":"(anonymous_20)","decl":{"start":{"line":68,"column":9},"end":{"line":68,"column":10}},"loc":{"start":{"line":68,"column":30},"end":{"line":68,"column":71}},"line":68},"21":{"name":"(anonymous_21)","decl":{"start":{"line":71,"column":22},"end":{"line":71,"column":23}},"loc":{"start":{"line":71,"column":39},"end":{"line":71,"column":64}},"line":71},"22":{"name":"(anonymous_22)","decl":{"start":{"line":72,"column":19},"end":{"line":72,"column":20}},"loc":{"start":{"line":72,"column":36},"end":{"line":72,"column":63}},"line":72},"23":{"name":"(anonymous_23)","decl":{"start":{"line":76,"column":19},"end":{"line":76,"column":20}},"loc":{"start":{"line":76,"column":36},"end":{"line":76,"column":54}},"line":76},"24":{"name":"(anonymous_24)","decl":{"start":{"line":77,"column":19},"end":{"line":77,"column":20}},"loc":{"start":{"line":77,"column":36},"end":{"line":77,"column":65}},"line":77}},"branchMap":{"0":{"loc":{"start":{"line":45,"column":4},"end":{"line":45,"column":64}},"type":"cond-expr","locations":[{"start":{"line":45,"column":12},"end":{"line":45,"column":36}},{"start":{"line":45,"column":39},"end":{"line":45,"column":64}}],"line":45},"1":{"loc":{"start":{"line":47,"column":4},"end":{"line":47,"column":64}},"type":"cond-expr","locations":[{"start":{"line":47,"column":12},"end":{"line":47,"column":36}},{"start":{"line":47,"column":39},"end":{"line":47,"column":64}}],"line":47},"2":{"loc":{"start":{"line":50,"column":6},"end":{"line":50,"column":66}},"type":"cond-expr","locations":[{"start":{"line":50,"column":14},"end":{"line":50,"column":38}},{"start":{"line":50,"column":41},"end":{"line":50,"column":66}}],"line":50},"3":{"loc":{"start":{"line":52,"column":4},"end":{"line":52,"column":41}},"type":"cond-expr","locations":[{"start":{"line":52,"column":13},"end":{"line":52,"column":33}},{"start":{"line":52,"column":36},"end":{"line":52,"column":41}}],"line":52},"4":{"loc":{"start":{"line":53,"column":34},"end":{"line":53,"column":61}},"type":"cond-expr","locations":[{"start":{"line":53,"column":43},"end":{"line":53,"column":51}},{"start":{"line":53,"column":54},"end":{"line":53,"column":61}}],"line":53},"5":{"loc":{"start":{"line":56,"column":4},"end":{"line":58,"column":5}},"type":"if","locations":[{"start":{"line":56,"column":4},"end":{"line":58,"column":5}},{"start":{},"end":{}}],"line":56},"6":{"loc":{"start":{"line":59,"column":4},"end":{"line":64,"column":5}},"type":"if","locations":[{"start":{"line":59,"column":4},"end":{"line":64,"column":5}},{"start":{},"end":{}}],"line":59},"7":{"loc":{"start":{"line":68,"column":30},"end":{"line":68,"column":71}},"type":"cond-expr","locations":[{"start":{"line":68,"column":36},"end":{"line":68,"column":53}},{"start":{"line":68,"column":56},"end":{"line":68,"column":71}}],"line":68},"8":{"loc":{"start":{"line":71,"column":39},"end":{"line":71,"column":64}},"type":"cond-expr","locations":[{"start":{"line":71,"column":48},"end":{"line":71,"column":53}},{"start":{"line":71,"column":56},"end":{"line":71,"column":64}}],"line":71},"9":{"loc":{"start":{"line":72,"column":36},"end":{"line":72,"column":63}},"type":"cond-expr","locations":[{"start":{"line":72,"column":45},"end":{"line":72,"column":53}},{"start":{"line":72,"column":56},"end":{"line":72,"column":63}}],"line":72},"10":{"loc":{"start":{"line":76,"column":36},"end":{"line":76,"column":54}},"type":"cond-expr","locations":[{"start":{"line":76,"column":45},"end":{"line":76,"column":48}},{"start":{"line":76,"column":51},"end":{"line":76,"column":54}}],"line":76},"11":{"loc":{"start":{"line":77,"column":36},"end":{"line":77,"column":65}},"type":"cond-expr","locations":[{"start":{"line":77,"column":45},"end":{"line":77,"column":53}},{"start":{"line":77,"column":56},"end":{"line":77,"column":65}}],"line":77}},"s":{"0":1,"1":1,"2":1,"3":1,"4":1,"5":1,"6":1,"7":1,"8":1,"9":1,"10":1,"11":1,"12":1,"13":1,"14":1,"15":0,"16":0,"17":1,"18":1,"19":1,"20":1,"21":1,"22":1,"23":1,"24":0,"25":1,"26":0,"27":0,"28":1,"29":1,"30":1,"31":1,"32":1,"33":1},"f":{"0":1,"1":1,"2":1,"3":1,"4":1,"5":1,"6":1,"7":1,"8":1,"9":1,"10":1,"11":0,"12":0,"13":1,"14":1,"15":1,"16":1,"17":1,"18":1,"19":0,"20":1,"21":1,"22":1,"23":1,"24":1},"b":{"0":[0,1],"1":[0,1],"2":[0,1],"3":[0,1],"4":[0,1],"5":[0,1],"6":[0,1],"7":[0,1],"8":[0,1],"9":[0,1],"10":[0,1],"11":[0,1]},"_coverageSchema":"1a1c01bbd47fc00a2c39e90264f33305004495a9","hash":"dacbefd53cec4e131112ae0cc64362b5930da696"}
,"C:\\Users\\guirv\\Desenvolvimento\\Hubert\\hubert.lib.front\\packages\\atoms\\src\\hub-animation\\index.tsx": {"path":"C:\\Users\\guirv\\Desenvolvimento\\Hubert\\hubert.lib.front\\packages\\atoms\\src\\hub-animation\\index.tsx","statementMap":{"0":{"start":{"line":13,"column":13},"end":{"line":13,"column":27}},"1":{"start":{"line":14,"column":15},"end":{"line":14,"column":70}},"2":{"start":{"line":14,"column":35},"end":{"line":14,"column":65}},"3":{"start":{"line":16,"column":15},"end":{"line":16,"column":65}},"4":{"start":{"line":16,"column":39},"end":{"line":16,"column":56}},"5":{"start":{"line":17,"column":16},"end":{"line":17,"column":67}},"6":{"start":{"line":17,"column":40},"end":{"line":17,"column":58}},"7":{"start":{"line":18,"column":15},"end":{"line":18,"column":65}},"8":{"start":{"line":18,"column":39},"end":{"line":18,"column":56}},"9":{"start":{"line":20,"column":2},"end":{"line":24,"column":4}},"10":{"start":{"line":22,"column":11},"end":{"line":22,"column":32}},"11":{"start":{"line":26,"column":2},"end":{"line":42,"column":19}},"12":{"start":{"line":27,"column":23},"end":{"line":27,"column":68}},"13":{"start":{"line":29,"column":4},"end":{"line":38,"column":5}},"14":{"start":{"line":29,"column":46},"end":{"line":29,"column":62}},"15":{"start":{"line":30,"column":6},"end":{"line":37,"column":9}},"16":{"start":{"line":39,"column":4},"end":{"line":41,"column":6}},"17":{"start":{"line":40,"column":6},"end":{"line":40,"column":27}},"18":{"start":{"line":44,"column":2},"end":{"line":44,"column":65}},"19":{"start":{"line":47,"column":28},"end":{"line":49,"column":41}}},"fnMap":{"0":{"name":"HubAnimationInner","decl":{"start":{"line":9,"column":9},"end":{"line":9,"column":26}},"loc":{"start":{"line":12,"column":2},"end":{"line":45,"column":1}},"line":12},"1":{"name":"(anonymous_1)","decl":{"start":{"line":14,"column":29},"end":{"line":14,"column":30}},"loc":{"start":{"line":14,"column":35},"end":{"line":14,"column":65}},"line":14},"2":{"name":"(anonymous_2)","decl":{"start":{"line":16,"column":33},"end":{"line":16,"column":34}},"loc":{"start":{"line":16,"column":39},"end":{"line":16,"column":56}},"line":16},"3":{"name":"(anonymous_3)","decl":{"start":{"line":17,"column":34},"end":{"line":17,"column":35}},"loc":{"start":{"line":17,"column":40},"end":{"line":17,"column":58}},"line":17},"4":{"name":"(anonymous_4)","decl":{"start":{"line":18,"column":33},"end":{"line":18,"column":34}},"loc":{"start":{"line":18,"column":39},"end":{"line":18,"column":56}},"line":18},"5":{"name":"(anonymous_5)","decl":{"start":{"line":22,"column":4},"end":{"line":22,"column":5}},"loc":{"start":{"line":22,"column":11},"end":{"line":22,"column":32}},"line":22},"6":{"name":"(anonymous_6)","decl":{"start":{"line":26,"column":18},"end":{"line":26,"column":19}},"loc":{"start":{"line":26,"column":24},"end":{"line":42,"column":3}},"line":26},"7":{"name":"(anonymous_7)","decl":{"start":{"line":29,"column":39},"end":{"line":29,"column":40}},"loc":{"start":{"line":29,"column":46},"end":{"line":29,"column":62}},"line":29},"8":{"name":"(anonymous_8)","decl":{"start":{"line":39,"column":11},"end":{"line":39,"column":12}},"loc":{"start":{"line":39,"column":17},"end":{"line":41,"column":5}},"line":39}},"branchMap":{"0":{"loc":{"start":{"line":27,"column":23},"end":{"line":27,"column":68}},"type":"binary-expr","locations":[{"start":{"line":27,"column":23},"end":{"line":27,"column":62}},{"start":{"line":27,"column":66},"end":{"line":27,"column":68}}],"line":27},"1":{"loc":{"start":{"line":29,"column":4},"end":{"line":38,"column":5}},"type":"if","locations":[{"start":{"line":29,"column":4},"end":{"line":38,"column":5}},{"start":{},"end":{}}],"line":29},"2":{"loc":{"start":{"line":29,"column":8},"end":{"line":29,"column":63}},"type":"binary-expr","locations":[{"start":{"line":29,"column":8},"end":{"line":29,"column":18}},{"start":{"line":29,"column":22},"end":{"line":29,"column":63}}],"line":29},"3":{"loc":{"start":{"line":34,"column":14},"end":{"line":34,"column":27}},"type":"binary-expr","locations":[{"start":{"line":34,"column":14},"end":{"line":34,"column":18}},{"start":{"line":34,"column":22},"end":{"line":34,"column":27}}],"line":34},"4":{"loc":{"start":{"line":35,"column":18},"end":{"line":35,"column":34}},"type":"binary-expr","locations":[{"start":{"line":35,"column":18},"end":{"line":35,"column":26}},{"start":{"line":35,"column":30},"end":{"line":35,"column":34}}],"line":35},"5":{"loc":{"start":{"line":44,"column":9},"end":{"line":44,"column":64}},"type":"cond-expr","locations":[{"start":{"line":44,"column":18},"end":{"line":44,"column":56}},{"start":{"line":44,"column":59},"end":{"line":44,"column":64}}],"line":44}},"s":{"0":1,"1":1,"2":1,"3":1,"4":0,"5":1,"6":0,"7":1,"8":0,"9":1,"10":0,"11":1,"12":1,"13":1,"14":0,"15":0,"16":1,"17":1,"18":1,"19":1},"f":{"0":1,"1":1,"2":0,"3":0,"4":0,"5":0,"6":1,"7":0,"8":1},"b":{"0":[1,0],"1":[0,1],"2":[1,0],"3":[0,0],"4":[0,0],"5":[0,1]},"_coverageSchema":"1a1c01bbd47fc00a2c39e90264f33305004495a9","hash":"3ff538f61d924fa517fa9e78e9503183ccf0ad68"}
,"C:\\Users\\guirv\\Desenvolvimento\\Hubert\\hubert.lib.front\\packages\\atoms\\src\\hub-animation\\styles.ts": {"path":"C:\\Users\\guirv\\Desenvolvimento\\Hubert\\hubert.lib.front\\packages\\atoms\\src\\hub-animation\\styles.ts","statementMap":{"0":{"start":{"line":5,"column":30},"end":{"line":40,"column":1}},"1":{"start":{"line":7,"column":4},"end":{"line":38,"column":5}},"2":{"start":{"line":9,"column":8},"end":{"line":13,"column":10}},"3":{"start":{"line":15,"column":8},"end":{"line":19,"column":10}},"4":{"start":{"line":21,"column":8},"end":{"line":25,"column":10}},"5":{"start":{"line":27,"column":8},"end":{"line":31,"column":10}},"6":{"start":{"line":33,"column":8},"end":{"line":37,"column":10}}},"fnMap":{"0":{"name":"(anonymous_0)","decl":{"start":{"line":6,"column":4},"end":{"line":6,"column":5}},"loc":{"start":{"line":6,"column":40},"end":{"line":39,"column":3}},"line":6}},"branchMap":{"0":{"loc":{"start":{"line":7,"column":4},"end":{"line":38,"column":5}},"type":"switch","locations":[{"start":{"line":8,"column":6},"end":{"line":13,"column":10}},{"start":{"line":14,"column":6},"end":{"line":19,"column":10}},{"start":{"line":20,"column":6},"end":{"line":25,"column":10}},{"start":{"line":26,"column":6},"end":{"line":31,"column":10}},{"start":{"line":32,"column":6},"end":{"line":37,"column":10}}],"line":7},"1":{"loc":{"start":{"line":34,"column":19},"end":{"line":34,"column":43}},"type":"binary-expr","locations":[{"start":{"line":34,"column":19},"end":{"line":34,"column":24}},{"start":{"line":34,"column":28},"end":{"line":34,"column":43}}],"line":34},"2":{"loc":{"start":{"line":35,"column":20},"end":{"line":35,"column":45}},"type":"binary-expr","locations":[{"start":{"line":35,"column":20},"end":{"line":35,"column":26}},{"start":{"line":35,"column":30},"end":{"line":35,"column":45}}],"line":35},"3":{"loc":{"start":{"line":36,"column":23},"end":{"line":36,"column":47}},"type":"binary-expr","locations":[{"start":{"line":36,"column":23},"end":{"line":36,"column":28}},{"start":{"line":36,"column":32},"end":{"line":36,"column":47}}],"line":36}},"s":{"0":1,"1":0,"2":0,"3":0,"4":0,"5":0,"6":0},"f":{"0":0},"b":{"0":[0,0,0,0,0],"1":[0,0],"2":[0,0],"3":[0,0]},"_coverageSchema":"1a1c01bbd47fc00a2c39e90264f33305004495a9","hash":"1eacf1c295b26fe6ccf941177198f9f1dfb2f58c"}
,"C:\\Users\\guirv\\Desenvolvimento\\Hubert\\hubert.lib.front\\packages\\atoms\\src\\hub-avatar\\index.tsx": {"path":"C:\\Users\\guirv\\Desenvolvimento\\Hubert\\hubert.lib.front\\packages\\atoms\\src\\hub-avatar\\index.tsx","statementMap":{"0":{"start":{"line":15,"column":2},"end":{"line":23,"column":4}}},"fnMap":{"0":{"name":"HubAvatar","decl":{"start":{"line":8,"column":16},"end":{"line":8,"column":25}},"loc":{"start":{"line":14,"column":19},"end":{"line":24,"column":1}},"line":14}},"branchMap":{"0":{"loc":{"start":{"line":17,"column":7},"end":{"line":21,"column":7}},"type":"cond-expr","locations":[{"start":{"line":18,"column":8},"end":{"line":18,"column":46}},{"start":{"line":20,"column":8},"end":{"line":20,"column":61}}],"line":17}},"s":{"0":1},"f":{"0":1},"b":{"0":[1,0]},"_coverageSchema":"1a1c01bbd47fc00a2c39e90264f33305004495a9","hash":"70d22927128b9d930f6daa7950f3aad0cbfe46ad"}
,"C:\\Users\\guirv\\Desenvolvimento\\Hubert\\hubert.lib.front\\packages\\atoms\\src\\hub-avatar\\styles.ts": {"path":"C:\\Users\\guirv\\Desenvolvimento\\Hubert\\hubert.lib.front\\packages\\atoms\\src\\hub-avatar\\styles.ts","statementMap":{"0":{"start":{"line":5,"column":30},"end":{"line":10,"column":1}},"1":{"start":{"line":12,"column":35},"end":{"line":19,"column":1}},"2":{"start":{"line":21,"column":27},"end":{"line":100,"column":1}},"3":{"start":{"line":23,"column":4},"end":{"line":29,"column":5}},"4":{"start":{"line":24,"column":6},"end":{"line":28,"column":8}},"5":{"start":{"line":31,"column":4},"end":{"line":62,"column":5}},"6":{"start":{"line":33,"column":8},"end":{"line":37,"column":10}},"7":{"start":{"line":39,"column":8},"end":{"line":43,"column":10}},"8":{"start":{"line":45,"column":8},"end":{"line":49,"column":10}},"9":{"start":{"line":51,"column":8},"end":{"line":55,"column":10}},"10":{"start":{"line":57,"column":8},"end":{"line":61,"column":10}},"11":{"start":{"line":65,"column":4},"end":{"line":70,"column":3}},"12":{"start":{"line":75,"column":27},"end":{"line":80,"column":5}},"13":{"start":{"line":83,"column":6},"end":{"line":89,"column":19}},"14":{"start":{"line":92,"column":6},"end":{"line":98,"column":35}}},"fnMap":{"0":{"name":"(anonymous_0)","decl":{"start":{"line":22,"column":4},"end":{"line":22,"column":5}},"loc":{"start":{"line":22,"column":25},"end":{"line":63,"column":3}},"line":22},"1":{"name":"(anonymous_1)","decl":{"start":{"line":64,"column":4},"end":{"line":64,"column":5}},"loc":{"start":{"line":65,"column":4},"end":{"line":70,"column":3}},"line":65},"2":{"name":"(anonymous_2)","decl":{"start":{"line":75,"column":6},"end":{"line":75,"column":7}},"loc":{"start":{"line":75,"column":27},"end":{"line":80,"column":5}},"line":75},"3":{"name":"(anonymous_3)","decl":{"start":{"line":82,"column":24},"end":{"line":82,"column":25}},"loc":{"start":{"line":83,"column":6},"end":{"line":89,"column":19}},"line":83},"4":{"name":"(anonymous_4)","decl":{"start":{"line":91,"column":13},"end":{"line":91,"column":14}},"loc":{"start":{"line":92,"column":6},"end":{"line":98,"column":35}},"line":92}},"branchMap":{"0":{"loc":{"start":{"line":23,"column":4},"end":{"line":29,"column":5}},"type":"if","locations":[{"start":{"line":23,"column":4},"end":{"line":29,"column":5}},{"start":{},"end":{}}],"line":23},"1":{"loc":{"start":{"line":31,"column":4},"end":{"line":62,"column":5}},"type":"switch","locations":[{"start":{"line":32,"column":6},"end":{"line":37,"column":10}},{"start":{"line":38,"column":6},"end":{"line":43,"column":10}},{"start":{"line":44,"column":6},"end":{"line":49,"column":10}},{"start":{"line":50,"column":6},"end":{"line":55,"column":10}},{"start":{"line":56,"column":6},"end":{"line":61,"column":10}}],"line":31},"2":{"loc":{"start":{"line":65,"column":4},"end":{"line":70,"column":3}},"type":"cond-expr","locations":[{"start":{"line":66,"column":8},"end":{"line":66,"column":10}},{"start":{"line":67,"column":8},"end":{"line":70,"column":3}}],"line":65},"3":{"loc":{"start":{"line":76,"column":38},"end":{"line":76,"column":50}},"type":"binary-expr","locations":[{"start":{"line":76,"column":38},"end":{"line":76,"column":42}},{"start":{"line":76,"column":46},"end":{"line":76,"column":50}}],"line":76},"4":{"loc":{"start":{"line":77,"column":36},"end":{"line":77,"column":48}},"type":"binary-expr","locations":[{"start":{"line":77,"column":36},"end":{"line":77,"column":40}},{"start":{"line":77,"column":44},"end":{"line":77,"column":48}}],"line":77},"5":{"loc":{"start":{"line":78,"column":38},"end":{"line":78,"column":50}},"type":"binary-expr","locations":[{"start":{"line":78,"column":38},"end":{"line":78,"column":42}},{"start":{"line":78,"column":46},"end":{"line":78,"column":50}}],"line":78},"6":{"loc":{"start":{"line":79,"column":41},"end":{"line":79,"column":53}},"type":"binary-expr","locations":[{"start":{"line":79,"column":41},"end":{"line":79,"column":45}},{"start":{"line":79,"column":49},"end":{"line":79,"column":53}}],"line":79},"7":{"loc":{"start":{"line":83,"column":6},"end":{"line":89,"column":19}},"type":"cond-expr","locations":[{"start":{"line":84,"column":10},"end":{"line":84,"column":41}},{"start":{"line":85,"column":10},"end":{"line":89,"column":19}}],"line":83},"8":{"loc":{"start":{"line":83,"column":6},"end":{"line":83,"column":25}},"type":"binary-expr","locations":[{"start":{"line":83,"column":6},"end":{"line":83,"column":11}},{"start":{"line":83,"column":15},"end":{"line":83,"column":25}}],"line":83},"9":{"loc":{"start":{"line":85,"column":10},"end":{"line":89,"column":19}},"type":"cond-expr","locations":[{"start":{"line":86,"column":10},"end":{"line":86,"column":34}},{"start":{"line":87,"column":10},"end":{"line":89,"column":19}}],"line":85},"10":{"loc":{"start":{"line":85,"column":10},"end":{"line":85,"column":38}},"type":"binary-expr","locations":[{"start":{"line":85,"column":10},"end":{"line":85,"column":15}},{"start":{"line":85,"column":19},"end":{"line":85,"column":38}}],"line":85},"11":{"loc":{"start":{"line":87,"column":10},"end":{"line":89,"column":19}},"type":"cond-expr","locations":[{"start":{"line":88,"column":10},"end":{"line":88,"column":15}},{"start":{"line":89,"column":10},"end":{"line":89,"column":19}}],"line":87},"12":{"loc":{"start":{"line":92,"column":6},"end":{"line":98,"column":35}},"type":"cond-expr","locations":[{"start":{"line":93,"column":10},"end":{"line":93,"column":49}},{"start":{"line":94,"column":10},"end":{"line":98,"column":35}}],"line":92},"13":{"loc":{"start":{"line":92,"column":6},"end":{"line":92,"column":33}},"type":"binary-expr","locations":[{"start":{"line":92,"column":6},"end":{"line":92,"column":15}},{"start":{"line":92,"column":19},"end":{"line":92,"column":33}}],"line":92},"14":{"loc":{"start":{"line":94,"column":10},"end":{"line":98,"column":35}},"type":"cond-expr","locations":[{"start":{"line":95,"column":10},"end":{"line":95,"column":38}},{"start":{"line":96,"column":10},"end":{"line":98,"column":35}}],"line":94},"15":{"loc":{"start":{"line":94,"column":10},"end":{"line":94,"column":46}},"type":"binary-expr","locations":[{"start":{"line":94,"column":10},"end":{"line":94,"column":19}},{"start":{"line":94,"column":23},"end":{"line":94,"column":46}}],"line":94},"16":{"loc":{"start":{"line":96,"column":10},"end":{"line":98,"column":35}},"type":"cond-expr","locations":[{"start":{"line":97,"column":10},"end":{"line":97,"column":19}},{"start":{"line":98,"column":10},"end":{"line":98,"column":35}}],"line":96}},"s":{"0":1,"1":1,"2":1,"3":1,"4":1,"5":0,"6":0,"7":0,"8":0,"9":0,"10":0,"11":1,"12":1,"13":1,"14":1},"f":{"0":1,"1":1,"2":1,"3":1,"4":1},"b":{"0":[1,0],"1":[0,0,0,0,0],"2":[0,1],"3":[1,1],"4":[1,1],"5":[1,1],"6":[1,1],"7":[0,1],"8":[1,0],"9":[0,1],"10":[1,0],"11":[0,1],"12":[0,1],"13":[1,0],"14":[0,1],"15":[1,0],"16":[0,1]},"_coverageSchema":"1a1c01bbd47fc00a2c39e90264f33305004495a9","hash":"9fb65940886ef4cd64becb70607964afda35459f"}
,"C:\\Users\\guirv\\Desenvolvimento\\Hubert\\hubert.lib.front\\packages\\atoms\\src\\hub-badge\\index.tsx": {"path":"C:\\Users\\guirv\\Desenvolvimento\\Hubert\\hubert.lib.front\\packages\\atoms\\src\\hub-badge\\index.tsx","statementMap":{"0":{"start":{"line":7,"column":2},"end":{"line":11,"column":4}}},"fnMap":{"0":{"name":"HubBadge","decl":{"start":{"line":6,"column":16},"end":{"line":6,"column":24}},"loc":{"start":{"line":6,"column":73},"end":{"line":12,"column":1}},"line":6}},"branchMap":{"0":{"loc":{"start":{"line":8,"column":25},"end":{"line":8,"column":62}},"type":"cond-expr","locations":[{"start":{"line":8,"column":35},"end":{"line":8,"column":50}},{"start":{"line":8,"column":53},"end":{"line":8,"column":62}}],"line":8}},"s":{"0":1},"f":{"0":1},"b":{"0":[0,1]},"_coverageSchema":"1a1c01bbd47fc00a2c39e90264f33305004495a9","hash":"9ec162e20ad9465ce332d9712f1efd7a846d64d7"}
,"C:\\Users\\guirv\\Desenvolvimento\\Hubert\\hubert.lib.front\\packages\\atoms\\src\\hub-badge\\styles.ts": {"path":"C:\\Users\\guirv\\Desenvolvimento\\Hubert\\hubert.lib.front\\packages\\atoms\\src\\hub-badge\\styles.ts","statementMap":{"0":{"start":{"line":5,"column":17},"end":{"line":89,"column":1}},"1":{"start":{"line":10,"column":24},"end":{"line":10,"column":39}},"2":{"start":{"line":13,"column":4},"end":{"line":18,"column":5}},"3":{"start":{"line":14,"column":6},"end":{"line":17,"column":8}},"4":{"start":{"line":20,"column":4},"end":{"line":43,"column":5}},"5":{"start":{"line":22,"column":8},"end":{"line":25,"column":10}},"6":{"start":{"line":27,"column":8},"end":{"line":30,"column":10}},"7":{"start":{"line":32,"column":8},"end":{"line":35,"column":10}},"8":{"start":{"line":37,"column":8},"end":{"line":40,"column":10}},"9":{"start":{"line":42,"column":8},"end":{"line":42,"column":18}},"10":{"start":{"line":47,"column":4},"end":{"line":51,"column":33}},"11":{"start":{"line":54,"column":4},"end":{"line":60,"column":33}},"12":{"start":{"line":63,"column":4},"end":{"line":63,"column":49}},"13":{"start":{"line":66,"column":4},"end":{"line":66,"column":40}},"14":{"start":{"line":66,"column":14},"end":{"line":66,"column":40}},"15":{"start":{"line":67,"column":4},"end":{"line":67,"column":72}},"16":{"start":{"line":67,"column":33},"end":{"line":67,"column":72}},"17":{"start":{"line":68,"column":4},"end":{"line":72,"column":5}},"18":{"start":{"line":69,"column":6},"end":{"line":71,"column":33}},"19":{"start":{"line":73,"column":4},"end":{"line":77,"column":5}},"20":{"start":{"line":74,"column":6},"end":{"line":76,"column":9}},"21":{"start":{"line":78,"column":4},"end":{"line":80,"column":5}},"22":{"start":{"line":79,"column":6},"end":{"line":79,"column":72}},"23":{"start":{"line":81,"column":4},"end":{"line":81,"column":46}},"24":{"start":{"line":84,"column":32},"end":{"line":84,"column":61}},"25":{"start":{"line":85,"column":30},"end":{"line":85,"column":57}},"26":{"start":{"line":86,"column":32},"end":{"line":86,"column":65}},"27":{"start":{"line":87,"column":35},"end":{"line":87,"column":71}},"28":{"start":{"line":91,"column":19},"end":{"line":130,"column":1}},"29":{"start":{"line":98,"column":33},"end":{"line":98,"column":40}},"30":{"start":{"line":99,"column":39},"end":{"line":99,"column":62}},"31":{"start":{"line":101,"column":6},"end":{"line":112,"column":7}},"32":{"start":{"line":102,"column":8},"end":{"line":107,"column":9}},"33":{"start":{"line":103,"column":10},"end":{"line":106,"column":12}},"34":{"start":{"line":108,"column":8},"end":{"line":111,"column":10}},"35":{"start":{"line":113,"column":6},"end":{"line":116,"column":8}},"36":{"start":{"line":118,"column":21},"end":{"line":122,"column":5}},"37":{"start":{"line":125,"column":34},"end":{"line":125,"column":63}},"38":{"start":{"line":126,"column":32},"end":{"line":126,"column":59}},"39":{"start":{"line":127,"column":34},"end":{"line":127,"column":67}},"40":{"start":{"line":128,"column":37},"end":{"line":128,"column":73}},"41":{"start":{"line":132,"column":26},"end":{"line":143,"column":1}},"42":{"start":{"line":134,"column":4},"end":{"line":140,"column":5}},"43":{"start":{"line":135,"column":6},"end":{"line":137,"column":7}},"44":{"start":{"line":136,"column":8},"end":{"line":136,"column":26}},"45":{"start":{"line":139,"column":6},"end":{"line":139,"column":22}},"46":{"start":{"line":141,"column":4},"end":{"line":141,"column":14}}},"fnMap":{"0":{"name":"(anonymous_0)","decl":{"start":{"line":10,"column":9},"end":{"line":10,"column":10}},"loc":{"start":{"line":10,"column":24},"end":{"line":10,"column":39}},"line":10},"1":{"name":"(anonymous_1)","decl":{"start":{"line":12,"column":4},"end":{"line":12,"column":5}},"loc":{"start":{"line":12,"column":40},"end":{"line":44,"column":3}},"line":12},"2":{"name":"(anonymous_2)","decl":{"start":{"line":46,"column":22},"end":{"line":46,"column":23}},"loc":{"start":{"line":47,"column":4},"end":{"line":51,"column":33}},"line":47},"3":{"name":"(anonymous_3)","decl":{"start":{"line":53,"column":11},"end":{"line":53,"column":12}},"loc":{"start":{"line":54,"column":4},"end":{"line":60,"column":33}},"line":54},"4":{"name":"(anonymous_4)","decl":{"start":{"line":62,"column":19},"end":{"line":62,"column":20}},"loc":{"start":{"line":63,"column":4},"end":{"line":63,"column":49}},"line":63},"5":{"name":"(anonymous_5)","decl":{"start":{"line":65,"column":4},"end":{"line":65,"column":5}},"loc":{"start":{"line":65,"column":24},"end":{"line":82,"column":3}},"line":65},"6":{"name":"(anonymous_6)","decl":{"start":{"line":84,"column":17},"end":{"line":84,"column":18}},"loc":{"start":{"line":84,"column":32},"end":{"line":84,"column":61}},"line":84},"7":{"name":"(anonymous_7)","decl":{"start":{"line":85,"column":15},"end":{"line":85,"column":16}},"loc":{"start":{"line":85,"column":30},"end":{"line":85,"column":57}},"line":85},"8":{"name":"(anonymous_8)","decl":{"start":{"line":86,"column":17},"end":{"line":86,"column":18}},"loc":{"start":{"line":86,"column":32},"end":{"line":86,"column":65}},"line":86},"9":{"name":"(anonymous_9)","decl":{"start":{"line":87,"column":20},"end":{"line":87,"column":21}},"loc":{"start":{"line":87,"column":35},"end":{"line":87,"column":71}},"line":87},"10":{"name":"(anonymous_10)","decl":{"start":{"line":98,"column":16},"end":{"line":98,"column":17}},"loc":{"start":{"line":98,"column":33},"end":{"line":98,"column":40}},"line":98},"11":{"name":"(anonymous_11)","decl":{"start":{"line":99,"column":24},"end":{"line":99,"column":25}},"loc":{"start":{"line":99,"column":39},"end":{"line":99,"column":62}},"line":99},"12":{"name":"(anonymous_12)","decl":{"start":{"line":100,"column":6},"end":{"line":100,"column":7}},"loc":{"start":{"line":100,"column":31},"end":{"line":117,"column":5}},"line":100},"13":{"name":"(anonymous_13)","decl":{"start":{"line":118,"column":6},"end":{"line":118,"column":7}},"loc":{"start":{"line":118,"column":21},"end":{"line":122,"column":5}},"line":118},"14":{"name":"(anonymous_14)","decl":{"start":{"line":125,"column":19},"end":{"line":125,"column":20}},"loc":{"start":{"line":125,"column":34},"end":{"line":125,"column":63}},"line":125},"15":{"name":"(anonymous_15)","decl":{"start":{"line":126,"column":17},"end":{"line":126,"column":18}},"loc":{"start":{"line":126,"column":32},"end":{"line":126,"column":59}},"line":126},"16":{"name":"(anonymous_16)","decl":{"start":{"line":127,"column":19},"end":{"line":127,"column":20}},"loc":{"start":{"line":127,"column":34},"end":{"line":127,"column":67}},"line":127},"17":{"name":"(anonymous_17)","decl":{"start":{"line":128,"column":22},"end":{"line":128,"column":23}},"loc":{"start":{"line":128,"column":37},"end":{"line":128,"column":73}},"line":128},"18":{"name":"(anonymous_18)","decl":{"start":{"line":133,"column":4},"end":{"line":133,"column":5}},"loc":{"start":{"line":133,"column":28},"end":{"line":142,"column":3}},"line":133}},"branchMap":{"0":{"loc":{"start":{"line":13,"column":4},"end":{"line":18,"column":5}},"type":"if","locations":[{"start":{"line":13,"column":4},"end":{"line":18,"column":5}},{"start":{},"end":{}}],"line":13},"1":{"loc":{"start":{"line":13,"column":8},"end":{"line":13,"column":23}},"type":"binary-expr","locations":[{"start":{"line":13,"column":8},"end":{"line":13,"column":13}},{"start":{"line":13,"column":17},"end":{"line":13,"column":23}}],"line":13},"2":{"loc":{"start":{"line":20,"column":4},"end":{"line":43,"column":5}},"type":"switch","locations":[{"start":{"line":21,"column":6},"end":{"line":25,"column":10}},{"start":{"line":26,"column":6},"end":{"line":30,"column":10}},{"start":{"line":31,"column":6},"end":{"line":35,"column":10}},{"start":{"line":36,"column":6},"end":{"line":40,"column":10}},{"start":{"line":41,"column":6},"end":{"line":42,"column":18}}],"line":20},"3":{"loc":{"start":{"line":47,"column":4},"end":{"line":51,"column":33}},"type":"cond-expr","locations":[{"start":{"line":48,"column":8},"end":{"line":48,"column":39}},{"start":{"line":49,"column":8},"end":{"line":51,"column":33}}],"line":47},"4":{"loc":{"start":{"line":47,"column":4},"end":{"line":47,"column":23}},"type":"binary-expr","locations":[{"start":{"line":47,"column":4},"end":{"line":47,"column":9}},{"start":{"line":47,"column":13},"end":{"line":47,"column":23}}],"line":47},"5":{"loc":{"start":{"line":49,"column":8},"end":{"line":51,"column":33}},"type":"cond-expr","locations":[{"start":{"line":50,"column":8},"end":{"line":50,"column":32}},{"start":{"line":51,"column":8},"end":{"line":51,"column":33}}],"line":49},"6":{"loc":{"start":{"line":54,"column":4},"end":{"line":60,"column":33}},"type":"cond-expr","locations":[{"start":{"line":55,"column":8},"end":{"line":55,"column":47}},{"start":{"line":56,"column":8},"end":{"line":60,"column":33}}],"line":54},"7":{"loc":{"start":{"line":54,"column":4},"end":{"line":54,"column":31}},"type":"binary-expr","locations":[{"start":{"line":54,"column":4},"end":{"line":54,"column":13}},{"start":{"line":54,"column":17},"end":{"line":54,"column":31}}],"line":54},"8":{"loc":{"start":{"line":56,"column":8},"end":{"line":60,"column":33}},"type":"cond-expr","locations":[{"start":{"line":57,"column":8},"end":{"line":57,"column":36}},{"start":{"line":58,"column":8},"end":{"line":60,"column":33}}],"line":56},"9":{"loc":{"start":{"line":58,"column":8},"end":{"line":60,"column":33}},"type":"cond-expr","locations":[{"start":{"line":59,"column":8},"end":{"line":59,"column":32}},{"start":{"line":60,"column":8},"end":{"line":60,"column":33}}],"line":58},"10":{"loc":{"start":{"line":63,"column":4},"end":{"line":63,"column":49}},"type":"cond-expr","locations":[{"start":{"line":63,"column":14},"end":{"line":63,"column":19}},{"start":{"line":63,"column":22},"end":{"line":63,"column":49}}],"line":63},"11":{"loc":{"start":{"line":63,"column":35},"end":{"line":63,"column":48}},"type":"binary-expr","locations":[{"start":{"line":63,"column":35},"end":{"line":63,"column":41}},{"start":{"line":63,"column":45},"end":{"line":63,"column":48}}],"line":63},"12":{"loc":{"start":{"line":66,"column":4},"end":{"line":66,"column":40}},"type":"if","locations":[{"start":{"line":66,"column":4},"end":{"line":66,"column":40}},{"start":{},"end":{}}],"line":66},"13":{"loc":{"start":{"line":67,"column":4},"end":{"line":67,"column":72}},"type":"if","locations":[{"start":{"line":67,"column":4},"end":{"line":67,"column":72}},{"start":{},"end":{}}],"line":67},"14":{"loc":{"start":{"line":68,"column":4},"end":{"line":72,"column":5}},"type":"if","locations":[{"start":{"line":68,"column":4},"end":{"line":72,"column":5}},{"start":{},"end":{}}],"line":68},"15":{"loc":{"start":{"line":73,"column":4},"end":{"line":77,"column":5}},"type":"if","locations":[{"start":{"line":73,"column":4},"end":{"line":77,"column":5}},{"start":{},"end":{}}],"line":73},"16":{"loc":{"start":{"line":78,"column":4},"end":{"line":80,"column":5}},"type":"if","locations":[{"start":{"line":78,"column":4},"end":{"line":80,"column":5}},{"start":{},"end":{}}],"line":78},"17":{"loc":{"start":{"line":101,"column":6},"end":{"line":112,"column":7}},"type":"if","locations":[{"start":{"line":101,"column":6},"end":{"line":112,"column":7}},{"start":{},"end":{}}],"line":101},"18":{"loc":{"start":{"line":102,"column":8},"end":{"line":107,"column":9}},"type":"if","locations":[{"start":{"line":102,"column":8},"end":{"line":107,"column":9}},{"start":{},"end":{}}],"line":102},"19":{"loc":{"start":{"line":134,"column":4},"end":{"line":140,"column":5}},"type":"if","locations":[{"start":{"line":134,"column":4},"end":{"line":140,"column":5}},{"start":{"line":138,"column":11},"end":{"line":140,"column":5}}],"line":134},"20":{"loc":{"start":{"line":135,"column":6},"end":{"line":137,"column":7}},"type":"if","locations":[{"start":{"line":135,"column":6},"end":{"line":137,"column":7}},{"start":{},"end":{}}],"line":135}},"s":{"0":1,"1":1,"2":1,"3":0,"4":1,"5":0,"6":0,"7":0,"8":0,"9":1,"10":1,"11":1,"12":1,"13":1,"14":1,"15":0,"16":0,"17":0,"18":0,"19":0,"20":0,"21":0,"22":0,"23":0,"24":1,"25":1,"26":1,"27":1,"28":1,"29":0,"30":0,"31":0,"32":0,"33":0,"34":0,"35":0,"36":0,"37":0,"38":0,"39":0,"40":0,"41":1,"42":1,"43":0,"44":0,"45":1,"46":0},"f":{"0":1,"1":1,"2":1,"3":1,"4":1,"5":1,"6":1,"7":1,"8":1,"9":1,"10":0,"11":0,"12":0,"13":0,"14":0,"15":0,"16":0,"17":0,"18":1},"b":{"0":[0,1],"1":[1,1],"2":[0,0,0,0,1],"3":[0,1],"4":[1,0],"5":[0,1],"6":[0,1],"7":[1,0],"8":[0,1],"9":[0,1],"10":[0,1],"11":[1,1],"12":[1,0],"13":[0,0],"14":[0,0],"15":[0,0],"16":[0,0],"17":[0,0],"18":[0,0],"19":[0,1],"20":[0,0]},"_coverageSchema":"1a1c01bbd47fc00a2c39e90264f33305004495a9","hash":"4c536f265fa215107f28220df39264e343d84ca2"}
,"C:\\Users\\guirv\\Desenvolvimento\\Hubert\\hubert.lib.front\\packages\\atoms\\src\\hub-breadcrumb\\chevron-right.tsx": {"path":"C:\\Users\\guirv\\Desenvolvimento\\Hubert\\hubert.lib.front\\packages\\atoms\\src\\hub-breadcrumb\\chevron-right.tsx","statementMap":{"0":{"start":{"line":4,"column":2},"end":{"line":18,"column":4}}},"fnMap":{"0":{"name":"(anonymous_0)","decl":{"start":{"line":3,"column":15},"end":{"line":3,"column":16}},"loc":{"start":{"line":3,"column":26},"end":{"line":19,"column":1}},"line":3}},"branchMap":{},"s":{"0":1},"f":{"0":1},"b":{},"_coverageSchema":"1a1c01bbd47fc00a2c39e90264f33305004495a9","hash":"f572f0db177e80354b35464705ddb1571e4b50d2"}
,"C:\\Users\\guirv\\Desenvolvimento\\Hubert\\hubert.lib.front\\packages\\atoms\\src\\hub-breadcrumb\\index.tsx": {"path":"C:\\Users\\guirv\\Desenvolvimento\\Hubert\\hubert.lib.front\\packages\\atoms\\src\\hub-breadcrumb\\index.tsx","statementMap":{"0":{"start":{"line":13,"column":2},"end":{"line":32,"column":4}},"1":{"start":{"line":18,"column":10},"end":{"line":29,"column":11}},"2":{"start":{"line":36,"column":2},"end":{"line":43,"column":4}}},"fnMap":{"0":{"name":"HubBreadcrumbs","decl":{"start":{"line":12,"column":16},"end":{"line":12,"column":30}},"loc":{"start":{"line":12,"column":76},"end":{"line":33,"column":1}},"line":12},"1":{"name":"(anonymous_1)","decl":{"start":{"line":17,"column":8},"end":{"line":17,"column":9}},"loc":{"start":{"line":18,"column":10},"end":{"line":29,"column":11}},"line":18},"2":{"name":"HubBreadcrumb","decl":{"start":{"line":35,"column":16},"end":{"line":35,"column":29}},"loc":{"start":{"line":35,"column":74},"end":{"line":44,"column":1}},"line":35}},"branchMap":{"0":{"loc":{"start":{"line":18,"column":10},"end":{"line":29,"column":11}},"type":"binary-expr","locations":[{"start":{"line":18,"column":10},"end":{"line":18,"column":37}},{"start":{"line":19,"column":12},"end":{"line":28,"column":35}}],"line":18},"1":{"loc":{"start":{"line":20,"column":15},"end":{"line":26,"column":15}},"type":"cond-expr","locations":[{"start":{"line":21,"column":16},"end":{"line":23,"column":39}},{"start":{"line":25,"column":16},"end":{"line":25,"column":21}}],"line":20},"2":{"loc":{"start":{"line":39,"column":13},"end":{"line":39,"column":79}},"type":"cond-expr","locations":[{"start":{"line":39,"column":59},"end":{"line":39,"column":67}},{"start":{"line":39,"column":70},"end":{"line":39,"column":79}}],"line":39},"3":{"loc":{"start":{"line":39,"column":13},"end":{"line":39,"column":56}},"type":"binary-expr","locations":[{"start":{"line":39,"column":13},"end":{"line":39,"column":24}},{"start":{"line":39,"column":28},"end":{"line":39,"column":56}}],"line":39}},"s":{"0":1,"1":2,"2":2},"f":{"0":1,"1":2,"2":2},"b":{"0":[2,2],"1":[1,1],"2":[0,2],"3":[2,0]},"_coverageSchema":"1a1c01bbd47fc00a2c39e90264f33305004495a9","hash":"1f107137ec7329fea7af1ab40a8e0df82345b0ad"}
,"C:\\Users\\guirv\\Desenvolvimento\\Hubert\\hubert.lib.front\\packages\\atoms\\src\\hub-breadcrumb\\styles.ts": {"path":"C:\\Users\\guirv\\Desenvolvimento\\Hubert\\hubert.lib.front\\packages\\atoms\\src\\hub-breadcrumb\\styles.ts","statementMap":{"0":{"start":{"line":5,"column":32},"end":{"line":9,"column":1}},"1":{"start":{"line":11,"column":36},"end":{"line":14,"column":1}},"2":{"start":{"line":16,"column":36},"end":{"line":22,"column":1}},"3":{"start":{"line":20,"column":26},"end":{"line":20,"column":51}},"4":{"start":{"line":21,"column":27},"end":{"line":21,"column":49}},"5":{"start":{"line":24,"column":31},"end":{"line":52,"column":1}},"6":{"start":{"line":27,"column":24},"end":{"line":27,"column":39}},"7":{"start":{"line":28,"column":32},"end":{"line":28,"column":61}},"8":{"start":{"line":29,"column":30},"end":{"line":29,"column":57}},"9":{"start":{"line":30,"column":32},"end":{"line":30,"column":65}},"10":{"start":{"line":31,"column":35},"end":{"line":31,"column":71}},"11":{"start":{"line":33,"column":4},"end":{"line":33,"column":66}},"12":{"start":{"line":36,"column":34},"end":{"line":36,"column":64}},"13":{"start":{"line":39,"column":4},"end":{"line":47,"column":10}},"14":{"start":{"line":50,"column":28},"end":{"line":50,"column":53}}},"fnMap":{"0":{"name":"(anonymous_0)","decl":{"start":{"line":20,"column":11},"end":{"line":20,"column":12}},"loc":{"start":{"line":20,"column":26},"end":{"line":20,"column":51}},"line":20},"1":{"name":"(anonymous_1)","decl":{"start":{"line":21,"column":12},"end":{"line":21,"column":13}},"loc":{"start":{"line":21,"column":27},"end":{"line":21,"column":49}},"line":21},"2":{"name":"(anonymous_2)","decl":{"start":{"line":27,"column":9},"end":{"line":27,"column":10}},"loc":{"start":{"line":27,"column":24},"end":{"line":27,"column":39}},"line":27},"3":{"name":"(anonymous_3)","decl":{"start":{"line":28,"column":17},"end":{"line":28,"column":18}},"loc":{"start":{"line":28,"column":32},"end":{"line":28,"column":61}},"line":28},"4":{"name":"(anonymous_4)","decl":{"start":{"line":29,"column":15},"end":{"line":29,"column":16}},"loc":{"start":{"line":29,"column":30},"end":{"line":29,"column":57}},"line":29},"5":{"name":"(anonymous_5)","decl":{"start":{"line":30,"column":17},"end":{"line":30,"column":18}},"loc":{"start":{"line":30,"column":32},"end":{"line":30,"column":65}},"line":30},"6":{"name":"(anonymous_6)","decl":{"start":{"line":31,"column":20},"end":{"line":31,"column":21}},"loc":{"start":{"line":31,"column":35},"end":{"line":31,"column":71}},"line":31},"7":{"name":"(anonymous_7)","decl":{"start":{"line":32,"column":11},"end":{"line":32,"column":12}},"loc":{"start":{"line":33,"column":4},"end":{"line":33,"column":66}},"line":33},"8":{"name":"(anonymous_8)","decl":{"start":{"line":36,"column":17},"end":{"line":36,"column":18}},"loc":{"start":{"line":36,"column":34},"end":{"line":36,"column":64}},"line":36},"9":{"name":"(anonymous_9)","decl":{"start":{"line":38,"column":4},"end":{"line":38,"column":5}},"loc":{"start":{"line":39,"column":4},"end":{"line":47,"column":10}},"line":39},"10":{"name":"(anonymous_10)","decl":{"start":{"line":50,"column":13},"end":{"line":50,"column":14}},"loc":{"start":{"line":50,"column":28},"end":{"line":50,"column":53}},"line":50}},"branchMap":{"0":{"loc":{"start":{"line":33,"column":4},"end":{"line":33,"column":66}},"type":"cond-expr","locations":[{"start":{"line":33,"column":13},"end":{"line":33,"column":38}},{"start":{"line":33,"column":41},"end":{"line":33,"column":66}}],"line":33},"1":{"loc":{"start":{"line":36,"column":34},"end":{"line":36,"column":64}},"type":"cond-expr","locations":[{"start":{"line":36,"column":43},"end":{"line":36,"column":51}},{"start":{"line":36,"column":54},"end":{"line":36,"column":64}}],"line":36},"2":{"loc":{"start":{"line":39,"column":4},"end":{"line":47,"column":10}},"type":"cond-expr","locations":[{"start":{"line":40,"column":8},"end":{"line":46,"column":3}},{"start":{"line":47,"column":8},"end":{"line":47,"column":10}}],"line":39}},"s":{"0":1,"1":1,"2":1,"3":1,"4":1,"5":1,"6":2,"7":2,"8":2,"9":2,"10":2,"11":2,"12":2,"13":2,"14":2},"f":{"0":1,"1":1,"2":2,"3":2,"4":2,"5":2,"6":2,"7":2,"8":2,"9":2,"10":2},"b":{"0":[1,1],"1":[0,2],"2":[0,2]},"_coverageSchema":"1a1c01bbd47fc00a2c39e90264f33305004495a9","hash":"2705d9b6c2640f98241e7e50776b0c7d93f7d4b2"}
,"C:\\Users\\guirv\\Desenvolvimento\\Hubert\\hubert.lib.front\\packages\\atoms\\src\\hub-button\\index.tsx": {"path":"C:\\Users\\guirv\\Desenvolvimento\\Hubert\\hubert.lib.front\\packages\\atoms\\src\\hub-button\\index.tsx","statementMap":{"0":{"start":{"line":9,"column":25},"end":{"line":72,"column":2}},"1":{"start":{"line":21,"column":42},"end":{"line":21,"column":63}},"2":{"start":{"line":23,"column":18},"end":{"line":26,"column":3}},"3":{"start":{"line":24,"column":10},"end":{"line":24,"column":39}},"4":{"start":{"line":28,"column":19},"end":{"line":31,"column":3}},"5":{"start":{"line":29,"column":10},"end":{"line":29,"column":57}},"6":{"start":{"line":33,"column":22},"end":{"line":44,"column":3}},"7":{"start":{"line":35,"column":6},"end":{"line":35,"column":27}},"8":{"start":{"line":35,"column":20},"end":{"line":35,"column":27}},"9":{"start":{"line":37,"column":21},"end":{"line":37,"column":33}},"10":{"start":{"line":38,"column":6},"end":{"line":41,"column":7}},"11":{"start":{"line":39,"column":8},"end":{"line":39,"column":30}},"12":{"start":{"line":40,"column":8},"end":{"line":40,"column":53}},"13":{"start":{"line":40,"column":29},"end":{"line":40,"column":51}},"14":{"start":{"line":46,"column":2},"end":{"line":71,"column":4}},"15":{"start":{"line":50,"column":38},"end":{"line":50,"column":50}},"16":{"start":{"line":51,"column":36},"end":{"line":51,"column":56}},"17":{"start":{"line":63,"column":38},"end":{"line":63,"column":50}},"18":{"start":{"line":64,"column":36},"end":{"line":64,"column":56}}},"fnMap":{"0":{"name":"HubButton","decl":{"start":{"line":9,"column":51},"end":{"line":9,"column":60}},"loc":{"start":{"line":20,"column":2},"end":{"line":72,"column":1}},"line":20},"1":{"name":"(anonymous_1)","decl":{"start":{"line":24,"column":4},"end":{"line":24,"column":5}},"loc":{"start":{"line":24,"column":10},"end":{"line":24,"column":39}},"line":24},"2":{"name":"(anonymous_2)","decl":{"start":{"line":29,"column":4},"end":{"line":29,"column":5}},"loc":{"start":{"line":29,"column":10},"end":{"line":29,"column":57}},"line":29},"3":{"name":"(anonymous_3)","decl":{"start":{"line":34,"column":4},"end":{"line":34,"column":5}},"loc":{"start":{"line":34,"column":28},"end":{"line":42,"column":5}},"line":34},"4":{"name":"(anonymous_4)","decl":{"start":{"line":40,"column":23},"end":{"line":40,"column":24}},"loc":{"start":{"line":40,"column":29},"end":{"line":40,"column":51}},"line":40},"5":{"name":"(anonymous_5)","decl":{"start":{"line":50,"column":31},"end":{"line":50,"column":32}},"loc":{"start":{"line":50,"column":38},"end":{"line":50,"column":50}},"line":50},"6":{"name":"(anonymous_6)","decl":{"start":{"line":51,"column":30},"end":{"line":51,"column":31}},"loc":{"start":{"line":51,"column":36},"end":{"line":51,"column":56}},"line":51},"7":{"name":"(anonymous_7)","decl":{"start":{"line":63,"column":31},"end":{"line":63,"column":32}},"loc":{"start":{"line":63,"column":38},"end":{"line":63,"column":50}},"line":63},"8":{"name":"(anonymous_8)","decl":{"start":{"line":64,"column":30},"end":{"line":64,"column":31}},"loc":{"start":{"line":64,"column":36},"end":{"line":64,"column":56}},"line":64}},"branchMap":{"0":{"loc":{"start":{"line":24,"column":10},"end":{"line":24,"column":39}},"type":"binary-expr","locations":[{"start":{"line":24,"column":10},"end":{"line":24,"column":23}},{"start":{"line":24,"column":27},"end":{"line":24,"column":39}}],"line":24},"1":{"loc":{"start":{"line":29,"column":10},"end":{"line":29,"column":57}},"type":"binary-expr","locations":[{"start":{"line":29,"column":10},"end":{"line":29,"column":24}},{"start":{"line":29,"column":28},"end":{"line":29,"column":41}},{"start":{"line":29,"column":45},"end":{"line":29,"column":57}}],"line":29},"2":{"loc":{"start":{"line":35,"column":6},"end":{"line":35,"column":27}},"type":"if","locations":[{"start":{"line":35,"column":6},"end":{"line":35,"column":27}},{"start":{},"end":{}}],"line":35},"3":{"loc":{"start":{"line":38,"column":6},"end":{"line":41,"column":7}},"type":"if","locations":[{"start":{"line":38,"column":6},"end":{"line":41,"column":7}},{"start":{},"end":{}}],"line":38},"4":{"loc":{"start":{"line":46,"column":9},"end":{"line":71,"column":3}},"type":"cond-expr","locations":[{"start":{"line":47,"column":4},"end":{"line":57,"column":22}},{"start":{"line":59,"column":4},"end":{"line":70,"column":18}}],"line":46},"5":{"loc":{"start":{"line":50,"column":19},"end":{"line":50,"column":51}},"type":"binary-expr","locations":[{"start":{"line":50,"column":19},"end":{"line":50,"column":26}},{"start":{"line":50,"column":31},"end":{"line":50,"column":50}}],"line":50},"6":{"loc":{"start":{"line":51,"column":18},"end":{"line":51,"column":57}},"type":"binary-expr","locations":[{"start":{"line":51,"column":18},"end":{"line":51,"column":25}},{"start":{"line":51,"column":30},"end":{"line":51,"column":56}}],"line":51},"7":{"loc":{"start":{"line":55,"column":7},"end":{"line":55,"column":47}},"type":"cond-expr","locations":[{"start":{"line":55,"column":17},"end":{"line":55,"column":39}},{"start":{"line":55,"column":42},"end":{"line":55,"column":47}}],"line":55},"8":{"loc":{"start":{"line":56,"column":7},"end":{"line":56,"column":49}},"type":"cond-expr","locations":[{"start":{"line":56,"column":33},"end":{"line":56,"column":41}},{"start":{"line":56,"column":44},"end":{"line":56,"column":49}}],"line":56},"9":{"loc":{"start":{"line":56,"column":7},"end":{"line":56,"column":30}},"type":"binary-expr","locations":[{"start":{"line":56,"column":7},"end":{"line":56,"column":15}},{"start":{"line":56,"column":19},"end":{"line":56,"column":30}}],"line":56},"10":{"loc":{"start":{"line":61,"column":12},"end":{"line":61,"column":34}},"type":"binary-expr","locations":[{"start":{"line":61,"column":12},"end":{"line":61,"column":22}},{"start":{"line":61,"column":26},"end":{"line":61,"column":34}}],"line":61},"11":{"loc":{"start":{"line":63,"column":19},"end":{"line":63,"column":51}},"type":"binary-expr","locations":[{"start":{"line":63,"column":19},"end":{"line":63,"column":26}},{"start":{"line":63,"column":31},"end":{"line":63,"column":50}}],"line":63},"12":{"loc":{"start":{"line":64,"column":18},"end":{"line":64,"column":57}},"type":"binary-expr","locations":[{"start":{"line":64,"column":18},"end":{"line":64,"column":25}},{"start":{"line":64,"column":30},"end":{"line":64,"column":56}}],"line":64},"13":{"loc":{"start":{"line":68,"column":7},"end":{"line":68,"column":47}},"type":"cond-expr","locations":[{"start":{"line":68,"column":17},"end":{"line":68,"column":39}},{"start":{"line":68,"column":42},"end":{"line":68,"column":47}}],"line":68},"14":{"loc":{"start":{"line":69,"column":7},"end":{"line":69,"column":49}},"type":"cond-expr","locations":[{"start":{"line":69,"column":33},"end":{"line":69,"column":41}},{"start":{"line":69,"column":44},"end":{"line":69,"column":49}}],"line":69},"15":{"loc":{"start":{"line":69,"column":7},"end":{"line":69,"column":30}},"type":"binary-expr","locations":[{"start":{"line":69,"column":7},"end":{"line":69,"column":15}},{"start":{"line":69,"column":19},"end":{"line":69,"column":30}}],"line":69}},"s":{"0":1,"1":1,"2":1,"3":1,"4":1,"5":1,"6":1,"7":0,"8":0,"9":0,"10":0,"11":0,"12":0,"13":0,"14":1,"15":0,"16":0,"17":0,"18":0},"f":{"0":1,"1":1,"2":1,"3":0,"4":0,"5":0,"6":0,"7":0,"8":0},"b":{"0":[1,1],"1":[1,1,1],"2":[0,0],"3":[0,0],"4":[0,1],"5":[0,0],"6":[0,0],"7":[0,0],"8":[0,0],"9":[0,0],"10":[1,1],"11":[1,0],"12":[1,0],"13":[0,1],"14":[1,0],"15":[1,0]},"_coverageSchema":"1a1c01bbd47fc00a2c39e90264f33305004495a9","hash":"79e8c3c25db55a0d0721fb963c2f2539939c9ad4"}
,"C:\\Users\\guirv\\Desenvolvimento\\Hubert\\hubert.lib.front\\packages\\atoms\\src\\hub-button\\styles.ts": {"path":"C:\\Users\\guirv\\Desenvolvimento\\Hubert\\hubert.lib.front\\packages\\atoms\\src\\hub-button\\styles.ts","statementMap":{"0":{"start":{"line":7,"column":25},"end":{"line":55,"column":1}},"1":{"start":{"line":9,"column":4},"end":{"line":9,"column":28}},"2":{"start":{"line":9,"column":14},"end":{"line":9,"column":28}},"3":{"start":{"line":10,"column":4},"end":{"line":21,"column":5}},"4":{"start":{"line":11,"column":6},"end":{"line":20,"column":7}},"5":{"start":{"line":13,"column":10},"end":{"line":13,"column":33}},"6":{"start":{"line":15,"column":10},"end":{"line":15,"column":33}},"7":{"start":{"line":17,"column":10},"end":{"line":17,"column":33}},"8":{"start":{"line":19,"column":10},"end":{"line":19,"column":33}},"9":{"start":{"line":22,"column":4},"end":{"line":22,"column":18}},"10":{"start":{"line":25,"column":4},"end":{"line":42,"column":5}},"11":{"start":{"line":27,"column":8},"end":{"line":27,"column":31}},"12":{"start":{"line":29,"column":8},"end":{"line":29,"column":31}},"13":{"start":{"line":31,"column":8},"end":{"line":31,"column":31}},"14":{"start":{"line":33,"column":8},"end":{"line":33,"column":31}},"15":{"start":{"line":35,"column":8},"end":{"line":37,"column":9}},"16":{"start":{"line":36,"column":10},"end":{"line":36,"column":22}},"17":{"start":{"line":38,"column":8},"end":{"line":40,"column":9}},"18":{"start":{"line":39,"column":10},"end":{"line":39,"column":24}},"19":{"start":{"line":41,"column":8},"end":{"line":41,"column":31}},"20":{"start":{"line":45,"column":4},"end":{"line":47,"column":5}},"21":{"start":{"line":46,"column":6},"end":{"line":46,"column":23}},"22":{"start":{"line":48,"column":4},"end":{"line":53,"column":5}},"23":{"start":{"line":50,"column":8},"end":{"line":50,"column":55}},"24":{"start":{"line":52,"column":8},"end":{"line":52,"column":55}},"25":{"start":{"line":57,"column":26},"end":{"line":108,"column":1}},"26":{"start":{"line":69,"column":6},"end":{"line":73,"column":35}},"27":{"start":{"line":75,"column":6},"end":{"line":79,"column":23}},"28":{"start":{"line":81,"column":6},"end":{"line":85,"column":14}},"29":{"start":{"line":87,"column":4},"end":{"line":106,"column":5}},"30":{"start":{"line":89,"column":8},"end":{"line":93,"column":10}},"31":{"start":{"line":97,"column":8},"end":{"line":100,"column":10}},"32":{"start":{"line":102,"column":8},"end":{"line":105,"column":10}},"33":{"start":{"line":110,"column":25},"end":{"line":151,"column":1}},"34":{"start":{"line":114,"column":8},"end":{"line":118,"column":37}},"35":{"start":{"line":120,"column":6},"end":{"line":131,"column":7}},"36":{"start":{"line":121,"column":8},"end":{"line":130,"column":9}},"37":{"start":{"line":123,"column":12},"end":{"line":125,"column":14}},"38":{"start":{"line":127,"column":12},"end":{"line":129,"column":14}},"39":{"start":{"line":133,"column":6},"end":{"line":148,"column":7}},"40":{"start":{"line":135,"column":10},"end":{"line":137,"column":12}},"41":{"start":{"line":141,"column":10},"end":{"line":143,"column":12}},"42":{"start":{"line":145,"column":10},"end":{"line":147,"column":12}},"43":{"start":{"line":153,"column":26},"end":{"line":167,"column":1}},"44":{"start":{"line":157,"column":8},"end":{"line":161,"column":37}},"45":{"start":{"line":162,"column":6},"end":{"line":164,"column":8}},"46":{"start":{"line":169,"column":28},"end":{"line":191,"column":1}},"47":{"start":{"line":172,"column":6},"end":{"line":188,"column":7}},"48":{"start":{"line":174,"column":10},"end":{"line":177,"column":12}},"49":{"start":{"line":181,"column":10},"end":{"line":183,"column":12}},"50":{"start":{"line":185,"column":10},"end":{"line":187,"column":12}},"51":{"start":{"line":193,"column":26},"end":{"line":207,"column":1}},"52":{"start":{"line":197,"column":24},"end":{"line":197,"column":39}},"53":{"start":{"line":199,"column":4},"end":{"line":199,"column":47}},"54":{"start":{"line":204,"column":4},"end":{"line":204,"column":46}},"55":{"start":{"line":209,"column":34},"end":{"line":215,"column":1}},"56":{"start":{"line":210,"column":26},"end":{"line":210,"column":41}},"57":{"start":{"line":211,"column":27},"end":{"line":211,"column":42}},"58":{"start":{"line":213,"column":40},"end":{"line":213,"column":55}},"59":{"start":{"line":214,"column":12},"end":{"line":214,"column":29}},"60":{"start":{"line":217,"column":21},"end":{"line":273,"column":1}},"61":{"start":{"line":222,"column":22},"end":{"line":222,"column":53}},"62":{"start":{"line":223,"column":21},"end":{"line":223,"column":52}},"63":{"start":{"line":226,"column":4},"end":{"line":231,"column":5}},"64":{"start":{"line":227,"column":6},"end":{"line":230,"column":8}},"65":{"start":{"line":232,"column":4},"end":{"line":236,"column":5}},"66":{"start":{"line":233,"column":6},"end":{"line":235,"column":8}},"67":{"start":{"line":237,"column":4},"end":{"line":237,"column":14}},"68":{"start":{"line":242,"column":6},"end":{"line":270,"column":7}},"69":{"start":{"line":247,"column":10},"end":{"line":258,"column":14}},"70":{"start":{"line":260,"column":10},"end":{"line":269,"column":14}},"71":{"start":{"line":275,"column":27},"end":{"line":277,"column":1}},"72":{"start":{"line":279,"column":31},"end":{"line":281,"column":1}}},"fnMap":{"0":{"name":"(anonymous_0)","decl":{"start":{"line":8,"column":11},"end":{"line":8,"column":12}},"loc":{"start":{"line":8,"column":47},"end":{"line":23,"column":3}},"line":8},"1":{"name":"(anonymous_1)","decl":{"start":{"line":24,"column":12},"end":{"line":24,"column":13}},"loc":{"start":{"line":24,"column":42},"end":{"line":43,"column":3}},"line":24},"2":{"name":"(anonymous_2)","decl":{"start":{"line":44,"column":13},"end":{"line":44,"column":14}},"loc":{"start":{"line":44,"column":54},"end":{"line":54,"column":3}},"line":44},"3":{"name":"(anonymous_3)","decl":{"start":{"line":58,"column":4},"end":{"line":58,"column":5}},"loc":{"start":{"line":67,"column":8},"end":{"line":107,"column":3}},"line":67},"4":{"name":"(anonymous_4)","decl":{"start":{"line":112,"column":6},"end":{"line":112,"column":7}},"loc":{"start":{"line":112,"column":46},"end":{"line":149,"column":5}},"line":112},"5":{"name":"(anonymous_5)","decl":{"start":{"line":155,"column":6},"end":{"line":155,"column":7}},"loc":{"start":{"line":155,"column":40},"end":{"line":165,"column":5}},"line":155},"6":{"name":"(anonymous_6)","decl":{"start":{"line":171,"column":6},"end":{"line":171,"column":7}},"loc":{"start":{"line":171,"column":30},"end":{"line":189,"column":5}},"line":171},"7":{"name":"(anonymous_7)","decl":{"start":{"line":197,"column":9},"end":{"line":197,"column":10}},"loc":{"start":{"line":197,"column":24},"end":{"line":197,"column":39}},"line":197},"8":{"name":"(anonymous_8)","decl":{"start":{"line":198,"column":19},"end":{"line":198,"column":20}},"loc":{"start":{"line":199,"column":4},"end":{"line":199,"column":47}},"line":199},"9":{"name":"(anonymous_9)","decl":{"start":{"line":203,"column":12},"end":{"line":203,"column":13}},"loc":{"start":{"line":204,"column":4},"end":{"line":204,"column":46}},"line":204},"10":{"name":"(anonymous_10)","decl":{"start":{"line":210,"column":11},"end":{"line":210,"column":12}},"loc":{"start":{"line":210,"column":26},"end":{"line":210,"column":41}},"line":210},"11":{"name":"(anonymous_11)","decl":{"start":{"line":211,"column":12},"end":{"line":211,"column":13}},"loc":{"start":{"line":211,"column":27},"end":{"line":211,"column":42}},"line":211},"12":{"name":"(anonymous_12)","decl":{"start":{"line":213,"column":34},"end":{"line":213,"column":35}},"loc":{"start":{"line":213,"column":40},"end":{"line":213,"column":55}},"line":213},"13":{"name":"(anonymous_13)","decl":{"start":{"line":214,"column":6},"end":{"line":214,"column":7}},"loc":{"start":{"line":214,"column":12},"end":{"line":214,"column":29}},"line":214},"14":{"name":"(anonymous_14)","decl":{"start":{"line":222,"column":4},"end":{"line":222,"column":5}},"loc":{"start":{"line":222,"column":22},"end":{"line":222,"column":53}},"line":222},"15":{"name":"(anonymous_15)","decl":{"start":{"line":223,"column":4},"end":{"line":223,"column":5}},"loc":{"start":{"line":223,"column":21},"end":{"line":223,"column":52}},"line":223},"16":{"name":"(anonymous_16)","decl":{"start":{"line":225,"column":4},"end":{"line":225,"column":5}},"loc":{"start":{"line":225,"column":33},"end":{"line":238,"column":3}},"line":225},"17":{"name":"(anonymous_17)","decl":{"start":{"line":241,"column":6},"end":{"line":241,"column":7}},"loc":{"start":{"line":241,"column":49},"end":{"line":271,"column":5}},"line":241}},"branchMap":{"0":{"loc":{"start":{"line":9,"column":4},"end":{"line":9,"column":28}},"type":"if","locations":[{"start":{"line":9,"column":4},"end":{"line":9,"column":28}},{"start":{},"end":{}}],"line":9},"1":{"loc":{"start":{"line":10,"column":4},"end":{"line":21,"column":5}},"type":"if","locations":[{"start":{"line":10,"column":4},"end":{"line":21,"column":5}},{"start":{},"end":{}}],"line":10},"2":{"loc":{"start":{"line":11,"column":6},"end":{"line":20,"column":7}},"type":"switch","locations":[{"start":{"line":12,"column":8},"end":{"line":13,"column":33}},{"start":{"line":14,"column":8},"end":{"line":15,"column":33}},{"start":{"line":16,"column":8},"end":{"line":17,"column":33}},{"start":{"line":18,"column":8},"end":{"line":19,"column":33}}],"line":11},"3":{"loc":{"start":{"line":25,"column":4},"end":{"line":42,"column":5}},"type":"switch","locations":[{"start":{"line":26,"column":6},"end":{"line":27,"column":31}},{"start":{"line":28,"column":6},"end":{"line":29,"column":31}},{"start":{"line":30,"column":6},"end":{"line":31,"column":31}},{"start":{"line":32,"column":6},"end":{"line":33,"column":31}},{"start":{"line":34,"column":6},"end":{"line":41,"column":31}}],"line":25},"4":{"loc":{"start":{"line":35,"column":8},"end":{"line":37,"column":9}},"type":"if","locations":[{"start":{"line":35,"column":8},"end":{"line":37,"column":9}},{"start":{},"end":{}}],"line":35},"5":{"loc":{"start":{"line":38,"column":8},"end":{"line":40,"column":9}},"type":"if","locations":[{"start":{"line":38,"column":8},"end":{"line":40,"column":9}},{"start":{},"end":{}}],"line":38},"6":{"loc":{"start":{"line":38,"column":12},"end":{"line":38,"column":54}},"type":"binary-expr","locations":[{"start":{"line":38,"column":12},"end":{"line":38,"column":30}},{"start":{"line":38,"column":34},"end":{"line":38,"column":54}}],"line":38},"7":{"loc":{"start":{"line":45,"column":4},"end":{"line":47,"column":5}},"type":"if","locations":[{"start":{"line":45,"column":4},"end":{"line":47,"column":5}},{"start":{},"end":{}}],"line":45},"8":{"loc":{"start":{"line":45,"column":8},"end":{"line":45,"column":63}},"type":"binary-expr","locations":[{"start":{"line":45,"column":8},"end":{"line":45,"column":26}},{"start":{"line":45,"column":30},"end":{"line":45,"column":50}},{"start":{"line":45,"column":54},"end":{"line":45,"column":63}}],"line":45},"9":{"loc":{"start":{"line":48,"column":4},"end":{"line":53,"column":5}},"type":"switch","locations":[{"start":{"line":49,"column":6},"end":{"line":50,"column":55}},{"start":{"line":51,"column":6},"end":{"line":52,"column":55}}],"line":48},"10":{"loc":{"start":{"line":69,"column":6},"end":{"line":73,"column":35}},"type":"cond-expr","locations":[{"start":{"line":70,"column":10},"end":{"line":70,"column":41}},{"start":{"line":71,"column":10},"end":{"line":73,"column":35}}],"line":69},"11":{"loc":{"start":{"line":69,"column":6},"end":{"line":69,"column":25}},"type":"binary-expr","locations":[{"start":{"line":69,"column":6},"end":{"line":69,"column":11}},{"start":{"line":69,"column":15},"end":{"line":69,"column":25}}],"line":69},"12":{"loc":{"start":{"line":71,"column":10},"end":{"line":73,"column":35}},"type":"cond-expr","locations":[{"start":{"line":72,"column":10},"end":{"line":72,"column":34}},{"start":{"line":73,"column":10},"end":{"line":73,"column":35}}],"line":71},"13":{"loc":{"start":{"line":75,"column":6},"end":{"line":79,"column":23}},"type":"cond-expr","locations":[{"start":{"line":76,"column":10},"end":{"line":76,"column":45}},{"start":{"line":77,"column":10},"end":{"line":79,"column":23}}],"line":75},"14":{"loc":{"start":{"line":75,"column":6},"end":{"line":75,"column":29}},"type":"binary-expr","locations":[{"start":{"line":75,"column":6},"end":{"line":75,"column":13}},{"start":{"line":75,"column":17},"end":{"line":75,"column":29}}],"line":75},"15":{"loc":{"start":{"line":77,"column":10},"end":{"line":79,"column":23}},"type":"cond-expr","locations":[{"start":{"line":78,"column":10},"end":{"line":78,"column":36}},{"start":{"line":79,"column":10},"end":{"line":79,"column":23}}],"line":77},"16":{"loc":{"start":{"line":81,"column":6},"end":{"line":85,"column":14}},"type":"cond-expr","locations":[{"start":{"line":82,"column":10},"end":{"line":82,"column":53}},{"start":{"line":83,"column":10},"end":{"line":85,"column":14}}],"line":81},"17":{"loc":{"start":{"line":81,"column":6},"end":{"line":81,"column":37}},"type":"binary-expr","locations":[{"start":{"line":81,"column":6},"end":{"line":81,"column":17}},{"start":{"line":81,"column":21},"end":{"line":81,"column":37}}],"line":81},"18":{"loc":{"start":{"line":83,"column":10},"end":{"line":85,"column":14}},"type":"cond-expr","locations":[{"start":{"line":84,"column":10},"end":{"line":84,"column":40}},{"start":{"line":85,"column":10},"end":{"line":85,"column":14}}],"line":83},"19":{"loc":{"start":{"line":87,"column":4},"end":{"line":106,"column":5}},"type":"switch","locations":[{"start":{"line":88,"column":6},"end":{"line":93,"column":10}},{"start":{"line":94,"column":6},"end":{"line":94,"column":19}},{"start":{"line":95,"column":6},"end":{"line":95,"column":18}},{"start":{"line":96,"column":6},"end":{"line":100,"column":10}},{"start":{"line":101,"column":6},"end":{"line":105,"column":10}}],"line":87},"20":{"loc":{"start":{"line":114,"column":8},"end":{"line":118,"column":37}},"type":"cond-expr","locations":[{"start":{"line":115,"column":12},"end":{"line":115,"column":41}},{"start":{"line":116,"column":12},"end":{"line":118,"column":37}}],"line":114},"21":{"loc":{"start":{"line":116,"column":12},"end":{"line":118,"column":37}},"type":"cond-expr","locations":[{"start":{"line":117,"column":12},"end":{"line":117,"column":52}},{"start":{"line":118,"column":12},"end":{"line":118,"column":37}}],"line":116},"22":{"loc":{"start":{"line":120,"column":6},"end":{"line":131,"column":7}},"type":"if","locations":[{"start":{"line":120,"column":6},"end":{"line":131,"column":7}},{"start":{},"end":{}}],"line":120},"23":{"loc":{"start":{"line":121,"column":8},"end":{"line":130,"column":9}},"type":"switch","locations":[{"start":{"line":122,"column":10},"end":{"line":125,"column":14}},{"start":{"line":126,"column":10},"end":{"line":129,"column":14}}],"line":121},"24":{"loc":{"start":{"line":133,"column":6},"end":{"line":148,"column":7}},"type":"switch","locations":[{"start":{"line":134,"column":8},"end":{"line":137,"column":12}},{"start":{"line":138,"column":8},"end":{"line":138,"column":21}},{"start":{"line":139,"column":8},"end":{"line":139,"column":20}},{"start":{"line":140,"column":8},"end":{"line":143,"column":12}},{"start":{"line":144,"column":8},"end":{"line":147,"column":12}}],"line":133},"25":{"loc":{"start":{"line":157,"column":8},"end":{"line":161,"column":37}},"type":"cond-expr","locations":[{"start":{"line":158,"column":12},"end":{"line":158,"column":43}},{"start":{"line":159,"column":12},"end":{"line":161,"column":37}}],"line":157},"26":{"loc":{"start":{"line":157,"column":8},"end":{"line":157,"column":27}},"type":"binary-expr","locations":[{"start":{"line":157,"column":8},"end":{"line":157,"column":13}},{"start":{"line":157,"column":17},"end":{"line":157,"column":27}}],"line":157},"27":{"loc":{"start":{"line":159,"column":12},"end":{"line":161,"column":37}},"type":"cond-expr","locations":[{"start":{"line":160,"column":12},"end":{"line":160,"column":36}},{"start":{"line":161,"column":12},"end":{"line":161,"column":37}}],"line":159},"28":{"loc":{"start":{"line":172,"column":6},"end":{"line":188,"column":7}},"type":"switch","locations":[{"start":{"line":173,"column":8},"end":{"line":177,"column":12}},{"start":{"line":178,"column":8},"end":{"line":178,"column":21}},{"start":{"line":179,"column":8},"end":{"line":179,"column":20}},{"start":{"line":180,"column":8},"end":{"line":183,"column":12}},{"start":{"line":184,"column":8},"end":{"line":187,"column":12}}],"line":172},"29":{"loc":{"start":{"line":199,"column":4},"end":{"line":199,"column":47}},"type":"cond-expr","locations":[{"start":{"line":199,"column":14},"end":{"line":199,"column":19}},{"start":{"line":199,"column":22},"end":{"line":199,"column":47}}],"line":199},"30":{"loc":{"start":{"line":199,"column":35},"end":{"line":199,"column":46}},"type":"binary-expr","locations":[{"start":{"line":199,"column":35},"end":{"line":199,"column":41}},{"start":{"line":199,"column":45},"end":{"line":199,"column":46}}],"line":199},"31":{"loc":{"start":{"line":204,"column":4},"end":{"line":204,"column":46}},"type":"cond-expr","locations":[{"start":{"line":204,"column":18},"end":{"line":204,"column":24}},{"start":{"line":204,"column":27},"end":{"line":204,"column":46}}],"line":204},"32":{"loc":{"start":{"line":204,"column":27},"end":{"line":204,"column":46}},"type":"binary-expr","locations":[{"start":{"line":204,"column":27},"end":{"line":204,"column":33}},{"start":{"line":204,"column":37},"end":{"line":204,"column":46}}],"line":204},"33":{"loc":{"start":{"line":222,"column":22},"end":{"line":222,"column":53}},"type":"cond-expr","locations":[{"start":{"line":222,"column":32},"end":{"line":222,"column":34}},{"start":{"line":222,"column":37},"end":{"line":222,"column":53}}],"line":222},"34":{"loc":{"start":{"line":223,"column":21},"end":{"line":223,"column":52}},"type":"cond-expr","locations":[{"start":{"line":223,"column":30},"end":{"line":223,"column":47}},{"start":{"line":223,"column":50},"end":{"line":223,"column":52}}],"line":223},"35":{"loc":{"start":{"line":226,"column":4},"end":{"line":231,"column":5}},"type":"if","locations":[{"start":{"line":226,"column":4},"end":{"line":231,"column":5}},{"start":{},"end":{}}],"line":226},"36":{"loc":{"start":{"line":232,"column":4},"end":{"line":236,"column":5}},"type":"if","locations":[{"start":{"line":232,"column":4},"end":{"line":236,"column":5}},{"start":{},"end":{}}],"line":232},"37":{"loc":{"start":{"line":242,"column":6},"end":{"line":270,"column":7}},"type":"switch","locations":[{"start":{"line":243,"column":8},"end":{"line":243,"column":23}},{"start":{"line":244,"column":8},"end":{"line":244,"column":21}},{"start":{"line":245,"column":8},"end":{"line":245,"column":20}},{"start":{"line":246,"column":8},"end":{"line":258,"column":14}},{"start":{"line":259,"column":8},"end":{"line":269,"column":14}}],"line":242},"38":{"loc":{"start":{"line":249,"column":16},"end":{"line":249,"column":76}},"type":"cond-expr","locations":[{"start":{"line":249,"column":24},"end":{"line":249,"column":48}},{"start":{"line":249,"column":51},"end":{"line":249,"column":76}}],"line":249},"39":{"loc":{"start":{"line":252,"column":16},"end":{"line":256,"column":45}},"type":"cond-expr","locations":[{"start":{"line":253,"column":20},"end":{"line":253,"column":51}},{"start":{"line":254,"column":20},"end":{"line":256,"column":45}}],"line":252},"40":{"loc":{"start":{"line":252,"column":16},"end":{"line":252,"column":35}},"type":"binary-expr","locations":[{"start":{"line":252,"column":16},"end":{"line":252,"column":21}},{"start":{"line":252,"column":25},"end":{"line":252,"column":35}}],"line":252},"41":{"loc":{"start":{"line":254,"column":20},"end":{"line":256,"column":45}},"type":"cond-expr","locations":[{"start":{"line":255,"column":20},"end":{"line":255,"column":44}},{"start":{"line":256,"column":20},"end":{"line":256,"column":45}}],"line":254},"42":{"loc":{"start":{"line":263,"column":16},"end":{"line":267,"column":43}},"type":"cond-expr","locations":[{"start":{"line":264,"column":20},"end":{"line":264,"column":51}},{"start":{"line":265,"column":20},"end":{"line":267,"column":43}}],"line":263},"43":{"loc":{"start":{"line":263,"column":16},"end":{"line":263,"column":35}},"type":"binary-expr","locations":[{"start":{"line":263,"column":16},"end":{"line":263,"column":21}},{"start":{"line":263,"column":25},"end":{"line":263,"column":35}}],"line":263},"44":{"loc":{"start":{"line":265,"column":20},"end":{"line":267,"column":43}},"type":"cond-expr","locations":[{"start":{"line":266,"column":20},"end":{"line":266,"column":44}},{"start":{"line":267,"column":20},"end":{"line":267,"column":43}}],"line":265}},"s":{"0":1,"1":1,"2":0,"3":1,"4":0,"5":0,"6":0,"7":0,"8":0,"9":1,"10":1,"11":0,"12":0,"13":0,"14":0,"15":1,"16":0,"17":1,"18":0,"19":1,"20":1,"21":0,"22":1,"23":0,"24":1,"25":1,"26":1,"27":1,"28":1,"29":1,"30":0,"31":0,"32":1,"33":1,"34":1,"35":1,"36":0,"37":0,"38":0,"39":1,"40":0,"41":0,"42":1,"43":1,"44":0,"45":0,"46":1,"47":1,"48":0,"49":0,"50":1,"51":1,"52":1,"53":1,"54":1,"55":1,"56":0,"57":0,"58":0,"59":0,"60":1,"61":1,"62":1,"63":1,"64":0,"65":1,"66":0,"67":1,"68":1,"69":0,"70":1,"71":1,"72":1},"f":{"0":1,"1":1,"2":1,"3":1,"4":1,"5":0,"6":1,"7":1,"8":1,"9":1,"10":0,"11":0,"12":0,"13":0,"14":1,"15":1,"16":1,"17":1},"b":{"0":[0,1],"1":[0,1],"2":[0,0,0,0],"3":[0,0,0,0,1],"4":[0,1],"5":[0,1],"6":[1,1],"7":[0,1],"8":[1,1,1],"9":[0,1],"10":[0,1],"11":[1,0],"12":[0,1],"13":[0,1],"14":[1,0],"15":[0,1],"16":[0,1],"17":[1,0],"18":[0,1],"19":[0,0,0,0,1],"20":[0,1],"21":[0,1],"22":[0,1],"23":[0,0],"24":[0,0,0,0,1],"25":[0,0],"26":[0,0],"27":[0,0],"28":[0,0,0,0,1],"29":[0,1],"30":[1,1],"31":[0,1],"32":[1,1],"33":[0,1],"34":[0,1],"35":[0,1],"36":[0,1],"37":[0,0,0,0,1],"38":[0,0],"39":[0,0],"40":[0,0],"41":[0,0],"42":[0,1],"43":[1,0],"44":[0,1]},"_coverageSchema":"1a1c01bbd47fc00a2c39e90264f33305004495a9","hash":"05b55722e715bcbd36e27443c38cc0793a7950f7"}
,"C:\\Users\\guirv\\Desenvolvimento\\Hubert\\hubert.lib.front\\packages\\atoms\\src\\hub-calendar\\icon-next.tsx": {"path":"C:\\Users\\guirv\\Desenvolvimento\\Hubert\\hubert.lib.front\\packages\\atoms\\src\\hub-calendar\\icon-next.tsx","statementMap":{"0":{"start":{"line":4,"column":2},"end":{"line":17,"column":4}}},"fnMap":{"0":{"name":"(anonymous_0)","decl":{"start":{"line":3,"column":15},"end":{"line":3,"column":16}},"loc":{"start":{"line":3,"column":21},"end":{"line":18,"column":1}},"line":3}},"branchMap":{},"s":{"0":2},"f":{"0":2},"b":{},"_coverageSchema":"1a1c01bbd47fc00a2c39e90264f33305004495a9","hash":"77822e540a29b89a2d43014741807a9bb299a006"}
[...]
,"C:\\Users\\guirv\\Desenvolvimento\\Hubert\\hubert.lib.front\\packages\\atoms\\src\\hub-token\\styles.ts": {"path":"C:\\Users\\guirv\\Desenvolvimento\\Hubert\\hubert.lib.front\\packages\\atoms\\src\\hub-token\\styles.ts","statementMap":{"0":{"start":{"line":5,"column":31},"end":{"line":15,"column":1}},"1":{"start":{"line":10,"column":34},"end":{"line":10,"column":49}},"2":{"start":{"line":17,"column":26},"end":{"line":60,"column":1}},"3":{"start":{"line":20,"column":24},"end":{"line":20,"column":39}},"4":{"start":{"line":23,"column":34},"end":{"line":30,"column":5}},"5":{"start":{"line":33,"column":6},"end":{"line":37,"column":35}},"6":{"start":{"line":41,"column":8},"end":{"line":45,"column":9}},"7":{"start":{"line":42,"column":10},"end":{"line":44,"column":45}},"8":{"start":{"line":46,"column":8},"end":{"line":50,"column":38}},"9":{"start":{"line":54,"column":6},"end":{"line":58,"column":19}}},"fnMap":{"0":{"name":"(anonymous_0)","decl":{"start":{"line":10,"column":19},"end":{"line":10,"column":20}},"loc":{"start":{"line":10,"column":34},"end":{"line":10,"column":49}},"line":10},"1":{"name":"(anonymous_1)","decl":{"start":{"line":20,"column":9},"end":{"line":20,"column":10}},"loc":{"start":{"line":20,"column":24},"end":{"line":20,"column":39}},"line":20},"2":{"name":"(anonymous_2)","decl":{"start":{"line":23,"column":6},"end":{"line":23,"column":7}},"loc":{"start":{"line":23,"column":34},"end":{"line":30,"column":5}},"line":23},"3":{"name":"(anonymous_3)","decl":{"start":{"line":32,"column":13},"end":{"line":32,"column":14}},"loc":{"start":{"line":33,"column":6},"end":{"line":37,"column":35}},"line":33},"4":{"name":"(anonymous_4)","decl":{"start":{"line":40,"column":8},"end":{"line":40,"column":9}},"loc":{"start":{"line":40,"column":73},"end":{"line":51,"column":7}},"line":40},"5":{"name":"(anonymous_5)","decl":{"start":{"line":53,"column":24},"end":{"line":53,"column":25}},"loc":{"start":{"line":54,"column":6},"end":{"line":58,"column":19}},"line":54}},"branchMap":{"0":{"loc":{"start":{"line":23,"column":16},"end":{"line":23,"column":27}},"type":"default-arg","locations":[{"start":{"line":23,"column":23},"end":{"line":23,"column":27}}],"line":23},"1":{"loc":{"start":{"line":33,"column":6},"end":{"line":37,"column":35}},"type":"cond-expr","locations":[{"start":{"line":34,"column":10},"end":{"line":34,"column":41}},{"start":{"line":35,"column":10},"end":{"line":37,"column":35}}],"line":33},"2":{"loc":{"start":{"line":33,"column":6},"end":{"line":33,"column":25}},"type":"binary-expr","locations":[{"start":{"line":33,"column":6},"end":{"line":33,"column":11}},{"start":{"line":33,"column":15},"end":{"line":33,"column":25}}],"line":33},"3":{"loc":{"start":{"line":35,"column":10},"end":{"line":37,"column":35}},"type":"cond-expr","locations":[{"start":{"line":36,"column":10},"end":{"line":36,"column":34}},{"start":{"line":37,"column":10},"end":{"line":37,"column":35}}],"line":35},"4":{"loc":{"start":{"line":41,"column":8},"end":{"line":45,"column":9}},"type":"if","locations":[{"start":{"line":41,"column":8},"end":{"line":45,"column":9}},{"start":{},"end":{}}],"line":41},"5":{"loc":{"start":{"line":42,"column":17},"end":{"line":44,"column":44}},"type":"cond-expr","locations":[{"start":{"line":43,"column":14},"end":{"line":43,"column":57}},{"start":{"line":44,"column":14},"end":{"line":44,"column":44}}],"line":42},"6":{"loc":{"start":{"line":42,"column":17},"end":{"line":42,"column":48}},"type":"binary-expr","locations":[{"start":{"line":42,"column":17},"end":{"line":42,"column":28}},{"start":{"line":42,"column":32},"end":{"line":42,"column":48}}],"line":42},"7":{"loc":{"start":{"line":46,"column":15},"end":{"line":50,"column":37}},"type":"cond-expr","locations":[{"start":{"line":47,"column":12},"end":{"line":47,"column":43}},{"start":{"line":48,"column":12},"end":{"line":50,"column":37}}],"line":46},"8":{"loc":{"start":{"line":46,"column":15},"end":{"line":46,"column":34}},"type":"binary-expr","locations":[{"start":{"line":46,"column":15},"end":{"line":46,"column":20}},{"start":{"line":46,"column":24},"end":{"line":46,"column":34}}],"line":46},"9":{"loc":{"start":{"line":48,"column":12},"end":{"line":50,"column":37}},"type":"cond-expr","locations":[{"start":{"line":49,"column":12},"end":{"line":49,"column":36}},{"start":{"line":50,"column":12},"end":{"line":50,"column":37}}],"line":48},"10":{"loc":{"start":{"line":54,"column":6},"end":{"line":58,"column":19}},"type":"cond-expr","locations":[{"start":{"line":55,"column":10},"end":{"line":55,"column":45}},{"start":{"line":56,"column":10},"end":{"line":58,"column":19}}],"line":54},"11":{"loc":{"start":{"line":54,"column":6},"end":{"line":54,"column":29}},"type":"binary-expr","locations":[{"start":{"line":54,"column":6},"end":{"line":54,"column":13}},{"start":{"line":54,"column":17},"end":{"line":54,"column":29}}],"line":54},"12":{"loc":{"start":{"line":56,"column":10},"end":{"line":58,"column":19}},"type":"cond-expr","locations":[{"start":{"line":57,"column":10},"end":{"line":57,"column":36}},{"start":{"line":58,"column":10},"end":{"line":58,"column":19}}],"line":56}},"s":{"0":1,"1":4,"2":1,"3":1,"4":1,"5":1,"6":1,"7":0,"8":1,"9":1},"f":{"0":4,"1":1,"2":1,"3":1,"4":1,"5":1},"b":{"0":[1],"1":[0,1],"2":[1,0],"3":[0,1],"4":[0,1],"5":[0,0],"6":[0,0],"7":[0,1],"8":[1,0],"9":[0,1],"10":[0,1],"11":[1,0],"12":[0,1]},"_coverageSchema":"1a1c01bbd47fc00a2c39e90264f33305004495a9","hash":"33cc0f822bc78b024848a532f736a05ea36e84a1"}
,"C:\\Users\\guirv\\Desenvolvimento\\Hubert\\hubert.lib.front\\packages\\atoms\\src\\hub-tooltip\\index.tsx": {"path":"C:\\Users\\guirv\\Desenvolvimento\\Hubert\\hubert.lib.front\\packages\\atoms\\src\\hub-tooltip\\index.tsx","statementMap":{"0":{"start":{"line":13,"column":2},"end":{"line":23,"column":4}}},"fnMap":{"0":{"name":"HubTooltip","decl":{"start":{"line":7,"column":16},"end":{"line":7,"column":26}},"loc":{"start":{"line":12,"column":20},"end":{"line":24,"column":1}},"line":12}},"branchMap":{"0":{"loc":{"start":{"line":16,"column":7},"end":{"line":21,"column":7}},"type":"binary-expr","locations":[{"start":{"line":16,"column":7},"end":{"line":16,"column":16}},{"start":{"line":17,"column":8},"end":{"line":20,"column":11}}],"line":16}},"s":{"0":1},"f":{"0":1},"b":{"0":[1,1]},"_coverageSchema":"1a1c01bbd47fc00a2c39e90264f33305004495a9","hash":"f8ee63baf749f2cde0dbb479291b281026e90065"}
,"C:\\Users\\guirv\\Desenvolvimento\\Hubert\\hubert.lib.front\\packages\\atoms\\src\\hub-tooltip\\styles.ts": {"path":"C:\\Users\\guirv\\Desenvolvimento\\Hubert\\hubert.lib.front\\packages\\atoms\\src\\hub-tooltip\\styles.ts","statementMap":{"0":{"start":{"line":6,"column":35},"end":{"line":17,"column":1}},"1":{"start":{"line":10,"column":28},"end":{"line":10,"column":67}},"2":{"start":{"line":11,"column":34},"end":{"line":11,"column":49}},"3":{"start":{"line":12,"column":32},"end":{"line":12,"column":61}},"4":{"start":{"line":13,"column":30},"end":{"line":13,"column":57}},"5":{"start":{"line":14,"column":32},"end":{"line":14,"column":65}},"6":{"start":{"line":15,"column":35},"end":{"line":15,"column":71}},"7":{"start":{"line":16,"column":38},"end":{"line":16,"column":55}},"8":{"start":{"line":19,"column":33},"end":{"line":25,"column":1}},"9":{"start":{"line":23,"column":4},"end":{"line":23,"column":63}},"10":{"start":{"line":24,"column":38},"end":{"line":24,"column":55}},"11":{"start":{"line":27,"column":28},"end":{"line":213,"column":1}},"12":{"start":{"line":32,"column":27},"end":{"line":32,"column":72}},"13":{"start":{"line":43,"column":32},"end":{"line":43,"column":56}},"14":{"start":{"line":44,"column":32},"end":{"line":44,"column":46}},"15":{"start":{"line":45,"column":28},"end":{"line":45,"column":33}},"16":{"start":{"line":46,"column":23},"end":{"line":46,"column":59}},"17":{"start":{"line":48,"column":6},"end":{"line":52,"column":39}},"18":{"start":{"line":54,"column":6},"end":{"line":58,"column":33}},"19":{"start":{"line":61,"column":21},"end":{"line":61,"column":53}},"20":{"start":{"line":63,"column":6},"end":{"line":120,"column":7}},"21":{"start":{"line":65,"column":10},"end":{"line":70,"column":12}},"22":{"start":{"line":72,"column":10},"end":{"line":77,"column":12}},"23":{"start":{"line":79,"column":10},"end":{"line":84,"column":12}},"24":{"start":{"line":86,"column":10},"end":{"line":91,"column":12}},"25":{"start":{"line":93,"column":10},"end":{"line":98,"column":12}},"26":{"start":{"line":100,"column":10},"end":{"line":105,"column":12}},"27":{"start":{"line":107,"column":10},"end":{"line":112,"column":12}},"28":{"start":{"line":114,"column":10},"end":{"line":119,"column":12}},"29":{"start":{"line":129,"column":32},"end":{"line":129,"column":56}},"30":{"start":{"line":130,"column":32},"end":{"line":130,"column":46}},"31":{"start":{"line":133,"column":8},"end":{"line":137,"column":41}},"32":{"start":{"line":139,"column":6},"end":{"line":204,"column":7}},"33":{"start":{"line":141,"column":10},"end":{"line":147,"column":12}},"34":{"start":{"line":149,"column":10},"end":{"line":155,"column":12}},"35":{"start":{"line":157,"column":10},"end":{"line":163,"column":12}},"36":{"start":{"line":165,"column":10},"end":{"line":171,"column":12}},"37":{"start":{"line":173,"column":10},"end":{"line":179,"column":12}},"38":{"start":{"line":181,"column":10},"end":{"line":187,"column":12}},"39":{"start":{"line":189,"column":10},"end":{"line":195,"column":12}},"40":{"start":{"line":197,"column":10},"end":{"line":203,"column":12}},"41":{"start":{"line":211,"column":6},"end":{"line":211,"column":61}}},"fnMap":{"0":{"name":"(anonymous_0)","decl":{"start":{"line":10,"column":13},"end":{"line":10,"column":14}},"loc":{"start":{"line":10,"column":28},"end":{"line":10,"column":67}},"line":10},"1":{"name":"(anonymous_1)","decl":{"start":{"line":11,"column":19},"end":{"line":11,"column":20}},"loc":{"start":{"line":11,"column":34},"end":{"line":11,"column":49}},"line":11},"2":{"name":"(anonymous_2)","decl":{"start":{"line":12,"column":17},"end":{"line":12,"column":18}},"loc":{"start":{"line":12,"column":32},"end":{"line":12,"column":61}},"line":12},"3":{"name":"(anonymous_3)","decl":{"start":{"line":13,"column":15},"end":{"line":13,"column":16}},"loc":{"start":{"line":13,"column":30},"end":{"line":13,"column":57}},"line":13},"4":{"name":"(anonymous_4)","decl":{"start":{"line":14,"column":17},"end":{"line":14,"column":18}},"loc":{"start":{"line":14,"column":32},"end":{"line":14,"column":65}},"line":14},"5":{"name":"(anonymous_5)","decl":{"start":{"line":15,"column":20},"end":{"line":15,"column":21}},"loc":{"start":{"line":15,"column":35},"end":{"line":15,"column":71}},"line":15},"6":{"name":"(anonymous_6)","decl":{"start":{"line":16,"column":32},"end":{"line":16,"column":33}},"loc":{"start":{"line":16,"column":38},"end":{"line":16,"column":55}},"line":16},"7":{"name":"(anonymous_7)","decl":{"start":{"line":22,"column":12},"end":{"line":22,"column":13}},"loc":{"start":{"line":23,"column":4},"end":{"line":23,"column":63}},"line":23},"8":{"name":"(anonymous_8)","decl":{"start":{"line":24,"column":32},"end":{"line":24,"column":33}},"loc":{"start":{"line":24,"column":38},"end":{"line":24,"column":55}},"line":24},"9":{"name":"(anonymous_9)","decl":{"start":{"line":32,"column":4},"end":{"line":32,"column":5}},"loc":{"start":{"line":32,"column":27},"end":{"line":32,"column":72}},"line":32},"10":{"name":"(anonymous_10)","decl":{"start":{"line":43,"column":15},"end":{"line":43,"column":16}},"loc":{"start":{"line":43,"column":32},"end":{"line":43,"column":56}},"line":43},"11":{"name":"(anonymous_11)","decl":{"start":{"line":44,"column":15},"end":{"line":44,"column":16}},"loc":{"start":{"line":44,"column":32},"end":{"line":44,"column":46}},"line":44},"12":{"name":"(anonymous_12)","decl":{"start":{"line":45,"column":13},"end":{"line":45,"column":14}},"loc":{"start":{"line":45,"column":28},"end":{"line":45,"column":33}},"line":45},"13":{"name":"(anonymous_13)","decl":{"start":{"line":46,"column":6},"end":{"line":46,"column":7}},"loc":{"start":{"line":46,"column":23},"end":{"line":46,"column":59}},"line":46},"14":{"name":"(anonymous_14)","decl":{"start":{"line":47,"column":24},"end":{"line":47,"column":25}},"loc":{"start":{"line":48,"column":6},"end":{"line":52,"column":39}},"line":48},"15":{"name":"(anonymous_15)","decl":{"start":{"line":53,"column":13},"end":{"line":53,"column":14}},"loc":{"start":{"line":54,"column":6},"end":{"line":58,"column":33}},"line":54},"16":{"name":"(anonymous_16)","decl":{"start":{"line":60,"column":6},"end":{"line":60,"column":7}},"loc":{"start":{"line":60,"column":31},"end":{"line":121,"column":5}},"line":60},"17":{"name":"(anonymous_17)","decl":{"start":{"line":129,"column":15},"end":{"line":129,"column":16}},"loc":{"start":{"line":129,"column":32},"end":{"line":129,"column":56}},"line":129},"18":{"name":"(anonymous_18)","decl":{"start":{"line":130,"column":15},"end":{"line":130,"column":16}},"loc":{"start":{"line":130,"column":32},"end":{"line":130,"column":46}},"line":130},"19":{"name":"(anonymous_19)","decl":{"start":{"line":131,"column":6},"end":{"line":131,"column":7}},"loc":{"start":{"line":131,"column":50},"end":{"line":205,"column":5}},"line":131},"20":{"name":"(anonymous_20)","decl":{"start":{"line":210,"column":15},"end":{"line":210,"column":16}},"loc":{"start":{"line":211,"column":6},"end":{"line":211,"column":61}},"line":211}},"branchMap":{"0":{"loc":{"start":{"line":32,"column":27},"end":{"line":32,"column":72}},"type":"cond-expr","locations":[{"start":{"line":32,"column":42},"end":{"line":32,"column":67}},{"start":{"line":32,"column":70},"end":{"line":32,"column":72}}],"line":32},"1":{"loc":{"start":{"line":43,"column":32},"end":{"line":43,"column":56}},"type":"cond-expr","locations":[{"start":{"line":43,"column":41},"end":{"line":43,"column":47}},{"start":{"line":43,"column":50},"end":{"line":43,"column":56}}],"line":43},"2":{"loc":{"start":{"line":44,"column":32},"end":{"line":44,"column":46}},"type":"cond-expr","locations":[{"start":{"line":44,"column":41},"end":{"line":44,"column":42}},{"start":{"line":44,"column":45},"end":{"line":44,"column":46}}],"line":44},"3":{"loc":{"start":{"line":46,"column":23},"end":{"line":46,"column":59}},"type":"cond-expr","locations":[{"start":{"line":46,"column":32},"end":{"line":46,"column":54}},{"start":{"line":46,"column":57},"end":{"line":46,"column":59}}],"line":46},"4":{"loc":{"start":{"line":48,"column":6},"end":{"line":52,"column":39}},"type":"cond-expr","locations":[{"start":{"line":49,"column":10},"end":{"line":49,"column":41}},{"start":{"line":50,"column":10},"end":{"line":52,"column":39}}],"line":48},"5":{"loc":{"start":{"line":48,"column":6},"end":{"line":48,"column":25}},"type":"binary-expr","locations":[{"start":{"line":48,"column":6},"end":{"line":48,"column":11}},{"start":{"line":48,"column":15},"end":{"line":48,"column":25}}],"line":48},"6":{"loc":{"start":{"line":50,"column":10},"end":{"line":52,"column":39}},"type":"cond-expr","locations":[{"start":{"line":51,"column":10},"end":{"line":51,"column":34}},{"start":{"line":52,"column":10},"end":{"line":52,"column":39}}],"line":50},"7":{"loc":{"start":{"line":54,"column":6},"end":{"line":58,"column":33}},"type":"cond-expr","locations":[{"start":{"line":55,"column":10},"end":{"line":55,"column":49}},{"start":{"line":56,"column":10},"end":{"line":58,"column":33}}],"line":54},"8":{"loc":{"start":{"line":54,"column":6},"end":{"line":54,"column":33}},"type":"binary-expr","locations":[{"start":{"line":54,"column":6},"end":{"line":54,"column":15}},{"start":{"line":54,"column":19},"end":{"line":54,"column":33}}],"line":54},"9":{"loc":{"start":{"line":56,"column":10},"end":{"line":58,"column":33}},"type":"cond-expr","locations":[{"start":{"line":57,"column":10},"end":{"line":57,"column":38}},{"start":{"line":58,"column":10},"end":{"line":58,"column":33}}],"line":56},"10":{"loc":{"start":{"line":63,"column":6},"end":{"line":120,"column":7}},"type":"switch","locations":[{"start":{"line":64,"column":8},"end":{"line":70,"column":12}},{"start":{"line":71,"column":8},"end":{"line":77,"column":12}},{"start":{"line":78,"column":8},"end":{"line":84,"column":12}},{"start":{"line":85,"column":8},"end":{"line":91,"column":12}},{"start":{"line":92,"column":8},"end":{"line":98,"column":12}},{"start":{"line":99,"column":8},"end":{"line":105,"column":12}},{"start":{"line":106,"column":8},"end":{"line":112,"column":12}},{"start":{"line":113,"column":8},"end":{"line":119,"column":12}}],"line":63},"11":{"loc":{"start":{"line":129,"column":32},"end":{"line":129,"column":56}},"type":"cond-expr","locations":[{"start":{"line":129,"column":41},"end":{"line":129,"column":47}},{"start":{"line":129,"column":50},"end":{"line":129,"column":56}}],"line":129},"12":{"loc":{"start":{"line":130,"column":32},"end":{"line":130,"column":46}},"type":"cond-expr","locations":[{"start":{"line":130,"column":41},"end":{"line":130,"column":42}},{"start":{"line":130,"column":45},"end":{"line":130,"column":46}}],"line":130},"13":{"loc":{"start":{"line":133,"column":8},"end":{"line":137,"column":41}},"type":"cond-expr","locations":[{"start":{"line":134,"column":12},"end":{"line":134,"column":43}},{"start":{"line":135,"column":12},"end":{"line":137,"column":41}}],"line":133},"14":{"loc":{"start":{"line":133,"column":8},"end":{"line":133,"column":27}},"type":"binary-expr","locations":[{"start":{"line":133,"column":8},"end":{"line":133,"column":13}},{"start":{"line":133,"column":17},"end":{"line":133,"column":27}}],"line":133},"15":{"loc":{"start":{"line":135,"column":12},"end":{"line":137,"column":41}},"type":"cond-expr","locations":[{"start":{"line":136,"column":12},"end":{"line":136,"column":36}},{"start":{"line":137,"column":12},"end":{"line":137,"column":41}}],"line":135},"16":{"loc":{"start":{"line":139,"column":6},"end":{"line":204,"column":7}},"type":"switch","locations":[{"start":{"line":140,"column":8},"end":{"line":147,"column":12}},{"start":{"line":148,"column":8},"end":{"line":155,"column":12}},{"start":{"line":156,"column":8},"end":{"line":163,"column":12}},{"start":{"line":164,"column":8},"end":{"line":171,"column":12}},{"start":{"line":172,"column":8},"end":{"line":179,"column":12}},{"start":{"line":180,"column":8},"end":{"line":187,"column":12}},{"start":{"line":188,"column":8},"end":{"line":195,"column":12}},{"start":{"line":196,"column":8},"end":{"line":203,"column":12}}],"line":139},"17":{"loc":{"start":{"line":211,"column":6},"end":{"line":211,"column":61}},"type":"cond-expr","locations":[{"start":{"line":211,"column":14},"end":{"line":211,"column":42}},{"start":{"line":211,"column":45},"end":{"line":211,"column":61}}],"line":211},"18":{"loc":{"start":{"line":211,"column":14},"end":{"line":211,"column":42}},"type":"binary-expr","locations":[{"start":{"line":211,"column":14},"end":{"line":211,"column":33}},{"start":{"line":211,"column":37},"end":{"line":211,"column":42}}],"line":211}},"s":{"0":1,"1":1,"2":1,"3":1,"4":1,"5":1,"6":1,"7":1,"8":1,"9":1,"10":1,"11":1,"12":1,"13":1,"14":1,"15":1,"16":1,"17":1,"18":1,"19":1,"20":1,"21":0,"22":0,"23":0,"24":0,"25":0,"26":0,"27":0,"28":1,"29":1,"30":1,"31":1,"32":1,"33":0,"34":0,"35":0,"36":0,"37":0,"38":0,"39":0,"40":1,"41":1},"f":{"0":1,"1":1,"2":1,"3":1,"4":1,"5":1,"6":1,"7":1,"8":1,"9":1,"10":1,"11":1,"12":1,"13":1,"14":1,"15":1,"16":1,"17":1,"18":1,"19":1,"20":1},"b":{"0":[0,1],"1":[0,1],"2":[0,1],"3":[0,1],"4":[0,1],"5":[1,0],"6":[0,1],"7":[0,1],"8":[1,0],"9":[0,1],"10":[0,0,0,0,0,0,0,1],"11":[0,1],"12":[0,1],"13":[0,1],"14":[1,0],"15":[0,1],"16":[0,0,0,0,0,0,0,1],"17":[0,1],"18":[0,0]},"_coverageSchema":"1a1c01bbd47fc00a2c39e90264f33305004495a9","hash":"acfd656891c5ad7184391dfab61f12b146537858"}
}
