TN:
SF:src\hub-alert\icon-close.tsx
FN:3,(anonymous_0)
FNF:1
FNH:0
FNDA:0,(anonymous_0)
DA:4,0
LF:1
LH:0
BRF:0
BRH:0
end_of_record
TN:
SF:src\hub-alert\index.tsx
FN:15,HubAlert
FN:23,(anonymous_1)
FNF:2
FNH:2
FNDA:1,HubAlert
FNDA:1,(anonymous_1)
DA:23,1
DA:25,1
LF:2
LH:2
BRDA:25,0,0,1
BRDA:25,0,1,0
BRDA:30,1,0,1
BRDA:30,1,1,1
BRDA:33,2,0,1
BRDA:33,2,1,0
BRF:6
BRH:4
end_of_record
TN:
SF:src\hub-alert\styles.ts
FN:7,(anonymous_0)
FN:13,(anonymous_1)
FN:14,(anonymous_2)
FN:15,(anonymous_3)
FN:16,(anonymous_4)
FN:17,(anonymous_5)
FN:21,(anonymous_6)
FN:22,(anonymous_7)
FN:23,(anonymous_8)
FN:24,(anonymous_9)
FN:25,(anonymous_10)
FN:34,(anonymous_11)
FN:35,(anonymous_12)
FN:44,(anonymous_13)
FN:46,(anonymous_14)
FN:49,(anonymous_15)
FN:51,(anonymous_16)
FN:53,(anonymous_17)
FN:55,(anonymous_18)
FN:61,(anonymous_19)
FN:68,(anonymous_20)
FN:71,(anonymous_21)
FN:72,(anonymous_22)
FN:76,(anonymous_23)
FN:77,(anonymous_24)
FNF:25
FNH:22
FNDA:1,(anonymous_0)
FNDA:1,(anonymous_1)
FNDA:1,(anonymous_2)
FNDA:1,(anonymous_3)
FNDA:1,(anonymous_4)
FNDA:1,(anonymous_5)
FNDA:1,(anonymous_6)
FNDA:1,(anonymous_7)
FNDA:1,(anonymous_8)
FNDA:1,(anonymous_9)
FNDA:1,(anonymous_10)
FNDA:0,(anonymous_11)
FNDA:0,(anonymous_12)
FNDA:1,(anonymous_13)
FNDA:1,(anonymous_14)
FNDA:1,(anonymous_15)
FNDA:1,(anonymous_16)
FNDA:1,(anonymous_17)
FNDA:1,(anonymous_18)
FNDA:0,(anonymous_19)
FNDA:1,(anonymous_20)
FNDA:1,(anonymous_21)
FNDA:1,(anonymous_22)
FNDA:1,(anonymous_23)
FNDA:1,(anonymous_24)
DA:5,1
DA:7,1
DA:12,1
DA:13,1
DA:14,1
DA:15,1
DA:16,1
DA:17,1
DA:20,1
DA:21,1
DA:22,1
DA:23,1
DA:24,1
DA:25,1
DA:32,1
DA:34,0
DA:35,0
DA:41,1
DA:45,1
DA:47,1
DA:50,1
DA:52,1
DA:53,1
DA:56,1
DA:57,0
DA:59,1
DA:60,0
DA:61,0
DA:65,1
DA:68,1
DA:71,1
DA:72,1
DA:76,1
DA:77,1
LF:34
LH:29
BRDA:45,0,0,0
BRDA:45,0,1,1
BRDA:47,1,0,0
BRDA:47,1,1,1
BRDA:50,2,0,0
BRDA:50,2,1,1
BRDA:52,3,0,0
BRDA:52,3,1,1
BRDA:53,4,0,0
BRDA:53,4,1,1
BRDA:56,5,0,0
BRDA:56,5,1,1
BRDA:59,6,0,0
BRDA:59,6,1,1
BRDA:68,7,0,0
BRDA:68,7,1,1
BRDA:71,8,0,0
BRDA:71,8,1,1
BRDA:72,9,0,0
BRDA:72,9,1,1
BRDA:76,10,0,0
BRDA:76,10,1,1
BRDA:77,11,0,0
BRDA:77,11,1,1
BRF:24
BRH:12
end_of_record
TN:
SF:src\hub-animation\index.tsx
FN:9,HubAnimationInner
FN:14,(anonymous_1)
FN:16,(anonymous_2)
FN:17,(anonymous_3)
FN:18,(anonymous_4)
FN:22,(anonymous_5)
FN:26,(anonymous_6)
FN:29,(anonymous_7)
FN:39,(anonymous_8)
FNF:9
FNH:4
FNDA:1,HubAnimationInner
FNDA:1,(anonymous_1)
FNDA:0,(anonymous_2)
FNDA:0,(anonymous_3)
FNDA:0,(anonymous_4)
FNDA:0,(anonymous_5)
FNDA:1,(anonymous_6)
FNDA:0,(anonymous_7)
FNDA:1,(anonymous_8)
DA:13,1
DA:14,1
DA:16,1
DA:17,1
DA:18,1
DA:20,1
DA:22,0
DA:26,1
DA:27,1
DA:29,1
DA:30,0
DA:39,1
DA:40,1
DA:44,1
DA:47,1
LF:15
LH:13
BRDA:27,0,0,1
BRDA:27,0,1,0
BRDA:29,1,0,0
BRDA:29,1,1,1
BRDA:29,2,0,1
BRDA:29,2,1,0
BRDA:34,3,0,0
BRDA:34,3,1,0
BRDA:35,4,0,0
BRDA:35,4,1,0
BRDA:44,5,0,0
BRDA:44,5,1,1
BRF:12
BRH:4
end_of_record
TN:
SF:src\hub-animation\styles.ts
FN:6,(anonymous_0)
FNF:1
FNH:0
FNDA:0,(anonymous_0)
DA:5,1
DA:7,0
DA:9,0
DA:15,0
DA:21,0
DA:27,0
DA:33,0
LF:7
LH:1
BRDA:7,0,0,0
BRDA:7,0,1,0
BRDA:7,0,2,0
BRDA:7,0,3,0
BRDA:7,0,4,0
BRDA:34,1,0,0
BRDA:34,1,1,0
BRDA:35,2,0,0
BRDA:35,2,1,0
BRDA:36,3,0,0
BRDA:36,3,1,0
BRF:11
BRH:0
end_of_record
TN:
SF:src\hub-avatar\index.tsx
FN:8,HubAvatar
FNF:1
FNH:1
FNDA:1,HubAvatar
DA:15,1
LF:1
LH:1
BRDA:17,0,0,1
BRDA:17,0,1,0
BRF:2
BRH:1
end_of_record
TN:
SF:src\hub-avatar\styles.ts
FN:22,(anonymous_0)
FN:64,(anonymous_1)
FN:75,(anonymous_2)
FN:82,(anonymous_3)
FN:91,(anonymous_4)
FNF:5
FNH:5
FNDA:1,(anonymous_0)
FNDA:1,(anonymous_1)
FNDA:1,(anonymous_2)
FNDA:1,(anonymous_3)
FNDA:1,(anonymous_4)
DA:5,1
DA:12,1
DA:21,1
DA:23,1
DA:24,1
DA:31,0
DA:33,0
DA:39,0
DA:45,0
DA:51,0
DA:57,0
DA:65,1
DA:75,1
DA:83,1
DA:92,1
LF:15
LH:9
BRDA:23,0,0,1
BRDA:23,0,1,0
BRDA:31,1,0,0
BRDA:31,1,1,0
BRDA:31,1,2,0
BRDA:31,1,3,0
BRDA:31,1,4,0
BRDA:65,2,0,0
BRDA:65,2,1,1
BRDA:76,3,0,1
BRDA:76,3,1,1
BRDA:77,4,0,1
BRDA:77,4,1,1
BRDA:78,5,0,1
BRDA:78,5,1,1
BRDA:79,6,0,1
BRDA:79,6,1,1
BRDA:83,7,0,0
BRDA:83,7,1,1
BRDA:83,8,0,1
BRDA:83,8,1,0
BRDA:85,9,0,0
BRDA:85,9,1,1
BRDA:85,10,0,1
BRDA:85,10,1,0
BRDA:87,11,0,0
BRDA:87,11,1,1
BRDA:92,12,0,0
BRDA:92,12,1,1
BRDA:92,13,0,1
BRDA:92,13,1,0
BRDA:94,14,0,0
BRDA:94,14,1,1
BRDA:94,15,0,1
BRDA:94,15,1,0
BRDA:96,16,0,0
BRDA:96,16,1,1
BRF:37
BRH:20
end_of_record
TN:
SF:src\hub-badge\index.tsx
FN:6,HubBadge
FNF:1
FNH:1
FNDA:1,HubBadge
DA:7,1
LF:1
LH:1
BRDA:8,0,0,0
BRDA:8,0,1,1
BRF:2
BRH:1
end_of_record
TN:
SF:src\hub-badge\styles.ts
FN:10,(anonymous_0)
FN:12,(anonymous_1)
FN:46,(anonymous_2)
FN:53,(anonymous_3)
FN:62,(anonymous_4)
FN:65,(anonymous_5)
FN:84,(anonymous_6)
FN:85,(anonymous_7)
FN:86,(anonymous_8)
FN:87,(anonymous_9)
FN:98,(anonymous_10)
FN:99,(anonymous_11)
FN:100,(anonymous_12)
FN:118,(anonymous_13)
FN:125,(anonymous_14)
FN:126,(anonymous_15)
FN:127,(anonymous_16)
FN:128,(anonymous_17)
FN:133,(anonymous_18)
FNF:19
FNH:11
FNDA:1,(anonymous_0)
FNDA:1,(anonymous_1)
FNDA:1,(anonymous_2)
FNDA:1,(anonymous_3)
FNDA:1,(anonymous_4)
FNDA:1,(anonymous_5)
FNDA:1,(anonymous_6)
FNDA:1,(anonymous_7)
FNDA:1,(anonymous_8)
FNDA:1,(anonymous_9)
FNDA:0,(anonymous_10)
FNDA:0,(anonymous_11)
FNDA:0,(anonymous_12)
FNDA:0,(anonymous_13)
FNDA:0,(anonymous_14)
FNDA:0,(anonymous_15)
FNDA:0,(anonymous_16)
FNDA:0,(anonymous_17)
FNDA:1,(anonymous_18)
DA:5,1
DA:10,1
DA:13,1
DA:14,0
DA:20,1
DA:22,0
DA:27,0
DA:32,0
DA:37,0
DA:42,1
DA:47,1
DA:54,1
DA:63,1
DA:66,1
DA:67,0
DA:68,0
DA:69,0
DA:73,0
DA:74,0
DA:78,0
DA:79,0
DA:81,0
DA:84,1
DA:85,1
DA:86,1
DA:87,1
DA:91,1
DA:98,0
DA:99,0
DA:101,0
DA:102,0
DA:103,0
DA:108,0
DA:113,0
DA:118,0
DA:125,0
DA:126,0
DA:127,0
DA:128,0
DA:132,1
DA:134,1
DA:135,0
DA:136,0
DA:139,1
DA:141,0
LF:45
LH:17
BRDA:13,0,0,0
BRDA:13,0,1,1
BRDA:13,1,0,1
BRDA:13,1,1,1
BRDA:20,2,0,0
BRDA:20,2,1,0
BRDA:20,2,2,0
BRDA:20,2,3,0
BRDA:20,2,4,1
BRDA:47,3,0,0
BRDA:47,3,1,1
BRDA:47,4,0,1
BRDA:47,4,1,0
BRDA:49,5,0,0
BRDA:49,5,1,1
BRDA:54,6,0,0
BRDA:54,6,1,1
BRDA:54,7,0,1
BRDA:54,7,1,0
BRDA:56,8,0,0
BRDA:56,8,1,1
BRDA:58,9,0,0
BRDA:58,9,1,1
BRDA:63,10,0,0
BRDA:63,10,1,1
BRDA:63,11,0,1
BRDA:63,11,1,1
BRDA:66,12,0,1
BRDA:66,12,1,0
BRDA:67,13,0,0
BRDA:67,13,1,0
BRDA:68,14,0,0
BRDA:68,14,1,0
BRDA:73,15,0,0
BRDA:73,15,1,0
BRDA:78,16,0,0
BRDA:78,16,1,0
BRDA:101,17,0,0
BRDA:101,17,1,0
BRDA:102,18,0,0
BRDA:102,18,1,0
BRDA:134,19,0,0
BRDA:134,19,1,1
BRDA:135,20,0,0
BRDA:135,20,1,0
BRF:45
BRH:16
end_of_record
TN:
SF:src\hub-breadcrumb\chevron-right.tsx
FN:3,(anonymous_0)
FNF:1
FNH:1
FNDA:1,(anonymous_0)
DA:4,1
LF:1
LH:1
BRF:0
BRH:0
end_of_record
TN:
SF:src\hub-breadcrumb\index.tsx
FN:12,HubBreadcrumbs
FN:17,(anonymous_1)
FN:35,HubBreadcrumb
FNF:3
FNH:3
FNDA:1,HubBreadcrumbs
FNDA:2,(anonymous_1)
FNDA:2,HubBreadcrumb
DA:13,1
DA:18,2
DA:36,2
LF:3
LH:3
BRDA:18,0,0,2
BRDA:18,0,1,2
BRDA:20,1,0,1
BRDA:20,1,1,1
BRDA:39,2,0,0
BRDA:39,2,1,2
BRDA:39,3,0,2
BRDA:39,3,1,0
BRF:8
BRH:6
end_of_record
TN:
SF:src\hub-breadcrumb\styles.ts
FN:20,(anonymous_0)
FN:21,(anonymous_1)
FN:27,(anonymous_2)
FN:28,(anonymous_3)
FN:29,(anonymous_4)
FN:30,(anonymous_5)
FN:31,(anonymous_6)
FN:32,(anonymous_7)
FN:36,(anonymous_8)
FN:38,(anonymous_9)
FN:50,(anonymous_10)
FNF:11
FNH:11
FNDA:1,(anonymous_0)
FNDA:1,(anonymous_1)
FNDA:2,(anonymous_2)
FNDA:2,(anonymous_3)
FNDA:2,(anonymous_4)
FNDA:2,(anonymous_5)
FNDA:2,(anonymous_6)
FNDA:2,(anonymous_7)
FNDA:2,(anonymous_8)
FNDA:2,(anonymous_9)
FNDA:2,(anonymous_10)
DA:5,1
DA:11,1
DA:16,1
DA:20,1
DA:21,1
DA:24,1
DA:27,2
DA:28,2
DA:29,2
DA:30,2
DA:31,2
DA:33,2
DA:36,2
DA:39,2
DA:50,2
LF:15
LH:15
BRDA:33,0,0,1
BRDA:33,0,1,1
BRDA:36,1,0,0
BRDA:36,1,1,2
BRDA:39,2,0,0
BRDA:39,2,1,2
BRF:6
BRH:4
end_of_record
TN:
SF:src\hub-button\index.tsx
FN:9,HubButton
FN:24,(anonymous_1)
FN:29,(anonymous_2)
FN:34,(anonymous_3)
FN:40,(anonymous_4)
FN:50,(anonymous_5)
FN:51,(anonymous_6)
FN:63,(anonymous_7)
FN:64,(anonymous_8)
FNF:9
FNH:3
FNDA:1,HubButton
FNDA:1,(anonymous_1)
FNDA:1,(anonymous_2)
FNDA:0,(anonymous_3)
FNDA:0,(anonymous_4)
FNDA:0,(anonymous_5)
FNDA:0,(anonymous_6)
FNDA:0,(anonymous_7)
FNDA:0,(anonymous_8)
DA:9,1
DA:21,1
DA:23,1
DA:24,1
DA:28,1
DA:29,1
DA:33,1
DA:35,0
DA:37,0
DA:38,0
DA:39,0
DA:40,0
DA:46,1
DA:50,0
DA:51,0
DA:63,0
DA:64,0
LF:17
LH:8
BRDA:24,0,0,1
BRDA:24,0,1,1
BRDA:29,1,0,1
BRDA:29,1,1,1
BRDA:29,1,2,1
BRDA:35,2,0,0
BRDA:35,2,1,0
BRDA:38,3,0,0
BRDA:38,3,1,0
BRDA:46,4,0,0
BRDA:46,4,1,1
BRDA:50,5,0,0
BRDA:50,5,1,0
BRDA:51,6,0,0
BRDA:51,6,1,0
BRDA:55,7,0,0
BRDA:55,7,1,0
BRDA:56,8,0,0
BRDA:56,8,1,0
BRDA:56,9,0,0
BRDA:56,9,1,0
BRDA:61,10,0,1
BRDA:61,10,1,1
BRDA:63,11,0,1
BRDA:63,11,1,0
BRDA:64,12,0,1
BRDA:64,12,1,0
BRDA:68,13,0,0
BRDA:68,13,1,1
BRDA:69,14,0,1
BRDA:69,14,1,0
BRDA:69,15,0,1
BRDA:69,15,1,0
BRF:33
BRH:13
end_of_record
TN:
SF:src\hub-button\styles.ts
FN:8,(anonymous_0)
FN:24,(anonymous_1)
FN:44,(anonymous_2)
FN:58,(anonymous_3)
FN:112,(anonymous_4)
FN:155,(anonymous_5)
FN:171,(anonymous_6)
FN:197,(anonymous_7)
FN:198,(anonymous_8)
FN:203,(anonymous_9)
FN:210,(anonymous_10)
FN:211,(anonymous_11)
FN:213,(anonymous_12)
FN:214,(anonymous_13)
FN:222,(anonymous_14)
FN:223,(anonymous_15)
FN:225,(anonymous_16)
FN:241,(anonymous_17)
FNF:18
FNH:13
FNDA:1,(anonymous_0)
FNDA:1,(anonymous_1)
FNDA:1,(anonymous_2)
FNDA:1,(anonymous_3)
FNDA:1,(anonymous_4)
FNDA:0,(anonymous_5)
FNDA:1,(anonymous_6)
FNDA:1,(anonymous_7)
FNDA:1,(anonymous_8)
FNDA:1,(anonymous_9)
FNDA:0,(anonymous_10)
FNDA:0,(anonymous_11)
FNDA:0,(anonymous_12)
FNDA:0,(anonymous_13)
FNDA:1,(anonymous_14)
FNDA:1,(anonymous_15)
FNDA:1,(anonymous_16)
FNDA:1,(anonymous_17)
DA:7,1
DA:9,1
DA:10,1
DA:11,0
DA:13,0
DA:15,0
DA:17,0
DA:19,0
DA:22,1
DA:25,1
DA:27,0
DA:29,0
DA:31,0
DA:33,0
DA:35,1
DA:36,0
DA:38,1
DA:39,0
DA:41,1
DA:45,1
DA:46,0
DA:48,1
DA:50,0
DA:52,1
DA:57,1
DA:69,1
DA:75,1
DA:81,1
DA:87,1
DA:89,0
DA:97,0
DA:102,1
DA:110,1
DA:114,1
DA:120,1
DA:121,0
DA:123,0
DA:127,0
DA:133,1
DA:135,0
DA:141,0
DA:145,1
DA:153,1
DA:157,0
DA:162,0
DA:169,1
DA:172,1
DA:174,0
DA:181,0
DA:185,1
DA:193,1
DA:197,1
DA:199,1
DA:204,1
DA:209,1
DA:210,0
DA:211,0
DA:213,0
DA:214,0
DA:217,1
DA:222,1
DA:223,1
DA:226,1
DA:227,0
DA:232,1
DA:233,0
DA:237,1
DA:242,1
DA:247,0
DA:260,1
DA:275,1
DA:279,1
LF:72
LH:41
BRDA:9,0,0,0
BRDA:9,0,1,1
BRDA:10,1,0,0
BRDA:10,1,1,1
BRDA:11,2,0,0
BRDA:11,2,1,0
BRDA:11,2,2,0
BRDA:11,2,3,0
BRDA:25,3,0,0
BRDA:25,3,1,0
BRDA:25,3,2,0
BRDA:25,3,3,0
BRDA:25,3,4,1
BRDA:35,4,0,0
BRDA:35,4,1,1
BRDA:38,5,0,0
BRDA:38,5,1,1
BRDA:38,6,0,1
BRDA:38,6,1,1
BRDA:45,7,0,0
BRDA:45,7,1,1
BRDA:45,8,0,1
BRDA:45,8,1,1
BRDA:45,8,2,1
BRDA:48,9,0,0
BRDA:48,9,1,1
BRDA:69,10,0,0
BRDA:69,10,1,1
BRDA:69,11,0,1
BRDA:69,11,1,0
BRDA:71,12,0,0
BRDA:71,12,1,1
BRDA:75,13,0,0
BRDA:75,13,1,1
BRDA:75,14,0,1
BRDA:75,14,1,0
BRDA:77,15,0,0
BRDA:77,15,1,1
BRDA:81,16,0,0
BRDA:81,16,1,1
BRDA:81,17,0,1
BRDA:81,17,1,0
BRDA:83,18,0,0
BRDA:83,18,1,1
BRDA:87,19,0,0
BRDA:87,19,1,0
BRDA:87,19,2,0
BRDA:87,19,3,0
BRDA:87,19,4,1
BRDA:114,20,0,0
BRDA:114,20,1,1
BRDA:116,21,0,0
BRDA:116,21,1,1
BRDA:120,22,0,0
BRDA:120,22,1,1
BRDA:121,23,0,0
BRDA:121,23,1,0
BRDA:133,24,0,0
BRDA:133,24,1,0
BRDA:133,24,2,0
BRDA:133,24,3,0
BRDA:133,24,4,1
BRDA:157,25,0,0
BRDA:157,25,1,0
BRDA:157,26,0,0
BRDA:157,26,1,0
BRDA:159,27,0,0
BRDA:159,27,1,0
BRDA:172,28,0,0
BRDA:172,28,1,0
BRDA:172,28,2,0
BRDA:172,28,3,0
BRDA:172,28,4,1
BRDA:199,29,0,0
BRDA:199,29,1,1
BRDA:199,30,0,1
BRDA:199,30,1,1
BRDA:204,31,0,0
BRDA:204,31,1,1
BRDA:204,32,0,1
BRDA:204,32,1,1
BRDA:222,33,0,0
BRDA:222,33,1,1
BRDA:223,34,0,0
BRDA:223,34,1,1
BRDA:226,35,0,0
BRDA:226,35,1,1
BRDA:232,36,0,0
BRDA:232,36,1,1
BRDA:242,37,0,0
BRDA:242,37,1,0
BRDA:242,37,2,0
BRDA:242,37,3,0
BRDA:242,37,4,1
BRDA:249,38,0,0
BRDA:249,38,1,0
BRDA:252,39,0,0
BRDA:252,39,1,0
BRDA:252,40,0,0
BRDA:252,40,1,0
BRDA:254,41,0,0
BRDA:254,41,1,0
BRDA:263,42,0,0
BRDA:263,42,1,1
BRDA:263,43,0,1
BRDA:263,43,1,0
BRDA:265,44,0,0
BRDA:265,44,1,1
BRF:108
BRH:41
end_of_record
TN:
SF:src\hub-calendar\icon-next.tsx
FN:3,(anonymous_0)
FNF:1
FNH:1
FNDA:2,(anonymous_0)
DA:4,2
LF:1
LH:1
BRF:0
BRH:0
end_of_record
TN:
SF:src\hub-calendar\index.tsx
FN:39,parseValueDate
FN:46,isDisabled
FN:53,(anonymous_2)
FN:73,getEvent
FN:78,(anonymous_4)
FN:84,HubCalendarInner
FN:117,(anonymous_6)
FN:121,(anonymous_7)
FN:147,(anonymous_8)
FN:172,(anonymous_9)
FN:194,(anonymous_10)
FN:220,(anonymous_11)
FN:221,(anonymous_12)
FN:237,(anonymous_13)
FN:238,(anonymous_14)
FN:255,(anonymous_15)
FN:260,handleChangeMonth
FN:269,handlePrevious
FN:273,handleNext
FN:277,handleClickDay
FN:308,handleClickMonth
FN:324,handleClickYear
FN:340,handleToday
FN:353,handleCurrentDate
FN:358,(anonymous_24)
FN:391,(anonymous_25)
FN:398,(anonymous_26)
FN:410,(anonymous_27)
FN:418,(anonymous_28)
FN:429,(anonymous_29)
FN:436,(anonymous_30)
FN:455,(anonymous_31)
FN:460,(anonymous_32)
FN:473,(anonymous_33)
FN:474,(anonymous_34)
FN:475,(anonymous_35)
FN:483,(anonymous_36)
FN:491,(anonymous_37)
FN:499,(anonymous_38)
FN:507,(anonymous_39)
FNF:40
FNH:16
FNDA:1,parseValueDate
FNDA:54,isDisabled
FNDA:0,(anonymous_2)
FNDA:35,getEvent
FNDA:0,(anonymous_4)
FNDA:1,HubCalendarInner
FNDA:1,(anonymous_6)
FNDA:1,(anonymous_7)
FNDA:4,(anonymous_8)
FNDA:31,(anonymous_9)
FNDA:0,(anonymous_10)
FNDA:1,(anonymous_11)
FNDA:12,(anonymous_12)
FNDA:1,(anonymous_13)
FNDA:6,(anonymous_14)
FNDA:1,(anonymous_15)
FNDA:0,handleChangeMonth
FNDA:0,handlePrevious
FNDA:0,handleNext
FNDA:0,handleClickDay
FNDA:0,handleClickMonth
FNDA:0,handleClickYear
FNDA:0,handleToday
FNDA:0,handleCurrentDate
FNDA:1,(anonymous_24)
FNDA:0,(anonymous_25)
FNDA:0,(anonymous_26)
FNDA:0,(anonymous_27)
FNDA:0,(anonymous_28)
FNDA:0,(anonymous_29)
FNDA:0,(anonymous_30)
FNDA:7,(anonymous_31)
FNDA:35,(anonymous_32)
FNDA:0,(anonymous_33)
FNDA:0,(anonymous_34)
FNDA:0,(anonymous_35)
FNDA:0,(anonymous_36)
FNDA:0,(anonymous_37)
FNDA:0,(anonymous_38)
FNDA:0,(anonymous_39)
DA:40,1
DA:41,0
DA:42,0
DA:43,0
DA:52,54
DA:53,0
DA:55,54
DA:56,0
DA:58,54
DA:59,0
DA:61,54
DA:62,0
DA:64,54
DA:65,0
DA:67,54
DA:68,0
DA:70,54
DA:77,35
DA:78,0
DA:105,1
DA:106,1
DA:108,1
DA:109,1
DA:111,1
DA:112,1
DA:116,1
DA:117,1
DA:121,1
DA:122,1
DA:127,1
DA:132,1
DA:137,1
DA:143,1
DA:144,1
DA:146,1
DA:148,4
DA:153,4
DA:154,4
DA:155,4
DA:158,4
DA:172,1
DA:173,31
DA:178,31
DA:179,31
DA:180,31
DA:183,31
DA:194,1
DA:195,0
DA:200,0
DA:201,0
DA:202,0
DA:205,0
DA:217,1
DA:220,1
DA:221,1
DA:222,12
DA:227,12
DA:228,12
DA:237,1
DA:238,1
DA:239,6
DA:245,6
DA:246,6
DA:255,1
DA:256,1
DA:257,1
DA:261,0
DA:266,0
DA:270,0
DA:274,0
DA:278,0
DA:280,0
DA:281,0
DA:284,0
DA:285,0
DA:286,0
DA:287,0
DA:289,0
DA:290,0
DA:291,0
DA:293,0
DA:296,0
DA:303,0
DA:304,0
DA:309,0
DA:310,0
DA:311,0
DA:313,0
DA:314,0
DA:316,0
DA:319,0
DA:320,0
DA:325,0
DA:326,0
DA:327,0
DA:329,0
DA:330,0
DA:332,0
DA:335,0
DA:336,0
DA:341,0
DA:343,0
DA:345,0
DA:354,0
DA:355,0
DA:358,1
DA:359,1
DA:360,0
DA:361,0
DA:365,0
DA:367,0
DA:368,0
DA:373,1
DA:391,0
DA:398,0
DA:410,0
DA:418,0
DA:429,0
DA:436,0
DA:456,7
DA:461,35
DA:473,0
DA:474,0
DA:475,0
DA:484,0
DA:491,0
DA:500,0
DA:507,0
DA:533,1
LF:129
LH:57
BRDA:40,0,0,1
BRDA:40,0,1,0
BRDA:41,1,0,0
BRDA:41,1,1,0
BRDA:41,2,0,0
BRDA:41,2,1,0
BRDA:42,3,0,0
BRDA:42,3,1,0
BRDA:52,4,0,0
BRDA:52,4,1,54
BRDA:55,5,0,0
BRDA:55,5,1,54
BRDA:58,6,0,0
BRDA:58,6,1,54
BRDA:61,7,0,0
BRDA:61,7,1,54
BRDA:61,8,0,54
BRDA:61,8,1,0
BRDA:62,9,0,0
BRDA:62,9,1,0
BRDA:64,10,0,0
BRDA:64,10,1,54
BRDA:67,11,0,0
BRDA:67,11,1,54
BRDA:77,12,0,0
BRDA:77,12,1,35
BRDA:79,13,0,0
BRDA:79,13,1,35
BRDA:113,14,0,1
BRDA:113,14,1,1
BRDA:117,15,0,1
BRDA:117,15,1,0
BRDA:117,15,2,0
BRDA:155,16,0,0
BRDA:155,16,1,4
BRDA:156,17,0,0
BRDA:156,17,1,0
BRDA:156,17,2,0
BRDA:157,18,0,4
BRDA:157,18,1,0
BRDA:157,18,2,0
BRDA:161,19,0,4
BRDA:161,19,1,4
BRDA:180,20,0,0
BRDA:180,20,1,31
BRDA:181,21,0,0
BRDA:181,21,1,0
BRDA:181,21,2,0
BRDA:182,22,0,31
BRDA:182,22,1,0
BRDA:182,22,2,0
BRDA:184,23,0,31
BRDA:184,23,1,31
BRDA:202,24,0,0
BRDA:202,24,1,0
BRDA:203,25,0,0
BRDA:203,25,1,0
BRDA:203,25,2,0
BRDA:204,26,0,0
BRDA:204,26,1,0
BRDA:204,26,2,0
BRDA:207,27,0,0
BRDA:207,27,1,0
BRDA:225,28,0,0
BRDA:225,28,1,12
BRDA:225,29,0,12
BRDA:225,29,1,12
BRDA:225,30,0,0
BRDA:225,30,1,0
BRDA:231,31,0,12
BRDA:231,31,1,0
BRDA:242,32,0,0
BRDA:242,32,1,6
BRDA:242,33,0,6
BRDA:242,33,1,6
BRDA:242,34,0,0
BRDA:242,34,1,0
BRDA:249,35,0,6
BRDA:249,35,1,0
BRDA:262,36,0,0
BRDA:262,36,1,0
BRDA:263,37,0,0
BRDA:263,37,1,0
BRDA:278,38,0,0
BRDA:278,38,1,0
BRDA:280,39,0,0
BRDA:280,39,1,0
BRDA:280,40,0,0
BRDA:280,40,1,0
BRDA:284,41,0,0
BRDA:284,41,1,0
BRDA:285,42,0,0
BRDA:285,42,1,0
BRDA:289,43,0,0
BRDA:289,43,1,0
BRDA:289,44,0,0
BRDA:289,44,1,0
BRDA:294,45,0,0
BRDA:294,45,1,0
BRDA:297,46,0,0
BRDA:297,46,1,0
BRDA:309,47,0,0
BRDA:309,47,1,0
BRDA:310,48,0,0
BRDA:310,48,1,0
BRDA:313,49,0,0
BRDA:313,49,1,0
BRDA:325,50,0,0
BRDA:325,50,1,0
BRDA:326,51,0,0
BRDA:326,51,1,0
BRDA:326,52,0,0
BRDA:326,52,1,0
BRDA:329,53,0,0
BRDA:329,53,1,0
BRDA:359,54,0,0
BRDA:359,54,1,1
BRDA:361,55,0,0
BRDA:361,55,1,0
BRDA:362,56,0,0
BRDA:362,56,1,0
BRDA:362,56,2,0
BRDA:362,56,3,0
BRDA:362,56,4,0
BRDA:362,56,5,0
BRDA:367,57,0,0
BRDA:367,57,1,0
BRDA:367,58,0,0
BRDA:367,58,1,0
BRDA:367,58,2,0
BRDA:375,59,0,1
BRDA:375,59,1,1
BRDA:386,60,0,1
BRDA:386,60,1,1
BRDA:404,61,0,1
BRDA:404,61,1,1
BRDA:404,61,2,0
BRDA:404,61,3,0
BRDA:406,62,0,0
BRDA:406,62,1,0
BRDA:424,63,0,1
BRDA:424,63,1,0
BRDA:424,63,2,0
BRDA:453,64,0,1
BRDA:453,64,1,0
BRDA:467,65,0,0
BRDA:467,65,1,35
BRDA:467,66,0,35
BRDA:467,66,1,1
BRDA:469,67,0,1
BRDA:469,67,1,34
BRDA:473,68,0,0
BRDA:473,68,1,0
BRDA:474,69,0,0
BRDA:474,69,1,0
BRDA:481,70,0,0
BRDA:481,70,1,0
BRDA:514,71,0,1
BRDA:514,71,1,1
BRDA:514,71,2,0
BRDA:516,72,0,0
BRDA:516,72,1,0
BRF:162
BRH:45
end_of_record
TN:
SF:src\hub-calendar\styles.ts
FN:9,(anonymous_0)
FN:17,(anonymous_1)
FN:19,(anonymous_2)
FN:20,(anonymous_3)
FN:21,(anonymous_4)
FN:22,(anonymous_5)
FN:28,(anonymous_6)
FN:42,(anonymous_7)
FN:46,(anonymous_8)
FN:47,(anonymous_9)
FN:59,(anonymous_10)
FN:81,(anonymous_11)
FN:82,(anonymous_12)
FN:83,(anonymous_13)
FN:84,(anonymous_14)
FN:93,(anonymous_15)
FN:132,(anonymous_16)
FN:168,(anonymous_17)
FN:176,(anonymous_18)
FN:178,(anonymous_19)
FN:200,(anonymous_20)
FN:202,(anonymous_21)
FN:208,(anonymous_22)
FN:214,(anonymous_23)
FN:221,(anonymous_24)
FN:222,(anonymous_25)
FN:225,(anonymous_26)
FN:246,(anonymous_27)
FN:247,(anonymous_28)
FN:248,(anonymous_29)
FN:250,(anonymous_30)
FN:252,(anonymous_31)
FN:258,(anonymous_32)
FN:260,(anonymous_33)
FN:262,(anonymous_34)
FN:264,(anonymous_35)
FN:266,(anonymous_36)
FNF:37
FNH:31
FNDA:1,(anonymous_0)
FNDA:1,(anonymous_1)
FNDA:1,(anonymous_2)
FNDA:1,(anonymous_3)
FNDA:1,(anonymous_4)
FNDA:1,(anonymous_5)
FNDA:2,(anonymous_6)
FNDA:2,(anonymous_7)
FNDA:2,(anonymous_8)
FNDA:2,(anonymous_9)
FNDA:1,(anonymous_10)
FNDA:7,(anonymous_11)
FNDA:7,(anonymous_12)
FNDA:7,(anonymous_13)
FNDA:7,(anonymous_14)
FNDA:35,(anonymous_15)
FNDA:35,(anonymous_16)
FNDA:35,(anonymous_17)
FNDA:0,(anonymous_18)
FNDA:0,(anonymous_19)
FNDA:0,(anonymous_20)
FNDA:0,(anonymous_21)
FNDA:0,(anonymous_22)
FNDA:0,(anonymous_23)
FNDA:1,(anonymous_24)
FNDA:1,(anonymous_25)
FNDA:1,(anonymous_26)
FNDA:1,(anonymous_27)
FNDA:1,(anonymous_28)
FNDA:1,(anonymous_29)
FNDA:1,(anonymous_30)
FNDA:1,(anonymous_31)
FNDA:1,(anonymous_32)
FNDA:1,(anonymous_33)
FNDA:1,(anonymous_34)
FNDA:1,(anonymous_35)
FNDA:1,(anonymous_36)
DA:5,1
DA:9,1
DA:13,1
DA:17,1
DA:19,1
DA:20,1
DA:21,1
DA:22,1
DA:26,1
DA:28,2
DA:37,1
DA:42,2
DA:46,2
DA:47,2
DA:50,1
DA:54,1
DA:59,1
DA:64,1
DA:70,1
DA:76,1
DA:81,7
DA:82,7
DA:83,7
DA:84,7
DA:88,1
DA:103,35
DA:104,0
DA:105,0
DA:106,0
DA:108,0
DA:110,0
DA:112,35
DA:113,4
DA:114,0
DA:116,4
DA:118,31
DA:119,0
DA:120,0
DA:122,0
DA:124,31
DA:125,1
DA:126,0
DA:128,1
DA:130,30
DA:141,35
DA:142,4
DA:143,0
DA:146,35
DA:147,0
DA:148,0
DA:150,0
DA:152,35
DA:153,0
DA:154,0
DA:156,0
DA:158,35
DA:159,1
DA:160,0
DA:162,1
DA:164,34
DA:168,35
DA:172,1
DA:176,0
DA:179,0
DA:180,0
DA:182,0
DA:183,0
DA:185,0
DA:196,1
DA:200,0
DA:202,0
DA:205,1
DA:209,0
DA:210,0
DA:212,0
DA:214,0
DA:217,1
DA:221,1
DA:222,1
DA:226,1
DA:228,0
DA:230,0
DA:232,0
DA:234,0
DA:236,1
DA:237,0
DA:239,1
DA:246,1
DA:247,1
DA:249,1
DA:251,1
DA:253,1
DA:259,1
DA:261,1
DA:263,1
DA:265,1
DA:267,1
LF:97
LH:62
BRDA:103,0,0,0
BRDA:103,0,1,35
BRDA:103,1,0,35
BRDA:103,1,1,35
BRDA:104,2,0,0
BRDA:104,2,1,0
BRDA:104,3,0,0
BRDA:104,3,1,0
BRDA:105,4,0,0
BRDA:105,4,1,0
BRDA:105,5,0,0
BRDA:105,5,1,0
BRDA:112,6,0,4
BRDA:112,6,1,31
BRDA:112,7,0,35
BRDA:112,7,1,31
BRDA:113,8,0,0
BRDA:113,8,1,4
BRDA:113,9,0,4
BRDA:113,9,1,0
BRDA:118,10,0,0
BRDA:118,10,1,31
BRDA:119,11,0,0
BRDA:119,11,1,0
BRDA:119,12,0,0
BRDA:119,12,1,0
BRDA:124,13,0,1
BRDA:124,13,1,30
BRDA:124,14,0,31
BRDA:124,14,1,30
BRDA:124,14,2,0
BRDA:125,15,0,0
BRDA:125,15,1,1
BRDA:125,16,0,1
BRDA:125,16,1,0
BRDA:141,17,0,4
BRDA:141,17,1,31
BRDA:141,18,0,35
BRDA:141,18,1,31
BRDA:142,19,0,0
BRDA:142,19,1,4
BRDA:142,20,0,4
BRDA:142,20,1,0
BRDA:146,21,0,0
BRDA:146,21,1,35
BRDA:147,22,0,0
BRDA:147,22,1,0
BRDA:147,23,0,0
BRDA:147,23,1,0
BRDA:152,24,0,0
BRDA:152,24,1,35
BRDA:153,25,0,0
BRDA:153,25,1,0
BRDA:153,26,0,0
BRDA:153,26,1,0
BRDA:158,27,0,1
BRDA:158,27,1,34
BRDA:158,28,0,35
BRDA:158,28,1,34
BRDA:158,28,2,0
BRDA:159,29,0,0
BRDA:159,29,1,1
BRDA:159,30,0,1
BRDA:159,30,1,0
BRDA:168,31,0,0
BRDA:168,31,1,35
BRDA:179,32,0,0
BRDA:179,32,1,0
BRDA:182,33,0,0
BRDA:182,33,1,0
BRDA:209,34,0,0
BRDA:209,34,1,0
BRDA:214,35,0,0
BRDA:214,35,1,0
BRDA:222,36,0,1
BRDA:222,36,1,1
BRDA:226,37,0,0
BRDA:226,37,1,0
BRDA:226,37,2,0
BRDA:226,37,3,0
BRDA:226,37,4,1
BRDA:236,38,0,0
BRDA:236,38,1,1
BRDA:246,39,0,1
BRDA:246,39,1,1
BRDA:247,40,0,1
BRDA:247,40,1,1
BRDA:249,41,0,1
BRDA:249,41,1,1
BRDA:251,42,0,1
BRDA:251,42,1,1
BRDA:253,43,0,0
BRDA:253,43,1,1
BRDA:253,44,0,0
BRDA:253,44,1,0
BRDA:259,45,0,1
BRDA:259,45,1,1
BRDA:259,45,2,1
BRDA:261,46,0,1
BRDA:261,46,1,1
BRDA:261,46,2,1
BRDA:263,47,0,1
BRDA:263,47,1,1
BRDA:263,47,2,1
BRDA:265,48,0,1
BRDA:265,48,1,1
BRDA:265,48,2,1
BRDA:267,49,0,0
BRDA:267,49,1,1
BRDA:267,50,0,1
BRDA:267,50,1,1
BRDA:268,51,0,0
BRDA:268,51,1,0
BRDA:268,52,0,0
BRDA:268,52,1,0
BRF:115
BRH:59
end_of_record
TN:
SF:src\hub-card\index.tsx
FN:6,HubCard
FN:18,(anonymous_1)
FNF:2
FNH:1
FNDA:1,HubCard
FNDA:0,(anonymous_1)
DA:13,1
DA:18,0
LF:2
LH:1
BRDA:18,0,0,1
BRDA:18,0,1,0
BRDA:21,1,0,1
BRDA:21,1,1,0
BRF:4
BRH:2
end_of_record
TN:
SF:src\hub-card\styles.ts
FN:13,(anonymous_0)
FN:17,(anonymous_1)
FN:18,(anonymous_2)
FN:20,(anonymous_3)
FN:21,(anonymous_4)
FN:25,(anonymous_5)
FN:46,(anonymous_6)
FN:56,(anonymous_7)
FN:61,(anonymous_8)
FN:73,(anonymous_9)
FN:75,(anonymous_10)
FN:82,(anonymous_11)
FN:84,(anonymous_12)
FN:90,(anonymous_13)
FN:92,(anonymous_14)
FN:110,(anonymous_15)
FN:129,(anonymous_16)
FNF:17
FNH:12
FNDA:0,(anonymous_0)
FNDA:0,(anonymous_1)
FNDA:0,(anonymous_2)
FNDA:0,(anonymous_3)
FNDA:0,(anonymous_4)
FNDA:1,(anonymous_5)
FNDA:1,(anonymous_6)
FNDA:1,(anonymous_7)
FNDA:1,(anonymous_8)
FNDA:1,(anonymous_9)
FNDA:1,(anonymous_10)
FNDA:1,(anonymous_11)
FNDA:1,(anonymous_12)
FNDA:1,(anonymous_13)
FNDA:1,(anonymous_14)
FNDA:1,(anonymous_15)
FNDA:1,(anonymous_16)
DA:6,1
DA:13,0
DA:16,1
DA:17,0
DA:18,0
DA:20,0
DA:21,0
DA:24,1
DA:26,1
DA:27,0
DA:28,0
DA:29,0
DA:33,0
DA:34,0
DA:38,0
DA:39,0
DA:41,0
DA:45,1
DA:47,1
DA:57,1
DA:60,1
DA:62,1
DA:69,1
DA:73,1
DA:76,1
DA:82,1
DA:85,1
DA:90,1
DA:100,1
DA:111,1
DA:130,1
LF:31
LH:18
BRDA:26,0,0,1
BRDA:26,0,1,0
BRDA:27,1,0,0
BRDA:27,1,1,0
BRDA:28,2,0,0
BRDA:28,2,1,0
BRDA:33,3,0,0
BRDA:33,3,1,0
BRDA:38,4,0,0
BRDA:38,4,1,0
BRDA:47,5,0,0
BRDA:47,5,1,1
BRDA:47,6,0,1
BRDA:47,6,1,0
BRDA:49,7,0,0
BRDA:49,7,1,1
BRDA:49,8,0,1
BRDA:49,8,1,0
BRDA:51,9,0,0
BRDA:51,9,1,1
BRDA:53,10,0,0
BRDA:53,10,1,1
BRDA:57,11,0,0
BRDA:57,11,1,1
BRDA:62,12,0,0
BRDA:62,12,1,1
BRDA:62,13,0,1
BRDA:62,13,1,0
BRDA:64,14,0,0
BRDA:64,14,1,1
BRDA:73,15,0,1
BRDA:73,15,1,1
BRDA:76,16,0,1
BRDA:76,16,1,0
BRDA:82,17,0,0
BRDA:82,17,1,1
BRDA:85,18,0,1
BRDA:85,18,1,0
BRDA:100,19,0,0
BRDA:100,19,1,1
BRDA:102,20,0,1
BRDA:102,20,1,1
BRDA:102,21,0,1
BRDA:102,21,1,1
BRDA:103,22,0,0
BRDA:103,22,1,1
BRDA:103,23,0,1
BRDA:103,23,1,0
BRDA:105,24,0,0
BRDA:105,24,1,1
BRDA:111,25,0,1
BRDA:111,25,1,0
BRDA:115,26,0,0
BRDA:115,26,1,0
BRDA:115,27,0,0
BRDA:115,27,1,0
BRDA:117,28,0,0
BRDA:117,28,1,0
BRDA:133,29,0,0
BRDA:133,29,1,1
BRDA:133,30,0,1
BRDA:133,30,1,0
BRDA:135,31,0,0
BRDA:135,31,1,1
BRF:64
BRH:28
end_of_record
TN:
SF:src\hub-checkbox\checked.tsx
FN:3,(anonymous_0)
FNF:1
FNH:1
FNDA:1,(anonymous_0)
DA:4,1
LF:1
LH:1
BRDA:6,0,0,0
BRDA:6,0,1,1
BRDA:7,1,0,0
BRDA:7,1,1,1
BRF:4
BRH:2
end_of_record
TN:
SF:src\hub-checkbox\indeterminate.tsx
FN:3,(anonymous_0)
FNF:1
FNH:0
FNDA:0,(anonymous_0)
DA:4,0
LF:1
LH:0
BRDA:6,0,0,0
BRDA:6,0,1,0
BRDA:7,1,0,0
BRDA:7,1,1,0
BRF:4
BRH:0
end_of_record
TN:
SF:src\hub-checkbox\index.tsx
FN:13,HubCheckbox
FN:25,(anonymous_1)
FN:48,(anonymous_2)
FNF:3
FNH:1
FNDA:1,HubCheckbox
FNDA:0,(anonymous_1)
FNDA:0,(anonymous_2)
DA:19,1
DA:26,0
DA:27,0
DA:28,0
DA:29,0
DA:48,0
LF:6
LH:1
BRDA:22,0,0,1
BRDA:22,0,1,0
BRDA:23,1,0,1
BRDA:23,1,1,1
BRDA:27,2,0,0
BRDA:27,2,1,0
BRDA:35,3,0,1
BRDA:35,3,1,0
BRDA:37,4,0,0
BRDA:37,4,1,0
BRDA:50,5,0,1
BRDA:50,5,1,1
BRF:12
BRH:6
end_of_record
TN:
SF:src\hub-checkbox\styles.ts
FN:17,(anonymous_0)
FN:18,(anonymous_1)
FN:19,(anonymous_2)
FN:20,(anonymous_3)
FN:22,(anonymous_4)
FN:30,(anonymous_5)
FN:31,(anonymous_6)
FN:39,(anonymous_7)
FN:53,(anonymous_8)
FN:55,(anonymous_9)
FN:64,(anonymous_10)
FNF:11
FNH:11
FNDA:1,(anonymous_0)
FNDA:1,(anonymous_1)
FNDA:1,(anonymous_2)
FNDA:1,(anonymous_3)
FNDA:1,(anonymous_4)
FNDA:1,(anonymous_5)
FNDA:1,(anonymous_6)
FNDA:1,(anonymous_7)
FNDA:1,(anonymous_8)
FNDA:1,(anonymous_9)
FNDA:1,(anonymous_10)
DA:5,1
DA:12,1
DA:16,1
DA:17,1
DA:18,1
DA:19,1
DA:20,1
DA:22,1
DA:25,1
DA:30,1
DA:32,1
DA:40,1
DA:41,0
DA:45,1
DA:46,0
DA:48,1
DA:49,1
DA:51,0
DA:53,1
DA:56,1
DA:57,0
DA:61,1
DA:64,1
LF:23
LH:19
BRDA:30,0,0,1
BRDA:30,0,1,1
BRDA:32,1,0,0
BRDA:32,1,1,1
BRDA:34,2,0,0
BRDA:34,2,1,1
BRDA:40,3,0,0
BRDA:40,3,1,1
BRDA:40,4,0,1
BRDA:40,4,1,0
BRDA:41,5,0,0
BRDA:41,5,1,0
BRDA:45,6,0,0
BRDA:45,6,1,1
BRDA:45,7,0,1
BRDA:45,7,1,1
BRDA:46,8,0,0
BRDA:46,8,1,0
BRDA:48,9,0,1
BRDA:48,9,1,0
BRDA:49,10,0,1
BRDA:49,10,1,1
BRDA:53,11,0,1
BRDA:53,11,1,1
BRDA:56,12,0,0
BRDA:56,12,1,1
BRDA:56,13,0,1
BRDA:56,13,1,1
BRDA:58,14,0,0
BRDA:58,14,1,0
BRDA:58,14,2,0
BRDA:61,15,0,1
BRDA:61,15,1,1
BRDA:66,16,0,0
BRDA:66,16,1,1
BRDA:69,17,0,0
BRDA:69,17,1,1
BRDA:72,18,0,0
BRDA:72,18,1,1
BRF:39
BRH:22
end_of_record
TN:
SF:src\hub-collapse\arrow.tsx
FN:3,(anonymous_0)
FNF:1
FNH:1
FNDA:1,(anonymous_0)
DA:4,1
LF:1
LH:1
BRF:0
BRH:0
end_of_record
TN:
SF:src\hub-collapse\index.tsx
FN:13,HubCollapse
FN:26,(anonymous_1)
FN:31,(anonymous_2)
FN:58,(anonymous_3)
FN:65,(anonymous_4)
FNF:5
FNH:3
FNDA:1,HubCollapse
FNDA:0,(anonymous_1)
FNDA:1,(anonymous_2)
FNDA:1,(anonymous_3)
FNDA:0,(anonymous_4)
DA:24,1
DA:26,1
DA:27,0
DA:28,0
DA:31,1
DA:32,1
DA:33,0
DA:36,1
DA:37,0
DA:40,1
DA:58,1
DA:59,1
DA:62,1
DA:66,0
DA:67,0
LF:15
LH:9
BRDA:17,0,0,1
BRDA:18,1,0,1
BRDA:32,2,0,0
BRDA:32,2,1,1
BRDA:36,3,0,0
BRDA:36,3,1,1
BRDA:50,4,0,0
BRDA:50,4,1,1
BRDA:66,5,0,0
BRDA:66,5,1,0
BRDA:66,6,0,0
BRDA:66,6,1,0
BRDA:71,7,0,1
BRDA:71,7,1,0
BRDA:73,8,0,1
BRDA:73,8,1,1
BRDA:75,9,0,1
BRDA:75,9,1,0
BRF:18
BRH:9
end_of_record
TN:
SF:src\hub-collapse\styles.ts
FN:8,(anonymous_0)
FN:12,(anonymous_1)
FN:21,(anonymous_2)
FN:23,(anonymous_3)
FN:27,(anonymous_4)
FN:34,(anonymous_5)
FN:35,(anonymous_6)
FN:37,(anonymous_7)
FN:40,(anonymous_8)
FN:46,(anonymous_9)
FN:47,(anonymous_10)
FN:49,(anonymous_11)
FN:71,(anonymous_12)
FN:82,(anonymous_13)
FN:87,(anonymous_14)
FN:88,(anonymous_15)
FN:96,(anonymous_16)
FNF:17
FNH:16
FNDA:1,(anonymous_0)
FNDA:1,(anonymous_1)
FNDA:1,(anonymous_2)
FNDA:1,(anonymous_3)
FNDA:0,(anonymous_4)
FNDA:1,(anonymous_5)
FNDA:1,(anonymous_6)
FNDA:1,(anonymous_7)
FNDA:1,(anonymous_8)
FNDA:1,(anonymous_9)
FNDA:1,(anonymous_10)
FNDA:1,(anonymous_11)
FNDA:1,(anonymous_12)
FNDA:1,(anonymous_13)
FNDA:1,(anonymous_14)
FNDA:1,(anonymous_15)
FNDA:1,(anonymous_16)
DA:6,1
DA:8,1
DA:11,1
DA:12,1
DA:16,1
DA:22,1
DA:23,1
DA:26,1
DA:27,0
DA:31,1
DA:34,1
DA:35,1
DA:37,1
DA:41,1
DA:46,1
DA:47,1
DA:50,1
DA:51,0
DA:52,0
DA:53,0
DA:54,0
DA:58,0
DA:59,0
DA:63,0
DA:64,0
DA:68,0
DA:72,1
DA:83,1
DA:87,1
DA:88,1
DA:97,1
LF:31
LH:21
BRDA:22,0,0,0
BRDA:22,0,1,1
BRDA:23,1,0,0
BRDA:23,1,1,1
BRDA:34,2,0,1
BRDA:34,2,1,1
BRDA:35,3,0,1
BRDA:35,3,1,1
BRDA:37,4,0,0
BRDA:37,4,1,1
BRDA:41,5,0,0
BRDA:41,5,1,1
BRDA:42,6,0,0
BRDA:42,6,1,0
BRDA:46,7,0,0
BRDA:46,7,1,1
BRDA:47,8,0,1
BRDA:47,8,1,1
BRDA:50,9,0,1
BRDA:50,9,1,0
BRDA:51,10,0,0
BRDA:51,10,1,0
BRDA:53,11,0,0
BRDA:53,11,1,0
BRDA:58,12,0,0
BRDA:58,12,1,0
BRDA:63,13,0,0
BRDA:63,13,1,0
BRDA:72,14,0,0
BRDA:72,14,1,1
BRDA:74,15,0,0
BRDA:74,15,1,0
BRDA:76,16,0,0
BRDA:76,16,1,0
BRDA:83,17,0,0
BRDA:83,17,1,1
BRDA:87,18,0,0
BRDA:87,18,1,1
BRDA:88,19,0,0
BRDA:88,19,1,1
BRDA:97,20,0,0
BRDA:97,20,1,1
BRF:42
BRH:17
end_of_record
TN:
SF:src\hub-dropdown\check.tsx
FN:3,(anonymous_0)
FNF:1
FNH:0
FNDA:0,(anonymous_0)
DA:4,0
LF:1
LH:0
BRF:0
BRH:0
end_of_record
TN:
SF:src\hub-dropdown\dropdown.tsx
FN:3,(anonymous_0)
FNF:1
FNH:0
FNDA:0,(anonymous_0)
DA:4,0
LF:1
LH:0
BRF:0
BRH:0
end_of_record
TN:
SF:src\hub-dropdown\index.tsx
FN:20,HubDropdownInner
FN:32,(anonymous_1)
FN:38,(anonymous_2)
FN:59,(anonymous_3)
FN:72,(anonymous_4)
FN:85,(anonymous_5)
FN:98,(anonymous_6)
FN:102,(anonymous_7)
FN:109,(anonymous_8)
FN:110,(anonymous_9)
FN:111,(anonymous_10)
FN:114,handleResetSource
FN:118,handleSelectItem
FN:125,(anonymous_13)
FN:140,handleTrigger
FN:148,handleOpen
FN:153,handleClose
FN:158,handleSearch
FN:164,(anonymous_18)
FN:179,(anonymous_19)
FN:183,(anonymous_20)
FN:189,(anonymous_21)
FN:215,(anonymous_22)
FN:220,(anonymous_23)
FN:247,HubDropdownIcon
FNF:25
FNH:6
FNDA:2,HubDropdownInner
FNDA:2,(anonymous_1)
FNDA:0,(anonymous_2)
FNDA:0,(anonymous_3)
FNDA:0,(anonymous_4)
FNDA:0,(anonymous_5)
FNDA:0,(anonymous_6)
FNDA:0,(anonymous_7)
FNDA:1,(anonymous_8)
FNDA:0,(anonymous_9)
FNDA:0,(anonymous_10)
FNDA:1,handleResetSource
FNDA:0,handleSelectItem
FNDA:0,(anonymous_13)
FNDA:0,handleTrigger
FNDA:0,handleOpen
FNDA:0,handleClose
FNDA:0,handleSearch
FNDA:0,(anonymous_18)
FNDA:1,(anonymous_19)
FNDA:1,(anonymous_20)
FNDA:0,(anonymous_21)
FNDA:0,(anonymous_22)
FNDA:0,(anonymous_23)
FNDA:0,HubDropdownIcon
DA:24,2
DA:26,2
DA:27,2
DA:29,2
DA:31,2
DA:32,2
DA:36,2
DA:39,0
DA:40,0
DA:41,0
DA:42,0
DA:44,0
DA:46,0
DA:47,0
DA:48,0
DA:49,0
DA:51,0
DA:53,0
DA:58,2
DA:60,0
DA:61,0
DA:62,0
DA:64,0
DA:66,0
DA:71,2
DA:73,0
DA:74,0
DA:75,0
DA:77,0
DA:79,0
DA:84,2
DA:86,0
DA:87,0
DA:88,0
DA:90,0
DA:92,0
DA:97,2
DA:101,0
DA:102,0
DA:104,0
DA:109,2
DA:110,1
DA:111,1
DA:115,1
DA:119,0
DA:120,0
DA:122,0
DA:123,0
DA:124,0
DA:125,0
DA:130,0
DA:133,0
DA:134,0
DA:137,0
DA:143,0
DA:144,0
DA:149,0
DA:150,0
DA:154,0
DA:155,0
DA:159,0
DA:160,0
DA:161,0
DA:164,0
DA:165,0
DA:172,0
DA:174,0
DA:178,2
DA:179,1
DA:183,2
DA:184,1
DA:187,2
DA:189,0
DA:196,2
DA:216,0
DA:220,0
DA:240,1
DA:248,0
LF:78
LH:22
BRDA:27,0,0,2
BRDA:27,0,1,2
BRDA:32,1,0,2
BRDA:32,1,1,2
BRDA:32,1,2,2
BRDA:39,2,0,0
BRDA:39,2,1,0
BRDA:40,3,0,0
BRDA:40,3,1,0
BRDA:41,4,0,0
BRDA:41,4,1,0
BRDA:46,5,0,0
BRDA:46,5,1,0
BRDA:47,6,0,0
BRDA:47,6,1,0
BRDA:47,7,0,0
BRDA:47,7,1,0
BRDA:48,8,0,0
BRDA:48,8,1,0
BRDA:60,9,0,0
BRDA:60,9,1,0
BRDA:61,10,0,0
BRDA:61,10,1,0
BRDA:73,11,0,0
BRDA:73,11,1,0
BRDA:74,12,0,0
BRDA:74,12,1,0
BRDA:86,13,0,0
BRDA:86,13,1,0
BRDA:87,14,0,0
BRDA:87,14,1,0
BRDA:101,15,0,0
BRDA:101,15,1,0
BRDA:115,16,0,1
BRDA:115,16,1,1
BRDA:119,17,0,0
BRDA:119,17,1,0
BRDA:122,18,0,0
BRDA:122,18,1,0
BRDA:123,19,0,0
BRDA:123,19,1,0
BRDA:143,20,0,0
BRDA:143,20,1,0
BRDA:144,21,0,0
BRDA:144,21,1,0
BRDA:159,22,0,0
BRDA:159,22,1,0
BRDA:160,23,0,0
BRDA:160,23,1,0
BRDA:165,24,0,0
BRDA:165,24,1,0
BRDA:172,25,0,0
BRDA:172,25,1,0
BRDA:205,26,0,2
BRDA:205,26,1,0
BRDA:212,27,0,0
BRDA:212,27,1,0
BRDA:222,28,0,0
BRDA:222,28,1,0
BRDA:223,29,0,0
BRDA:223,29,1,0
BRF:61
BRH:8
end_of_record
TN:
SF:src\hub-dropdown\styles.ts
FN:9,(anonymous_0)
FN:16,(anonymous_1)
FN:17,(anonymous_2)
FN:19,(anonymous_3)
FN:27,(anonymous_4)
FN:31,(anonymous_5)
FN:40,(anonymous_6)
FN:50,(anonymous_7)
FN:51,(anonymous_8)
FN:52,(anonymous_9)
FN:53,(anonymous_10)
FN:54,(anonymous_11)
FN:56,(anonymous_12)
FN:57,(anonymous_13)
FN:60,(anonymous_14)
FN:81,(anonymous_15)
FN:82,(anonymous_16)
FN:83,(anonymous_17)
FN:87,(anonymous_18)
FN:88,(anonymous_19)
FN:89,(anonymous_20)
FN:90,(anonymous_21)
FN:91,(anonymous_22)
FN:95,(anonymous_23)
FN:104,(anonymous_24)
FN:105,(anonymous_25)
FN:106,(anonymous_26)
FN:108,(anonymous_27)
FN:125,(anonymous_28)
FN:126,(anonymous_29)
FN:127,(anonymous_30)
FN:128,(anonymous_31)
FN:129,(anonymous_32)
FNF:33
FNH:3
FNDA:2,(anonymous_0)
FNDA:0,(anonymous_1)
FNDA:0,(anonymous_2)
FNDA:0,(anonymous_3)
FNDA:2,(anonymous_4)
FNDA:2,(anonymous_5)
FNDA:0,(anonymous_6)
FNDA:0,(anonymous_7)
FNDA:0,(anonymous_8)
FNDA:0,(anonymous_9)
FNDA:0,(anonymous_10)
FNDA:0,(anonymous_11)
FNDA:0,(anonymous_12)
FNDA:0,(anonymous_13)
FNDA:0,(anonymous_14)
FNDA:0,(anonymous_15)
FNDA:0,(anonymous_16)
FNDA:0,(anonymous_17)
FNDA:0,(anonymous_18)
FNDA:0,(anonymous_19)
FNDA:0,(anonymous_20)
FNDA:0,(anonymous_21)
FNDA:0,(anonymous_22)
FNDA:0,(anonymous_23)
FNDA:0,(anonymous_24)
FNDA:0,(anonymous_25)
FNDA:0,(anonymous_26)
FNDA:0,(anonymous_27)
FNDA:0,(anonymous_28)
FNDA:0,(anonymous_29)
FNDA:0,(anonymous_30)
FNDA:0,(anonymous_31)
FNDA:0,(anonymous_32)
DA:6,1
DA:9,2
DA:12,1
DA:16,0
DA:17,0
DA:19,0
DA:24,1
DA:27,2
DA:31,2
DA:37,1
DA:40,0
DA:43,1
DA:50,0
DA:51,0
DA:52,0
DA:53,0
DA:54,0
DA:56,0
DA:57,0
DA:61,0
DA:63,0
DA:67,0
DA:71,0
DA:78,1
DA:81,0
DA:82,0
DA:83,0
DA:87,0
DA:88,0
DA:89,0
DA:90,0
DA:92,0
DA:95,0
DA:99,1
DA:104,0
DA:105,0
DA:106,0
DA:109,0
DA:110,0
DA:114,0
DA:121,1
DA:125,0
DA:126,0
DA:127,0
DA:128,0
DA:129,0
LF:46
LH:11
BRDA:31,0,0,0
BRDA:31,0,1,2
BRDA:51,1,0,0
BRDA:51,1,1,0
BRDA:57,2,0,0
BRDA:57,2,1,0
BRDA:61,3,0,0
BRDA:61,3,1,0
BRDA:61,3,2,0
BRDA:92,4,0,0
BRDA:92,4,1,0
BRDA:109,5,0,0
BRDA:109,5,1,0
BRF:13
BRH:1
end_of_record
TN:
SF:src\hub-file-upload\icon-image.tsx
FN:3,(anonymous_0)
FNF:1
FNH:1
FNDA:1,(anonymous_0)
DA:4,1
LF:1
LH:1
BRF:0
BRH:0
end_of_record
TN:
SF:src\hub-file-upload\index.tsx
FN:17,HubFileUpload
FN:33,(anonymous_1)
FN:38,(anonymous_2)
FN:45,(anonymous_3)
FN:53,(anonymous_4)
FN:59,(anonymous_5)
FN:67,(anonymous_6)
FN:72,(anonymous_7)
FN:79,(anonymous_8)
FN:123,(anonymous_9)
FN:147,(anonymous_10)
FN:163,(anonymous_11)
FNF:12
FNH:4
FNDA:1,HubFileUpload
FNDA:1,(anonymous_1)
FNDA:1,(anonymous_2)
FNDA:0,(anonymous_3)
FNDA:0,(anonymous_4)
FNDA:1,(anonymous_5)
FNDA:0,(anonymous_6)
FNDA:0,(anonymous_7)
FNDA:0,(anonymous_8)
FNDA:0,(anonymous_9)
FNDA:0,(anonymous_10)
FNDA:0,(anonymous_11)
DA:26,1
DA:28,1
DA:29,1
DA:30,1
DA:32,1
DA:33,1
DA:37,1
DA:38,1
DA:42,1
DA:44,1
DA:46,0
DA:48,0
DA:50,0
DA:51,0
DA:52,0
DA:53,0
DA:59,1
DA:60,1
DA:63,1
DA:68,0
DA:69,0
DA:70,0
DA:73,0
DA:74,0
DA:75,0
DA:77,0
DA:80,0
DA:81,0
DA:82,0
DA:124,0
DA:125,0
DA:148,0
DA:149,0
DA:151,0
DA:164,0
DA:165,0
LF:36
LH:13
BRDA:33,0,0,1
BRDA:33,0,1,1
BRDA:38,1,0,1
BRDA:38,1,1,1
BRDA:38,1,2,1
BRDA:46,2,0,0
BRDA:46,2,1,0
BRDA:51,3,0,0
BRDA:51,3,1,0
BRDA:70,4,0,0
BRDA:70,4,1,0
BRDA:70,5,0,0
BRDA:70,5,1,0
BRDA:77,6,0,0
BRDA:77,6,1,0
BRDA:81,7,0,0
BRDA:81,7,1,0
BRDA:91,8,0,0
BRDA:91,8,1,1
BRDA:93,9,0,1
BRDA:93,9,1,1
BRDA:95,10,0,0
BRDA:95,10,1,1
BRDA:96,11,0,0
BRDA:96,11,1,0
BRDA:121,12,0,0
BRDA:121,12,1,1
BRDA:134,13,0,1
BRDA:134,13,1,0
BRDA:148,14,0,0
BRDA:148,14,1,0
BRDA:154,15,0,1
BRDA:154,15,1,0
BRDA:160,16,0,1
BRDA:160,16,1,0
BRDA:164,17,0,0
BRDA:164,17,1,0
BRF:37
BRH:13
end_of_record
TN:
SF:src\hub-file-upload\styles.ts
FN:9,(anonymous_0)
FN:19,(anonymous_1)
FN:21,(anonymous_2)
FN:32,(anonymous_3)
FN:37,(anonymous_4)
FN:38,(anonymous_5)
FN:39,(anonymous_6)
FN:43,(anonymous_7)
FN:45,(anonymous_8)
FN:57,(anonymous_9)
FN:67,(anonymous_10)
FN:78,(anonymous_11)
FN:90,(anonymous_12)
FN:94,(anonymous_13)
FN:95,(anonymous_14)
FN:97,(anonymous_15)
FN:98,(anonymous_16)
FN:100,(anonymous_17)
FN:101,(anonymous_18)
FNF:19
FNH:12
FNDA:1,(anonymous_0)
FNDA:1,(anonymous_1)
FNDA:1,(anonymous_2)
FNDA:1,(anonymous_3)
FNDA:1,(anonymous_4)
FNDA:1,(anonymous_5)
FNDA:1,(anonymous_6)
FNDA:1,(anonymous_7)
FNDA:1,(anonymous_8)
FNDA:1,(anonymous_9)
FNDA:1,(anonymous_10)
FNDA:1,(anonymous_11)
FNDA:0,(anonymous_12)
FNDA:0,(anonymous_13)
FNDA:0,(anonymous_14)
FNDA:0,(anonymous_15)
FNDA:0,(anonymous_16)
FNDA:0,(anonymous_17)
FNDA:0,(anonymous_18)
DA:5,1
DA:7,1
DA:9,1
DA:11,1
DA:13,1
DA:17,1
DA:19,1
DA:21,1
DA:29,1
DA:32,1
DA:37,1
DA:38,1
DA:39,1
DA:43,1
DA:45,1
DA:58,1
DA:68,1
DA:79,1
DA:83,1
DA:90,0
DA:93,1
DA:94,0
DA:95,0
DA:97,0
DA:98,0
DA:100,0
DA:101,0
LF:27
LH:20
BRDA:32,0,0,0
BRDA:32,0,1,1
BRDA:43,1,0,0
BRDA:43,1,1,1
BRDA:51,2,0,0
BRDA:51,2,1,1
BRDA:58,3,0,0
BRDA:58,3,1,1
BRDA:58,4,0,1
BRDA:58,4,1,0
BRDA:60,5,0,0
BRDA:60,5,1,1
BRDA:68,6,0,0
BRDA:68,6,1,1
BRDA:70,7,0,0
BRDA:70,7,1,1
BRDA:70,8,0,1
BRDA:70,8,1,0
BRDA:72,9,0,0
BRDA:72,9,1,1
BRDA:79,10,0,0
BRDA:79,10,1,1
BRF:22
BRH:11
end_of_record
TN:
SF:src\hub-form\index.tsx
FN:7,HubForm
FN:10,(anonymous_1)
FNF:2
FNH:1
FNDA:1,HubForm
FNDA:0,(anonymous_1)
DA:8,1
DA:11,0
DA:12,0
LF:3
LH:1
BRF:0
BRH:0
end_of_record
TN:
SF:src\hub-form\styles.ts
FN:8,(anonymous_0)
FNF:1
FNH:1
FNDA:1,(anonymous_0)
DA:5,1
DA:8,1
LF:2
LH:2
BRDA:8,0,0,0
BRDA:8,0,1,1
BRF:2
BRH:1
end_of_record
TN:
SF:src\hub-grid\index.tsx
FN:6,HubGrid
FNF:1
FNH:1
FNDA:1,HubGrid
DA:7,1
LF:1
LH:1
BRF:0
BRH:0
end_of_record
TN:
SF:src\hub-grid\styles.ts
FN:7,factoryTemplateGrid
FN:9,(anonymous_1)
FN:24,(anonymous_2)
FN:46,(anonymous_3)
FN:69,(anonymous_4)
FN:70,(anonymous_5)
FN:71,(anonymous_6)
FN:72,(anonymous_7)
FN:74,(anonymous_8)
FN:80,(anonymous_9)
FN:81,(anonymous_10)
FN:82,(anonymous_11)
FN:83,(anonymous_12)
FN:84,(anonymous_13)
FN:94,(anonymous_14)
FN:95,(anonymous_15)
FN:96,(anonymous_16)
FN:97,(anonymous_17)
FN:98,(anonymous_18)
FN:99,(anonymous_19)
FN:103,(anonymous_20)
FN:118,(anonymous_21)
FN:119,(anonymous_22)
FN:120,(anonymous_23)
FN:121,(anonymous_24)
FN:122,(anonymous_25)
FN:124,(anonymous_26)
FN:125,(anonymous_27)
FN:126,(anonymous_28)
FN:127,(anonymous_29)
FN:128,(anonymous_30)
FN:140,(anonymous_31)
FN:141,(anonymous_32)
FNF:33
FNH:26
FNDA:0,factoryTemplateGrid
FNDA:0,(anonymous_1)
FNDA:1,(anonymous_2)
FNDA:1,(anonymous_3)
FNDA:0,(anonymous_4)
FNDA:0,(anonymous_5)
FNDA:0,(anonymous_6)
FNDA:0,(anonymous_7)
FNDA:0,(anonymous_8)
FNDA:1,(anonymous_9)
FNDA:1,(anonymous_10)
FNDA:1,(anonymous_11)
FNDA:1,(anonymous_12)
FNDA:1,(anonymous_13)
FNDA:1,(anonymous_14)
FNDA:1,(anonymous_15)
FNDA:1,(anonymous_16)
FNDA:1,(anonymous_17)
FNDA:1,(anonymous_18)
FNDA:1,(anonymous_19)
FNDA:1,(anonymous_20)
FNDA:1,(anonymous_21)
FNDA:1,(anonymous_22)
FNDA:1,(anonymous_23)
FNDA:1,(anonymous_24)
FNDA:1,(anonymous_25)
FNDA:1,(anonymous_26)
FNDA:1,(anonymous_27)
FNDA:1,(anonymous_28)
FNDA:1,(anonymous_29)
FNDA:1,(anonymous_30)
FNDA:1,(anonymous_31)
FNDA:1,(anonymous_32)
DA:8,0
DA:9,0
DA:10,0
DA:11,0
DA:12,0
DA:13,0
DA:14,0
DA:15,0
DA:17,0
DA:20,0
DA:23,1
DA:25,1
DA:26,0
DA:27,0
DA:28,0
DA:29,0
DA:33,0
DA:34,0
DA:38,0
DA:39,0
DA:41,0
DA:45,1
DA:47,1
DA:48,0
DA:49,0
DA:50,0
DA:54,0
DA:55,0
DA:59,0
DA:60,0
DA:64,0
DA:68,1
DA:69,0
DA:70,0
DA:71,0
DA:72,0
DA:74,0
DA:79,1
DA:80,1
DA:81,1
DA:82,1
DA:83,1
DA:84,1
DA:87,1
DA:93,1
DA:94,1
DA:95,1
DA:96,1
DA:97,1
DA:98,1
DA:99,1
DA:102,1
DA:104,1
DA:117,1
DA:118,1
DA:119,1
DA:120,1
DA:121,1
DA:123,1
DA:124,1
DA:125,1
DA:126,1
DA:127,1
DA:129,1
DA:130,0
DA:131,0
DA:138,0
DA:140,1
DA:141,1
LF:69
LH:34
BRDA:8,0,0,0
BRDA:8,0,1,0
BRDA:8,1,0,0
BRDA:8,1,1,0
BRDA:11,2,0,0
BRDA:11,2,1,0
BRDA:25,3,0,1
BRDA:25,3,1,0
BRDA:25,4,0,1
BRDA:25,4,1,0
BRDA:26,5,0,0
BRDA:26,5,1,0
BRDA:28,6,0,0
BRDA:28,6,1,0
BRDA:33,7,0,0
BRDA:33,7,1,0
BRDA:38,8,0,0
BRDA:38,8,1,0
BRDA:47,9,0,1
BRDA:47,9,1,0
BRDA:48,10,0,0
BRDA:48,10,1,0
BRDA:48,11,0,0
BRDA:48,11,1,0
BRDA:49,12,0,0
BRDA:49,12,1,0
BRDA:50,13,0,0
BRDA:50,13,1,0
BRDA:51,14,0,0
BRDA:51,14,1,0
BRDA:52,15,0,0
BRDA:52,15,1,0
BRDA:52,16,0,0
BRDA:52,16,1,0
BRDA:54,17,0,0
BRDA:54,17,1,0
BRDA:55,18,0,0
BRDA:55,18,1,0
BRDA:56,19,0,0
BRDA:56,19,1,0
BRDA:57,20,0,0
BRDA:57,20,1,0
BRDA:59,21,0,0
BRDA:59,21,1,0
BRDA:60,22,0,0
BRDA:60,22,1,0
BRDA:61,23,0,0
BRDA:61,23,1,0
BRDA:64,24,0,0
BRDA:64,24,1,0
BRDA:69,25,0,0
BRDA:69,25,1,0
BRDA:70,26,0,0
BRDA:70,26,1,0
BRDA:71,27,0,0
BRDA:71,27,1,0
BRDA:72,28,0,0
BRDA:72,28,1,0
BRDA:80,29,0,0
BRDA:80,29,1,1
BRDA:81,30,0,0
BRDA:81,30,1,1
BRDA:82,31,0,1
BRDA:82,31,1,1
BRDA:83,32,0,1
BRDA:83,32,1,1
BRDA:84,33,0,1
BRDA:84,33,1,1
BRDA:94,34,0,1
BRDA:94,34,1,0
BRDA:95,35,0,1
BRDA:95,35,1,0
BRDA:96,36,0,1
BRDA:96,36,1,0
BRDA:97,37,0,1
BRDA:97,37,1,0
BRDA:98,38,0,1
BRDA:98,38,1,0
BRDA:99,39,0,1
BRDA:99,39,1,0
BRDA:104,40,0,0
BRDA:104,40,1,1
BRDA:109,41,0,0
BRDA:109,41,1,0
BRDA:109,42,0,0
BRDA:109,42,1,0
BRDA:110,43,0,0
BRDA:110,43,1,0
BRDA:110,44,0,0
BRDA:110,44,1,0
BRDA:123,45,0,0
BRDA:123,45,1,1
BRDA:123,46,0,0
BRDA:123,46,1,0
BRDA:125,47,0,0
BRDA:125,47,1,1
BRDA:126,48,0,0
BRDA:126,48,1,1
BRDA:127,49,0,0
BRDA:127,49,1,1
BRDA:129,50,0,1
BRDA:129,50,1,0
BRDA:130,51,0,0
BRDA:130,51,1,0
BRDA:132,52,0,0
BRDA:132,52,1,0
BRDA:132,53,0,0
BRDA:132,53,1,0
BRDA:133,54,0,0
BRDA:133,54,1,0
BRDA:133,55,0,0
BRDA:133,55,1,0
BRDA:134,56,0,0
BRDA:134,56,1,0
BRDA:134,57,0,0
BRDA:134,57,1,0
BRDA:135,58,0,0
BRDA:135,58,1,0
BRDA:135,59,0,0
BRDA:135,59,1,0
BRDA:140,60,0,0
BRDA:140,60,1,1
BRDA:141,61,0,0
BRDA:141,61,1,1
BRF:124
BRH:25
end_of_record
TN:
SF:src\hub-icon\index.tsx
FN:6,HubIcon
FN:7,(anonymous_1)
FNF:2
FNH:2
FNDA:1,HubIcon
FNDA:1,(anonymous_1)
DA:7,1
DA:8,1
DA:11,1
DA:12,1
DA:13,0
DA:16,1
DA:19,1
LF:7
LH:6
BRDA:11,0,0,1
BRDA:11,0,1,0
BRDA:12,1,0,0
BRDA:12,1,1,1
BRF:4
BRH:2
end_of_record
TN:
SF:src\hub-icon\styles.ts
FN:11,(anonymous_0)
FN:46,(anonymous_1)
FN:55,(anonymous_2)
FN:64,(anonymous_3)
FN:70,(anonymous_4)
FNF:5
FNH:4
FNDA:1,(anonymous_0)
FNDA:1,(anonymous_1)
FNDA:1,(anonymous_2)
FNDA:1,(anonymous_3)
FNDA:0,(anonymous_4)
DA:5,1
DA:12,1
DA:14,0
DA:20,0
DA:26,0
DA:32,0
DA:38,1
DA:47,1
DA:56,1
DA:65,1
DA:66,0
DA:68,1
DA:69,0
DA:70,0
DA:74,1
LF:15
LH:8
BRDA:12,0,0,0
BRDA:12,0,1,0
BRDA:12,0,2,0
BRDA:12,0,3,0
BRDA:12,0,4,1
BRDA:39,1,0,1
BRDA:39,1,1,1
BRDA:40,2,0,1
BRDA:40,2,1,1
BRDA:41,3,0,1
BRDA:41,3,1,1
BRDA:47,4,0,0
BRDA:47,4,1,1
BRDA:47,5,0,1
BRDA:47,5,1,0
BRDA:49,6,0,0
BRDA:49,6,1,1
BRDA:49,7,0,1
BRDA:49,7,1,0
BRDA:51,8,0,0
BRDA:51,8,1,1
BRDA:56,9,0,0
BRDA:56,9,1,1
BRDA:56,10,0,1
BRDA:56,10,1,0
BRDA:58,11,0,0
BRDA:58,11,1,1
BRDA:58,12,0,1
BRDA:58,12,1,0
BRDA:60,13,0,0
BRDA:60,13,1,1
BRDA:65,14,0,0
BRDA:65,14,1,1
BRDA:68,15,0,0
BRDA:68,15,1,1
BRF:35
BRH:19
end_of_record
TN:
SF:src\hub-list\index.tsx
FN:9,HubList
FN:15,handleScroll
FN:21,(anonymous_2)
FN:24,(anonymous_3)
FN:46,HubListItem
FNF:5
FNH:2
FNDA:1,HubList
FNDA:0,handleScroll
FNDA:0,(anonymous_2)
FNDA:0,(anonymous_3)
FNDA:3,HubListItem
DA:7,1
DA:10,1
DA:12,1
DA:16,0
DA:17,0
DA:21,0
DA:22,0
DA:23,0
DA:24,0
DA:25,0
DA:29,0
DA:36,1
DA:46,1
DA:50,3
LF:14
LH:6
BRDA:16,0,0,0
BRDA:16,0,1,0
BRDA:16,1,0,0
BRDA:16,1,1,0
BRDA:16,1,2,0
BRDA:17,2,0,0
BRDA:17,2,1,0
BRDA:37,3,0,0
BRDA:37,3,1,1
BRDA:39,4,0,1
BRDA:39,4,1,0
BRF:11
BRH:2
end_of_record
TN:
SF:src\hub-list\styles.ts
FN:9,(anonymous_0)
FN:11,(anonymous_1)
FN:14,(anonymous_2)
FN:17,(anonymous_3)
FN:19,(anonymous_4)
FN:46,(anonymous_5)
FN:59,(anonymous_6)
FN:67,(anonymous_7)
FN:69,(anonymous_8)
FN:77,(anonymous_9)
FN:79,(anonymous_10)
FN:85,(anonymous_11)
FN:99,(anonymous_12)
FN:104,(anonymous_13)
FN:105,(anonymous_14)
FN:106,(anonymous_15)
FN:109,(anonymous_16)
FN:110,(anonymous_17)
FN:111,(anonymous_18)
FNF:19
FNH:10
FNDA:3,(anonymous_0)
FNDA:3,(anonymous_1)
FNDA:3,(anonymous_2)
FNDA:3,(anonymous_3)
FNDA:3,(anonymous_4)
FNDA:3,(anonymous_5)
FNDA:0,(anonymous_6)
FNDA:1,(anonymous_7)
FNDA:1,(anonymous_8)
FNDA:1,(anonymous_9)
FNDA:1,(anonymous_10)
FNDA:0,(anonymous_11)
FNDA:0,(anonymous_12)
FNDA:0,(anonymous_13)
FNDA:0,(anonymous_14)
FNDA:0,(anonymous_15)
FNDA:0,(anonymous_16)
FNDA:0,(anonymous_17)
FNDA:0,(anonymous_18)
DA:6,1
DA:10,3
DA:12,3
DA:14,3
DA:17,3
DA:20,3
DA:22,0
DA:23,0
DA:33,0
DA:47,3
DA:57,1
DA:59,0
DA:63,1
DA:67,1
DA:70,1
DA:77,1
DA:80,1
DA:81,0
DA:83,1
DA:84,0
DA:85,0
DA:89,1
DA:94,1
DA:99,0
DA:104,0
DA:105,0
DA:106,0
DA:109,0
DA:110,0
DA:111,0
LF:30
LH:16
BRDA:10,0,0,0
BRDA:10,0,1,3
BRDA:12,1,0,0
BRDA:12,1,1,3
BRDA:17,2,0,3
BRDA:17,2,1,0
BRDA:20,3,0,3
BRDA:20,3,1,0
BRDA:20,4,0,3
BRDA:20,4,1,3
BRDA:22,5,0,0
BRDA:22,5,1,0
BRDA:25,6,0,0
BRDA:25,6,1,0
BRDA:25,7,0,0
BRDA:25,7,1,0
BRDA:27,8,0,0
BRDA:27,8,1,0
BRDA:36,9,0,0
BRDA:36,9,1,0
BRDA:36,10,0,0
BRDA:36,10,1,0
BRDA:38,11,0,0
BRDA:38,11,1,0
BRDA:47,12,0,3
BRDA:47,12,1,0
BRDA:50,13,0,0
BRDA:50,13,1,0
BRDA:50,14,0,0
BRDA:50,14,1,0
BRDA:67,15,0,0
BRDA:67,15,1,1
BRDA:70,16,0,1
BRDA:70,16,1,0
BRDA:77,17,0,0
BRDA:77,17,1,1
BRDA:80,18,0,0
BRDA:80,18,1,1
BRDA:83,19,0,0
BRDA:83,19,1,1
BRF:40
BRH:12
end_of_record
TN:
SF:src\hub-modal\icon-close.tsx
FN:3,(anonymous_0)
FNF:1
FNH:0
FNDA:0,(anonymous_0)
DA:4,0
LF:1
LH:0
BRF:0
BRH:0
end_of_record
TN:
SF:src\hub-modal\index.tsx
FN:19,HubModal
FN:33,(anonymous_1)
FN:48,(anonymous_2)
FN:83,(anonymous_3)
FNF:4
FNH:2
FNDA:1,HubModal
FNDA:1,(anonymous_1)
FNDA:0,(anonymous_2)
FNDA:0,(anonymous_3)
DA:28,1
DA:30,1
DA:31,1
DA:33,1
DA:34,1
DA:37,1
DA:48,0
DA:83,0
LF:8
LH:6
BRDA:30,0,0,0
BRDA:30,0,1,1
BRDA:31,1,0,0
BRDA:31,1,1,1
BRDA:37,2,0,0
BRDA:37,2,1,1
BRDA:46,3,0,0
BRDA:46,3,1,0
BRDA:48,4,0,0
BRDA:48,4,1,0
BRDA:51,5,0,0
BRDA:51,5,1,0
BRDA:61,6,0,0
BRDA:61,6,1,0
BRDA:61,7,0,0
BRDA:61,7,1,0
BRDA:81,8,0,0
BRDA:81,8,1,0
BRDA:83,9,0,0
BRDA:83,9,1,0
BRF:20
BRH:3
end_of_record
TN:
SF:src\hub-modal\styles.ts
FN:9,(anonymous_0)
FN:10,(anonymous_1)
FN:17,(anonymous_2)
FN:20,(anonymous_3)
FN:21,(anonymous_4)
FN:22,(anonymous_5)
FN:23,(anonymous_6)
FN:24,(anonymous_7)
FN:38,(anonymous_8)
FN:39,(anonymous_9)
FN:47,(anonymous_10)
FN:73,(anonymous_11)
FN:75,(anonymous_12)
FN:82,(anonymous_13)
FN:83,(anonymous_14)
FN:84,(anonymous_15)
FN:93,(anonymous_16)
FN:123,(anonymous_17)
FN:149,(anonymous_18)
FN:154,(anonymous_19)
FN:173,(anonymous_20)
FN:186,(anonymous_21)
FN:187,(anonymous_22)
FN:188,(anonymous_23)
FN:189,(anonymous_24)
FN:190,(anonymous_25)
FN:191,(anonymous_26)
FN:199,(anonymous_27)
FN:200,(anonymous_28)
FN:205,(anonymous_29)
FN:214,(anonymous_30)
FN:218,(anonymous_31)
FNF:32
FNH:0
FNDA:0,(anonymous_0)
FNDA:0,(anonymous_1)
FNDA:0,(anonymous_2)
FNDA:0,(anonymous_3)
FNDA:0,(anonymous_4)
FNDA:0,(anonymous_5)
FNDA:0,(anonymous_6)
FNDA:0,(anonymous_7)
FNDA:0,(anonymous_8)
FNDA:0,(anonymous_9)
FNDA:0,(anonymous_10)
FNDA:0,(anonymous_11)
FNDA:0,(anonymous_12)
FNDA:0,(anonymous_13)
FNDA:0,(anonymous_14)
FNDA:0,(anonymous_15)
FNDA:0,(anonymous_16)
FNDA:0,(anonymous_17)
FNDA:0,(anonymous_18)
FNDA:0,(anonymous_19)
FNDA:0,(anonymous_20)
FNDA:0,(anonymous_21)
FNDA:0,(anonymous_22)
FNDA:0,(anonymous_23)
FNDA:0,(anonymous_24)
FNDA:0,(anonymous_25)
FNDA:0,(anonymous_26)
FNDA:0,(anonymous_27)
FNDA:0,(anonymous_28)
FNDA:0,(anonymous_29)
FNDA:0,(anonymous_30)
FNDA:0,(anonymous_31)
DA:6,1
DA:9,0
DA:10,0
DA:13,1
DA:17,0
DA:20,0
DA:21,0
DA:22,0
DA:23,0
DA:24,0
DA:27,1
DA:35,1
DA:38,0
DA:39,0
DA:42,1
DA:48,0
DA:49,0
DA:55,0
DA:56,0
DA:61,0
DA:62,0
DA:67,0
DA:71,1
DA:73,0
DA:75,0
DA:78,1
DA:82,0
DA:83,0
DA:84,0
DA:89,1
DA:94,0
DA:96,0
DA:101,0
DA:106,0
DA:111,0
DA:116,0
DA:124,0
DA:125,0
DA:126,0
DA:127,0
DA:128,0
DA:134,0
DA:135,0
DA:139,0
DA:140,0
DA:144,0
DA:150,0
DA:155,0
DA:156,0
DA:157,0
DA:158,0
DA:162,0
DA:163,0
DA:167,0
DA:168,0
DA:170,0
DA:174,0
DA:186,0
DA:187,0
DA:188,0
DA:189,0
DA:190,0
DA:192,0
DA:199,0
DA:200,0
DA:206,0
DA:214,0
DA:219,0
LF:68
LH:8
BRDA:48,0,0,0
BRDA:48,0,1,0
BRDA:48,1,0,0
BRDA:48,1,1,0
BRDA:55,2,0,0
BRDA:55,2,1,0
BRDA:61,3,0,0
BRDA:61,3,1,0
BRDA:94,4,0,0
BRDA:94,4,1,0
BRDA:94,4,2,0
BRDA:94,4,3,0
BRDA:94,4,4,0
BRDA:124,5,0,0
BRDA:124,5,1,0
BRDA:125,6,0,0
BRDA:125,6,1,0
BRDA:126,7,0,0
BRDA:126,7,1,0
BRDA:127,8,0,0
BRDA:127,8,1,0
BRDA:128,9,0,0
BRDA:128,9,1,0
BRDA:129,10,0,0
BRDA:129,10,1,0
BRDA:130,11,0,0
BRDA:130,11,1,0
BRDA:131,12,0,0
BRDA:131,12,1,0
BRDA:134,13,0,0
BRDA:134,13,1,0
BRDA:135,14,0,0
BRDA:135,14,1,0
BRDA:136,15,0,0
BRDA:136,15,1,0
BRDA:137,16,0,0
BRDA:137,16,1,0
BRDA:139,17,0,0
BRDA:139,17,1,0
BRDA:140,18,0,0
BRDA:140,18,1,0
BRDA:141,19,0,0
BRDA:141,19,1,0
BRDA:144,20,0,0
BRDA:144,20,1,0
BRDA:150,21,0,0
BRDA:150,21,1,0
BRDA:155,22,0,0
BRDA:155,22,1,0
BRDA:156,23,0,0
BRDA:156,23,1,0
BRDA:157,24,0,0
BRDA:157,24,1,0
BRDA:162,25,0,0
BRDA:162,25,1,0
BRDA:167,26,0,0
BRDA:167,26,1,0
BRDA:174,27,0,0
BRDA:174,27,1,0
BRDA:177,28,0,0
BRDA:177,28,1,0
BRDA:177,29,0,0
BRDA:177,29,1,0
BRDA:180,30,0,0
BRDA:180,30,1,0
BRDA:180,31,0,0
BRDA:180,31,1,0
BRDA:190,32,0,0
BRDA:190,32,1,0
BRDA:192,33,0,0
BRDA:192,33,1,0
BRDA:192,34,0,0
BRDA:192,34,1,0
BRDA:194,35,0,0
BRDA:194,35,1,0
BRDA:200,36,0,0
BRDA:200,36,1,0
BRDA:206,37,0,0
BRDA:206,37,1,0
BRDA:206,38,0,0
BRDA:206,38,1,0
BRDA:208,39,0,0
BRDA:208,39,1,0
BRDA:219,40,0,0
BRDA:219,40,1,0
BRF:85
BRH:0
end_of_record
TN:
SF:src\hub-navbar\index.tsx
FN:6,HubNavbar
FNF:1
FNH:1
FNDA:1,HubNavbar
DA:13,1
LF:1
LH:1
BRDA:15,0,0,1
BRDA:15,0,1,0
BRDA:22,1,0,1
BRDA:22,1,1,0
BRDA:26,2,0,0
BRDA:26,2,1,0
BRDA:29,3,0,1
BRDA:29,3,1,0
BRF:8
BRH:3
end_of_record
TN:
SF:src\hub-navbar\styles.ts
FN:9,(anonymous_0)
FN:10,(anonymous_1)
FN:12,(anonymous_2)
FN:20,(anonymous_3)
FN:29,(anonymous_4)
FN:39,(anonymous_5)
FN:45,(anonymous_6)
FN:66,(anonymous_7)
FNF:8
FNH:6
FNDA:1,(anonymous_0)
FNDA:1,(anonymous_1)
FNDA:1,(anonymous_2)
FNDA:1,(anonymous_3)
FNDA:1,(anonymous_4)
FNDA:1,(anonymous_5)
FNDA:0,(anonymous_6)
FNDA:0,(anonymous_7)
DA:5,1
DA:9,1
DA:10,1
DA:13,1
DA:21,1
DA:30,1
DA:40,1
DA:41,0
DA:43,1
DA:44,0
DA:45,0
DA:49,1
DA:59,1
DA:63,1
DA:66,0
LF:15
LH:11
BRDA:9,0,0,1
BRDA:9,0,1,1
BRDA:10,1,0,1
BRDA:10,1,1,1
BRDA:13,2,0,0
BRDA:13,2,1,1
BRDA:13,3,0,1
BRDA:13,3,1,0
BRDA:15,4,0,0
BRDA:15,4,1,1
BRDA:15,5,0,1
BRDA:15,5,1,0
BRDA:17,6,0,0
BRDA:17,6,1,1
BRDA:21,7,0,0
BRDA:21,7,1,1
BRDA:21,8,0,1
BRDA:21,8,1,0
BRDA:23,9,0,0
BRDA:23,9,1,1
BRDA:23,10,0,1
BRDA:23,10,1,0
BRDA:25,11,0,0
BRDA:25,11,1,1
BRDA:30,12,0,0
BRDA:30,12,1,1
BRDA:40,13,0,0
BRDA:40,13,1,1
BRDA:43,14,0,0
BRDA:43,14,1,1
BRF:30
BRH:17
end_of_record
TN:
SF:src\hub-pagination\icon-arrow.tsx
FN:3,(anonymous_0)
FNF:1
FNH:1
FNDA:2,(anonymous_0)
DA:4,2
LF:1
LH:1
BRF:0
BRH:0
end_of_record
TN:
SF:src\hub-pagination\index.tsx
FN:15,HubPagination
FN:27,(anonymous_1)
FN:32,(anonymous_2)
FN:36,(anonymous_3)
FN:38,(anonymous_4)
FN:49,handlePageSize
FN:53,handlePageChange
FN:59,(anonymous_7)
FN:71,(anonymous_8)
FN:82,(anonymous_9)
FN:88,(anonymous_10)
FN:97,(anonymous_11)
FN:114,(anonymous_12)
FNF:13
FNH:7
FNDA:1,HubPagination
FNDA:1,(anonymous_1)
FNDA:1,(anonymous_2)
FNDA:1,(anonymous_3)
FNDA:1,(anonymous_4)
FNDA:0,handlePageSize
FNDA:0,handlePageChange
FNDA:1,(anonymous_7)
FNDA:0,(anonymous_8)
FNDA:1,(anonymous_9)
FNDA:0,(anonymous_10)
FNDA:0,(anonymous_11)
FNDA:0,(anonymous_12)
DA:24,1
DA:26,1
DA:27,1
DA:31,1
DA:32,1
DA:36,1
DA:37,1
DA:38,1
DA:40,0
DA:41,0
DA:43,0
DA:44,0
DA:46,0
DA:50,0
DA:54,0
DA:55,0
DA:59,1
DA:60,1
DA:61,0
DA:65,1
DA:72,0
DA:73,0
DA:74,0
DA:83,1
DA:88,0
DA:98,0
DA:99,0
DA:100,0
DA:115,0
LF:29
LH:12
BRDA:27,0,0,1
BRDA:27,0,1,1
BRDA:32,1,0,0
BRDA:32,1,1,1
BRDA:37,2,0,1
BRDA:37,2,1,0
BRDA:40,3,0,0
BRDA:40,3,1,0
BRDA:43,4,0,0
BRDA:43,4,1,0
BRDA:54,5,0,0
BRDA:54,5,1,0
BRDA:54,6,0,0
BRDA:54,6,1,0
BRDA:60,7,0,0
BRDA:60,7,1,1
BRDA:72,8,0,0
BRDA:72,8,1,0
BRDA:72,9,0,0
BRDA:72,9,1,0
BRDA:79,10,0,1
BRDA:79,10,1,0
BRDA:81,11,0,1
BRDA:81,11,1,1
BRDA:98,12,0,0
BRDA:98,12,1,0
BRDA:98,13,0,0
BRDA:98,13,1,0
BRDA:104,14,0,1
BRDA:104,14,1,0
BRDA:107,15,0,1
BRDA:107,15,1,0
BRDA:123,16,0,1
BRDA:123,16,1,0
BRDA:127,17,0,0
BRDA:127,17,1,0
BRDA:127,18,0,0
BRDA:127,18,1,0
BRDA:129,19,0,0
BRDA:129,19,1,0
BRF:40
BRH:11
end_of_record
TN:
SF:src\hub-pagination\styles.ts
FN:8,(anonymous_0)
FN:10,(anonymous_1)
FN:31,(anonymous_2)
FN:32,(anonymous_3)
FN:33,(anonymous_4)
FN:41,(anonymous_5)
FN:42,(anonymous_6)
FN:52,(anonymous_7)
FN:53,(anonymous_8)
FN:54,(anonymous_9)
FN:66,(anonymous_10)
FN:67,(anonymous_11)
FN:74,(anonymous_12)
FNF:13
FNH:8
FNDA:3,(anonymous_0)
FNDA:3,(anonymous_1)
FNDA:1,(anonymous_2)
FNDA:1,(anonymous_3)
FNDA:1,(anonymous_4)
FNDA:0,(anonymous_5)
FNDA:0,(anonymous_6)
FNDA:0,(anonymous_7)
FNDA:0,(anonymous_8)
FNDA:0,(anonymous_9)
FNDA:1,(anonymous_10)
FNDA:1,(anonymous_11)
FNDA:1,(anonymous_12)
DA:5,1
DA:8,3
DA:11,3
DA:17,1
DA:24,1
DA:28,1
DA:31,1
DA:32,1
DA:34,1
DA:38,1
DA:41,0
DA:42,0
DA:48,1
DA:52,0
DA:53,0
DA:54,0
DA:61,1
DA:66,1
DA:67,1
DA:75,1
DA:76,0
DA:81,1
LF:22
LH:16
BRDA:11,0,0,0
BRDA:11,0,1,3
BRDA:34,1,0,0
BRDA:34,1,1,1
BRDA:75,2,0,0
BRDA:75,2,1,1
BRF:6
BRH:3
end_of_record
TN:
SF:src\hub-password-strength\index.tsx
FN:21,getPasswordStrength
FN:45,HubPasswordStrength
FN:50,(anonymous_2)
FN:54,(anonymous_3)
FN:69,(anonymous_4)
FN:83,(anonymous_5)
FN:95,(anonymous_6)
FN:105,(anonymous_7)
FN:114,(anonymous_8)
FNF:9
FNH:9
FNDA:1,getPasswordStrength
FNDA:1,HubPasswordStrength
FNDA:1,(anonymous_2)
FNDA:1,(anonymous_3)
FNDA:1,(anonymous_4)
FNDA:1,(anonymous_5)
FNDA:1,(anonymous_6)
FNDA:1,(anonymous_7)
FNDA:1,(anonymous_8)
DA:22,1
DA:24,1
DA:26,1
DA:28,1
DA:30,1
DA:32,1
DA:34,1
DA:36,1
DA:38,1
DA:46,1
DA:47,1
DA:49,1
DA:50,1
DA:54,1
DA:55,1
DA:58,0
DA:60,1
DA:63,0
DA:65,0
DA:69,1
DA:70,1
DA:72,0
DA:74,1
DA:77,0
DA:79,0
DA:83,1
DA:84,1
DA:86,1
DA:89,0
DA:91,0
DA:95,1
DA:96,1
DA:99,0
DA:101,1
DA:105,1
DA:106,1
DA:108,0
DA:110,1
DA:114,1
DA:115,1
DA:117,0
DA:119,0
DA:121,1
DA:123,0
DA:125,0
DA:127,0
DA:131,1
LF:47
LH:32
BRDA:24,0,0,0
BRDA:24,0,1,1
BRDA:24,1,0,1
BRDA:24,1,1,1
BRDA:26,2,0,0
BRDA:26,2,1,1
BRDA:28,3,0,1
BRDA:28,3,1,0
BRDA:30,4,0,0
BRDA:30,4,1,1
BRDA:32,5,0,1
BRDA:32,5,1,0
BRDA:34,6,0,0
BRDA:34,6,1,1
BRDA:34,7,0,1
BRDA:34,7,1,1
BRDA:36,8,0,1
BRDA:36,8,1,0
BRDA:55,9,0,0
BRDA:55,9,1,0
BRDA:55,9,2,1
BRDA:55,9,3,0
BRDA:55,9,4,0
BRDA:55,9,5,0
BRDA:70,10,0,0
BRDA:70,10,1,1
BRDA:70,10,2,0
BRDA:70,10,3,0
BRDA:70,10,4,0
BRDA:84,11,0,1
BRDA:84,11,1,0
BRDA:84,11,2,0
BRDA:84,11,3,0
BRDA:96,12,0,0
BRDA:96,12,1,0
BRDA:96,12,2,1
BRDA:106,13,0,0
BRDA:106,13,1,1
BRDA:115,14,0,0
BRDA:115,14,1,0
BRDA:115,14,2,1
BRDA:115,14,3,0
BRDA:115,14,4,0
BRDA:115,14,5,0
BRF:44
BRH:17
end_of_record
TN:
SF:src\hub-password-strength\styles.ts
FN:7,(anonymous_0)
FN:8,(anonymous_1)
FN:15,(anonymous_2)
FN:19,(anonymous_3)
FN:20,(anonymous_4)
FN:21,(anonymous_5)
FN:22,(anonymous_6)
FN:23,(anonymous_7)
FN:24,(anonymous_8)
FNF:9
FNH:9
FNDA:1,(anonymous_0)
FNDA:1,(anonymous_1)
FNDA:5,(anonymous_2)
FNDA:1,(anonymous_3)
FNDA:1,(anonymous_4)
FNDA:1,(anonymous_5)
FNDA:1,(anonymous_6)
FNDA:1,(anonymous_7)
FNDA:1,(anonymous_8)
DA:3,1
DA:7,1
DA:8,1
DA:11,1
DA:15,5
DA:18,1
DA:19,1
DA:20,1
DA:21,1
DA:22,1
DA:23,1
DA:24,1
LF:12
LH:12
BRF:0
BRH:0
end_of_record
TN:
SF:src\hub-popover\index.tsx
FN:13,HubPopover
FN:27,(anonymous_1)
FN:65,(anonymous_2)
FN:69,(anonymous_3)
FN:75,(anonymous_4)
FN:86,(anonymous_5)
FN:93,(anonymous_6)
FN:99,(anonymous_7)
FN:112,(anonymous_8)
FN:134,(anonymous_9)
FNF:10
FNH:4
FNDA:1,HubPopover
FNDA:1,(anonymous_1)
FNDA:0,(anonymous_2)
FNDA:0,(anonymous_3)
FNDA:0,(anonymous_4)
FNDA:1,(anonymous_5)
FNDA:0,(anonymous_6)
FNDA:0,(anonymous_7)
FNDA:1,(anonymous_8)
FNDA:0,(anonymous_9)
DA:9,1
DA:21,1
DA:22,1
DA:27,1
DA:28,1
DA:29,1
DA:30,1
DA:31,1
DA:32,1
DA:34,1
DA:35,0
DA:36,0
DA:41,0
DA:42,0
DA:44,0
DA:45,0
DA:46,0
DA:48,0
DA:49,0
DA:50,0
DA:53,0
DA:56,1
DA:65,1
DA:66,0
DA:69,1
DA:70,0
DA:71,0
DA:74,1
DA:76,0
DA:77,0
DA:86,1
DA:87,1
DA:90,0
DA:92,0
DA:93,0
DA:94,0
DA:95,0
DA:98,0
DA:99,0
DA:100,0
DA:101,0
DA:106,0
DA:112,1
DA:113,1
DA:116,1
DA:134,0
LF:46
LH:19
BRDA:34,0,0,0
BRDA:34,0,1,1
BRDA:37,1,0,0
BRDA:37,1,1,0
BRDA:37,1,2,0
BRDA:38,2,0,0
BRDA:38,2,1,0
BRDA:38,2,2,0
BRDA:44,3,0,0
BRDA:44,3,1,0
BRDA:48,4,0,0
BRDA:48,4,1,0
BRDA:57,5,0,0
BRDA:57,5,1,1
BRDA:58,6,0,0
BRDA:58,6,1,1
BRDA:59,7,0,0
BRDA:59,7,1,1
BRDA:60,8,0,0
BRDA:60,8,1,1
BRDA:61,9,0,0
BRDA:61,9,1,1
BRDA:76,10,0,0
BRDA:76,10,1,0
BRDA:76,11,0,0
BRDA:76,11,1,0
BRDA:87,12,0,1
BRDA:87,12,1,0
BRDA:87,13,0,1
BRDA:87,13,1,0
BRDA:92,14,0,0
BRDA:92,14,1,0
BRDA:98,15,0,0
BRDA:98,15,1,0
BRDA:100,16,0,0
BRDA:100,16,1,0
BRDA:119,17,0,1
BRDA:119,17,1,0
BRDA:122,18,0,0
BRDA:122,18,1,0
BRDA:132,19,0,0
BRDA:132,19,1,0
BRDA:134,20,0,0
BRDA:134,20,1,0
BRF:44
BRH:9
end_of_record
TN:
SF:src\hub-popover\styles.ts
FN:15,(anonymous_0)
FN:16,(anonymous_1)
FN:17,(anonymous_2)
FN:18,(anonymous_3)
FN:19,(anonymous_4)
FN:21,(anonymous_5)
FN:28,(anonymous_6)
FNF:7
FNH:0
FNDA:0,(anonymous_0)
FNDA:0,(anonymous_1)
FNDA:0,(anonymous_2)
FNDA:0,(anonymous_3)
FNDA:0,(anonymous_4)
FNDA:0,(anonymous_5)
FNDA:0,(anonymous_6)
DA:6,1
DA:12,1
DA:15,0
DA:16,0
DA:17,0
DA:18,0
DA:19,0
DA:22,0
DA:29,0
DA:30,0
DA:31,0
DA:32,0
DA:36,0
DA:37,0
DA:41,0
DA:42,0
DA:44,0
LF:17
LH:2
BRDA:16,0,0,0
BRDA:16,0,1,0
BRDA:19,1,0,0
BRDA:19,1,1,0
BRDA:22,2,0,0
BRDA:22,2,1,0
BRDA:22,3,0,0
BRDA:22,3,1,0
BRDA:24,4,0,0
BRDA:24,4,1,0
BRDA:29,5,0,0
BRDA:29,5,1,0
BRDA:30,6,0,0
BRDA:30,6,1,0
BRDA:31,7,0,0
BRDA:31,7,1,0
BRDA:36,8,0,0
BRDA:36,8,1,0
BRDA:41,9,0,0
BRDA:41,9,1,0
BRF:20
BRH:0
end_of_record
TN:
SF:src\hub-printable\index.tsx
FN:14,HubPrintableInner
FN:17,(anonymous_1)
FN:28,(anonymous_2)
FN:33,(anonymous_3)
FN:43,(anonymous_4)
FNF:5
FNH:1
FNDA:1,HubPrintableInner
FNDA:0,(anonymous_1)
FNDA:0,(anonymous_2)
FNDA:0,(anonymous_3)
FNDA:0,(anonymous_4)
DA:15,1
DA:17,1
DA:18,0
DA:19,0
DA:20,0
DA:21,0
DA:23,0
DA:28,1
DA:29,0
DA:30,0
DA:31,0
DA:33,0
DA:34,0
DA:35,0
DA:36,0
DA:37,0
DA:41,1
DA:43,0
DA:47,1
DA:54,1
LF:20
LH:6
BRDA:19,0,0,0
BRDA:19,0,1,0
BRDA:20,1,0,0
BRDA:20,1,1,0
BRDA:47,2,0,0
BRDA:47,2,1,1
BRF:6
BRH:1
end_of_record
TN:
SF:src\hub-progress-bar\index.tsx
FN:11,HubProgressBar
FNF:1
FNH:1
FNDA:1,HubProgressBar
DA:12,1
LF:1
LH:1
BRDA:17,0,0,1
BRDA:17,0,1,0
BRF:2
BRH:1
end_of_record
TN:
SF:src\hub-progress-bar\styles.ts
FN:13,(anonymous_0)
FN:18,(anonymous_1)
FN:24,(anonymous_2)
FN:25,(anonymous_3)
FN:29,(anonymous_4)
FN:42,(anonymous_5)
FN:48,(anonymous_6)
FN:50,(anonymous_7)
FN:53,(anonymous_8)
FN:61,(anonymous_9)
FN:78,(anonymous_10)
FN:88,(anonymous_11)
FN:99,(anonymous_12)
FNF:13
FNH:9
FNDA:1,(anonymous_0)
FNDA:0,(anonymous_1)
FNDA:0,(anonymous_2)
FNDA:0,(anonymous_3)
FNDA:1,(anonymous_4)
FNDA:0,(anonymous_5)
FNDA:1,(anonymous_6)
FNDA:1,(anonymous_7)
FNDA:1,(anonymous_8)
FNDA:1,(anonymous_9)
FNDA:1,(anonymous_10)
FNDA:1,(anonymous_11)
FNDA:1,(anonymous_12)
DA:6,1
DA:12,1
DA:13,1
DA:17,1
DA:18,0
DA:23,1
DA:24,0
DA:25,0
DA:28,1
DA:30,1
DA:37,1
DA:41,1
DA:42,0
DA:45,1
DA:48,1
DA:50,1
DA:54,1
DA:62,1
DA:63,0
DA:70,1
DA:71,1
DA:79,1
DA:89,1
DA:90,0
DA:93,1
DA:94,0
DA:97,1
DA:99,1
LF:28
LH:21
BRDA:13,0,0,1
BRDA:13,0,1,0
BRDA:25,1,0,0
BRDA:25,1,1,0
BRDA:30,2,0,0
BRDA:30,2,1,1
BRDA:30,3,0,1
BRDA:30,3,1,0
BRDA:32,4,0,0
BRDA:32,4,1,1
BRDA:50,5,0,1
BRDA:50,5,1,1
BRDA:54,6,0,0
BRDA:54,6,1,1
BRDA:56,7,0,0
BRDA:56,7,1,1
BRDA:56,8,0,1
BRDA:56,8,1,0
BRDA:58,9,0,0
BRDA:58,9,1,1
BRDA:62,10,0,0
BRDA:62,10,1,1
BRDA:70,11,0,0
BRDA:70,11,1,1
BRDA:79,12,0,0
BRDA:79,12,1,1
BRDA:79,13,0,1
BRDA:79,13,1,0
BRDA:81,14,0,0
BRDA:81,14,1,1
BRDA:89,15,0,0
BRDA:89,15,1,1
BRDA:93,16,0,0
BRDA:93,16,1,1
BRDA:99,17,0,0
BRDA:99,17,1,1
BRF:36
BRH:18
end_of_record
TN:
SF:src\hub-progress-step\complete.tsx
FN:3,(anonymous_0)
FNF:1
FNH:0
FNDA:0,(anonymous_0)
DA:4,0
LF:1
LH:0
BRF:0
BRH:0
end_of_record
TN:
SF:src\hub-progress-step\index.tsx
FN:16,HubProgressStep
FN:21,(anonymous_1)
FN:39,(anonymous_2)
FN:61,HubProgressStepper
FNF:4
FNH:2
FNDA:1,HubProgressStep
FNDA:1,(anonymous_1)
FNDA:0,(anonymous_2)
FNDA:0,HubProgressStepper
DA:21,1
DA:22,1
DA:23,0
DA:25,1
DA:26,0
DA:28,1
DA:29,0
DA:31,1
DA:34,1
DA:40,0
DA:41,0
DA:42,0
DA:65,0
LF:13
LH:6
BRDA:22,0,0,0
BRDA:22,0,1,1
BRDA:25,1,0,0
BRDA:25,1,1,1
BRDA:28,2,0,0
BRDA:28,2,1,1
BRDA:37,3,0,1
BRDA:37,3,1,1
BRDA:41,4,0,0
BRDA:41,4,1,0
BRF:10
BRH:5
end_of_record
TN:
SF:src\hub-progress-step\styles.ts
FN:18,(anonymous_0)
FN:24,(anonymous_1)
FN:32,(anonymous_2)
FN:34,(anonymous_3)
FN:54,(anonymous_4)
FN:57,(anonymous_5)
FN:68,(anonymous_6)
FN:79,(anonymous_7)
FN:80,(anonymous_8)
FN:81,(anonymous_9)
FN:114,(anonymous_10)
FN:119,(anonymous_11)
FNF:12
FNH:12
FNDA:1,(anonymous_0)
FNDA:2,(anonymous_1)
FNDA:1,(anonymous_2)
FNDA:1,(anonymous_3)
FNDA:1,(anonymous_4)
FNDA:1,(anonymous_5)
FNDA:1,(anonymous_6)
FNDA:1,(anonymous_7)
FNDA:1,(anonymous_8)
FNDA:1,(anonymous_9)
FNDA:1,(anonymous_10)
FNDA:1,(anonymous_11)
DA:5,1
DA:13,1
DA:18,1
DA:21,1
DA:24,2
DA:27,1
DA:32,1
DA:34,1
DA:37,1
DA:39,1
DA:45,1
DA:54,1
DA:58,1
DA:69,1
DA:79,1
DA:80,1
DA:82,1
DA:83,0
DA:95,1
DA:96,0
DA:103,1
DA:115,1
DA:119,1
DA:123,1
LF:24
LH:22
BRDA:58,0,0,0
BRDA:58,0,1,1
BRDA:60,1,0,0
BRDA:60,1,1,1
BRDA:60,2,0,1
BRDA:60,2,1,0
BRDA:62,3,0,0
BRDA:62,3,1,1
BRDA:69,4,0,0
BRDA:69,4,1,1
BRDA:71,5,0,0
BRDA:71,5,1,1
BRDA:71,6,0,1
BRDA:71,6,1,0
BRDA:73,7,0,0
BRDA:73,7,1,1
BRDA:79,8,0,1
BRDA:79,8,1,1
BRDA:80,9,0,1
BRDA:80,9,1,1
BRDA:82,10,0,0
BRDA:82,10,1,1
BRDA:86,11,0,0
BRDA:86,11,1,0
BRDA:86,12,0,0
BRDA:86,12,1,0
BRDA:88,13,0,0
BRDA:88,13,1,0
BRDA:95,14,0,0
BRDA:95,14,1,1
BRDA:106,15,0,0
BRDA:106,15,1,1
BRDA:106,16,0,1
BRDA:106,16,1,0
BRDA:108,17,0,0
BRDA:108,17,1,1
BRDA:115,18,0,0
BRDA:115,18,1,1
BRDA:115,19,0,0
BRDA:115,19,1,1
BRDA:119,20,0,1
BRDA:119,20,1,1
BRF:42
BRH:21
end_of_record
TN:
SF:src\hub-progress-tabs\index.tsx
FN:11,HubProgressTabs
FN:18,(anonymous_1)
FN:28,(anonymous_2)
FN:39,(anonymous_3)
FN:52,HubProgressTab
FNF:5
FNH:2
FNDA:1,HubProgressTabs
FNDA:1,(anonymous_1)
FNDA:0,(anonymous_2)
FNDA:0,(anonymous_3)
FNDA:0,HubProgressTab
DA:16,1
DA:18,1
DA:19,1
DA:20,0
DA:24,1
DA:29,0
DA:40,0
DA:41,0
DA:42,0
DA:43,0
DA:53,0
LF:11
LH:4
BRDA:19,0,0,0
BRDA:19,0,1,1
BRDA:29,1,0,0
BRDA:29,1,1,0
BRDA:31,2,0,0
BRDA:31,2,1,0
BRDA:32,3,0,0
BRDA:32,3,1,0
BRDA:33,4,0,0
BRDA:33,4,1,0
BRDA:34,5,0,0
BRDA:34,5,1,0
BRDA:36,6,0,0
BRDA:36,6,1,0
BRDA:40,7,0,0
BRDA:40,7,1,0
BRDA:40,8,0,0
BRDA:40,8,1,0
BRDA:42,9,0,0
BRDA:42,9,1,0
BRF:20
BRH:1
end_of_record
TN:
SF:src\hub-progress-tabs\styles.ts
FN:8,(anonymous_0)
FN:19,(anonymous_1)
FN:21,(anonymous_2)
FN:22,(anonymous_3)
FN:26,(anonymous_4)
FN:27,(anonymous_5)
FN:31,(anonymous_6)
FN:32,(anonymous_7)
FN:34,(anonymous_8)
FN:35,(anonymous_9)
FNF:10
FNH:1
FNDA:1,(anonymous_0)
FNDA:0,(anonymous_1)
FNDA:0,(anonymous_2)
FNDA:0,(anonymous_3)
FNDA:0,(anonymous_4)
FNDA:0,(anonymous_5)
FNDA:0,(anonymous_6)
FNDA:0,(anonymous_7)
FNDA:0,(anonymous_8)
FNDA:0,(anonymous_9)
DA:5,1
DA:8,1
DA:13,1
DA:14,1
DA:16,1
DA:19,0
DA:21,0
DA:22,0
DA:26,0
DA:27,0
DA:31,0
DA:32,0
DA:34,0
DA:36,0
LF:14
LH:5
BRDA:8,0,0,0
BRDA:8,0,1,1
BRDA:21,1,0,0
BRDA:21,1,1,0
BRDA:21,2,0,0
BRDA:21,2,1,0
BRDA:22,3,0,0
BRDA:22,3,1,0
BRDA:27,4,0,0
BRDA:27,4,1,0
BRDA:27,5,0,0
BRDA:27,5,1,0
BRDA:31,6,0,0
BRDA:31,6,1,0
BRDA:32,7,0,0
BRDA:32,7,1,0
BRDA:34,8,0,0
BRDA:34,8,1,0
BRDA:34,9,0,0
BRDA:34,9,1,0
BRDA:36,10,0,0
BRDA:36,10,1,0
BRDA:36,11,0,0
BRDA:36,11,1,0
BRDA:38,12,0,0
BRDA:38,12,1,0
BRF:26
BRH:1
end_of_record
TN:
SF:src\hub-radio\index.tsx
FN:12,HubRadioGroup
FN:21,(anonymous_1)
FN:28,(anonymous_2)
FN:34,(anonymous_3)
FN:46,HubRadio
FN:57,(anonymous_5)
FN:72,(anonymous_6)
FNF:7
FNH:1
FNDA:0,HubRadioGroup
FNDA:0,(anonymous_1)
FNDA:0,(anonymous_2)
FNDA:0,(anonymous_3)
FNDA:1,HubRadio
FNDA:0,(anonymous_5)
FNDA:0,(anonymous_6)
DA:17,0
DA:22,0
DA:29,0
DA:30,0
DA:31,0
DA:35,0
DA:36,0
DA:37,0
DA:52,1
DA:58,0
DA:59,0
DA:60,0
DA:61,0
DA:72,0
LF:14
LH:1
BRDA:22,0,0,0
BRDA:22,0,1,0
BRDA:24,1,0,0
BRDA:24,1,1,0
BRDA:25,2,0,0
BRDA:25,2,1,0
BRDA:26,3,0,0
BRDA:26,3,1,0
BRDA:29,4,0,0
BRDA:29,4,1,0
BRDA:29,5,0,0
BRDA:29,5,1,0
BRDA:35,6,0,0
BRDA:35,6,1,0
BRDA:35,7,0,0
BRDA:35,7,1,0
BRDA:55,8,0,1
BRDA:55,8,1,1
BRDA:59,9,0,0
BRDA:59,9,1,0
BRDA:74,10,0,1
BRDA:74,10,1,0
BRF:22
BRH:3
end_of_record
TN:
SF:src\hub-radio\styles.ts
FN:7,(anonymous_0)
FN:8,(anonymous_1)
FN:23,(anonymous_2)
FN:24,(anonymous_3)
FN:25,(anonymous_4)
FN:26,(anonymous_5)
FN:28,(anonymous_6)
FN:43,(anonymous_7)
FN:51,(anonymous_8)
FN:57,(anonymous_9)
FN:71,(anonymous_10)
FNF:11
FNH:4
FNDA:0,(anonymous_0)
FNDA:0,(anonymous_1)
FNDA:0,(anonymous_2)
FNDA:0,(anonymous_3)
FNDA:0,(anonymous_4)
FNDA:0,(anonymous_5)
FNDA:0,(anonymous_6)
FNDA:1,(anonymous_7)
FNDA:1,(anonymous_8)
FNDA:1,(anonymous_9)
FNDA:1,(anonymous_10)
DA:5,1
DA:7,0
DA:9,0
DA:10,0
DA:15,0
DA:22,1
DA:23,0
DA:24,0
DA:25,0
DA:26,0
DA:28,0
DA:31,1
DA:36,1
DA:40,1
DA:44,1
DA:52,1
DA:53,0
DA:55,1
DA:58,1
DA:60,1
DA:61,0
DA:63,1
DA:64,1
DA:66,0
DA:67,0
DA:69,0
DA:71,1
LF:27
LH:13
BRDA:7,0,0,0
BRDA:7,0,1,0
BRDA:9,1,0,0
BRDA:9,1,1,0
BRDA:17,2,0,0
BRDA:17,2,1,0
BRDA:44,3,0,0
BRDA:44,3,1,1
BRDA:46,4,0,0
BRDA:46,4,1,1
BRDA:52,5,0,0
BRDA:52,5,1,1
BRDA:52,6,0,1
BRDA:52,6,1,1
BRDA:53,7,0,0
BRDA:53,7,1,0
BRDA:58,8,0,0
BRDA:58,8,1,1
BRDA:60,9,0,0
BRDA:60,9,1,1
BRDA:60,10,0,1
BRDA:60,10,1,0
BRDA:61,11,0,0
BRDA:61,11,1,0
BRDA:63,12,0,1
BRDA:63,12,1,0
BRDA:63,13,0,1
BRDA:63,13,1,0
BRDA:64,14,0,1
BRDA:64,14,1,1
BRDA:66,15,0,0
BRDA:66,15,1,0
BRDA:67,16,0,0
BRDA:67,16,1,0
BRDA:72,17,0,0
BRDA:72,17,1,1
BRDA:73,18,0,0
BRDA:73,18,1,1
BRDA:74,19,0,0
BRDA:74,19,1,1
BRF:40
BRH:15
end_of_record
TN:
SF:src\hub-section\index.tsx
FN:6,HubSection
FNF:1
FNH:1
FNDA:1,HubSection
DA:7,1
LF:1
LH:1
BRF:0
BRH:0
end_of_record
TN:
SF:src\hub-section\styles.ts
FN:6,(anonymous_0)
FN:8,(anonymous_1)
FN:9,(anonymous_2)
FN:24,(anonymous_3)
FN:30,(anonymous_4)
FNF:5
FNH:4
FNDA:1,(anonymous_0)
FNDA:1,(anonymous_1)
FNDA:1,(anonymous_2)
FNDA:1,(anonymous_3)
FNDA:0,(anonymous_4)
DA:5,1
DA:6,1
DA:8,1
DA:9,1
DA:14,1
DA:18,1
DA:25,1
DA:26,0
DA:28,1
DA:29,0
DA:30,0
DA:34,1
LF:12
LH:9
BRDA:25,0,0,0
BRDA:25,0,1,1
BRDA:28,1,0,0
BRDA:28,1,1,1
BRF:4
BRH:2
end_of_record
TN:
SF:src\hub-separator\index.tsx
FN:6,HubSeparator
FNF:1
FNH:1
FNDA:1,HubSeparator
DA:7,1
LF:1
LH:1
BRF:0
BRH:0
end_of_record
TN:
SF:src\hub-separator\styles.ts
FN:6,(anonymous_0)
FN:9,(anonymous_1)
FNF:2
FNH:2
FNDA:1,(anonymous_0)
FNDA:1,(anonymous_1)
DA:5,1
DA:7,1
DA:11,1
DA:16,1
DA:17,1
DA:19,1
DA:20,0
DA:21,0
DA:26,0
DA:33,1
DA:34,0
DA:41,1
LF:12
LH:8
BRDA:7,0,0,0
BRDA:7,0,1,1
BRDA:11,1,0,0
BRDA:11,1,1,1
BRDA:11,2,0,1
BRDA:11,2,1,0
BRDA:13,3,0,0
BRDA:13,3,1,1
BRDA:16,4,0,0
BRDA:16,4,1,1
BRDA:16,5,0,0
BRDA:16,5,1,0
BRDA:17,6,0,0
BRDA:17,6,1,1
BRDA:17,7,0,0
BRDA:17,7,1,0
BRDA:19,8,0,0
BRDA:19,8,1,1
BRDA:20,9,0,0
BRDA:20,9,1,0
BRDA:33,10,0,0
BRDA:33,10,1,1
BRF:22
BRH:8
end_of_record
TN:
SF:src\hub-sidenav\icon-close.tsx
FN:3,(anonymous_0)
FNF:1
FNH:0
FNDA:0,(anonymous_0)
DA:4,0
LF:1
LH:0
BRF:0
BRH:0
end_of_record
TN:
SF:src\hub-sidenav\icon-menu.tsx
FN:3,(anonymous_0)
FNF:1
FNH:0
FNDA:0,(anonymous_0)
DA:4,0
LF:1
LH:0
BRF:0
BRH:0
end_of_record
TN:
SF:src\hub-sidenav\index.tsx
FN:15,HubSidenav
FN:49,HubSidenavIcon
FN:55,(anonymous_2)
FNF:3
FNH:1
FNDA:1,HubSidenav
FNDA:0,HubSidenavIcon
FNDA:0,(anonymous_2)
DA:22,1
DA:54,0
DA:55,0
LF:3
LH:1
BRDA:24,0,0,1
BRDA:24,0,1,0
BRDA:31,1,0,1
BRDA:31,1,1,0
BRDA:38,2,0,1
BRDA:38,2,1,0
BRDA:56,3,0,0
BRDA:56,3,1,0
BRF:8
BRH:3
end_of_record
TN:
SF:src\hub-sidenav\styles.ts
FN:11,(anonymous_0)
FN:25,(anonymous_1)
FN:26,(anonymous_2)
FN:27,(anonymous_3)
FN:28,(anonymous_4)
FN:30,(anonymous_5)
FN:38,(anonymous_6)
FN:47,(anonymous_7)
FN:57,(anonymous_8)
FN:63,(anonymous_9)
FN:70,(anonymous_10)
FN:81,(anonymous_11)
FN:82,(anonymous_12)
FN:87,(anonymous_13)
FN:89,(anonymous_14)
FN:95,(anonymous_15)
FN:102,(anonymous_16)
FN:109,(anonymous_17)
FN:113,(anonymous_18)
FN:129,(anonymous_19)
FN:135,(anonymous_20)
FNF:21
FNH:17
FNDA:1,(anonymous_0)
FNDA:1,(anonymous_1)
FNDA:1,(anonymous_2)
FNDA:1,(anonymous_3)
FNDA:1,(anonymous_4)
FNDA:1,(anonymous_5)
FNDA:1,(anonymous_6)
FNDA:1,(anonymous_7)
FNDA:1,(anonymous_8)
FNDA:0,(anonymous_9)
FNDA:1,(anonymous_10)
FNDA:1,(anonymous_11)
FNDA:1,(anonymous_12)
FNDA:1,(anonymous_13)
FNDA:1,(anonymous_14)
FNDA:0,(anonymous_15)
FNDA:1,(anonymous_16)
FNDA:1,(anonymous_17)
FNDA:1,(anonymous_18)
FNDA:0,(anonymous_19)
FNDA:0,(anonymous_20)
DA:5,1
DA:11,1
DA:14,1
DA:21,1
DA:25,1
DA:26,1
DA:27,1
DA:28,1
DA:31,1
DA:39,1
DA:48,1
DA:58,1
DA:59,0
DA:61,1
DA:62,0
DA:63,0
DA:67,1
DA:71,1
DA:81,1
DA:82,1
DA:87,1
DA:90,1
DA:91,0
DA:93,1
DA:94,0
DA:95,0
DA:99,1
DA:102,1
DA:109,1
DA:114,1
DA:124,1
DA:128,1
DA:129,0
DA:132,1
DA:135,0
LF:35
LH:27
BRDA:11,0,0,1
BRDA:11,0,1,0
BRDA:25,1,0,1
BRDA:25,1,1,1
BRDA:26,2,0,1
BRDA:26,2,1,1
BRDA:27,3,0,0
BRDA:27,3,1,1
BRDA:28,4,0,0
BRDA:28,4,1,1
BRDA:31,5,0,0
BRDA:31,5,1,1
BRDA:31,6,0,1
BRDA:31,6,1,0
BRDA:33,7,0,0
BRDA:33,7,1,1
BRDA:33,8,0,1
BRDA:33,8,1,0
BRDA:35,9,0,0
BRDA:35,9,1,1
BRDA:39,10,0,0
BRDA:39,10,1,1
BRDA:39,11,0,1
BRDA:39,11,1,0
BRDA:41,12,0,0
BRDA:41,12,1,1
BRDA:41,13,0,1
BRDA:41,13,1,0
BRDA:43,14,0,0
BRDA:43,14,1,1
BRDA:48,15,0,0
BRDA:48,15,1,1
BRDA:51,16,0,0
BRDA:51,16,1,0
BRDA:58,17,0,0
BRDA:58,17,1,1
BRDA:61,18,0,0
BRDA:61,18,1,1
BRDA:63,19,0,0
BRDA:63,19,1,0
BRDA:71,20,0,1
BRDA:71,20,1,0
BRDA:81,21,0,1
BRDA:81,21,1,1
BRDA:82,22,0,1
BRDA:82,22,1,1
BRDA:87,23,0,0
BRDA:87,23,1,1
BRDA:90,24,0,0
BRDA:90,24,1,1
BRDA:93,25,0,0
BRDA:93,25,1,1
BRDA:95,26,0,0
BRDA:95,26,1,0
BRDA:109,27,0,0
BRDA:109,27,1,1
BRDA:114,28,0,0
BRDA:114,28,1,1
BRDA:114,29,0,1
BRDA:114,29,1,0
BRDA:116,30,0,0
BRDA:116,30,1,1
BRDA:116,31,0,1
BRDA:116,31,1,0
BRDA:118,32,0,0
BRDA:118,32,1,1
BRF:66
BRH:34
end_of_record
TN:
SF:src\hub-skeleton\index.tsx
FN:6,HubSkeleton
FN:7,(anonymous_1)
FN:9,(anonymous_2)
FNF:3
FNH:3
FNDA:1,HubSkeleton
FNDA:1,(anonymous_1)
FNDA:1,(anonymous_2)
DA:7,1
DA:8,1
DA:9,1
DA:10,1
DA:21,1
LF:5
LH:5
BRF:0
BRH:0
end_of_record
TN:
SF:src\hub-skeleton\styles.ts
FN:9,(anonymous_0)
FN:10,(anonymous_1)
FN:16,(anonymous_2)
FN:19,(anonymous_3)
FN:20,(anonymous_4)
FN:21,(anonymous_5)
FN:38,(anonymous_6)
FNF:7
FNH:7
FNDA:1,(anonymous_0)
FNDA:1,(anonymous_1)
FNDA:6,(anonymous_2)
FNDA:6,(anonymous_3)
FNDA:6,(anonymous_4)
FNDA:6,(anonymous_5)
FNDA:6,(anonymous_6)
DA:6,1
DA:9,1
DA:10,1
DA:14,1
DA:16,6
DA:19,6
DA:20,6
DA:21,6
DA:38,6
LF:9
LH:9
BRDA:16,0,0,1
BRDA:16,0,1,5
BRDA:21,1,0,1
BRDA:21,1,1,5
BRF:4
BRH:4
end_of_record
TN:
SF:src\hub-table\index.tsx
FN:37,arrayColumnsToObject
FN:39,(anonymous_1)
FN:46,recursiveData
FN:65,HubTableInner
FN:87,(anonymous_4)
FN:87,(anonymous_5)
FN:96,dataSorter
FN:98,(anonymous_7)
FN:110,handleSort
FN:122,(anonymous_9)
FN:122,(anonymous_10)
FN:131,handleScroll
FN:137,(anonymous_12)
FN:140,(anonymous_13)
FN:146,(anonymous_14)
FN:167,(anonymous_15)
FN:183,(anonymous_16)
FN:184,(anonymous_17)
FN:204,(anonymous_18)
FN:209,(anonymous_19)
FN:230,(anonymous_20)
FN:250,(anonymous_21)
FN:257,(anonymous_22)
FN:259,(anonymous_23)
FN:291,(anonymous_24)
FN:297,(anonymous_25)
FNF:26
FNH:3
FNDA:1,arrayColumnsToObject
FNDA:0,(anonymous_1)
FNDA:0,recursiveData
FNDA:1,HubTableInner
FNDA:0,(anonymous_4)
FNDA:0,(anonymous_5)
FNDA:0,dataSorter
FNDA:0,(anonymous_7)
FNDA:0,handleSort
FNDA:0,(anonymous_9)
FNDA:0,(anonymous_10)
FNDA:0,handleScroll
FNDA:0,(anonymous_12)
FNDA:0,(anonymous_13)
FNDA:0,(anonymous_14)
FNDA:1,(anonymous_15)
FNDA:0,(anonymous_16)
FNDA:0,(anonymous_17)
FNDA:0,(anonymous_18)
FNDA:0,(anonymous_19)
FNDA:0,(anonymous_20)
FNDA:0,(anonymous_21)
FNDA:0,(anonymous_22)
FNDA:0,(anonymous_23)
FNDA:0,(anonymous_24)
FNDA:0,(anonymous_25)
DA:38,1
DA:40,0
DA:41,0
DA:51,0
DA:53,0
DA:54,0
DA:60,0
DA:63,1
DA:83,1
DA:85,1
DA:87,1
DA:88,1
DA:90,1
DA:91,1
DA:94,1
DA:97,0
DA:99,0
DA:100,0
DA:101,0
DA:102,0
DA:103,0
DA:111,0
DA:112,0
DA:114,0
DA:116,0
DA:117,0
DA:121,0
DA:122,0
DA:126,0
DA:132,0
DA:133,0
DA:137,0
DA:138,0
DA:139,0
DA:140,0
DA:146,1
DA:147,0
DA:148,0
DA:149,0
DA:150,0
DA:151,0
DA:154,0
DA:167,1
DA:168,1
DA:170,1
DA:171,1
DA:172,0
DA:174,1
DA:178,1
DA:181,1
DA:183,0
DA:185,0
DA:193,1
DA:205,0
DA:210,0
DA:230,0
DA:251,0
DA:257,0
DA:260,0
DA:292,0
DA:298,0
DA:337,1
LF:62
LH:19
BRDA:39,0,0,1
BRDA:39,0,1,1
BRDA:88,1,0,1
BRDA:88,1,1,0
BRDA:90,2,0,1
BRDA:90,2,1,0
BRDA:99,3,0,0
BRDA:99,3,1,0
BRDA:100,4,0,0
BRDA:100,4,1,0
BRDA:101,5,0,0
BRDA:101,5,1,0
BRDA:102,6,0,0
BRDA:102,6,1,0
BRDA:103,7,0,0
BRDA:103,7,1,0
BRDA:111,8,0,0
BRDA:111,8,1,0
BRDA:116,9,0,0
BRDA:116,9,1,0
BRDA:122,10,0,0
BRDA:122,10,1,0
BRDA:132,11,0,0
BRDA:132,11,1,0
BRDA:132,12,0,0
BRDA:132,12,1,0
BRDA:132,12,2,0
BRDA:133,13,0,0
BRDA:133,13,1,0
BRDA:146,14,0,0
BRDA:147,15,0,0
BRDA:147,15,1,0
BRDA:148,16,0,0
BRDA:148,16,1,0
BRDA:148,17,0,0
BRDA:148,17,1,0
BRDA:150,18,0,0
BRDA:150,18,1,0
BRDA:158,19,0,0
BRDA:158,19,1,0
BRDA:160,20,0,0
BRDA:160,20,1,0
BRDA:170,21,0,1
BRDA:170,21,1,0
BRDA:171,22,0,0
BRDA:171,22,1,1
BRDA:186,23,0,0
BRDA:186,23,1,0
BRDA:199,24,0,0
BRDA:199,24,1,1
BRDA:202,25,0,1
BRDA:202,25,1,1
BRDA:222,26,0,0
BRDA:222,26,1,0
BRDA:222,27,0,0
BRDA:222,27,1,0
BRDA:232,28,0,0
BRDA:232,28,1,0
BRDA:266,29,0,0
BRDA:266,29,1,0
BRDA:289,30,0,1
BRDA:289,30,1,0
BRDA:330,31,0,1
BRDA:330,31,1,0
BRF:64
BRH:11
end_of_record
TN:
SF:src\hub-table\sort-normal.tsx
FN:3,(anonymous_0)
FNF:1
FNH:0
FNDA:0,(anonymous_0)
DA:4,0
LF:1
LH:0
BRF:0
BRH:0
end_of_record
TN:
SF:src\hub-table\sort.tsx
FN:3,(anonymous_0)
FNF:1
FNH:0
FNDA:0,(anonymous_0)
DA:4,0
LF:1
LH:0
BRF:0
BRH:0
end_of_record
TN:
SF:src\hub-table\styles.ts
FN:10,(anonymous_0)
FN:19,(anonymous_1)
FN:20,(anonymous_2)
FN:21,(anonymous_3)
FN:25,(anonymous_4)
FN:27,(anonymous_5)
FN:36,(anonymous_6)
FN:54,(anonymous_7)
FN:55,(anonymous_8)
FN:56,(anonymous_9)
FN:66,(anonymous_10)
FN:73,(anonymous_11)
FN:85,(anonymous_12)
FN:111,(anonymous_13)
FN:113,(anonymous_14)
FN:133,(anonymous_15)
FN:142,(anonymous_16)
FN:148,(anonymous_17)
FN:150,(anonymous_18)
FN:156,(anonymous_19)
FN:158,(anonymous_20)
FN:171,(anonymous_21)
FN:226,(anonymous_22)
FN:228,(anonymous_23)
FN:240,(anonymous_24)
FN:241,(anonymous_25)
FN:242,(anonymous_26)
FN:251,(anonymous_27)
FN:255,(anonymous_28)
FN:267,(anonymous_29)
FN:268,(anonymous_30)
FN:308,(anonymous_31)
FN:313,(anonymous_32)
FN:314,(anonymous_33)
FN:315,(anonymous_34)
FN:318,(anonymous_35)
FN:319,(anonymous_36)
FN:320,(anonymous_37)
FNF:38
FNH:3
FNDA:1,(anonymous_0)
FNDA:0,(anonymous_1)
FNDA:0,(anonymous_2)
FNDA:0,(anonymous_3)
FNDA:0,(anonymous_4)
FNDA:0,(anonymous_5)
FNDA:0,(anonymous_6)
FNDA:0,(anonymous_7)
FNDA:0,(anonymous_8)
FNDA:0,(anonymous_9)
FNDA:0,(anonymous_10)
FNDA:0,(anonymous_11)
FNDA:0,(anonymous_12)
FNDA:0,(anonymous_13)
FNDA:0,(anonymous_14)
FNDA:0,(anonymous_15)
FNDA:0,(anonymous_16)
FNDA:0,(anonymous_17)
FNDA:0,(anonymous_18)
FNDA:0,(anonymous_19)
FNDA:0,(anonymous_20)
FNDA:0,(anonymous_21)
FNDA:0,(anonymous_22)
FNDA:0,(anonymous_23)
FNDA:0,(anonymous_24)
FNDA:0,(anonymous_25)
FNDA:0,(anonymous_26)
FNDA:0,(anonymous_27)
FNDA:0,(anonymous_28)
FNDA:1,(anonymous_29)
FNDA:1,(anonymous_30)
FNDA:0,(anonymous_31)
FNDA:0,(anonymous_32)
FNDA:0,(anonymous_33)
FNDA:0,(anonymous_34)
FNDA:0,(anonymous_35)
FNDA:0,(anonymous_36)
FNDA:0,(anonymous_37)
DA:6,1
DA:10,1
DA:13,1
DA:19,0
DA:20,0
DA:21,0
DA:25,0
DA:28,0
DA:37,0
DA:45,1
DA:54,0
DA:55,0
DA:57,0
DA:67,0
DA:74,0
DA:84,1
DA:85,0
DA:99,1
DA:107,1
DA:111,0
DA:114,0
DA:115,0
DA:130,0
DA:133,0
DA:141,1
DA:142,0
DA:145,1
DA:148,0
DA:151,0
DA:156,0
DA:158,0
DA:182,0
DA:189,0
DA:195,0
DA:199,0
DA:201,0
DA:226,0
DA:229,0
DA:237,1
DA:240,0
DA:241,0
DA:242,0
DA:245,1
DA:251,0
DA:255,0
DA:259,1
DA:267,1
DA:268,1
DA:303,1
DA:308,0
DA:313,0
DA:314,0
DA:315,0
DA:318,0
DA:319,0
DA:320,0
LF:56
LH:15
BRDA:10,0,0,0
BRDA:10,0,1,1
BRDA:19,1,0,0
BRDA:19,1,1,0
BRDA:20,2,0,0
BRDA:20,2,1,0
BRDA:28,3,0,0
BRDA:28,3,1,0
BRDA:37,4,0,0
BRDA:37,4,1,0
BRDA:54,5,0,0
BRDA:54,5,1,0
BRDA:55,6,0,0
BRDA:55,6,1,0
BRDA:57,7,0,0
BRDA:57,7,1,0
BRDA:67,8,0,0
BRDA:67,8,1,0
BRDA:74,9,0,0
BRDA:74,9,1,0
BRDA:94,10,0,0
BRDA:94,10,1,0
BRDA:111,11,0,0
BRDA:111,11,1,0
BRDA:114,12,0,0
BRDA:114,12,1,0
BRDA:120,13,0,0
BRDA:120,13,1,0
BRDA:148,14,0,0
BRDA:148,14,1,0
BRDA:151,15,0,0
BRDA:151,15,1,0
BRDA:151,16,0,0
BRDA:151,16,1,0
BRDA:151,16,2,0
BRDA:151,16,3,0
BRDA:160,17,0,0
BRDA:160,17,1,0
BRDA:160,18,0,0
BRDA:160,18,1,0
BRDA:162,19,0,0
BRDA:162,19,1,0
BRDA:166,20,0,0
BRDA:166,20,1,0
BRDA:182,21,0,0
BRDA:182,21,1,0
BRDA:182,22,0,0
BRDA:182,22,1,0
BRDA:184,23,0,0
BRDA:184,23,1,0
BRDA:189,24,0,0
BRDA:189,24,1,0
BRDA:189,25,0,0
BRDA:189,25,1,0
BRDA:191,26,0,0
BRDA:191,26,1,0
BRDA:195,27,0,0
BRDA:195,27,1,0
BRDA:196,28,0,0
BRDA:196,28,1,0
BRDA:199,29,0,0
BRDA:199,29,1,0
BRDA:201,30,0,0
BRDA:201,30,1,0
BRDA:201,31,0,0
BRDA:201,31,1,0
BRDA:201,31,2,0
BRDA:213,32,0,0
BRDA:213,32,1,0
BRDA:226,33,0,0
BRDA:226,33,1,0
BRDA:229,34,0,0
BRDA:229,34,1,0
BRDA:240,35,0,0
BRDA:240,35,1,0
BRDA:241,36,0,0
BRDA:241,36,1,0
BRDA:251,37,0,0
BRDA:251,37,1,0
BRDA:267,38,0,1
BRDA:267,38,1,1
BRDA:268,39,0,0
BRDA:268,39,1,1
BRF:83
BRH:4
end_of_record
TN:
SF:src\hub-tabs\index.tsx
FN:6,HubTabs
FN:9,(anonymous_1)
FN:19,(anonymous_2)
FN:29,(anonymous_3)
FN:42,HubTab
FNF:5
FNH:2
FNDA:1,HubTabs
FNDA:1,(anonymous_1)
FNDA:0,(anonymous_2)
FNDA:0,(anonymous_3)
FNDA:0,HubTab
DA:7,1
DA:9,1
DA:10,1
DA:11,0
DA:15,1
DA:20,0
DA:30,0
DA:31,0
DA:32,0
DA:33,0
DA:43,0
LF:11
LH:4
BRDA:10,0,0,0
BRDA:10,0,1,1
BRDA:20,1,0,0
BRDA:20,1,1,0
BRDA:22,2,0,0
BRDA:22,2,1,0
BRDA:23,3,0,0
BRDA:23,3,1,0
BRDA:24,4,0,0
BRDA:24,4,1,0
BRDA:26,5,0,0
BRDA:26,5,1,0
BRDA:30,6,0,0
BRDA:30,6,1,0
BRDA:30,7,0,0
BRDA:30,7,1,0
BRDA:31,8,0,0
BRDA:31,8,1,0
BRDA:32,9,0,0
BRDA:32,9,1,0
BRF:20
BRH:1
end_of_record
TN:
SF:src\hub-tabs\styles.ts
FN:8,(anonymous_0)
FN:9,(anonymous_1)
FN:18,(anonymous_2)
FN:19,(anonymous_3)
FN:21,(anonymous_4)
FN:22,(anonymous_5)
FN:23,(anonymous_6)
FN:27,(anonymous_7)
FN:50,(anonymous_8)
FN:52,(anonymous_9)
FNF:10
FNH:2
FNDA:1,(anonymous_0)
FNDA:1,(anonymous_1)
FNDA:0,(anonymous_2)
FNDA:0,(anonymous_3)
FNDA:0,(anonymous_4)
FNDA:0,(anonymous_5)
FNDA:0,(anonymous_6)
FNDA:0,(anonymous_7)
FNDA:0,(anonymous_8)
FNDA:0,(anonymous_9)
DA:5,1
DA:8,1
DA:9,1
DA:14,1
DA:18,0
DA:19,0
DA:21,0
DA:22,0
DA:23,0
DA:28,0
DA:40,0
DA:44,0
DA:50,0
DA:53,0
LF:14
LH:4
BRDA:9,0,0,1
BRDA:9,0,1,0
BRDA:19,1,0,0
BRDA:19,1,1,0
BRDA:21,2,0,0
BRDA:21,2,1,0
BRDA:21,3,0,0
BRDA:21,3,1,0
BRDA:22,4,0,0
BRDA:22,4,1,0
BRDA:28,5,0,0
BRDA:28,5,1,0
BRDA:30,6,0,0
BRDA:30,6,1,0
BRDA:30,7,0,0
BRDA:30,7,1,0
BRDA:32,8,0,0
BRDA:32,8,1,0
BRDA:34,9,0,0
BRDA:34,9,1,0
BRDA:34,10,0,0
BRDA:34,10,1,0
BRDA:36,11,0,0
BRDA:36,11,1,0
BRDA:40,12,0,0
BRDA:40,12,1,0
BRDA:40,13,0,0
BRDA:40,13,1,0
BRDA:41,14,0,0
BRDA:41,14,1,0
BRF:30
BRH:1
end_of_record
TN:
SF:src\hub-text\index.tsx
FN:12,format
FN:22,HubText
FN:23,(anonymous_2)
FNF:3
FNH:3
FNDA:1,format
FNDA:1,HubText
FNDA:1,(anonymous_2)
DA:13,1
DA:15,0
DA:16,0
DA:17,0
DA:19,0
DA:23,1
DA:24,1
DA:26,1
DA:28,0
DA:30,0
DA:32,0
DA:34,0
DA:36,1
LF:13
LH:5
BRDA:13,0,0,1
BRDA:13,0,1,0
BRDA:13,1,0,1
BRDA:13,1,1,0
BRDA:15,2,0,0
BRDA:15,2,1,0
BRDA:17,3,0,0
BRDA:17,3,1,0
BRDA:26,4,0,0
BRDA:26,4,1,0
BRDA:26,4,2,0
BRDA:26,4,3,0
BRDA:26,4,4,1
BRF:13
BRH:3
end_of_record
TN:
SF:src\hub-text\styles.ts
FN:6,(anonymous_0)
FN:7,(anonymous_1)
FN:8,(anonymous_2)
FN:16,(anonymous_3)
FN:18,(anonymous_4)
FN:19,(anonymous_5)
FN:20,(anonymous_6)
FN:24,(anonymous_7)
FN:25,(anonymous_8)
FN:26,(anonymous_9)
FN:31,(anonymous_10)
FN:32,(anonymous_11)
FN:33,(anonymous_12)
FN:34,(anonymous_13)
FN:39,(anonymous_14)
FN:40,(anonymous_15)
FN:41,(anonymous_16)
FN:42,(anonymous_17)
FN:47,(anonymous_18)
FN:48,(anonymous_19)
FN:49,(anonymous_20)
FN:50,(anonymous_21)
FN:55,(anonymous_22)
FN:56,(anonymous_23)
FN:57,(anonymous_24)
FN:58,(anonymous_25)
FN:63,(anonymous_26)
FNF:27
FNH:11
FNDA:1,(anonymous_0)
FNDA:1,(anonymous_1)
FNDA:1,(anonymous_2)
FNDA:1,(anonymous_3)
FNDA:1,(anonymous_4)
FNDA:1,(anonymous_5)
FNDA:1,(anonymous_6)
FNDA:1,(anonymous_7)
FNDA:1,(anonymous_8)
FNDA:1,(anonymous_9)
FNDA:0,(anonymous_10)
FNDA:0,(anonymous_11)
FNDA:0,(anonymous_12)
FNDA:0,(anonymous_13)
FNDA:0,(anonymous_14)
FNDA:0,(anonymous_15)
FNDA:0,(anonymous_16)
FNDA:0,(anonymous_17)
FNDA:0,(anonymous_18)
FNDA:0,(anonymous_19)
FNDA:0,(anonymous_20)
FNDA:0,(anonymous_21)
FNDA:0,(anonymous_22)
FNDA:0,(anonymous_23)
FNDA:0,(anonymous_24)
FNDA:0,(anonymous_25)
FNDA:1,(anonymous_26)
DA:5,1
DA:6,1
DA:7,1
DA:9,1
DA:17,1
DA:18,1
DA:19,1
DA:20,1
DA:24,1
DA:25,1
DA:27,1
DA:30,1
DA:31,0
DA:32,0
DA:33,0
DA:34,0
DA:38,1
DA:39,0
DA:40,0
DA:41,0
DA:42,0
DA:46,1
DA:47,0
DA:48,0
DA:49,0
DA:50,0
DA:54,1
DA:55,0
DA:56,0
DA:57,0
DA:58,0
DA:62,1
DA:63,1
LF:33
LH:17
BRDA:6,0,0,1
BRDA:6,0,1,1
BRDA:9,1,0,0
BRDA:9,1,1,1
BRDA:9,2,0,1
BRDA:9,2,1,0
BRDA:11,3,0,0
BRDA:11,3,1,1
BRDA:11,4,0,1
BRDA:11,4,1,0
BRDA:13,5,0,0
BRDA:13,5,1,1
BRDA:17,6,0,0
BRDA:17,6,1,1
BRDA:17,7,0,0
BRDA:17,7,1,1
BRDA:24,8,0,1
BRDA:24,8,1,0
BRDA:25,9,0,1
BRDA:25,9,1,0
BRDA:27,10,0,1
BRDA:27,10,1,0
BRDA:27,11,0,0
BRDA:27,11,1,0
BRDA:64,12,0,1
BRDA:64,12,1,0
BRDA:65,13,0,1
BRDA:65,13,1,0
BRDA:66,14,0,1
BRDA:66,14,1,0
BRDA:67,15,0,1
BRDA:67,15,1,0
BRF:32
BRH:16
end_of_record
TN:
SF:src\hub-text-field\calendar.tsx
FN:3,(anonymous_0)
FNF:1
FNH:0
FNDA:0,(anonymous_0)
DA:4,0
LF:1
LH:0
BRF:0
BRH:0
end_of_record
TN:
SF:src\hub-text-field\icon-close.tsx
FN:3,(anonymous_0)
FNF:1
FNH:0
FNDA:0,(anonymous_0)
DA:4,0
LF:1
LH:0
BRF:0
BRH:0
end_of_record
TN:
SF:src\hub-text-field\index.tsx
FN:32,updateInputValue
FN:41,HubTextFieldInner
FN:72,(anonymous_2)
FN:75,(anonymous_3)
FN:92,(anonymous_4)
FN:110,(anonymous_5)
FN:119,(anonymous_6)
FN:123,mutation
FN:132,handleChange
FN:140,(anonymous_9)
FN:144,handlePicker
FN:154,handleClear
FN:160,handleScroll
FN:171,(anonymous_13)
FN:175,(anonymous_14)
FN:181,(anonymous_15)
FN:218,(anonymous_16)
FN:219,(anonymous_17)
FN:234,(anonymous_18)
FN:235,(anonymous_19)
FN:252,(anonymous_20)
FN:253,(anonymous_21)
FNF:22
FNH:9
FNDA:2,updateInputValue
FNDA:1,HubTextFieldInner
FNDA:1,(anonymous_2)
FNDA:1,(anonymous_3)
FNDA:1,(anonymous_4)
FNDA:1,(anonymous_5)
FNDA:1,(anonymous_6)
FNDA:0,mutation
FNDA:0,handleChange
FNDA:0,(anonymous_9)
FNDA:0,handlePicker
FNDA:0,handleClear
FNDA:0,handleScroll
FNDA:1,(anonymous_13)
FNDA:1,(anonymous_14)
FNDA:0,(anonymous_15)
FNDA:0,(anonymous_16)
FNDA:0,(anonymous_17)
FNDA:0,(anonymous_18)
FNDA:0,(anonymous_19)
FNDA:0,(anonymous_20)
FNDA:0,(anonymous_21)
DA:22,1
DA:24,1
DA:33,2
DA:34,0
DA:35,0
DA:37,0
DA:72,1
DA:73,1
DA:75,1
DA:76,1
DA:78,0
DA:80,0
DA:82,0
DA:84,0
DA:86,0
DA:88,1
DA:92,1
DA:93,1
DA:102,0
DA:104,0
DA:106,1
DA:110,1
DA:111,1
DA:119,1
DA:120,1
DA:124,0
DA:126,0
DA:128,0
DA:133,0
DA:135,0
DA:136,0
DA:137,0
DA:139,0
DA:140,0
DA:145,0
DA:146,0
DA:147,0
DA:149,0
DA:155,0
DA:156,0
DA:157,0
DA:161,0
DA:162,0
DA:163,0
DA:165,0
DA:166,0
DA:171,1
DA:172,1
DA:175,1
DA:176,1
DA:179,1
DA:181,0
DA:189,1
DA:218,0
DA:219,0
DA:234,0
DA:235,0
DA:252,0
DA:253,0
DA:298,1
LF:60
LH:22
BRDA:33,0,0,2
BRDA:33,0,1,0
BRDA:33,1,0,2
BRDA:33,1,1,2
BRDA:34,2,0,0
BRDA:34,2,1,0
BRDA:76,3,0,0
BRDA:76,3,1,0
BRDA:76,3,2,0
BRDA:76,3,3,0
BRDA:76,3,4,0
BRDA:76,3,5,1
BRDA:93,4,0,0
BRDA:93,4,1,0
BRDA:93,4,2,0
BRDA:93,4,3,0
BRDA:93,4,4,0
BRDA:93,4,5,0
BRDA:93,4,6,0
BRDA:93,4,7,0
BRDA:93,4,8,0
BRDA:93,4,9,1
BRDA:112,5,0,1
BRDA:112,5,1,0
BRDA:120,6,0,1
BRDA:120,6,1,0
BRDA:120,6,2,0
BRDA:120,6,3,0
BRDA:124,7,0,0
BRDA:124,7,1,0
BRDA:133,8,0,0
BRDA:133,8,1,0
BRDA:136,9,0,0
BRDA:136,9,1,0
BRDA:139,10,0,0
BRDA:139,10,1,0
BRDA:145,11,0,0
BRDA:145,11,1,0
BRDA:146,12,0,0
BRDA:146,12,1,0
BRDA:161,13,0,0
BRDA:161,13,1,0
BRDA:162,14,0,0
BRDA:162,14,1,0
BRDA:165,15,0,0
BRDA:165,15,1,0
BRDA:191,16,0,1
BRDA:191,16,1,0
BRDA:194,17,0,0
BRDA:194,17,1,0
BRDA:200,18,0,0
BRDA:200,18,1,1
BRDA:202,19,0,0
BRDA:202,19,1,1
BRDA:211,20,0,0
BRDA:211,20,1,0
BRDA:216,21,0,0
BRDA:216,21,1,0
BRDA:216,21,2,0
BRDA:216,21,3,0
BRDA:222,22,0,0
BRDA:222,22,1,1
BRDA:229,23,0,0
BRDA:229,23,1,0
BRDA:232,24,0,0
BRDA:232,24,1,0
BRDA:232,24,2,0
BRDA:232,24,3,0
BRDA:246,25,0,1
BRDA:246,25,1,1
BRDA:249,26,0,1
BRDA:249,26,1,1
BRDA:249,26,2,1
BRDA:249,26,3,1
BRDA:258,27,0,1
BRDA:258,27,1,1
BRDA:258,27,2,1
BRDA:258,27,3,1
BRDA:258,27,4,0
BRDA:261,28,0,0
BRDA:261,28,1,1
BRDA:265,29,0,0
BRDA:265,29,1,1
BRDA:276,30,0,1
BRDA:276,30,1,0
BRDA:291,31,0,1
BRDA:291,31,1,1
BRDA:291,31,2,0
BRDA:292,32,0,0
BRDA:292,32,1,0
BRF:90
BRH:26
end_of_record
TN:
SF:src\hub-text-field\styles.ts
FN:11,(anonymous_0)
FN:12,(anonymous_1)
FN:13,(anonymous_2)
FN:19,(anonymous_3)
FN:20,(anonymous_4)
FN:25,(anonymous_5)
FN:26,(anonymous_6)
FN:36,(anonymous_7)
FN:38,(anonymous_8)
FN:43,(anonymous_9)
FN:44,(anonymous_10)
FN:45,(anonymous_11)
FN:46,(anonymous_12)
FN:48,(anonymous_13)
FN:49,(anonymous_14)
FN:62,(anonymous_15)
FN:63,(anonymous_16)
FN:64,(anonymous_17)
FN:66,(anonymous_18)
FN:67,(anonymous_19)
FN:82,(anonymous_20)
FN:89,(anonymous_21)
FN:94,(anonymous_22)
FN:109,(anonymous_23)
FN:122,(anonymous_24)
FN:149,(anonymous_25)
FN:158,(anonymous_26)
FN:165,(anonymous_27)
FN:167,(anonymous_28)
FN:188,(anonymous_29)
FN:201,(anonymous_30)
FN:216,(anonymous_31)
FNF:32
FNH:14
FNDA:0,(anonymous_0)
FNDA:0,(anonymous_1)
FNDA:0,(anonymous_2)
FNDA:0,(anonymous_3)
FNDA:0,(anonymous_4)
FNDA:0,(anonymous_5)
FNDA:0,(anonymous_6)
FNDA:1,(anonymous_7)
FNDA:1,(anonymous_8)
FNDA:0,(anonymous_9)
FNDA:0,(anonymous_10)
FNDA:0,(anonymous_11)
FNDA:0,(anonymous_12)
FNDA:0,(anonymous_13)
FNDA:0,(anonymous_14)
FNDA:0,(anonymous_15)
FNDA:0,(anonymous_16)
FNDA:0,(anonymous_17)
FNDA:0,(anonymous_18)
FNDA:0,(anonymous_19)
FNDA:1,(anonymous_20)
FNDA:1,(anonymous_21)
FNDA:1,(anonymous_22)
FNDA:1,(anonymous_23)
FNDA:1,(anonymous_24)
FNDA:1,(anonymous_25)
FNDA:1,(anonymous_26)
FNDA:1,(anonymous_27)
FNDA:1,(anonymous_28)
FNDA:1,(anonymous_29)
FNDA:1,(anonymous_30)
FNDA:1,(anonymous_31)
DA:7,1
DA:11,0
DA:12,0
DA:13,0
DA:17,1
DA:19,0
DA:20,0
DA:23,1
DA:25,0
DA:26,0
DA:29,1
DA:30,1
DA:31,1
DA:33,1
DA:36,1
DA:38,1
DA:42,1
DA:43,0
DA:44,0
DA:45,0
DA:46,0
DA:48,0
DA:49,0
DA:53,1
DA:61,1
DA:62,0
DA:63,0
DA:64,0
DA:66,0
DA:67,0
DA:70,1
DA:74,1
DA:82,1
DA:89,1
DA:95,1
DA:110,1
DA:130,1
DA:131,0
DA:133,1
DA:134,0
DA:140,1
DA:150,1
DA:159,1
DA:165,1
DA:168,1
DA:169,0
DA:170,0
DA:171,0
DA:175,0
DA:176,0
DA:180,0
DA:181,0
DA:183,0
DA:189,1
DA:201,1
DA:216,1
LF:56
LH:28
BRDA:36,0,0,0
BRDA:36,0,1,1
BRDA:82,1,0,1
BRDA:95,2,0,0
BRDA:95,2,1,1
BRDA:97,3,0,0
BRDA:97,3,1,1
BRDA:97,4,0,1
BRDA:97,4,1,0
BRDA:99,5,0,0
BRDA:99,5,1,1
BRDA:99,6,0,1
BRDA:99,6,1,0
BRDA:101,7,0,0
BRDA:101,7,1,1
BRDA:110,8,0,0
BRDA:110,8,1,1
BRDA:110,9,0,1
BRDA:110,9,1,0
BRDA:112,10,0,0
BRDA:112,10,1,1
BRDA:112,11,0,1
BRDA:112,11,1,0
BRDA:114,12,0,0
BRDA:114,12,1,1
BRDA:130,13,0,0
BRDA:130,13,1,1
BRDA:133,14,0,0
BRDA:133,14,1,1
BRDA:134,15,0,0
BRDA:134,15,1,0
BRDA:134,16,0,0
BRDA:134,16,1,0
BRDA:136,17,0,0
BRDA:136,17,1,0
BRDA:140,18,0,0
BRDA:140,18,1,1
BRDA:140,19,0,1
BRDA:140,19,1,0
BRDA:142,20,0,0
BRDA:142,20,1,1
BRDA:142,21,0,1
BRDA:142,21,1,0
BRDA:144,22,0,0
BRDA:144,22,1,1
BRDA:150,23,0,0
BRDA:150,23,1,1
BRDA:150,24,0,1
BRDA:150,24,1,0
BRDA:152,25,0,0
BRDA:152,25,1,1
BRDA:152,26,0,1
BRDA:152,26,1,0
BRDA:154,27,0,0
BRDA:154,27,1,1
BRDA:159,28,0,0
BRDA:159,28,1,1
BRDA:165,29,0,0
BRDA:165,29,1,1
BRDA:168,30,0,1
BRDA:168,30,1,0
BRDA:169,31,0,0
BRDA:169,31,1,0
BRDA:170,32,0,0
BRDA:170,32,1,0
BRDA:175,33,0,0
BRDA:175,33,1,0
BRDA:180,34,0,0
BRDA:180,34,1,0
BRDA:189,35,0,0
BRDA:189,35,1,1
BRDA:191,36,0,0
BRDA:191,36,1,1
BRDA:191,37,0,1
BRDA:191,37,1,0
BRDA:193,38,0,0
BRDA:193,38,1,1
BRDA:193,39,0,1
BRDA:193,39,1,0
BRDA:195,40,0,0
BRDA:195,40,1,1
BRDA:204,41,0,0
BRDA:204,41,1,1
BRDA:204,42,0,1
BRDA:204,42,1,0
BRDA:206,43,0,0
BRDA:206,43,1,1
BRDA:206,44,0,1
BRDA:206,44,1,0
BRDA:208,45,0,0
BRDA:208,45,1,1
BRDA:216,46,0,1
BRDA:216,46,1,1
BRF:93
BRH:41
end_of_record
TN:
SF:src\hub-toggle\index.tsx
FN:12,HubToggle
FN:23,(anonymous_1)
FN:40,(anonymous_2)
FNF:3
FNH:1
FNDA:1,HubToggle
FNDA:0,(anonymous_1)
FNDA:0,(anonymous_2)
DA:18,1
DA:24,0
DA:25,0
DA:26,0
DA:27,0
DA:40,0
LF:6
LH:1
BRDA:25,0,0,0
BRDA:25,0,1,0
BRDA:42,1,0,1
BRDA:42,1,1,1
BRF:4
BRH:2
end_of_record
TN:
SF:src\hub-toggle\styles.ts
FN:25,(anonymous_0)
FN:26,(anonymous_1)
FN:27,(anonymous_2)
FN:28,(anonymous_3)
FN:30,(anonymous_4)
FN:36,(anonymous_5)
FN:44,(anonymous_6)
FN:50,(anonymous_7)
FN:55,(anonymous_8)
FN:59,(anonymous_9)
FN:65,(anonymous_10)
FN:70,(anonymous_11)
FNF:12
FNH:12
FNDA:1,(anonymous_0)
FNDA:1,(anonymous_1)
FNDA:1,(anonymous_2)
FNDA:1,(anonymous_3)
FNDA:1,(anonymous_4)
FNDA:1,(anonymous_5)
FNDA:1,(anonymous_6)
FNDA:1,(anonymous_7)
FNDA:1,(anonymous_8)
FNDA:1,(anonymous_9)
FNDA:1,(anonymous_10)
FNDA:1,(anonymous_11)
DA:5,1
DA:14,1
DA:20,1
DA:24,1
DA:25,1
DA:26,1
DA:27,1
DA:28,1
DA:30,1
DA:33,1
DA:37,1
DA:45,1
DA:46,1
DA:48,0
DA:50,1
DA:55,1
DA:60,1
DA:61,0
DA:63,1
DA:65,1
DA:71,1
LF:21
LH:19
BRDA:37,0,0,0
BRDA:37,0,1,1
BRDA:39,1,0,0
BRDA:39,1,1,1
BRDA:45,2,0,1
BRDA:45,2,1,0
BRDA:46,3,0,1
BRDA:46,3,1,1
BRDA:51,4,0,0
BRDA:51,4,1,1
BRDA:52,5,0,0
BRDA:52,5,1,1
BRDA:53,6,0,0
BRDA:53,6,1,1
BRDA:55,7,0,0
BRDA:55,7,1,1
BRDA:60,8,0,0
BRDA:60,8,1,1
BRDA:66,9,0,0
BRDA:66,9,1,1
BRDA:67,10,0,0
BRDA:67,10,1,1
BRDA:68,11,0,0
BRDA:68,11,1,1
BRDA:71,12,0,1
BRDA:71,12,1,0
BRF:26
BRH:14
end_of_record
TN:
SF:src\hub-token\index.tsx
FN:7,HubToken
FN:16,(anonymous_1)
FN:18,mountRefs
FN:19,(anonymous_3)
FN:24,handleChange
FN:40,(anonymous_5)
FN:43,handlePaste
FN:49,(anonymous_7)
FN:50,(anonymous_8)
FN:61,(anonymous_9)
FN:70,(anonymous_10)
FNF:11
FNH:7
FNDA:1,HubToken
FNDA:1,(anonymous_1)
FNDA:8,mountRefs
FNDA:6,(anonymous_3)
FNDA:0,handleChange
FNDA:0,(anonymous_5)
FNDA:0,handlePaste
FNDA:1,(anonymous_7)
FNDA:4,(anonymous_8)
FNDA:4,(anonymous_9)
FNDA:0,(anonymous_10)
DA:14,1
DA:16,1
DA:19,8
DA:20,4
DA:25,0
DA:27,0
DA:28,0
DA:30,0
DA:33,0
DA:34,0
DA:35,0
DA:36,0
DA:39,0
DA:40,0
DA:44,0
DA:45,0
DA:46,0
DA:49,1
DA:50,1
DA:51,4
DA:52,0
DA:54,4
DA:59,1
DA:62,4
DA:70,0
LF:25
LH:10
BRDA:9,0,0,1
BRDA:10,1,0,1
BRDA:19,2,0,4
BRDA:19,2,1,4
BRDA:19,3,0,8
BRDA:19,3,1,4
BRDA:27,4,0,0
BRDA:27,4,1,0
BRDA:33,5,0,0
BRDA:33,5,1,0
BRDA:35,6,0,0
BRDA:35,6,1,0
BRDA:45,7,0,0
BRDA:45,7,1,0
BRDA:51,8,0,0
BRDA:51,8,1,4
BRDA:51,9,0,4
BRDA:51,9,1,0
BRF:18
BRH:8
end_of_record
TN:
SF:src\hub-token\styles.ts
FN:10,(anonymous_0)
FN:20,(anonymous_1)
FN:23,(anonymous_2)
FN:32,(anonymous_3)
FN:40,(anonymous_4)
FN:53,(anonymous_5)
FNF:6
FNH:6
FNDA:4,(anonymous_0)
FNDA:1,(anonymous_1)
FNDA:1,(anonymous_2)
FNDA:1,(anonymous_3)
FNDA:1,(anonymous_4)
FNDA:1,(anonymous_5)
DA:5,1
DA:10,4
DA:17,1
DA:20,1
DA:23,1
DA:33,1
DA:41,1
DA:42,0
DA:46,1
DA:54,1
LF:10
LH:9
BRDA:23,0,0,1
BRDA:33,1,0,0
BRDA:33,1,1,1
BRDA:33,2,0,1
BRDA:33,2,1,0
BRDA:35,3,0,0
BRDA:35,3,1,1
BRDA:41,4,0,0
BRDA:41,4,1,1
BRDA:42,5,0,0
BRDA:42,5,1,0
BRDA:42,6,0,0
BRDA:42,6,1,0
BRDA:46,7,0,0
BRDA:46,7,1,1
BRDA:46,8,0,1
BRDA:46,8,1,0
BRDA:48,9,0,0
BRDA:48,9,1,1
BRDA:54,10,0,0
BRDA:54,10,1,1
BRDA:54,11,0,1
BRDA:54,11,1,0
BRDA:56,12,0,0
BRDA:56,12,1,1
BRF:25
BRH:11
end_of_record
TN:
SF:src\hub-tooltip\index.tsx
FN:7,HubTooltip
FNF:1
FNH:1
FNDA:1,HubTooltip
DA:13,1
LF:1
LH:1
BRDA:16,0,0,1
BRDA:16,0,1,1
BRF:2
BRH:2
end_of_record
TN:
SF:src\hub-tooltip\styles.ts
FN:10,(anonymous_0)
FN:11,(anonymous_1)
FN:12,(anonymous_2)
FN:13,(anonymous_3)
FN:14,(anonymous_4)
FN:15,(anonymous_5)
FN:16,(anonymous_6)
FN:22,(anonymous_7)
FN:24,(anonymous_8)
FN:32,(anonymous_9)
FN:43,(anonymous_10)
FN:44,(anonymous_11)
FN:45,(anonymous_12)
FN:46,(anonymous_13)
FN:47,(anonymous_14)
FN:53,(anonymous_15)
FN:60,(anonymous_16)
FN:129,(anonymous_17)
FN:130,(anonymous_18)
FN:131,(anonymous_19)
FN:210,(anonymous_20)
FNF:21
FNH:21
FNDA:1,(anonymous_0)
FNDA:1,(anonymous_1)
FNDA:1,(anonymous_2)
FNDA:1,(anonymous_3)
FNDA:1,(anonymous_4)
FNDA:1,(anonymous_5)
FNDA:1,(anonymous_6)
FNDA:1,(anonymous_7)
FNDA:1,(anonymous_8)
FNDA:1,(anonymous_9)
FNDA:1,(anonymous_10)
FNDA:1,(anonymous_11)
FNDA:1,(anonymous_12)
FNDA:1,(anonymous_13)
FNDA:1,(anonymous_14)
FNDA:1,(anonymous_15)
FNDA:1,(anonymous_16)
FNDA:1,(anonymous_17)
FNDA:1,(anonymous_18)
FNDA:1,(anonymous_19)
FNDA:1,(anonymous_20)
DA:6,1
DA:10,1
DA:11,1
DA:12,1
DA:13,1
DA:14,1
DA:15,1
DA:16,1
DA:19,1
DA:23,1
DA:24,1
DA:27,1
DA:32,1
DA:43,1
DA:44,1
DA:45,1
DA:46,1
DA:48,1
DA:54,1
DA:61,1
DA:63,1
DA:65,0
DA:72,0
DA:79,0
DA:86,0
DA:93,0
DA:100,0
DA:107,0
DA:114,1
DA:129,1
DA:130,1
DA:133,1
DA:139,1
DA:141,0
DA:149,0
DA:157,0
DA:165,0
DA:173,0
DA:181,0
DA:189,0
DA:197,1
DA:211,1
LF:42
LH:28
BRDA:32,0,0,0
BRDA:32,0,1,1
BRDA:43,1,0,0
BRDA:43,1,1,1
BRDA:44,2,0,0
BRDA:44,2,1,1
BRDA:46,3,0,0
BRDA:46,3,1,1
BRDA:48,4,0,0
BRDA:48,4,1,1
BRDA:48,5,0,1
BRDA:48,5,1,0
BRDA:50,6,0,0
BRDA:50,6,1,1
BRDA:54,7,0,0
BRDA:54,7,1,1
BRDA:54,8,0,1
BRDA:54,8,1,0
BRDA:56,9,0,0
BRDA:56,9,1,1
BRDA:63,10,0,0
BRDA:63,10,1,0
BRDA:63,10,2,0
BRDA:63,10,3,0
BRDA:63,10,4,0
BRDA:63,10,5,0
BRDA:63,10,6,0
BRDA:63,10,7,1
BRDA:129,11,0,0
BRDA:129,11,1,1
BRDA:130,12,0,0
BRDA:130,12,1,1
BRDA:133,13,0,0
BRDA:133,13,1,1
BRDA:133,14,0,1
BRDA:133,14,1,0
BRDA:135,15,0,0
BRDA:135,15,1,1
BRDA:139,16,0,0
BRDA:139,16,1,0
BRDA:139,16,2,0
BRDA:139,16,3,0
BRDA:139,16,4,0
BRDA:139,16,5,0
BRDA:139,16,6,0
BRDA:139,16,7,1
BRDA:211,17,0,0
BRDA:211,17,1,1
BRDA:211,18,0,0
BRDA:211,18,1,0
BRF:50
BRH:18
end_of_record
