{"C:\\Users\\guirv\\Desenvolvimento\\Hubert\\hubert.lib.front\\packages\\organisms\\src\\hub-yes-no\\index.tsx": {"path":"C:\\Users\\guirv\\Desenvolvimento\\Hubert\\hubert.lib.front\\packages\\organisms\\src\\hub-yes-no\\index.tsx","statementMap":{"0":{"start":{"line":36,"column":12},"end":{"line":36,"column":28}},"1":{"start":{"line":38,"column":2},"end":{"line":70,"column":4}}},"fnMap":{"0":{"name":"HubYesNo","decl":{"start":{"line":25,"column":16},"end":{"line":25,"column":24}},"loc":{"start":{"line":35,"column":18},"end":{"line":71,"column":1}},"line":35}},"branchMap":{"0":{"loc":{"start":{"line":41,"column":14},"end":{"line":41,"column":52}},"type":"cond-expr","locations":[{"start":{"line":41,"column":30},"end":{"line":41,"column":37}},{"start":{"line":41,"column":40},"end":{"line":41,"column":52}}],"line":41},"1":{"loc":{"start":{"line":48,"column":11},"end":{"line":62,"column":11}},"type":"binary-expr","locations":[{"start":{"line":48,"column":11},"end":{"line":48,"column":19}},{"start":{"line":49,"column":12},"end":{"line":61,"column":22}}],"line":48}},"s":{"0":1,"1":1},"f":{"0":1},"b":{"0":[0,1],"1":[1,0]},"_coverageSchema":"1a1c01bbd47fc00a2c39e90264f33305004495a9","hash":"846a9db82b337dafb69d0a6e69e038ca922f1af1"}
}
