TN:
SF:src\utils\body.ts
FN:7,bodySerializer
FNF:1
FNH:0
FNDA:0,bodySerializer
DA:13,0
DA:14,0
DA:19,0
DA:22,0
DA:24,0
DA:26,0
LF:6
LH:0
BRDA:13,0,0,0
BRDA:13,0,1,0
BRDA:14,1,0,0
BRDA:14,1,1,0
BRDA:15,2,0,0
BRDA:15,2,1,0
BRDA:15,2,2,0
BRDA:22,3,0,0
BRDA:22,3,1,0
BRF:9
BRH:0
end_of_record
TN:
SF:src\utils\client.ts
FN:39,dataNormalizer
FN:75,httpClient
FN:132,(anonymous_2)
FN:176,factoryHttpClient
FN:203,mockHttpClient
FN:205,(anonymous_5)
FN:210,(anonymous_6)
FN:215,(anonymous_7)
FN:220,(anonymous_8)
FN:225,(anonymous_9)
FNF:10
FNH:0
FNDA:0,dataNormalizer
FNDA:0,httpClient
FNDA:0,(anonymous_2)
FNDA:0,factoryHttpClient
FNDA:0,mockHttpClient
FNDA:0,(anonymous_5)
FNDA:0,(anonymous_6)
FNDA:0,(anonymous_7)
FNDA:0,(anonymous_8)
FNDA:0,(anonymous_9)
DA:40,0
DA:41,0
DA:43,0
DA:44,0
DA:46,0
DA:47,0
DA:49,0
DA:81,0
DA:86,0
DA:87,0
DA:91,0
DA:92,0
DA:97,0
DA:103,0
DA:112,0
DA:114,0
DA:118,0
DA:132,0
DA:133,0
DA:134,0
DA:140,0
DA:141,0
DA:143,0
DA:147,0
DA:148,0
DA:156,0
DA:163,0
DA:164,0
DA:167,0
DA:177,0
DA:204,0
DA:206,0
DA:211,0
DA:216,0
DA:221,0
DA:226,0
LF:36
LH:0
BRDA:40,0,0,0
BRDA:40,0,1,0
BRDA:43,1,0,0
BRDA:43,1,1,0
BRDA:43,2,0,0
BRDA:43,2,1,0
BRDA:46,3,0,0
BRDA:46,3,1,0
BRDA:86,4,0,0
BRDA:86,4,1,0
BRDA:86,5,0,0
BRDA:86,5,1,0
BRDA:91,6,0,0
BRDA:91,6,1,0
BRDA:112,7,0,0
BRDA:112,7,1,0
BRDA:121,8,0,0
BRDA:121,8,1,0
BRDA:123,9,0,0
BRDA:123,9,1,0
BRDA:135,10,0,0
BRDA:135,10,1,0
BRDA:147,11,0,0
BRDA:147,11,1,0
BRDA:163,12,0,0
BRDA:163,12,1,0
BRDA:203,13,0,0
BRF:27
BRH:0
end_of_record
TN:
SF:src\utils\headers.ts
FN:7,headersSerializer
FNF:1
FNH:0
FNDA:0,headersSerializer
DA:14,0
DA:15,0
DA:16,0
DA:19,0
DA:21,0
DA:23,0
DA:24,0
DA:25,0
DA:29,0
DA:46,0
DA:53,0
DA:57,0
DA:59,0
LF:13
LH:0
BRDA:14,0,0,0
BRDA:14,0,1,0
BRDA:15,1,0,0
BRDA:15,1,1,0
BRDA:19,2,0,0
BRDA:19,2,1,0
BRDA:24,3,0,0
BRDA:24,3,1,0
BRDA:29,4,0,0
BRDA:29,4,1,0
BRDA:46,5,0,0
BRDA:46,5,1,0
BRDA:48,6,0,0
BRDA:48,6,1,0
BRDA:48,6,2,0
BRF:15
BRH:0
end_of_record
TN:
SF:src\utils\index.ts
FN:15,fixProtocol
FNF:1
FNH:0
FNDA:0,fixProtocol
DA:16,0
DA:17,0
LF:2
LH:0
BRDA:16,0,0,0
BRDA:16,0,1,0
BRF:2
BRH:0
end_of_record
TN:
SF:src\utils\params.ts
FN:14,paramsSerializer
FN:29,(anonymous_1)
FN:41,(anonymous_2)
FN:53,(anonymous_3)
FN:81,urlParamsSerializer
FN:95,(anonymous_5)
FN:110,parseParamsValue
FN:126,paramsBuilder
FN:139,(anonymous_8)
FN:143,(anonymous_9)
FN:149,(anonymous_10)
FN:157,(anonymous_11)
FN:161,(anonymous_12)
FN:167,(anonymous_13)
FNF:14
FNH:4
FNDA:2,paramsSerializer
FNDA:6,(anonymous_1)
FNDA:3,(anonymous_2)
FNDA:3,(anonymous_3)
FNDA:0,urlParamsSerializer
FNDA:0,(anonymous_5)
FNDA:0,parseParamsValue
FNDA:0,paramsBuilder
FNDA:0,(anonymous_8)
FNDA:0,(anonymous_9)
FNDA:0,(anonymous_10)
FNDA:0,(anonymous_11)
FNDA:0,(anonymous_12)
FNDA:0,(anonymous_13)
DA:24,2
DA:25,2
DA:27,2
DA:29,2
DA:30,6
DA:31,6
DA:32,0
DA:34,6
DA:35,2
DA:36,0
DA:38,2
DA:39,1
DA:42,3
DA:52,1
DA:54,3
DA:62,4
DA:71,2
DA:90,0
DA:91,0
DA:93,0
DA:96,0
DA:111,0
DA:112,0
DA:113,0
DA:114,0
DA:115,0
DA:116,0
DA:117,0
DA:133,0
DA:135,0
DA:136,0
DA:140,0
DA:141,0
DA:142,0
DA:143,0
DA:146,0
DA:147,0
DA:149,0
DA:151,0
DA:153,0
DA:157,0
DA:158,0
DA:159,0
DA:160,0
DA:161,0
DA:164,0
DA:165,0
DA:167,0
DA:169,0
DA:171,0
LF:50
LH:15
BRDA:24,0,0,0
BRDA:24,0,1,2
BRDA:25,1,0,0
BRDA:25,1,1,2
BRDA:27,2,0,0
BRDA:27,2,1,2
BRDA:31,3,0,0
BRDA:31,3,1,6
BRDA:31,4,0,6
BRDA:31,4,1,6
BRDA:34,5,0,2
BRDA:34,5,1,4
BRDA:35,6,0,0
BRDA:35,6,1,2
BRDA:38,7,0,1
BRDA:38,7,1,1
BRDA:39,8,0,1
BRDA:39,8,1,0
BRDA:43,9,0,0
BRDA:43,9,1,3
BRDA:45,10,0,0
BRDA:45,10,1,3
BRDA:52,11,0,1
BRDA:52,11,1,0
BRDA:54,12,0,0
BRDA:54,12,1,3
BRDA:56,13,0,0
BRDA:56,13,1,3
BRDA:62,14,0,2
BRDA:62,14,1,2
BRDA:63,15,0,0
BRDA:63,15,1,4
BRDA:65,16,0,0
BRDA:65,16,1,4
BRDA:90,17,0,0
BRDA:90,17,1,0
BRDA:91,18,0,0
BRDA:91,18,1,0
BRDA:93,19,0,0
BRDA:93,19,1,0
BRDA:99,20,0,0
BRDA:99,20,1,0
BRDA:101,21,0,0
BRDA:101,21,1,0
BRDA:111,22,0,0
BRDA:111,22,1,0
BRDA:112,23,0,0
BRDA:112,23,1,0
BRDA:113,24,0,0
BRDA:113,24,1,0
BRDA:114,25,0,0
BRDA:114,25,1,0
BRDA:115,26,0,0
BRDA:115,26,1,0
BRDA:116,27,0,0
BRDA:116,27,1,0
BRDA:133,28,0,0
BRDA:133,28,1,0
BRDA:135,29,0,0
BRDA:135,29,1,0
BRDA:141,30,0,0
BRDA:141,30,1,0
BRDA:142,31,0,0
BRDA:142,31,1,0
BRDA:146,32,0,0
BRDA:146,32,1,0
BRDA:149,33,0,0
BRDA:149,33,1,0
BRDA:151,34,0,0
BRDA:151,34,1,0
BRDA:159,35,0,0
BRDA:159,35,1,0
BRDA:160,36,0,0
BRDA:160,36,1,0
BRDA:164,37,0,0
BRDA:164,37,1,0
BRDA:167,38,0,0
BRDA:167,38,1,0
BRDA:169,39,0,0
BRDA:169,39,1,0
BRF:80
BRH:21
end_of_record
TN:
SF:src\utils\response.ts
FN:27,replaceVars
FN:43,(anonymous_1)
FN:128,(anonymous_2)
FN:186,responseSerializer
FNF:4
FNH:0
FNDA:0,replaceVars
FNDA:0,(anonymous_1)
FNDA:0,(anonymous_2)
FNDA:0,responseSerializer
DA:5,1
DA:16,1
DA:28,0
DA:49,0
DA:51,0
DA:52,0
DA:53,0
DA:54,0
DA:56,0
DA:57,0
DA:58,0
DA:59,0
DA:60,0
DA:61,0
DA:64,0
DA:65,0
DA:66,0
DA:69,0
DA:70,0
DA:71,0
DA:75,0
DA:77,0
DA:78,0
DA:81,0
DA:82,0
DA:83,0
DA:86,0
DA:87,0
DA:88,0
DA:91,0
DA:92,0
DA:93,0
DA:96,0
DA:97,0
DA:98,0
DA:101,0
DA:102,0
DA:103,0
DA:104,0
DA:107,0
DA:108,0
DA:109,0
DA:112,0
DA:134,0
DA:136,0
DA:137,0
DA:138,0
DA:139,0
DA:141,0
DA:142,0
DA:150,0
DA:151,0
DA:152,0
DA:153,0
DA:156,0
DA:157,0
DA:158,0
DA:159,0
DA:162,0
DA:163,0
DA:164,0
DA:172,0
DA:173,0
DA:176,0
DA:192,0
DA:193,0
DA:196,0
DA:197,0
DA:198,0
DA:200,0
LF:70
LH:2
BRDA:28,0,0,0
BRDA:28,0,1,0
BRDA:45,1,0,0
BRDA:49,2,0,0
BRDA:49,2,1,0
BRDA:51,3,0,0
BRDA:51,3,1,0
BRDA:53,4,0,0
BRDA:53,4,1,0
BRDA:54,5,0,0
BRDA:54,5,1,0
BRDA:56,6,0,0
BRDA:56,6,1,0
BRDA:57,7,0,0
BRDA:57,7,1,0
BRDA:58,8,0,0
BRDA:58,8,1,0
BRDA:69,9,0,0
BRDA:69,9,1,0
BRDA:70,10,0,0
BRDA:70,10,1,0
BRDA:81,11,0,0
BRDA:81,11,1,0
BRDA:81,12,0,0
BRDA:81,12,1,0
BRDA:82,13,0,0
BRDA:82,13,1,0
BRDA:86,14,0,0
BRDA:86,14,1,0
BRDA:86,15,0,0
BRDA:86,15,1,0
BRDA:91,16,0,0
BRDA:91,16,1,0
BRDA:91,17,0,0
BRDA:91,17,1,0
BRDA:96,18,0,0
BRDA:96,18,1,0
BRDA:96,19,0,0
BRDA:96,19,1,0
BRDA:101,20,0,0
BRDA:101,20,1,0
BRDA:101,21,0,0
BRDA:101,21,1,0
BRDA:107,22,0,0
BRDA:107,22,1,0
BRDA:107,23,0,0
BRDA:107,23,1,0
BRDA:108,24,0,0
BRDA:108,24,1,0
BRDA:130,25,0,0
BRDA:134,26,0,0
BRDA:134,26,1,0
BRDA:136,27,0,0
BRDA:136,27,1,0
BRDA:138,28,0,0
BRDA:138,28,1,0
BRDA:139,29,0,0
BRDA:139,29,1,0
BRDA:141,30,0,0
BRDA:141,30,1,0
BRDA:141,31,0,0
BRDA:141,31,1,0
BRDA:141,31,2,0
BRDA:150,32,0,0
BRDA:150,32,1,0
BRDA:150,33,0,0
BRDA:150,33,1,0
BRDA:150,34,0,0
BRDA:150,34,1,0
BRDA:156,35,0,0
BRDA:156,35,1,0
BRDA:158,36,0,0
BRDA:158,36,1,0
BRDA:158,36,2,0
BRDA:162,37,0,0
BRDA:162,37,1,0
BRDA:163,38,0,0
BRDA:163,38,1,0
BRDA:192,39,0,0
BRDA:192,39,1,0
BRF:80
BRH:0
end_of_record
