<?xml version="1.0" encoding="UTF-8"?>
<coverage generated="1730233151615" clover="3.2.0">
  <project timestamp="1730233151615" name="All files">
    <metrics statements="239" coveredstatements="96" conditionals="286" coveredconditionals="109" methods="73" coveredmethods="42" elements="598" coveredelements="247" complexity="0" loc="239" ncloc="239" packages="13" files="18" classes="18"/>
    <package name="hub-avatar-menu">
      <metrics statements="3" coveredstatements="2" conditionals="14" coveredconditionals="6" methods="2" coveredmethods="1"/>
      <file name="index.tsx" path="C:\Users\guirv\Desenvolvimento\Hubert\hubert.lib.front\packages\molecules\src\hub-avatar-menu\index.tsx">
        <metrics statements="3" coveredstatements="2" conditionals="14" coveredconditionals="6" methods="2" coveredmethods="1"/>
        <line num="31" count="2" type="stmt"/>
        <line num="33" count="2" type="stmt"/>
        <line num="41" count="0" type="cond" truecount="0" falsecount="2"/>
      </file>
    </package>
    <package name="hub-data-list">
      <metrics statements="10" coveredstatements="2" conditionals="27" coveredconditionals="2" methods="5" coveredmethods="1"/>
      <file name="index.tsx" path="C:\Users\guirv\Desenvolvimento\Hubert\hubert.lib.front\packages\molecules\src\hub-data-list\index.tsx">
        <metrics statements="9" coveredstatements="1" conditionals="27" coveredconditionals="2" methods="5" coveredmethods="1"/>
        <line num="23" count="0" type="stmt"/>
        <line num="24" count="0" type="stmt"/>
        <line num="26" count="0" type="cond" truecount="0" falsecount="2"/>
        <line num="30" count="0" type="cond" truecount="0" falsecount="4"/>
        <line num="38" count="0" type="cond" truecount="0" falsecount="2"/>
        <line num="39" count="0" type="stmt"/>
        <line num="46" count="0" type="stmt"/>
        <line num="64" count="1" type="stmt"/>
        <line num="68" count="0" type="stmt"/>
      </file>
      <file name="styles.ts" path="C:\Users\guirv\Desenvolvimento\Hubert\hubert.lib.front\packages\molecules\src\hub-data-list\styles.ts">
        <metrics statements="1" coveredstatements="1" conditionals="0" coveredconditionals="0" methods="0" coveredmethods="0"/>
        <line num="4" count="1" type="stmt"/>
      </file>
    </package>
    <package name="hub-data-table-empty">
      <metrics statements="6" coveredstatements="6" conditionals="24" coveredconditionals="16" methods="3" coveredmethods="3"/>
      <file name="ilus-empty-state.tsx" path="C:\Users\guirv\Desenvolvimento\Hubert\hubert.lib.front\packages\molecules\src\hub-data-table-empty\ilus-empty-state.tsx">
        <metrics statements="3" coveredstatements="3" conditionals="0" coveredconditionals="0" methods="2" coveredmethods="2"/>
        <line num="4" count="1" type="stmt"/>
        <line num="5" count="1" type="stmt"/>
        <line num="9" count="1" type="stmt"/>
      </file>
      <file name="index.tsx" path="C:\Users\guirv\Desenvolvimento\Hubert\hubert.lib.front\packages\molecules\src\hub-data-table-empty\index.tsx">
        <metrics statements="3" coveredstatements="3" conditionals="24" coveredconditionals="16" methods="1" coveredmethods="1"/>
        <line num="28" count="1" type="stmt"/>
        <line num="29" count="1" type="stmt"/>
        <line num="31" count="1" type="stmt"/>
      </file>
    </package>
    <package name="hub-data-table-initial">
      <metrics statements="5" coveredstatements="5" conditionals="16" coveredconditionals="12" methods="3" coveredmethods="3"/>
      <file name="ilus-search-ellipse.tsx" path="C:\Users\guirv\Desenvolvimento\Hubert\hubert.lib.front\packages\molecules\src\hub-data-table-initial\ilus-search-ellipse.tsx">
        <metrics statements="3" coveredstatements="3" conditionals="0" coveredconditionals="0" methods="2" coveredmethods="2"/>
        <line num="4" count="1" type="stmt"/>
        <line num="5" count="1" type="stmt"/>
        <line num="9" count="1" type="stmt"/>
      </file>
      <file name="index.tsx" path="C:\Users\guirv\Desenvolvimento\Hubert\hubert.lib.front\packages\molecules\src\hub-data-table-initial\index.tsx">
        <metrics statements="2" coveredstatements="2" conditionals="16" coveredconditionals="12" methods="1" coveredmethods="1"/>
        <line num="27" count="1" type="stmt"/>
        <line num="29" count="1" type="stmt"/>
      </file>
    </package>
    <package name="hub-date">
      <metrics statements="33" coveredstatements="8" conditionals="51" coveredconditionals="17" methods="8" coveredmethods="3"/>
      <file name="index.tsx" path="C:\Users\guirv\Desenvolvimento\Hubert\hubert.lib.front\packages\molecules\src\hub-date\index.tsx">
        <metrics statements="33" coveredstatements="8" conditionals="51" coveredconditionals="17" methods="8" coveredmethods="3"/>
        <line num="66" count="1" type="stmt"/>
        <line num="68" count="1" type="stmt"/>
        <line num="70" count="1" type="stmt"/>
        <line num="72" count="1" type="stmt"/>
        <line num="73" count="1" type="cond" truecount="1" falsecount="1"/>
        <line num="74" count="0" type="cond" truecount="0" falsecount="4"/>
        <line num="75" count="0" type="stmt"/>
        <line num="77" count="0" type="cond" truecount="0" falsecount="4"/>
        <line num="78" count="0" type="stmt"/>
        <line num="80" count="0" type="cond" truecount="0" falsecount="2"/>
        <line num="81" count="0" type="stmt"/>
        <line num="83" count="0" type="stmt"/>
        <line num="86" count="1" type="stmt"/>
        <line num="87" count="1" type="cond" truecount="1" falsecount="1"/>
        <line num="88" count="0" type="stmt"/>
        <line num="93" count="0" type="stmt"/>
        <line num="94" count="0" type="stmt"/>
        <line num="98" count="0" type="cond" truecount="0" falsecount="8"/>
        <line num="99" count="0" type="stmt"/>
        <line num="101" count="0" type="stmt"/>
        <line num="105" count="0" type="cond" truecount="0" falsecount="2"/>
        <line num="107" count="0" type="cond" truecount="0" falsecount="2"/>
        <line num="108" count="0" type="stmt"/>
        <line num="110" count="0" type="stmt"/>
        <line num="111" count="0" type="cond" truecount="0" falsecount="2"/>
        <line num="112" count="0" type="stmt"/>
        <line num="116" count="0" type="cond" truecount="0" falsecount="4"/>
        <line num="117" count="0" type="stmt"/>
        <line num="120" count="0" type="cond" truecount="0" falsecount="2"/>
        <line num="121" count="0" type="stmt"/>
        <line num="128" count="0" type="stmt"/>
        <line num="129" count="0" type="stmt"/>
        <line num="132" count="1" type="stmt"/>
      </file>
    </package>
    <package name="hub-feedback">
      <metrics statements="15" coveredstatements="8" conditionals="24" coveredconditionals="16" methods="3" coveredmethods="3"/>
      <file name="index.tsx" path="C:\Users\guirv\Desenvolvimento\Hubert\hubert.lib.front\packages\molecules\src\hub-feedback\index.tsx">
        <metrics statements="15" coveredstatements="8" conditionals="24" coveredconditionals="16" methods="3" coveredmethods="3"/>
        <line num="44" count="1" type="stmt"/>
        <line num="46" count="1" type="stmt"/>
        <line num="47" count="1" type="cond" truecount="1" falsecount="4"/>
        <line num="49" count="0" type="stmt"/>
        <line num="51" count="0" type="stmt"/>
        <line num="53" count="1" type="stmt"/>
        <line num="55" count="0" type="stmt"/>
        <line num="57" count="0" type="stmt"/>
        <line num="61" count="1" type="stmt"/>
        <line num="62" count="1" type="cond" truecount="1" falsecount="3"/>
        <line num="64" count="0" type="stmt"/>
        <line num="66" count="0" type="stmt"/>
        <line num="68" count="1" type="stmt"/>
        <line num="70" count="0" type="stmt"/>
        <line num="74" count="1" type="stmt"/>
      </file>
    </package>
    <package name="hub-filters">
      <metrics statements="8" coveredstatements="4" conditionals="11" coveredconditionals="2" methods="4" coveredmethods="1"/>
      <file name="index.tsx" path="C:\Users\guirv\Desenvolvimento\Hubert\hubert.lib.front\packages\molecules\src\hub-filters\index.tsx">
        <metrics statements="8" coveredstatements="4" conditionals="11" coveredconditionals="2" methods="4" coveredmethods="1"/>
        <line num="36" count="2" type="stmt"/>
        <line num="37" count="2" type="stmt"/>
        <line num="39" count="2" type="stmt"/>
        <line num="41" count="2" type="cond" truecount="1" falsecount="1"/>
        <line num="54" count="0" type="stmt"/>
        <line num="73" count="0" type="stmt"/>
        <line num="74" count="0" type="stmt"/>
        <line num="81" count="0" type="stmt"/>
      </file>
    </package>
    <package name="hub-input-color">
      <metrics statements="11" coveredstatements="5" conditionals="8" coveredconditionals="2" methods="6" coveredmethods="3"/>
      <file name="index.tsx" path="C:\Users\guirv\Desenvolvimento\Hubert\hubert.lib.front\packages\molecules\src\hub-input-color\index.tsx">
        <metrics statements="8" coveredstatements="2" conditionals="8" coveredconditionals="2" methods="4" coveredmethods="1"/>
        <line num="6" count="1" type="stmt"/>
        <line num="23" count="0" type="cond" truecount="0" falsecount="2"/>
        <line num="25" count="0" type="cond" truecount="0" falsecount="2"/>
        <line num="26" count="0" type="stmt"/>
        <line num="28" count="0" type="cond" truecount="0" falsecount="2"/>
        <line num="29" count="0" type="stmt"/>
        <line num="33" count="1" type="stmt"/>
        <line num="45" count="0" type="stmt"/>
      </file>
      <file name="styles.ts" path="C:\Users\guirv\Desenvolvimento\Hubert\hubert.lib.front\packages\molecules\src\hub-input-color\styles.ts">
        <metrics statements="3" coveredstatements="3" conditionals="0" coveredconditionals="0" methods="2" coveredmethods="2"/>
        <line num="3" count="1" type="stmt"/>
        <line num="8" count="1" type="stmt"/>
        <line num="9" count="1" type="stmt"/>
      </file>
    </package>
    <package name="hub-modal-alert">
      <metrics statements="7" coveredstatements="4" conditionals="22" coveredconditionals="14" methods="2" coveredmethods="2"/>
      <file name="index.tsx" path="C:\Users\guirv\Desenvolvimento\Hubert\hubert.lib.front\packages\molecules\src\hub-modal-alert\index.tsx">
        <metrics statements="7" coveredstatements="4" conditionals="22" coveredconditionals="14" methods="2" coveredmethods="2"/>
        <line num="52" count="1" type="stmt"/>
        <line num="53" count="1" type="cond" truecount="1" falsecount="3"/>
        <line num="55" count="0" type="stmt"/>
        <line num="57" count="0" type="stmt"/>
        <line num="59" count="1" type="stmt"/>
        <line num="61" count="0" type="stmt"/>
        <line num="65" count="1" type="stmt"/>
      </file>
    </package>
    <package name="hub-modal-right">
      <metrics statements="2" coveredstatements="2" conditionals="8" coveredconditionals="7" methods="1" coveredmethods="1"/>
      <file name="index.tsx" path="C:\Users\guirv\Desenvolvimento\Hubert\hubert.lib.front\packages\molecules\src\hub-modal-right\index.tsx">
        <metrics statements="2" coveredstatements="2" conditionals="8" coveredconditionals="7" methods="1" coveredmethods="1"/>
        <line num="22" count="1" type="stmt"/>
        <line num="24" count="1" type="stmt"/>
      </file>
    </package>
    <package name="hub-phone">
      <metrics statements="54" coveredstatements="29" conditionals="18" coveredconditionals="6" methods="22" coveredmethods="14"/>
      <file name="ddi.ts" path="C:\Users\guirv\Desenvolvimento\Hubert\hubert.lib.front\packages\molecules\src\hub-phone\ddi.ts">
        <metrics statements="1" coveredstatements="1" conditionals="0" coveredconditionals="0" methods="0" coveredmethods="0"/>
        <line num="1" count="1" type="stmt"/>
      </file>
      <file name="index.tsx" path="C:\Users\guirv\Desenvolvimento\Hubert\hubert.lib.front\packages\molecules\src\hub-phone\index.tsx">
        <metrics statements="53" coveredstatements="28" conditionals="18" coveredconditionals="6" methods="22" coveredmethods="14"/>
        <line num="20" count="1" type="stmt"/>
        <line num="23" count="2" type="stmt"/>
        <line num="24" count="2" type="stmt"/>
        <line num="25" count="2" type="stmt"/>
        <line num="31" count="2" type="stmt"/>
        <line num="32" count="2" type="stmt"/>
        <line num="34" count="2" type="cond" truecount="1" falsecount="1"/>
        <line num="37" count="1" type="stmt"/>
        <line num="41" count="1" type="stmt"/>
        <line num="51" count="246" type="stmt"/>
        <line num="73" count="2" type="stmt"/>
        <line num="75" count="2" type="stmt"/>
        <line num="76" count="2" type="stmt"/>
        <line num="81" count="2" type="stmt"/>
        <line num="82" count="2" type="stmt"/>
        <line num="84" count="2" type="stmt"/>
        <line num="85" count="2" type="cond" truecount="1" falsecount="1"/>
        <line num="89" count="2" type="stmt"/>
        <line num="90" count="1" type="stmt"/>
        <line num="94" count="2" type="stmt"/>
        <line num="95" count="1" type="stmt"/>
        <line num="99" count="2" type="stmt"/>
        <line num="101" count="0" type="stmt"/>
        <line num="103" count="0" type="cond" truecount="0" falsecount="2"/>
        <line num="104" count="0" type="stmt"/>
        <line num="105" count="0" type="stmt"/>
        <line num="106" count="0" type="stmt"/>
        <line num="109" count="0" type="stmt"/>
        <line num="111" count="0" type="cond" truecount="0" falsecount="2"/>
        <line num="112" count="0" type="stmt"/>
        <line num="113" count="0" type="stmt"/>
        <line num="115" count="0" type="stmt"/>
        <line num="118" count="0" type="stmt"/>
        <line num="119" count="0" type="stmt"/>
        <line num="124" count="2" type="stmt"/>
        <line num="126" count="0" type="stmt"/>
        <line num="128" count="0" type="cond" truecount="0" falsecount="2"/>
        <line num="129" count="0" type="stmt"/>
        <line num="131" count="0" type="stmt"/>
        <line num="137" count="0" type="stmt"/>
        <line num="143" count="2" type="stmt"/>
        <line num="145" count="0" type="stmt"/>
        <line num="146" count="0" type="stmt"/>
        <line num="147" count="0" type="stmt"/>
        <line num="148" count="0" type="stmt"/>
        <line num="153" count="2" type="stmt"/>
        <line num="158" count="0" type="stmt"/>
        <line num="168" count="0" type="stmt"/>
        <line num="173" count="2" type="stmt"/>
        <line num="174" count="1" type="cond" truecount="1" falsecount="1"/>
        <line num="177" count="2" type="stmt"/>
        <line num="189" count="0" type="cond" truecount="0" falsecount="2"/>
        <line num="202" count="0" type="stmt"/>
      </file>
    </package>
    <package name="hub-status-alert">
      <metrics statements="12" coveredstatements="8" conditionals="13" coveredconditionals="7" methods="4" coveredmethods="3"/>
      <file name="index.tsx" path="C:\Users\guirv\Desenvolvimento\Hubert\hubert.lib.front\packages\molecules\src\hub-status-alert\index.tsx">
        <metrics statements="12" coveredstatements="8" conditionals="13" coveredconditionals="7" methods="4" coveredmethods="3"/>
        <line num="26" count="1" type="stmt"/>
        <line num="28" count="1" type="stmt"/>
        <line num="29" count="1" type="cond" truecount="1" falsecount="3"/>
        <line num="31" count="0" type="stmt"/>
        <line num="33" count="0" type="stmt"/>
        <line num="35" count="1" type="stmt"/>
        <line num="37" count="0" type="stmt"/>
        <line num="41" count="1" type="stmt"/>
        <line num="42" count="1" type="stmt"/>
        <line num="44" count="1" type="cond" truecount="3" falsecount="2"/>
        <line num="45" count="0" type="stmt"/>
        <line num="49" count="1" type="cond" truecount="1" falsecount="1"/>
      </file>
    </package>
    <package name="hub-time">
      <metrics statements="73" coveredstatements="13" conditionals="50" coveredconditionals="2" methods="10" coveredmethods="4"/>
      <file name="index.tsx" path="C:\Users\guirv\Desenvolvimento\Hubert\hubert.lib.front\packages\molecules\src\hub-time\index.tsx">
        <metrics statements="73" coveredstatements="13" conditionals="50" coveredconditionals="2" methods="10" coveredmethods="4"/>
        <line num="18" count="1" type="stmt"/>
        <line num="19" count="1" type="stmt"/>
        <line num="22" count="2" type="cond" truecount="1" falsecount="1"/>
        <line num="23" count="0" type="stmt"/>
        <line num="33" count="1" type="stmt"/>
        <line num="35" count="1" type="stmt"/>
        <line num="37" count="1" type="stmt"/>
        <line num="38" count="1" type="cond" truecount="1" falsecount="1"/>
        <line num="42" count="1" type="stmt"/>
        <line num="44" count="0" type="stmt"/>
        <line num="45" count="0" type="cond" truecount="0" falsecount="2"/>
        <line num="46" count="0" type="stmt"/>
        <line num="47" count="0" type="stmt"/>
        <line num="48" count="0" type="stmt"/>
        <line num="51" count="0" type="stmt"/>
        <line num="52" count="0" type="stmt"/>
        <line num="54" count="0" type="cond" truecount="0" falsecount="2"/>
        <line num="55" count="0" type="stmt"/>
        <line num="56" count="0" type="stmt"/>
        <line num="57" count="0" type="cond" truecount="0" falsecount="2"/>
        <line num="58" count="0" type="stmt"/>
        <line num="59" count="0" type="stmt"/>
        <line num="63" count="0" type="stmt"/>
        <line num="64" count="0" type="stmt"/>
        <line num="66" count="0" type="cond" truecount="0" falsecount="2"/>
        <line num="67" count="0" type="stmt"/>
        <line num="68" count="0" type="stmt"/>
        <line num="70" count="0" type="cond" truecount="0" falsecount="2"/>
        <line num="71" count="0" type="stmt"/>
        <line num="74" count="0" type="cond" truecount="0" falsecount="4"/>
        <line num="75" count="0" type="cond" truecount="0" falsecount="4"/>
        <line num="76" count="0" type="stmt"/>
        <line num="77" count="0" type="stmt"/>
        <line num="78" count="0" type="stmt"/>
        <line num="79" count="0" type="stmt"/>
        <line num="85" count="0" type="stmt"/>
        <line num="91" count="1" type="stmt"/>
        <line num="92" count="0" type="stmt"/>
        <line num="93" count="0" type="stmt"/>
        <line num="94" count="0" type="stmt"/>
        <line num="95" count="0" type="stmt"/>
        <line num="97" count="0" type="stmt"/>
        <line num="99" count="0" type="cond" truecount="0" falsecount="2"/>
        <line num="100" count="0" type="stmt"/>
        <line num="101" count="0" type="cond" truecount="0" falsecount="4"/>
        <line num="102" count="0" type="stmt"/>
        <line num="103" count="0" type="cond" truecount="0" falsecount="4"/>
        <line num="104" count="0" type="stmt"/>
        <line num="105" count="0" type="cond" truecount="0" falsecount="4"/>
        <line num="106" count="0" type="stmt"/>
        <line num="108" count="0" type="stmt"/>
        <line num="111" count="0" type="stmt"/>
        <line num="112" count="0" type="stmt"/>
        <line num="118" count="1" type="stmt"/>
        <line num="119" count="0" type="stmt"/>
        <line num="120" count="0" type="stmt"/>
        <line num="121" count="0" type="stmt"/>
        <line num="122" count="0" type="stmt"/>
        <line num="124" count="0" type="stmt"/>
        <line num="126" count="0" type="cond" truecount="0" falsecount="2"/>
        <line num="127" count="0" type="stmt"/>
        <line num="128" count="0" type="cond" truecount="0" falsecount="4"/>
        <line num="129" count="0" type="stmt"/>
        <line num="130" count="0" type="cond" truecount="0" falsecount="4"/>
        <line num="131" count="0" type="stmt"/>
        <line num="132" count="0" type="cond" truecount="0" falsecount="4"/>
        <line num="133" count="0" type="stmt"/>
        <line num="135" count="0" type="stmt"/>
        <line num="138" count="0" type="stmt"/>
        <line num="139" count="0" type="stmt"/>
        <line num="145" count="1" type="stmt"/>
        <line num="146" count="1" type="stmt"/>
        <line num="149" count="1" type="stmt"/>
      </file>
    </package>
  </project>
</coverage>
