{"C:\\Users\\guirv\\Desenvolvimento\\Hubert\\hubert.lib.front\\packages\\molecules\\src\\hub-avatar-menu\\index.tsx": {"path":"C:\\Users\\guirv\\Desenvolvimento\\Hubert\\hubert.lib.front\\packages\\molecules\\src\\hub-avatar-menu\\index.tsx","statementMap":{"0":{"start":{"line":31,"column":23},"end":{"line":31,"column":38}},"1":{"start":{"line":33,"column":2},"end":{"line":105,"column":4}},"2":{"start":{"line":41,"column":14},"end":{"line":69,"column":15}}},"fnMap":{"0":{"name":"HubAvatarMenu","decl":{"start":{"line":19,"column":16},"end":{"line":19,"column":29}},"loc":{"start":{"line":30,"column":23},"end":{"line":106,"column":1}},"line":30},"1":{"name":"(anonymous_1)","decl":{"start":{"line":40,"column":25},"end":{"line":40,"column":26}},"loc":{"start":{"line":41,"column":14},"end":{"line":69,"column":15}},"line":41}},"branchMap":{"0":{"loc":{"start":{"line":38,"column":8},"end":{"line":72,"column":9}},"type":"binary-expr","locations":[{"start":{"line":38,"column":8},"end":{"line":38,"column":15}},{"start":{"line":39,"column":10},"end":{"line":71,"column":20}}],"line":38},"1":{"loc":{"start":{"line":41,"column":14},"end":{"line":69,"column":15}},"type":"cond-expr","locations":[{"start":{"line":42,"column":16},"end":{"line":52,"column":17}},{"start":{"line":54,"column":16},"end":{"line":68,"column":28}}],"line":41},"2":{"loc":{"start":{"line":45,"column":23},"end":{"line":45,"column":68}},"type":"binary-expr","locations":[{"start":{"line":45,"column":23},"end":{"line":45,"column":29}},{"start":{"line":45,"column":33},"end":{"line":45,"column":68}}],"line":45},"3":{"loc":{"start":{"line":63,"column":21},"end":{"line":63,"column":66}},"type":"binary-expr","locations":[{"start":{"line":63,"column":21},"end":{"line":63,"column":27}},{"start":{"line":63,"column":31},"end":{"line":63,"column":66}}],"line":63},"4":{"loc":{"start":{"line":80,"column":17},"end":{"line":80,"column":37}},"type":"binary-expr","locations":[{"start":{"line":80,"column":17},"end":{"line":80,"column":24}},{"start":{"line":80,"column":28},"end":{"line":80,"column":37}}],"line":80},"5":{"loc":{"start":{"line":86,"column":9},"end":{"line":102,"column":9}},"type":"binary-expr","locations":[{"start":{"line":86,"column":9},"end":{"line":86,"column":18}},{"start":{"line":87,"column":10},"end":{"line":101,"column":20}}],"line":86},"6":{"loc":{"start":{"line":98,"column":13},"end":{"line":100,"column":13}},"type":"binary-expr","locations":[{"start":{"line":98,"column":13},"end":{"line":98,"column":20}},{"start":{"line":99,"column":14},"end":{"line":99,"column":80}}],"line":98}},"s":{"0":2,"1":2,"2":0},"f":{"0":2,"1":0},"b":{"0":[2,0],"1":[0,0],"2":[0,0],"3":[0,0],"4":[2,2],"5":[2,2],"6":[2,0]},"_coverageSchema":"1a1c01bbd47fc00a2c39e90264f33305004495a9","hash":"2586444cdd965e6f17355856a9000764dc567721"}
,"C:\\Users\\guirv\\Desenvolvimento\\Hubert\\hubert.lib.front\\packages\\molecules\\src\\hub-data-list\\index.tsx": {"path":"C:\\Users\\guirv\\Desenvolvimento\\Hubert\\hubert.lib.front\\packages\\molecules\\src\\hub-data-list\\index.tsx","statementMap":{"0":{"start":{"line":23,"column":4},"end":{"line":61,"column":9}},"1":{"start":{"line":24,"column":23},"end":{"line":24,"column":34}},"2":{"start":{"line":26,"column":22},"end":{"line":28,"column":25}},"3":{"start":{"line":30,"column":10},"end":{"line":36,"column":21}},"4":{"start":{"line":38,"column":8},"end":{"line":44,"column":9}},"5":{"start":{"line":39,"column":10},"end":{"line":43,"column":12}},"6":{"start":{"line":46,"column":8},"end":{"line":60,"column":10}},"7":{"start":{"line":64,"column":2},"end":{"line":89,"column":4}},"8":{"start":{"line":68,"column":8},"end":{"line":86,"column":22}}},"fnMap":{"0":{"name":"HubDataList","decl":{"start":{"line":8,"column":16},"end":{"line":8,"column":27}},"loc":{"start":{"line":17,"column":24},"end":{"line":90,"column":1}},"line":17},"1":{"name":"columnToDataListItem","decl":{"start":{"line":18,"column":11},"end":{"line":18,"column":31}},"loc":{"start":{"line":22,"column":4},"end":{"line":62,"column":3}},"line":22},"2":{"name":"(anonymous_2)","decl":{"start":{"line":24,"column":14},"end":{"line":24,"column":15}},"loc":{"start":{"line":24,"column":23},"end":{"line":24,"column":34}},"line":24},"3":{"name":"(anonymous_3)","decl":{"start":{"line":25,"column":11},"end":{"line":25,"column":12}},"loc":{"start":{"line":25,"column":24},"end":{"line":61,"column":7}},"line":25},"4":{"name":"(anonymous_4)","decl":{"start":{"line":67,"column":17},"end":{"line":67,"column":18}},"loc":{"start":{"line":68,"column":8},"end":{"line":86,"column":22}},"line":68}},"branchMap":{"0":{"loc":{"start":{"line":26,"column":22},"end":{"line":28,"column":25}},"type":"cond-expr","locations":[{"start":{"line":27,"column":12},"end":{"line":27,"column":40}},{"start":{"line":28,"column":12},"end":{"line":28,"column":25}}],"line":26},"1":{"loc":{"start":{"line":30,"column":10},"end":{"line":36,"column":21}},"type":"binary-expr","locations":[{"start":{"line":30,"column":10},"end":{"line":36,"column":12}},{"start":{"line":36,"column":16},"end":{"line":36,"column":21}}],"line":30},"2":{"loc":{"start":{"line":30,"column":11},"end":{"line":30,"column":41}},"type":"binary-expr","locations":[{"start":{"line":30,"column":11},"end":{"line":30,"column":27}},{"start":{"line":30,"column":31},"end":{"line":30,"column":41}}],"line":30},"3":{"loc":{"start":{"line":38,"column":8},"end":{"line":44,"column":9}},"type":"if","locations":[{"start":{"line":38,"column":8},"end":{"line":44,"column":9}},{"start":{},"end":{}}],"line":38},"4":{"loc":{"start":{"line":47,"column":62},"end":{"line":47,"column":77}},"type":"binary-expr","locations":[{"start":{"line":47,"column":62},"end":{"line":47,"column":66}},{"start":{"line":47,"column":70},"end":{"line":47,"column":77}}],"line":47},"5":{"loc":{"start":{"line":48,"column":13},"end":{"line":58,"column":13}},"type":"cond-expr","locations":[{"start":{"line":49,"column":14},"end":{"line":52,"column":24}},{"start":{"line":54,"column":14},"end":{"line":57,"column":17}}],"line":48},"6":{"loc":{"start":{"line":65,"column":20},"end":{"line":65,"column":30}},"type":"binary-expr","locations":[{"start":{"line":65,"column":20},"end":{"line":65,"column":23}},{"start":{"line":65,"column":27},"end":{"line":65,"column":30}}],"line":65},"7":{"loc":{"start":{"line":71,"column":23},"end":{"line":71,"column":75}},"type":"binary-expr","locations":[{"start":{"line":71,"column":23},"end":{"line":71,"column":46}},{"start":{"line":71,"column":50},"end":{"line":71,"column":75}}],"line":71},"8":{"loc":{"start":{"line":73,"column":12},"end":{"line":73,"column":74}},"type":"binary-expr","locations":[{"start":{"line":73,"column":12},"end":{"line":73,"column":40}},{"start":{"line":73,"column":44},"end":{"line":73,"column":74}}],"line":73},"9":{"loc":{"start":{"line":76,"column":12},"end":{"line":76,"column":64}},"type":"binary-expr","locations":[{"start":{"line":76,"column":12},"end":{"line":76,"column":35}},{"start":{"line":76,"column":39},"end":{"line":76,"column":64}}],"line":76},"10":{"loc":{"start":{"line":79,"column":12},"end":{"line":79,"column":74}},"type":"binary-expr","locations":[{"start":{"line":79,"column":12},"end":{"line":79,"column":40}},{"start":{"line":79,"column":44},"end":{"line":79,"column":74}}],"line":79},"11":{"loc":{"start":{"line":81,"column":18},"end":{"line":81,"column":72}},"type":"binary-expr","locations":[{"start":{"line":81,"column":18},"end":{"line":81,"column":42}},{"start":{"line":81,"column":46},"end":{"line":81,"column":72}}],"line":81},"12":{"loc":{"start":{"line":83,"column":24},"end":{"line":83,"column":67}},"type":"binary-expr","locations":[{"start":{"line":83,"column":24},"end":{"line":83,"column":39}},{"start":{"line":83,"column":43},"end":{"line":83,"column":60}},{"start":{"line":83,"column":64},"end":{"line":83,"column":67}}],"line":83}},"s":{"0":0,"1":0,"2":0,"3":0,"4":0,"5":0,"6":0,"7":1,"8":0},"f":{"0":1,"1":0,"2":0,"3":0,"4":0},"b":{"0":[0,0],"1":[0,0],"2":[0,0],"3":[0,0],"4":[0,0],"5":[0,0],"6":[1,1],"7":[0,0],"8":[0,0],"9":[0,0],"10":[0,0],"11":[0,0],"12":[0,0,0]},"_coverageSchema":"1a1c01bbd47fc00a2c39e90264f33305004495a9","hash":"d29c5ad60400f1a615f6e229b1b6b01b49aed309"}
,"C:\\Users\\guirv\\Desenvolvimento\\Hubert\\hubert.lib.front\\packages\\molecules\\src\\hub-data-list\\styles.ts": {"path":"C:\\Users\\guirv\\Desenvolvimento\\Hubert\\hubert.lib.front\\packages\\molecules\\src\\hub-data-list\\styles.ts","statementMap":{"0":{"start":{"line":4,"column":25},"end":{"line":10,"column":1}}},"fnMap":{},"branchMap":{},"s":{"0":1},"f":{},"b":{},"_coverageSchema":"1a1c01bbd47fc00a2c39e90264f33305004495a9","hash":"208836d7d4a4dc1d112f36db580f23e41cb7d5e7"}
,"C:\\Users\\guirv\\Desenvolvimento\\Hubert\\hubert.lib.front\\packages\\molecules\\src\\hub-data-table-empty\\ilus-empty-state.tsx": {"path":"C:\\Users\\guirv\\Desenvolvimento\\Hubert\\hubert.lib.front\\packages\\molecules\\src\\hub-data-table-empty\\ilus-empty-state.tsx","statementMap":{"0":{"start":{"line":4,"column":12},"end":{"line":6,"column":1}},"1":{"start":{"line":5,"column":23},"end":{"line":5,"column":25}},"2":{"start":{"line":9,"column":2},"end":{"line":30,"column":4}}},"fnMap":{"0":{"name":"(anonymous_0)","decl":{"start":{"line":5,"column":11},"end":{"line":5,"column":12}},"loc":{"start":{"line":5,"column":23},"end":{"line":5,"column":25}},"line":5},"1":{"name":"(anonymous_1)","decl":{"start":{"line":8,"column":15},"end":{"line":8,"column":16}},"loc":{"start":{"line":8,"column":46},"end":{"line":31,"column":1}},"line":8}},"branchMap":{},"s":{"0":1,"1":1,"2":1},"f":{"0":1,"1":1},"b":{},"_coverageSchema":"1a1c01bbd47fc00a2c39e90264f33305004495a9","hash":"f418238c9fddee0073c5795f2bace45e78cdab07"}
,"C:\\Users\\guirv\\Desenvolvimento\\Hubert\\hubert.lib.front\\packages\\molecules\\src\\hub-data-table-empty\\index.tsx": {"path":"C:\\Users\\guirv\\Desenvolvimento\\Hubert\\hubert.lib.front\\packages\\molecules\\src\\hub-data-table-empty\\index.tsx","statementMap":{"0":{"start":{"line":28,"column":16},"end":{"line":28,"column":26}},"1":{"start":{"line":29,"column":12},"end":{"line":29,"column":28}},"2":{"start":{"line":31,"column":2},"end":{"line":81,"column":4}}},"fnMap":{"0":{"name":"HubDataTableEmpty","decl":{"start":{"line":19,"column":16},"end":{"line":19,"column":33}},"loc":{"start":{"line":27,"column":27},"end":{"line":82,"column":1}},"line":27}},"branchMap":{"0":{"loc":{"start":{"line":33,"column":11},"end":{"line":33,"column":28}},"type":"binary-expr","locations":[{"start":{"line":33,"column":11},"end":{"line":33,"column":14}},{"start":{"line":33,"column":18},"end":{"line":33,"column":28}}],"line":33},"1":{"loc":{"start":{"line":48,"column":17},"end":{"line":48,"column":28}},"type":"binary-expr","locations":[{"start":{"line":48,"column":17},"end":{"line":48,"column":21}},{"start":{"line":48,"column":25},"end":{"line":48,"column":28}}],"line":48},"2":{"loc":{"start":{"line":49,"column":18},"end":{"line":49,"column":29}},"type":"binary-expr","locations":[{"start":{"line":49,"column":18},"end":{"line":49,"column":22}},{"start":{"line":49,"column":26},"end":{"line":49,"column":29}}],"line":49},"3":{"loc":{"start":{"line":50,"column":14},"end":{"line":50,"column":74}},"type":"cond-expr","locations":[{"start":{"line":50,"column":22},"end":{"line":50,"column":46}},{"start":{"line":50,"column":49},"end":{"line":50,"column":74}}],"line":50},"4":{"loc":{"start":{"line":51,"column":14},"end":{"line":51,"column":74}},"type":"cond-expr","locations":[{"start":{"line":51,"column":22},"end":{"line":51,"column":46}},{"start":{"line":51,"column":49},"end":{"line":51,"column":74}}],"line":51},"5":{"loc":{"start":{"line":55,"column":17},"end":{"line":55,"column":48}},"type":"cond-expr","locations":[{"start":{"line":55,"column":30},"end":{"line":55,"column":37}},{"start":{"line":55,"column":40},"end":{"line":55,"column":48}}],"line":55},"6":{"loc":{"start":{"line":58,"column":11},"end":{"line":69,"column":11}},"type":"cond-expr","locations":[{"start":{"line":59,"column":12},"end":{"line":66,"column":22}},{"start":{"line":68,"column":12},"end":{"line":68,"column":17}}],"line":58},"7":{"loc":{"start":{"line":58,"column":11},"end":{"line":58,"column":68}},"type":"binary-expr","locations":[{"start":{"line":58,"column":11},"end":{"line":58,"column":36}},{"start":{"line":58,"column":40},"end":{"line":58,"column":68}}],"line":58},"8":{"loc":{"start":{"line":61,"column":21},"end":{"line":61,"column":39}},"type":"binary-expr","locations":[{"start":{"line":61,"column":21},"end":{"line":61,"column":26}},{"start":{"line":61,"column":30},"end":{"line":61,"column":39}}],"line":61},"9":{"loc":{"start":{"line":65,"column":15},"end":{"line":65,"column":55}},"type":"binary-expr","locations":[{"start":{"line":65,"column":15},"end":{"line":65,"column":20}},{"start":{"line":65,"column":24},"end":{"line":65,"column":55}}],"line":65},"10":{"loc":{"start":{"line":74,"column":19},"end":{"line":74,"column":50}},"type":"cond-expr","locations":[{"start":{"line":74,"column":32},"end":{"line":74,"column":39}},{"start":{"line":74,"column":42},"end":{"line":74,"column":50}}],"line":74},"11":{"loc":{"start":{"line":76,"column":13},"end":{"line":76,"column":57}},"type":"binary-expr","locations":[{"start":{"line":76,"column":13},"end":{"line":76,"column":20}},{"start":{"line":76,"column":24},"end":{"line":76,"column":57}}],"line":76}},"s":{"0":1,"1":1,"2":1},"f":{"0":1},"b":{"0":[1,1],"1":[1,1],"2":[1,1],"3":[0,1],"4":[0,1],"5":[0,1],"6":[1,0],"7":[1,0],"8":[1,1],"9":[1,0],"10":[0,1],"11":[1,0]},"_coverageSchema":"1a1c01bbd47fc00a2c39e90264f33305004495a9","hash":"c95b407a4cb247d05e0260fac74e562c016f1ffb"}
,"C:\\Users\\guirv\\Desenvolvimento\\Hubert\\hubert.lib.front\\packages\\molecules\\src\\hub-data-table-initial\\ilus-search-ellipse.tsx": {"path":"C:\\Users\\guirv\\Desenvolvimento\\Hubert\\hubert.lib.front\\packages\\molecules\\src\\hub-data-table-initial\\ilus-search-ellipse.tsx","statementMap":{"0":{"start":{"line":4,"column":12},"end":{"line":6,"column":1}},"1":{"start":{"line":5,"column":23},"end":{"line":5,"column":25}},"2":{"start":{"line":9,"column":2},"end":{"line":24,"column":4}}},"fnMap":{"0":{"name":"(anonymous_0)","decl":{"start":{"line":5,"column":11},"end":{"line":5,"column":12}},"loc":{"start":{"line":5,"column":23},"end":{"line":5,"column":25}},"line":5},"1":{"name":"(anonymous_1)","decl":{"start":{"line":8,"column":15},"end":{"line":8,"column":16}},"loc":{"start":{"line":8,"column":46},"end":{"line":25,"column":1}},"line":8}},"branchMap":{},"s":{"0":1,"1":1,"2":1},"f":{"0":1,"1":1},"b":{},"_coverageSchema":"1a1c01bbd47fc00a2c39e90264f33305004495a9","hash":"a9c10059f318607b40a669902e8176e10bb03da2"}
,"C:\\Users\\guirv\\Desenvolvimento\\Hubert\\hubert.lib.front\\packages\\molecules\\src\\hub-data-table-initial\\index.tsx": {"path":"C:\\Users\\guirv\\Desenvolvimento\\Hubert\\hubert.lib.front\\packages\\molecules\\src\\hub-data-table-initial\\index.tsx","statementMap":{"0":{"start":{"line":27,"column":16},"end":{"line":27,"column":26}},"1":{"start":{"line":29,"column":2},"end":{"line":75,"column":4}}},"fnMap":{"0":{"name":"HubDataTableInitial","decl":{"start":{"line":18,"column":16},"end":{"line":18,"column":35}},"loc":{"start":{"line":26,"column":29},"end":{"line":76,"column":1}},"line":26}},"branchMap":{"0":{"loc":{"start":{"line":31,"column":11},"end":{"line":31,"column":28}},"type":"binary-expr","locations":[{"start":{"line":31,"column":11},"end":{"line":31,"column":14}},{"start":{"line":31,"column":18},"end":{"line":31,"column":28}}],"line":31},"1":{"loc":{"start":{"line":46,"column":17},"end":{"line":46,"column":28}},"type":"binary-expr","locations":[{"start":{"line":46,"column":17},"end":{"line":46,"column":21}},{"start":{"line":46,"column":25},"end":{"line":46,"column":28}}],"line":46},"2":{"loc":{"start":{"line":47,"column":18},"end":{"line":47,"column":29}},"type":"binary-expr","locations":[{"start":{"line":47,"column":18},"end":{"line":47,"column":22}},{"start":{"line":47,"column":26},"end":{"line":47,"column":29}}],"line":47},"3":{"loc":{"start":{"line":48,"column":14},"end":{"line":48,"column":74}},"type":"cond-expr","locations":[{"start":{"line":48,"column":22},"end":{"line":48,"column":46}},{"start":{"line":48,"column":49},"end":{"line":48,"column":74}}],"line":48},"4":{"loc":{"start":{"line":49,"column":14},"end":{"line":49,"column":74}},"type":"cond-expr","locations":[{"start":{"line":49,"column":22},"end":{"line":49,"column":46}},{"start":{"line":49,"column":49},"end":{"line":49,"column":74}}],"line":49},"5":{"loc":{"start":{"line":53,"column":17},"end":{"line":53,"column":48}},"type":"cond-expr","locations":[{"start":{"line":53,"column":30},"end":{"line":53,"column":37}},{"start":{"line":53,"column":40},"end":{"line":53,"column":48}}],"line":53},"6":{"loc":{"start":{"line":58,"column":19},"end":{"line":58,"column":37}},"type":"binary-expr","locations":[{"start":{"line":58,"column":19},"end":{"line":58,"column":24}},{"start":{"line":58,"column":28},"end":{"line":58,"column":37}}],"line":58},"7":{"loc":{"start":{"line":68,"column":19},"end":{"line":68,"column":50}},"type":"cond-expr","locations":[{"start":{"line":68,"column":32},"end":{"line":68,"column":39}},{"start":{"line":68,"column":42},"end":{"line":68,"column":50}}],"line":68}},"s":{"0":1,"1":1},"f":{"0":1},"b":{"0":[1,1],"1":[1,1],"2":[1,1],"3":[0,1],"4":[0,1],"5":[0,1],"6":[1,1],"7":[0,1]},"_coverageSchema":"1a1c01bbd47fc00a2c39e90264f33305004495a9","hash":"9417d8a298524d8d2c49e23fb334a109b620ff5c"}
,"C:\\Users\\guirv\\Desenvolvimento\\Hubert\\hubert.lib.front\\packages\\molecules\\src\\hub-date\\index.tsx": {"path":"C:\\Users\\guirv\\Desenvolvimento\\Hubert\\hubert.lib.front\\packages\\molecules\\src\\hub-date\\index.tsx","statementMap":{"0":{"start":{"line":66,"column":12},"end":{"line":66,"column":30}},"1":{"start":{"line":68,"column":14},"end":{"line":68,"column":44}},"2":{"start":{"line":70,"column":30},"end":{"line":70,"column":57}},"3":{"start":{"line":72,"column":16},"end":{"line":84,"column":20}},"4":{"start":{"line":73,"column":4},"end":{"line":73,"column":31}},"5":{"start":{"line":73,"column":21},"end":{"line":73,"column":31}},"6":{"start":{"line":74,"column":4},"end":{"line":76,"column":5}},"7":{"start":{"line":75,"column":6},"end":{"line":75,"column":67}},"8":{"start":{"line":77,"column":4},"end":{"line":79,"column":5}},"9":{"start":{"line":78,"column":6},"end":{"line":78,"column":41}},"10":{"start":{"line":80,"column":4},"end":{"line":82,"column":5}},"11":{"start":{"line":81,"column":6},"end":{"line":81,"column":79}},"12":{"start":{"line":83,"column":4},"end":{"line":83,"column":39}},"13":{"start":{"line":86,"column":19},"end":{"line":90,"column":29}},"14":{"start":{"line":87,"column":4},"end":{"line":89,"column":32}},"15":{"start":{"line":88,"column":35},"end":{"line":88,"column":53}},"16":{"start":{"line":93,"column":4},"end":{"line":93,"column":25}},"17":{"start":{"line":94,"column":4},"end":{"line":94,"column":16}},"18":{"start":{"line":98,"column":4},"end":{"line":100,"column":5}},"19":{"start":{"line":99,"column":6},"end":{"line":99,"column":27}},"20":{"start":{"line":101,"column":4},"end":{"line":101,"column":18}},"21":{"start":{"line":105,"column":4},"end":{"line":105,"column":26}},"22":{"start":{"line":105,"column":19},"end":{"line":105,"column":26}},"23":{"start":{"line":107,"column":4},"end":{"line":124,"column":5}},"24":{"start":{"line":108,"column":6},"end":{"line":108,"column":21}},"25":{"start":{"line":110,"column":18},"end":{"line":110,"column":34}},"26":{"start":{"line":111,"column":6},"end":{"line":123,"column":7}},"27":{"start":{"line":112,"column":22},"end":{"line":115,"column":9}},"28":{"start":{"line":116,"column":8},"end":{"line":118,"column":9}},"29":{"start":{"line":117,"column":10},"end":{"line":117,"column":61}},"30":{"start":{"line":120,"column":8},"end":{"line":122,"column":9}},"31":{"start":{"line":121,"column":10},"end":{"line":121,"column":37}},"32":{"start":{"line":128,"column":4},"end":{"line":128,"column":17}},"33":{"start":{"line":129,"column":4},"end":{"line":129,"column":16}},"34":{"start":{"line":132,"column":2},"end":{"line":195,"column":4}}},"fnMap":{"0":{"name":"HubDate","decl":{"start":{"line":25,"column":16},"end":{"line":25,"column":23}},"loc":{"start":{"line":65,"column":17},"end":{"line":196,"column":1}},"line":65},"1":{"name":"(anonymous_1)","decl":{"start":{"line":72,"column":30},"end":{"line":72,"column":31}},"loc":{"start":{"line":72,"column":36},"end":{"line":84,"column":3}},"line":72},"2":{"name":"(anonymous_2)","decl":{"start":{"line":86,"column":33},"end":{"line":86,"column":34}},"loc":{"start":{"line":86,"column":39},"end":{"line":90,"column":3}},"line":86},"3":{"name":"(anonymous_3)","decl":{"start":{"line":88,"column":28},"end":{"line":88,"column":29}},"loc":{"start":{"line":88,"column":35},"end":{"line":88,"column":53}},"line":88},"4":{"name":"handleClose","decl":{"start":{"line":92,"column":11},"end":{"line":92,"column":22}},"loc":{"start":{"line":92,"column":25},"end":{"line":95,"column":3}},"line":92},"5":{"name":"handleChange","decl":{"start":{"line":97,"column":11},"end":{"line":97,"column":23}},"loc":{"start":{"line":97,"column":38},"end":{"line":102,"column":3}},"line":97},"6":{"name":"handleInputChange","decl":{"start":{"line":104,"column":11},"end":{"line":104,"column":28}},"loc":{"start":{"line":104,"column":41},"end":{"line":125,"column":3}},"line":104},"7":{"name":"handleClick","decl":{"start":{"line":127,"column":11},"end":{"line":127,"column":22}},"loc":{"start":{"line":127,"column":37},"end":{"line":130,"column":3}},"line":127}},"branchMap":{"0":{"loc":{"start":{"line":27,"column":2},"end":{"line":27,"column":17}},"type":"default-arg","locations":[{"start":{"line":27,"column":13},"end":{"line":27,"column":17}}],"line":27},"1":{"loc":{"start":{"line":73,"column":4},"end":{"line":73,"column":31}},"type":"if","locations":[{"start":{"line":73,"column":4},"end":{"line":73,"column":31}},{"start":{},"end":{}}],"line":73},"2":{"loc":{"start":{"line":74,"column":4},"end":{"line":76,"column":5}},"type":"if","locations":[{"start":{"line":74,"column":4},"end":{"line":76,"column":5}},{"start":{},"end":{}}],"line":74},"3":{"loc":{"start":{"line":74,"column":8},"end":{"line":74,"column":61}},"type":"binary-expr","locations":[{"start":{"line":74,"column":8},"end":{"line":74,"column":27}},{"start":{"line":74,"column":31},"end":{"line":74,"column":61}}],"line":74},"4":{"loc":{"start":{"line":77,"column":4},"end":{"line":79,"column":5}},"type":"if","locations":[{"start":{"line":77,"column":4},"end":{"line":79,"column":5}},{"start":{},"end":{}}],"line":77},"5":{"loc":{"start":{"line":77,"column":8},"end":{"line":77,"column":60}},"type":"binary-expr","locations":[{"start":{"line":77,"column":8},"end":{"line":77,"column":27}},{"start":{"line":77,"column":31},"end":{"line":77,"column":60}}],"line":77},"6":{"loc":{"start":{"line":80,"column":4},"end":{"line":82,"column":5}},"type":"if","locations":[{"start":{"line":80,"column":4},"end":{"line":82,"column":5}},{"start":{},"end":{}}],"line":80},"7":{"loc":{"start":{"line":87,"column":11},"end":{"line":89,"column":31}},"type":"cond-expr","locations":[{"start":{"line":88,"column":8},"end":{"line":88,"column":54}},{"start":{"line":89,"column":8},"end":{"line":89,"column":31}}],"line":87},"8":{"loc":{"start":{"line":98,"column":4},"end":{"line":100,"column":5}},"type":"if","locations":[{"start":{"line":98,"column":4},"end":{"line":100,"column":5}},{"start":{},"end":{}}],"line":98},"9":{"loc":{"start":{"line":98,"column":8},"end":{"line":98,"column":42}},"type":"binary-expr","locations":[{"start":{"line":98,"column":8},"end":{"line":98,"column":9}},{"start":{"line":98,"column":14},"end":{"line":98,"column":41}}],"line":98},"10":{"loc":{"start":{"line":98,"column":14},"end":{"line":98,"column":41}},"type":"cond-expr","locations":[{"start":{"line":98,"column":22},"end":{"line":98,"column":34}},{"start":{"line":98,"column":37},"end":{"line":98,"column":41}}],"line":98},"11":{"loc":{"start":{"line":98,"column":22},"end":{"line":98,"column":34}},"type":"binary-expr","locations":[{"start":{"line":98,"column":22},"end":{"line":98,"column":26}},{"start":{"line":98,"column":30},"end":{"line":98,"column":34}}],"line":98},"12":{"loc":{"start":{"line":105,"column":4},"end":{"line":105,"column":26}},"type":"if","locations":[{"start":{"line":105,"column":4},"end":{"line":105,"column":26}},{"start":{},"end":{}}],"line":105},"13":{"loc":{"start":{"line":107,"column":4},"end":{"line":124,"column":5}},"type":"if","locations":[{"start":{"line":107,"column":4},"end":{"line":124,"column":5}},{"start":{"line":109,"column":11},"end":{"line":124,"column":5}}],"line":107},"14":{"loc":{"start":{"line":111,"column":6},"end":{"line":123,"column":7}},"type":"if","locations":[{"start":{"line":111,"column":6},"end":{"line":123,"column":7}},{"start":{"line":119,"column":13},"end":{"line":123,"column":7}}],"line":111},"15":{"loc":{"start":{"line":116,"column":8},"end":{"line":118,"column":9}},"type":"if","locations":[{"start":{"line":116,"column":8},"end":{"line":118,"column":9}},{"start":{},"end":{}}],"line":116},"16":{"loc":{"start":{"line":116,"column":12},"end":{"line":116,"column":48}},"type":"binary-expr","locations":[{"start":{"line":116,"column":12},"end":{"line":116,"column":28}},{"start":{"line":116,"column":32},"end":{"line":116,"column":48}}],"line":116},"17":{"loc":{"start":{"line":120,"column":8},"end":{"line":122,"column":9}},"type":"if","locations":[{"start":{"line":120,"column":8},"end":{"line":122,"column":9}},{"start":{},"end":{}}],"line":120},"18":{"loc":{"start":{"line":137,"column":13},"end":{"line":137,"column":29}},"type":"binary-expr","locations":[{"start":{"line":137,"column":13},"end":{"line":137,"column":18}},{"start":{"line":137,"column":22},"end":{"line":137,"column":29}}],"line":137},"19":{"loc":{"start":{"line":138,"column":14},"end":{"line":138,"column":31}},"type":"binary-expr","locations":[{"start":{"line":138,"column":14},"end":{"line":138,"column":20}},{"start":{"line":138,"column":24},"end":{"line":138,"column":31}}],"line":138},"20":{"loc":{"start":{"line":144,"column":18},"end":{"line":144,"column":30}},"type":"binary-expr","locations":[{"start":{"line":144,"column":18},"end":{"line":144,"column":22}},{"start":{"line":144,"column":26},"end":{"line":144,"column":30}}],"line":144},"21":{"loc":{"start":{"line":145,"column":18},"end":{"line":145,"column":33}},"type":"binary-expr","locations":[{"start":{"line":145,"column":18},"end":{"line":145,"column":22}},{"start":{"line":145,"column":26},"end":{"line":145,"column":33}}],"line":145},"22":{"loc":{"start":{"line":148,"column":25},"end":{"line":148,"column":71}},"type":"cond-expr","locations":[{"start":{"line":148,"column":53},"end":{"line":148,"column":57}},{"start":{"line":148,"column":60},"end":{"line":148,"column":71}}],"line":148},"23":{"loc":{"start":{"line":156,"column":18},"end":{"line":156,"column":49}},"type":"binary-expr","locations":[{"start":{"line":156,"column":18},"end":{"line":156,"column":37}},{"start":{"line":156,"column":41},"end":{"line":156,"column":49}}],"line":156},"24":{"loc":{"start":{"line":174,"column":10},"end":{"line":183,"column":11}},"type":"binary-expr","locations":[{"start":{"line":174,"column":10},"end":{"line":174,"column":15}},{"start":{"line":175,"column":12},"end":{"line":182,"column":24}}],"line":174},"25":{"loc":{"start":{"line":188,"column":17},"end":{"line":188,"column":52}},"type":"cond-expr","locations":[{"start":{"line":188,"column":29},"end":{"line":188,"column":40}},{"start":{"line":188,"column":43},"end":{"line":188,"column":52}}],"line":188}},"s":{"0":1,"1":1,"2":1,"3":1,"4":1,"5":1,"6":0,"7":0,"8":0,"9":0,"10":0,"11":0,"12":0,"13":1,"14":1,"15":0,"16":0,"17":0,"18":0,"19":0,"20":0,"21":0,"22":0,"23":0,"24":0,"25":0,"26":0,"27":0,"28":0,"29":0,"30":0,"31":0,"32":0,"33":0,"34":1},"f":{"0":1,"1":1,"2":1,"3":0,"4":0,"5":0,"6":0,"7":0},"b":{"0":[1],"1":[1,0],"2":[0,0],"3":[0,0],"4":[0,0],"5":[0,0],"6":[0,0],"7":[0,1],"8":[0,0],"9":[0,0],"10":[0,0],"11":[0,0],"12":[0,0],"13":[0,0],"14":[0,0],"15":[0,0],"16":[0,0],"17":[0,0],"18":[1,1],"19":[1,1],"20":[1,1],"21":[1,1],"22":[1,0],"23":[1,1],"24":[1,1],"25":[0,1]},"_coverageSchema":"1a1c01bbd47fc00a2c39e90264f33305004495a9","hash":"346f92fb639d3c1a5a48f4946fa08205de7809d6"}
,"C:\\Users\\guirv\\Desenvolvimento\\Hubert\\hubert.lib.front\\packages\\molecules\\src\\hub-feedback\\index.tsx": {"path":"C:\\Users\\guirv\\Desenvolvimento\\Hubert\\hubert.lib.front\\packages\\molecules\\src\\hub-feedback\\index.tsx","statementMap":{"0":{"start":{"line":44,"column":12},"end":{"line":44,"column":28}},"1":{"start":{"line":46,"column":20},"end":{"line":59,"column":14}},"2":{"start":{"line":47,"column":4},"end":{"line":58,"column":5}},"3":{"start":{"line":49,"column":8},"end":{"line":49,"column":32}},"4":{"start":{"line":51,"column":8},"end":{"line":51,"column":32}},"5":{"start":{"line":53,"column":8},"end":{"line":53,"column":30}},"6":{"start":{"line":55,"column":8},"end":{"line":55,"column":29}},"7":{"start":{"line":57,"column":8},"end":{"line":57,"column":25}},"8":{"start":{"line":61,"column":23},"end":{"line":72,"column":14}},"9":{"start":{"line":62,"column":4},"end":{"line":71,"column":5}},"10":{"start":{"line":64,"column":8},"end":{"line":64,"column":47}},"11":{"start":{"line":66,"column":8},"end":{"line":66,"column":47}},"12":{"start":{"line":68,"column":8},"end":{"line":68,"column":45}},"13":{"start":{"line":70,"column":8},"end":{"line":70,"column":44}},"14":{"start":{"line":74,"column":2},"end":{"line":107,"column":4}}},"fnMap":{"0":{"name":"HubFeedback","decl":{"start":{"line":31,"column":16},"end":{"line":31,"column":27}},"loc":{"start":{"line":43,"column":21},"end":{"line":108,"column":1}},"line":43},"1":{"name":"(anonymous_1)","decl":{"start":{"line":46,"column":34},"end":{"line":46,"column":35}},"loc":{"start":{"line":46,"column":40},"end":{"line":59,"column":3}},"line":46},"2":{"name":"(anonymous_2)","decl":{"start":{"line":61,"column":37},"end":{"line":61,"column":38}},"loc":{"start":{"line":61,"column":43},"end":{"line":72,"column":3}},"line":61}},"branchMap":{"0":{"loc":{"start":{"line":47,"column":4},"end":{"line":58,"column":5}},"type":"switch","locations":[{"start":{"line":48,"column":6},"end":{"line":49,"column":32}},{"start":{"line":50,"column":6},"end":{"line":51,"column":32}},{"start":{"line":52,"column":6},"end":{"line":53,"column":30}},{"start":{"line":54,"column":6},"end":{"line":55,"column":29}},{"start":{"line":56,"column":6},"end":{"line":57,"column":25}}],"line":47},"1":{"loc":{"start":{"line":62,"column":4},"end":{"line":71,"column":5}},"type":"switch","locations":[{"start":{"line":63,"column":6},"end":{"line":64,"column":47}},{"start":{"line":65,"column":6},"end":{"line":66,"column":47}},{"start":{"line":67,"column":6},"end":{"line":68,"column":45}},{"start":{"line":69,"column":6},"end":{"line":70,"column":44}}],"line":62},"2":{"loc":{"start":{"line":78,"column":13},"end":{"line":78,"column":29}},"type":"binary-expr","locations":[{"start":{"line":78,"column":13},"end":{"line":78,"column":18}},{"start":{"line":78,"column":22},"end":{"line":78,"column":29}}],"line":78},"3":{"loc":{"start":{"line":79,"column":21},"end":{"line":79,"column":37}},"type":"binary-expr","locations":[{"start":{"line":79,"column":21},"end":{"line":79,"column":27}},{"start":{"line":79,"column":31},"end":{"line":79,"column":37}}],"line":79},"4":{"loc":{"start":{"line":84,"column":9},"end":{"line":86,"column":9}},"type":"binary-expr","locations":[{"start":{"line":84,"column":9},"end":{"line":84,"column":15}},{"start":{"line":84,"column":19},"end":{"line":84,"column":30}},{"start":{"line":85,"column":10},"end":{"line":85,"column":72}}],"line":84},"5":{"loc":{"start":{"line":89,"column":32},"end":{"line":89,"column":53}},"type":"binary-expr","locations":[{"start":{"line":89,"column":32},"end":{"line":89,"column":37}},{"start":{"line":89,"column":41},"end":{"line":89,"column":53}}],"line":89},"6":{"loc":{"start":{"line":99,"column":11},"end":{"line":103,"column":11}},"type":"binary-expr","locations":[{"start":{"line":99,"column":11},"end":{"line":99,"column":18}},{"start":{"line":100,"column":12},"end":{"line":102,"column":24}}],"line":99},"7":{"loc":{"start":{"line":100,"column":32},"end":{"line":100,"column":47}},"type":"binary-expr","locations":[{"start":{"line":100,"column":32},"end":{"line":100,"column":36}},{"start":{"line":100,"column":40},"end":{"line":100,"column":47}}],"line":100},"8":{"loc":{"start":{"line":101,"column":15},"end":{"line":101,"column":48}},"type":"binary-expr","locations":[{"start":{"line":101,"column":15},"end":{"line":101,"column":22}},{"start":{"line":101,"column":26},"end":{"line":101,"column":48}}],"line":101}},"s":{"0":1,"1":1,"2":1,"3":0,"4":0,"5":1,"6":0,"7":0,"8":1,"9":1,"10":0,"11":0,"12":1,"13":0,"14":1},"f":{"0":1,"1":1,"2":1},"b":{"0":[0,0,1,0,0],"1":[0,0,1,0],"2":[1,1],"3":[1,1],"4":[1,1,1],"5":[1,0],"6":[1,1],"7":[1,1],"8":[1,1]},"_coverageSchema":"1a1c01bbd47fc00a2c39e90264f33305004495a9","hash":"608b99749ed778ae4ccc68400ac6138123c24f5a"}
,"C:\\Users\\guirv\\Desenvolvimento\\Hubert\\hubert.lib.front\\packages\\molecules\\src\\hub-filters\\index.tsx": {"path":"C:\\Users\\guirv\\Desenvolvimento\\Hubert\\hubert.lib.front\\packages\\molecules\\src\\hub-filters\\index.tsx","statementMap":{"0":{"start":{"line":36,"column":12},"end":{"line":36,"column":28}},"1":{"start":{"line":37,"column":23},"end":{"line":37,"column":38}},"2":{"start":{"line":39,"column":36},"end":{"line":39,"column":66}},"3":{"start":{"line":41,"column":2},"end":{"line":100,"column":4}},"4":{"start":{"line":54,"column":25},"end":{"line":54,"column":43}},"5":{"start":{"line":73,"column":18},"end":{"line":73,"column":38}},"6":{"start":{"line":74,"column":18},"end":{"line":74,"column":31}},"7":{"start":{"line":81,"column":25},"end":{"line":81,"column":44}}},"fnMap":{"0":{"name":"HubFilters","decl":{"start":{"line":23,"column":16},"end":{"line":23,"column":26}},"loc":{"start":{"line":35,"column":20},"end":{"line":101,"column":1}},"line":35},"1":{"name":"(anonymous_1)","decl":{"start":{"line":54,"column":19},"end":{"line":54,"column":20}},"loc":{"start":{"line":54,"column":25},"end":{"line":54,"column":43}},"line":54},"2":{"name":"(anonymous_2)","decl":{"start":{"line":72,"column":25},"end":{"line":72,"column":26}},"loc":{"start":{"line":72,"column":31},"end":{"line":75,"column":17}},"line":72},"3":{"name":"(anonymous_3)","decl":{"start":{"line":81,"column":19},"end":{"line":81,"column":20}},"loc":{"start":{"line":81,"column":25},"end":{"line":81,"column":44}},"line":81}},"branchMap":{"0":{"loc":{"start":{"line":25,"column":2},"end":{"line":25,"column":11}},"type":"default-arg","locations":[{"start":{"line":25,"column":8},"end":{"line":25,"column":11}}],"line":25},"1":{"loc":{"start":{"line":41,"column":9},"end":{"line":100,"column":3}},"type":"cond-expr","locations":[{"start":{"line":42,"column":4},"end":{"line":88,"column":7}},{"start":{"line":90,"column":4},"end":{"line":99,"column":14}}],"line":41},"2":{"loc":{"start":{"line":60,"column":7},"end":{"line":87,"column":7}},"type":"binary-expr","locations":[{"start":{"line":60,"column":7},"end":{"line":60,"column":16}},{"start":{"line":61,"column":8},"end":{"line":86,"column":19}}],"line":60},"3":{"loc":{"start":{"line":63,"column":18},"end":{"line":63,"column":50}},"type":"binary-expr","locations":[{"start":{"line":63,"column":18},"end":{"line":63,"column":24}},{"start":{"line":63,"column":28},"end":{"line":63,"column":50}}],"line":63},"4":{"loc":{"start":{"line":65,"column":25},"end":{"line":65,"column":48}},"type":"binary-expr","locations":[{"start":{"line":65,"column":25},"end":{"line":65,"column":38}},{"start":{"line":65,"column":42},"end":{"line":65,"column":48}}],"line":65},"5":{"loc":{"start":{"line":67,"column":12},"end":{"line":79,"column":13}},"type":"binary-expr","locations":[{"start":{"line":67,"column":12},"end":{"line":67,"column":19}},{"start":{"line":68,"column":14},"end":{"line":78,"column":26}}],"line":67}},"s":{"0":2,"1":2,"2":2,"3":2,"4":0,"5":0,"6":0,"7":0},"f":{"0":2,"1":0,"2":0,"3":0},"b":{"0":[2],"1":[0,2],"2":[0,0],"3":[0,0],"4":[0,0],"5":[0,0]},"_coverageSchema":"1a1c01bbd47fc00a2c39e90264f33305004495a9","hash":"28d2ab07a51e9cb3b9491bbf8ba83aef1a1d068c"}
,"C:\\Users\\guirv\\Desenvolvimento\\Hubert\\hubert.lib.front\\packages\\molecules\\src\\hub-input-color\\index.tsx": {"path":"C:\\Users\\guirv\\Desenvolvimento\\Hubert\\hubert.lib.front\\packages\\molecules\\src\\hub-input-color\\index.tsx","statementMap":{"0":{"start":{"line":6,"column":18},"end":{"line":6,"column":32}},"1":{"start":{"line":23,"column":4},"end":{"line":23,"column":31}},"2":{"start":{"line":23,"column":24},"end":{"line":23,"column":31}},"3":{"start":{"line":25,"column":4},"end":{"line":27,"column":5}},"4":{"start":{"line":26,"column":6},"end":{"line":26,"column":18}},"5":{"start":{"line":28,"column":4},"end":{"line":30,"column":5}},"6":{"start":{"line":29,"column":6},"end":{"line":29,"column":39}},"7":{"start":{"line":29,"column":22},"end":{"line":29,"column":37}},"8":{"start":{"line":33,"column":2},"end":{"line":51,"column":4}},"9":{"start":{"line":45,"column":27},"end":{"line":45,"column":58}}},"fnMap":{"0":{"name":"HubInputColor","decl":{"start":{"line":13,"column":16},"end":{"line":13,"column":29}},"loc":{"start":{"line":21,"column":23},"end":{"line":52,"column":1}},"line":21},"1":{"name":"handleChange","decl":{"start":{"line":22,"column":11},"end":{"line":22,"column":23}},"loc":{"start":{"line":22,"column":35},"end":{"line":31,"column":3}},"line":22},"2":{"name":"(anonymous_2)","decl":{"start":{"line":29,"column":16},"end":{"line":29,"column":17}},"loc":{"start":{"line":29,"column":22},"end":{"line":29,"column":37}},"line":29},"3":{"name":"(anonymous_3)","decl":{"start":{"line":45,"column":20},"end":{"line":45,"column":21}},"loc":{"start":{"line":45,"column":27},"end":{"line":45,"column":58}},"line":45}},"branchMap":{"0":{"loc":{"start":{"line":23,"column":4},"end":{"line":23,"column":31}},"type":"if","locations":[{"start":{"line":23,"column":4},"end":{"line":23,"column":31}},{"start":{},"end":{}}],"line":23},"1":{"loc":{"start":{"line":25,"column":4},"end":{"line":27,"column":5}},"type":"if","locations":[{"start":{"line":25,"column":4},"end":{"line":27,"column":5}},{"start":{},"end":{}}],"line":25},"2":{"loc":{"start":{"line":28,"column":4},"end":{"line":30,"column":5}},"type":"if","locations":[{"start":{"line":28,"column":4},"end":{"line":30,"column":5}},{"start":{},"end":{}}],"line":28},"3":{"loc":{"start":{"line":44,"column":17},"end":{"line":44,"column":38}},"type":"binary-expr","locations":[{"start":{"line":44,"column":17},"end":{"line":44,"column":29}},{"start":{"line":44,"column":33},"end":{"line":44,"column":38}}],"line":44}},"s":{"0":1,"1":0,"2":0,"3":0,"4":0,"5":0,"6":0,"7":0,"8":1,"9":0},"f":{"0":1,"1":0,"2":0,"3":0},"b":{"0":[0,0],"1":[0,0],"2":[0,0],"3":[1,1]},"_coverageSchema":"1a1c01bbd47fc00a2c39e90264f33305004495a9","hash":"6f46763a5576b62c6575f948a80f3650294bcd1a"}
,"C:\\Users\\guirv\\Desenvolvimento\\Hubert\\hubert.lib.front\\packages\\molecules\\src\\hub-input-color\\styles.ts": {"path":"C:\\Users\\guirv\\Desenvolvimento\\Hubert\\hubert.lib.front\\packages\\molecules\\src\\hub-input-color\\styles.ts","statementMap":{"0":{"start":{"line":3,"column":26},"end":{"line":10,"column":1}},"1":{"start":{"line":8,"column":26},"end":{"line":8,"column":41}},"2":{"start":{"line":9,"column":34},"end":{"line":9,"column":49}}},"fnMap":{"0":{"name":"(anonymous_0)","decl":{"start":{"line":8,"column":11},"end":{"line":8,"column":12}},"loc":{"start":{"line":8,"column":26},"end":{"line":8,"column":41}},"line":8},"1":{"name":"(anonymous_1)","decl":{"start":{"line":9,"column":19},"end":{"line":9,"column":20}},"loc":{"start":{"line":9,"column":34},"end":{"line":9,"column":49}},"line":9}},"branchMap":{},"s":{"0":1,"1":1,"2":1},"f":{"0":1,"1":1},"b":{},"_coverageSchema":"1a1c01bbd47fc00a2c39e90264f33305004495a9","hash":"0d5705eb41a1be40306f77d6fe7d623f57f12568"}
,"C:\\Users\\guirv\\Desenvolvimento\\Hubert\\hubert.lib.front\\packages\\molecules\\src\\hub-modal-alert\\index.tsx": {"path":"C:\\Users\\guirv\\Desenvolvimento\\Hubert\\hubert.lib.front\\packages\\molecules\\src\\hub-modal-alert\\index.tsx","statementMap":{"0":{"start":{"line":52,"column":15},"end":{"line":63,"column":14}},"1":{"start":{"line":53,"column":4},"end":{"line":62,"column":5}},"2":{"start":{"line":55,"column":8},"end":{"line":55,"column":34}},"3":{"start":{"line":57,"column":8},"end":{"line":57,"column":42}},"4":{"start":{"line":59,"column":8},"end":{"line":59,"column":32}},"5":{"start":{"line":61,"column":8},"end":{"line":61,"column":31}},"6":{"start":{"line":65,"column":2},"end":{"line":120,"column":4}}},"fnMap":{"0":{"name":"HubModalAlert","decl":{"start":{"line":36,"column":16},"end":{"line":36,"column":29}},"loc":{"start":{"line":51,"column":23},"end":{"line":121,"column":1}},"line":51},"1":{"name":"(anonymous_1)","decl":{"start":{"line":52,"column":29},"end":{"line":52,"column":30}},"loc":{"start":{"line":52,"column":35},"end":{"line":63,"column":3}},"line":52}},"branchMap":{"0":{"loc":{"start":{"line":53,"column":4},"end":{"line":62,"column":5}},"type":"switch","locations":[{"start":{"line":54,"column":6},"end":{"line":55,"column":34}},{"start":{"line":56,"column":6},"end":{"line":57,"column":42}},{"start":{"line":58,"column":6},"end":{"line":59,"column":32}},{"start":{"line":60,"column":6},"end":{"line":61,"column":31}}],"line":53},"1":{"loc":{"start":{"line":69,"column":13},"end":{"line":69,"column":29}},"type":"binary-expr","locations":[{"start":{"line":69,"column":13},"end":{"line":69,"column":18}},{"start":{"line":69,"column":22},"end":{"line":69,"column":29}}],"line":69},"2":{"loc":{"start":{"line":73,"column":8},"end":{"line":98,"column":21}},"type":"cond-expr","locations":[{"start":{"line":74,"column":10},"end":{"line":97,"column":13}},{"start":{"line":98,"column":12},"end":{"line":98,"column":21}}],"line":73},"3":{"loc":{"start":{"line":73,"column":8},"end":{"line":73,"column":25}},"type":"binary-expr","locations":[{"start":{"line":73,"column":8},"end":{"line":73,"column":15}},{"start":{"line":73,"column":19},"end":{"line":73,"column":25}}],"line":73},"4":{"loc":{"start":{"line":75,"column":13},"end":{"line":84,"column":13}},"type":"binary-expr","locations":[{"start":{"line":75,"column":13},"end":{"line":75,"column":20}},{"start":{"line":76,"column":14},"end":{"line":83,"column":26}}],"line":75},"5":{"loc":{"start":{"line":85,"column":13},"end":{"line":96,"column":13}},"type":"binary-expr","locations":[{"start":{"line":85,"column":13},"end":{"line":85,"column":19}},{"start":{"line":86,"column":14},"end":{"line":95,"column":26}}],"line":85},"6":{"loc":{"start":{"line":90,"column":26},"end":{"line":90,"column":45}},"type":"binary-expr","locations":[{"start":{"line":90,"column":26},"end":{"line":90,"column":33}},{"start":{"line":90,"column":37},"end":{"line":90,"column":45}}],"line":90},"7":{"loc":{"start":{"line":102,"column":9},"end":{"line":106,"column":9}},"type":"binary-expr","locations":[{"start":{"line":102,"column":9},"end":{"line":102,"column":14}},{"start":{"line":103,"column":10},"end":{"line":105,"column":20}}],"line":102},"8":{"loc":{"start":{"line":108,"column":9},"end":{"line":117,"column":9}},"type":"binary-expr","locations":[{"start":{"line":108,"column":9},"end":{"line":108,"column":16}},{"start":{"line":109,"column":10},"end":{"line":116,"column":12}}],"line":108},"9":{"loc":{"start":{"line":112,"column":18},"end":{"line":112,"column":74}},"type":"binary-expr","locations":[{"start":{"line":112,"column":18},"end":{"line":112,"column":22}},{"start":{"line":112,"column":26},"end":{"line":112,"column":74}}],"line":112}},"s":{"0":1,"1":1,"2":0,"3":0,"4":1,"5":0,"6":1},"f":{"0":1,"1":1},"b":{"0":[0,0,1,0],"1":[1,1],"2":[1,0],"3":[1,0],"4":[1,1],"5":[1,1],"6":[1,1],"7":[1,1],"8":[1,0],"9":[0,0]},"_coverageSchema":"1a1c01bbd47fc00a2c39e90264f33305004495a9","hash":"cf0821c6fab87371adff2fe874d99ddb507cb692"}
,"C:\\Users\\guirv\\Desenvolvimento\\Hubert\\hubert.lib.front\\packages\\molecules\\src\\hub-modal-right\\index.tsx": {"path":"C:\\Users\\guirv\\Desenvolvimento\\Hubert\\hubert.lib.front\\packages\\molecules\\src\\hub-modal-right\\index.tsx","statementMap":{"0":{"start":{"line":22,"column":12},"end":{"line":22,"column":28}},"1":{"start":{"line":24,"column":2},"end":{"line":48,"column":4}}},"fnMap":{"0":{"name":"HubModalRight","decl":{"start":{"line":14,"column":16},"end":{"line":14,"column":29}},"loc":{"start":{"line":21,"column":23},"end":{"line":49,"column":1}},"line":21}},"branchMap":{"0":{"loc":{"start":{"line":34,"column":11},"end":{"line":38,"column":11}},"type":"binary-expr","locations":[{"start":{"line":34,"column":11},"end":{"line":34,"column":17}},{"start":{"line":35,"column":12},"end":{"line":37,"column":24}}],"line":34},"1":{"loc":{"start":{"line":36,"column":15},"end":{"line":36,"column":56}},"type":"binary-expr","locations":[{"start":{"line":36,"column":15},"end":{"line":36,"column":26}},{"start":{"line":36,"column":30},"end":{"line":36,"column":56}}],"line":36},"2":{"loc":{"start":{"line":39,"column":35},"end":{"line":39,"column":52}},"type":"binary-expr","locations":[{"start":{"line":39,"column":35},"end":{"line":39,"column":41}},{"start":{"line":39,"column":45},"end":{"line":39,"column":52}}],"line":39},"3":{"loc":{"start":{"line":40,"column":13},"end":{"line":40,"column":51}},"type":"binary-expr","locations":[{"start":{"line":40,"column":13},"end":{"line":40,"column":22}},{"start":{"line":40,"column":26},"end":{"line":40,"column":51}}],"line":40}},"s":{"0":1,"1":1},"f":{"0":1},"b":{"0":[1,1],"1":[1,1],"2":[1,0],"3":[1,1]},"_coverageSchema":"1a1c01bbd47fc00a2c39e90264f33305004495a9","hash":"e0940b68e0f85385172d973009be9cfe78c6e77a"}
,"C:\\Users\\guirv\\Desenvolvimento\\Hubert\\hubert.lib.front\\packages\\molecules\\src\\hub-phone\\ddi.ts": {"path":"C:\\Users\\guirv\\Desenvolvimento\\Hubert\\hubert.lib.front\\packages\\molecules\\src\\hub-phone\\ddi.ts","statementMap":{"0":{"start":{"line":1,"column":19},"end":{"line":256,"column":1}}},"fnMap":{},"branchMap":{},"s":{"0":1},"f":{},"b":{},"_coverageSchema":"1a1c01bbd47fc00a2c39e90264f33305004495a9","hash":"d2315debdad911d19fc706743526ae6bf5bde774"}
,"C:\\Users\\guirv\\Desenvolvimento\\Hubert\\hubert.lib.front\\packages\\molecules\\src\\hub-phone\\index.tsx": {"path":"C:\\Users\\guirv\\Desenvolvimento\\Hubert\\hubert.lib.front\\packages\\molecules\\src\\hub-phone\\index.tsx","statementMap":{"0":{"start":{"line":20,"column":16},"end":{"line":35,"column":1}},"1":{"start":{"line":23,"column":26},"end":{"line":23,"column":41}},"2":{"start":{"line":24,"column":30},"end":{"line":24,"column":45}},"3":{"start":{"line":25,"column":31},"end":{"line":25,"column":46}},"4":{"start":{"line":31,"column":37},"end":{"line":31,"column":66}},"5":{"start":{"line":32,"column":34},"end":{"line":32,"column":49}},"6":{"start":{"line":34,"column":31},"end":{"line":34,"column":67}},"7":{"start":{"line":37,"column":13},"end":{"line":39,"column":1}},"8":{"start":{"line":41,"column":22},"end":{"line":45,"column":1}},"9":{"start":{"line":51,"column":2},"end":{"line":60,"column":6}},"10":{"start":{"line":51,"column":30},"end":{"line":60,"column":3}},"11":{"start":{"line":73,"column":12},"end":{"line":73,"column":28}},"12":{"start":{"line":75,"column":36},"end":{"line":75,"column":57}},"13":{"start":{"line":76,"column":30},"end":{"line":80,"column":4}},"14":{"start":{"line":81,"column":36},"end":{"line":81,"column":55}},"15":{"start":{"line":82,"column":30},"end":{"line":82,"column":48}},"16":{"start":{"line":84,"column":16},"end":{"line":87,"column":3}},"17":{"start":{"line":85,"column":11},"end":{"line":85,"column":65}},"18":{"start":{"line":89,"column":25},"end":{"line":92,"column":3}},"19":{"start":{"line":90,"column":10},"end":{"line":90,"column":48}},"20":{"start":{"line":90,"column":26},"end":{"line":90,"column":47}},"21":{"start":{"line":94,"column":24},"end":{"line":97,"column":3}},"22":{"start":{"line":95,"column":10},"end":{"line":95,"column":49}},"23":{"start":{"line":99,"column":23},"end":{"line":122,"column":3}},"24":{"start":{"line":101,"column":20},"end":{"line":101,"column":57}},"25":{"start":{"line":103,"column":6},"end":{"line":107,"column":7}},"26":{"start":{"line":104,"column":8},"end":{"line":104,"column":25}},"27":{"start":{"line":105,"column":8},"end":{"line":105,"column":26}},"28":{"start":{"line":106,"column":8},"end":{"line":106,"column":15}},"29":{"start":{"line":109,"column":19},"end":{"line":109,"column":37}},"30":{"start":{"line":111,"column":6},"end":{"line":116,"column":7}},"31":{"start":{"line":112,"column":8},"end":{"line":112,"column":41}},"32":{"start":{"line":113,"column":8},"end":{"line":113,"column":40}},"33":{"start":{"line":115,"column":8},"end":{"line":115,"column":27}},"34":{"start":{"line":118,"column":6},"end":{"line":118,"column":23}},"35":{"start":{"line":119,"column":6},"end":{"line":119,"column":24}},"36":{"start":{"line":124,"column":23},"end":{"line":141,"column":3}},"37":{"start":{"line":126,"column":6},"end":{"line":126,"column":19}},"38":{"start":{"line":128,"column":6},"end":{"line":138,"column":7}},"39":{"start":{"line":129,"column":8},"end":{"line":135,"column":10}},"40":{"start":{"line":131,"column":12},"end":{"line":133,"column":48}},"41":{"start":{"line":137,"column":8},"end":{"line":137,"column":26}},"42":{"start":{"line":143,"column":30},"end":{"line":151,"column":3}},"43":{"start":{"line":145,"column":20},"end":{"line":145,"column":46}},"44":{"start":{"line":146,"column":6},"end":{"line":146,"column":23}},"45":{"start":{"line":147,"column":6},"end":{"line":147,"column":24}},"46":{"start":{"line":148,"column":6},"end":{"line":148,"column":26}},"47":{"start":{"line":153,"column":53},"end":{"line":171,"column":3}},"48":{"start":{"line":158,"column":30},"end":{"line":158,"column":54}},"49":{"start":{"line":168,"column":30},"end":{"line":168,"column":45}},"50":{"start":{"line":173,"column":2},"end":{"line":175,"column":24}},"51":{"start":{"line":174,"column":4},"end":{"line":174,"column":61}},"52":{"start":{"line":177,"column":2},"end":{"line":227,"column":4}},"53":{"start":{"line":189,"column":27},"end":{"line":189,"column":58}},"54":{"start":{"line":202,"column":23},"end":{"line":202,"column":42}}},"fnMap":{"0":{"name":"(anonymous_0)","decl":{"start":{"line":23,"column":11},"end":{"line":23,"column":12}},"loc":{"start":{"line":23,"column":26},"end":{"line":23,"column":41}},"line":23},"1":{"name":"(anonymous_1)","decl":{"start":{"line":24,"column":15},"end":{"line":24,"column":16}},"loc":{"start":{"line":24,"column":30},"end":{"line":24,"column":45}},"line":24},"2":{"name":"(anonymous_2)","decl":{"start":{"line":25,"column":16},"end":{"line":25,"column":17}},"loc":{"start":{"line":25,"column":31},"end":{"line":25,"column":46}},"line":25},"3":{"name":"(anonymous_3)","decl":{"start":{"line":31,"column":22},"end":{"line":31,"column":23}},"loc":{"start":{"line":31,"column":37},"end":{"line":31,"column":66}},"line":31},"4":{"name":"(anonymous_4)","decl":{"start":{"line":32,"column":19},"end":{"line":32,"column":20}},"loc":{"start":{"line":32,"column":34},"end":{"line":32,"column":49}},"line":32},"5":{"name":"(anonymous_5)","decl":{"start":{"line":34,"column":12},"end":{"line":34,"column":13}},"loc":{"start":{"line":34,"column":31},"end":{"line":34,"column":67}},"line":34},"6":{"name":"countriesForRows","decl":{"start":{"line":47,"column":9},"end":{"line":47,"column":25}},"loc":{"start":{"line":50,"column":26},"end":{"line":61,"column":1}},"line":50},"7":{"name":"(anonymous_7)","decl":{"start":{"line":51,"column":19},"end":{"line":51,"column":20}},"loc":{"start":{"line":51,"column":30},"end":{"line":60,"column":3}},"line":51},"8":{"name":"HubPhone","decl":{"start":{"line":63,"column":16},"end":{"line":63,"column":24}},"loc":{"start":{"line":72,"column":18},"end":{"line":228,"column":1}},"line":72},"9":{"name":"(anonymous_9)","decl":{"start":{"line":85,"column":4},"end":{"line":85,"column":5}},"loc":{"start":{"line":85,"column":11},"end":{"line":85,"column":65}},"line":85},"10":{"name":"(anonymous_10)","decl":{"start":{"line":90,"column":4},"end":{"line":90,"column":5}},"loc":{"start":{"line":90,"column":10},"end":{"line":90,"column":48}},"line":90},"11":{"name":"(anonymous_11)","decl":{"start":{"line":90,"column":19},"end":{"line":90,"column":20}},"loc":{"start":{"line":90,"column":26},"end":{"line":90,"column":47}},"line":90},"12":{"name":"(anonymous_12)","decl":{"start":{"line":95,"column":4},"end":{"line":95,"column":5}},"loc":{"start":{"line":95,"column":10},"end":{"line":95,"column":49}},"line":95},"13":{"name":"(anonymous_13)","decl":{"start":{"line":100,"column":4},"end":{"line":100,"column":5}},"loc":{"start":{"line":100,"column":19},"end":{"line":120,"column":5}},"line":100},"14":{"name":"(anonymous_14)","decl":{"start":{"line":125,"column":4},"end":{"line":125,"column":5}},"loc":{"start":{"line":125,"column":19},"end":{"line":139,"column":5}},"line":125},"15":{"name":"(anonymous_15)","decl":{"start":{"line":130,"column":21},"end":{"line":130,"column":22}},"loc":{"start":{"line":131,"column":12},"end":{"line":133,"column":48}},"line":131},"16":{"name":"(anonymous_16)","decl":{"start":{"line":144,"column":4},"end":{"line":144,"column":5}},"loc":{"start":{"line":144,"column":20},"end":{"line":149,"column":5}},"line":144},"17":{"name":"(anonymous_17)","decl":{"start":{"line":158,"column":16},"end":{"line":158,"column":17}},"loc":{"start":{"line":158,"column":30},"end":{"line":158,"column":54}},"line":158},"18":{"name":"(anonymous_18)","decl":{"start":{"line":168,"column":16},"end":{"line":168,"column":17}},"loc":{"start":{"line":168,"column":30},"end":{"line":168,"column":45}},"line":168},"19":{"name":"(anonymous_19)","decl":{"start":{"line":173,"column":18},"end":{"line":173,"column":19}},"loc":{"start":{"line":173,"column":24},"end":{"line":175,"column":3}},"line":173},"20":{"name":"(anonymous_20)","decl":{"start":{"line":189,"column":21},"end":{"line":189,"column":22}},"loc":{"start":{"line":189,"column":27},"end":{"line":189,"column":58}},"line":189},"21":{"name":"(anonymous_21)","decl":{"start":{"line":202,"column":17},"end":{"line":202,"column":18}},"loc":{"start":{"line":202,"column":23},"end":{"line":202,"column":42}},"line":202}},"branchMap":{"0":{"loc":{"start":{"line":34,"column":31},"end":{"line":34,"column":67}},"type":"cond-expr","locations":[{"start":{"line":34,"column":42},"end":{"line":34,"column":55}},{"start":{"line":34,"column":58},"end":{"line":34,"column":67}}],"line":34},"1":{"loc":{"start":{"line":54,"column":6},"end":{"line":59,"column":19}},"type":"cond-expr","locations":[{"start":{"line":55,"column":10},"end":{"line":58,"column":11}},{"start":{"line":59,"column":10},"end":{"line":59,"column":19}}],"line":54},"2":{"loc":{"start":{"line":78,"column":9},"end":{"line":78,"column":33}},"type":"binary-expr","locations":[{"start":{"line":78,"column":9},"end":{"line":78,"column":12}},{"start":{"line":78,"column":16},"end":{"line":78,"column":33}}],"line":78},"3":{"loc":{"start":{"line":85,"column":11},"end":{"line":85,"column":65}},"type":"cond-expr","locations":[{"start":{"line":85,"column":20},"end":{"line":85,"column":60}},{"start":{"line":85,"column":63},"end":{"line":85,"column":65}}],"line":85},"4":{"loc":{"start":{"line":103,"column":6},"end":{"line":107,"column":7}},"type":"if","locations":[{"start":{"line":103,"column":6},"end":{"line":107,"column":7}},{"start":{},"end":{}}],"line":103},"5":{"loc":{"start":{"line":111,"column":6},"end":{"line":116,"column":7}},"type":"if","locations":[{"start":{"line":111,"column":6},"end":{"line":116,"column":7}},{"start":{"line":114,"column":13},"end":{"line":116,"column":7}}],"line":111},"6":{"loc":{"start":{"line":128,"column":6},"end":{"line":138,"column":7}},"type":"if","locations":[{"start":{"line":128,"column":6},"end":{"line":138,"column":7}},{"start":{"line":136,"column":13},"end":{"line":138,"column":7}}],"line":128},"7":{"loc":{"start":{"line":174,"column":26},"end":{"line":174,"column":50}},"type":"binary-expr","locations":[{"start":{"line":174,"column":26},"end":{"line":174,"column":29}},{"start":{"line":174,"column":33},"end":{"line":174,"column":50}}],"line":174},"8":{"loc":{"start":{"line":189,"column":27},"end":{"line":189,"column":58}},"type":"binary-expr","locations":[{"start":{"line":189,"column":27},"end":{"line":189,"column":36}},{"start":{"line":189,"column":40},"end":{"line":189,"column":58}}],"line":189}},"s":{"0":1,"1":2,"2":2,"3":2,"4":2,"5":2,"6":2,"7":1,"8":1,"9":1,"10":246,"11":2,"12":2,"13":2,"14":2,"15":2,"16":2,"17":2,"18":2,"19":1,"20":1,"21":2,"22":1,"23":2,"24":0,"25":0,"26":0,"27":0,"28":0,"29":0,"30":0,"31":0,"32":0,"33":0,"34":0,"35":0,"36":2,"37":0,"38":0,"39":0,"40":0,"41":0,"42":2,"43":0,"44":0,"45":0,"46":0,"47":2,"48":0,"49":0,"50":2,"51":1,"52":2,"53":0,"54":0},"f":{"0":2,"1":2,"2":2,"3":2,"4":2,"5":2,"6":1,"7":246,"8":2,"9":2,"10":1,"11":1,"12":1,"13":0,"14":0,"15":0,"16":0,"17":0,"18":0,"19":1,"20":0,"21":0},"b":{"0":[0,2],"1":[1,245],"2":[2,0],"3":[2,0],"4":[0,0],"5":[0,0],"6":[0,0],"7":[1,0],"8":[0,0]},"_coverageSchema":"1a1c01bbd47fc00a2c39e90264f33305004495a9","hash":"44ef47fa94f9ef08d4dd29a4637709f8f6e2ed29"}
,"C:\\Users\\guirv\\Desenvolvimento\\Hubert\\hubert.lib.front\\packages\\molecules\\src\\hub-status-alert\\index.tsx": {"path":"C:\\Users\\guirv\\Desenvolvimento\\Hubert\\hubert.lib.front\\packages\\molecules\\src\\hub-status-alert\\index.tsx","statementMap":{"0":{"start":{"line":26,"column":30},"end":{"line":26,"column":53}},"1":{"start":{"line":28,"column":15},"end":{"line":39,"column":14}},"2":{"start":{"line":29,"column":4},"end":{"line":38,"column":5}},"3":{"start":{"line":31,"column":8},"end":{"line":31,"column":34}},"4":{"start":{"line":33,"column":8},"end":{"line":33,"column":42}},"5":{"start":{"line":35,"column":8},"end":{"line":35,"column":32}},"6":{"start":{"line":37,"column":8},"end":{"line":37,"column":31}},"7":{"start":{"line":41,"column":2},"end":{"line":47,"column":16}},"8":{"start":{"line":42,"column":4},"end":{"line":42,"column":23}},"9":{"start":{"line":44,"column":4},"end":{"line":46,"column":5}},"10":{"start":{"line":45,"column":6},"end":{"line":45,"column":54}},"11":{"start":{"line":45,"column":23},"end":{"line":45,"column":43}},"12":{"start":{"line":49,"column":2},"end":{"line":61,"column":4}}},"fnMap":{"0":{"name":"HubStatusAlert","decl":{"start":{"line":19,"column":16},"end":{"line":19,"column":30}},"loc":{"start":{"line":25,"column":24},"end":{"line":62,"column":1}},"line":25},"1":{"name":"(anonymous_1)","decl":{"start":{"line":28,"column":29},"end":{"line":28,"column":30}},"loc":{"start":{"line":28,"column":35},"end":{"line":39,"column":3}},"line":28},"2":{"name":"(anonymous_2)","decl":{"start":{"line":41,"column":18},"end":{"line":41,"column":19}},"loc":{"start":{"line":41,"column":24},"end":{"line":47,"column":3}},"line":41},"3":{"name":"(anonymous_3)","decl":{"start":{"line":45,"column":17},"end":{"line":45,"column":18}},"loc":{"start":{"line":45,"column":23},"end":{"line":45,"column":43}},"line":45}},"branchMap":{"0":{"loc":{"start":{"line":29,"column":4},"end":{"line":38,"column":5}},"type":"switch","locations":[{"start":{"line":30,"column":6},"end":{"line":31,"column":34}},{"start":{"line":32,"column":6},"end":{"line":33,"column":42}},{"start":{"line":34,"column":6},"end":{"line":35,"column":32}},{"start":{"line":36,"column":6},"end":{"line":37,"column":31}}],"line":29},"1":{"loc":{"start":{"line":44,"column":4},"end":{"line":46,"column":5}},"type":"if","locations":[{"start":{"line":44,"column":4},"end":{"line":46,"column":5}},{"start":{},"end":{}}],"line":44},"2":{"loc":{"start":{"line":44,"column":8},"end":{"line":44,"column":41}},"type":"binary-expr","locations":[{"start":{"line":44,"column":8},"end":{"line":44,"column":15}},{"start":{"line":44,"column":19},"end":{"line":44,"column":26}},{"start":{"line":44,"column":30},"end":{"line":44,"column":41}}],"line":44},"3":{"loc":{"start":{"line":49,"column":9},"end":{"line":61,"column":3}},"type":"cond-expr","locations":[{"start":{"line":50,"column":4},"end":{"line":58,"column":6}},{"start":{"line":60,"column":4},"end":{"line":60,"column":9}}],"line":49},"4":{"loc":{"start":{"line":54,"column":12},"end":{"line":54,"column":68}},"type":"binary-expr","locations":[{"start":{"line":54,"column":12},"end":{"line":54,"column":16}},{"start":{"line":54,"column":20},"end":{"line":54,"column":68}}],"line":54}},"s":{"0":1,"1":1,"2":1,"3":0,"4":0,"5":1,"6":0,"7":1,"8":1,"9":1,"10":0,"11":0,"12":1},"f":{"0":1,"1":1,"2":1,"3":0},"b":{"0":[0,0,1,0],"1":[0,1],"2":[1,1,0],"3":[1,0],"4":[1,1]},"_coverageSchema":"1a1c01bbd47fc00a2c39e90264f33305004495a9","hash":"aa45dc870cfbf0f5fdccf7547d052523d3e789d0"}
,"C:\\Users\\guirv\\Desenvolvimento\\Hubert\\hubert.lib.front\\packages\\molecules\\src\\hub-time\\index.tsx": {"path":"C:\\Users\\guirv\\Desenvolvimento\\Hubert\\hubert.lib.front\\packages\\molecules\\src\\hub-time\\index.tsx","statementMap":{"0":{"start":{"line":18,"column":22},"end":{"line":18,"column":36}},"1":{"start":{"line":19,"column":19},"end":{"line":19,"column":32}},"2":{"start":{"line":22,"column":2},"end":{"line":22,"column":23}},"3":{"start":{"line":22,"column":13},"end":{"line":22,"column":23}},"4":{"start":{"line":23,"column":2},"end":{"line":23,"column":42}},"5":{"start":{"line":33,"column":12},"end":{"line":33,"column":30}},"6":{"start":{"line":35,"column":30},"end":{"line":35,"column":64}},"7":{"start":{"line":37,"column":16},"end":{"line":40,"column":3}},"8":{"start":{"line":38,"column":11},"end":{"line":38,"column":48}},"9":{"start":{"line":42,"column":23},"end":{"line":89,"column":3}},"10":{"start":{"line":44,"column":6},"end":{"line":86,"column":9}},"11":{"start":{"line":45,"column":8},"end":{"line":49,"column":9}},"12":{"start":{"line":46,"column":10},"end":{"line":46,"column":24}},"13":{"start":{"line":47,"column":10},"end":{"line":47,"column":25}},"14":{"start":{"line":48,"column":10},"end":{"line":48,"column":17}},"15":{"start":{"line":51,"column":8},"end":{"line":84,"column":9}},"16":{"start":{"line":52,"column":23},"end":{"line":52,"column":35}},"17":{"start":{"line":54,"column":10},"end":{"line":61,"column":11}},"18":{"start":{"line":55,"column":12},"end":{"line":55,"column":52}},"19":{"start":{"line":56,"column":12},"end":{"line":56,"column":56}},"20":{"start":{"line":57,"column":12},"end":{"line":60,"column":13}},"21":{"start":{"line":58,"column":14},"end":{"line":58,"column":20}},"22":{"start":{"line":59,"column":14},"end":{"line":59,"column":22}},"23":{"start":{"line":63,"column":21},"end":{"line":63,"column":30}},"24":{"start":{"line":64,"column":18},"end":{"line":64,"column":27}},"25":{"start":{"line":66,"column":10},"end":{"line":69,"column":11}},"26":{"start":{"line":67,"column":12},"end":{"line":67,"column":23}},"27":{"start":{"line":68,"column":12},"end":{"line":68,"column":21}},"28":{"start":{"line":70,"column":10},"end":{"line":72,"column":11}},"29":{"start":{"line":71,"column":12},"end":{"line":71,"column":20}},"30":{"start":{"line":74,"column":10},"end":{"line":81,"column":11}},"31":{"start":{"line":75,"column":12},"end":{"line":80,"column":13}},"32":{"start":{"line":76,"column":27},"end":{"line":76,"column":64}},"33":{"start":{"line":77,"column":14},"end":{"line":77,"column":30}},"34":{"start":{"line":78,"column":14},"end":{"line":78,"column":40}},"35":{"start":{"line":79,"column":14},"end":{"line":79,"column":21}},"36":{"start":{"line":85,"column":8},"end":{"line":85,"column":38}},"37":{"start":{"line":91,"column":19},"end":{"line":116,"column":24}},"38":{"start":{"line":92,"column":4},"end":{"line":115,"column":5}},"39":{"start":{"line":93,"column":21},"end":{"line":93,"column":38}},"40":{"start":{"line":94,"column":19},"end":{"line":94,"column":36}},"41":{"start":{"line":95,"column":14},"end":{"line":95,"column":33}},"42":{"start":{"line":97,"column":17},"end":{"line":97,"column":19}},"43":{"start":{"line":99,"column":6},"end":{"line":109,"column":7}},"44":{"start":{"line":100,"column":8},"end":{"line":100,"column":66}},"45":{"start":{"line":101,"column":13},"end":{"line":109,"column":7}},"46":{"start":{"line":102,"column":8},"end":{"line":102,"column":57}},"47":{"start":{"line":103,"column":13},"end":{"line":109,"column":7}},"48":{"start":{"line":104,"column":8},"end":{"line":104,"column":57}},"49":{"start":{"line":105,"column":13},"end":{"line":109,"column":7}},"50":{"start":{"line":106,"column":8},"end":{"line":106,"column":57}},"51":{"start":{"line":108,"column":8},"end":{"line":108,"column":57}},"52":{"start":{"line":111,"column":6},"end":{"line":111,"column":22}},"53":{"start":{"line":112,"column":6},"end":{"line":112,"column":50}},"54":{"start":{"line":112,"column":23},"end":{"line":112,"column":48}},"55":{"start":{"line":118,"column":21},"end":{"line":143,"column":24}},"56":{"start":{"line":119,"column":4},"end":{"line":142,"column":5}},"57":{"start":{"line":120,"column":21},"end":{"line":120,"column":38}},"58":{"start":{"line":121,"column":19},"end":{"line":121,"column":36}},"59":{"start":{"line":122,"column":14},"end":{"line":122,"column":33}},"60":{"start":{"line":124,"column":17},"end":{"line":124,"column":19}},"61":{"start":{"line":126,"column":6},"end":{"line":136,"column":7}},"62":{"start":{"line":127,"column":8},"end":{"line":127,"column":67}},"63":{"start":{"line":128,"column":13},"end":{"line":136,"column":7}},"64":{"start":{"line":129,"column":8},"end":{"line":129,"column":57}},"65":{"start":{"line":130,"column":13},"end":{"line":136,"column":7}},"66":{"start":{"line":131,"column":8},"end":{"line":131,"column":57}},"67":{"start":{"line":132,"column":13},"end":{"line":136,"column":7}},"68":{"start":{"line":133,"column":8},"end":{"line":133,"column":57}},"69":{"start":{"line":135,"column":8},"end":{"line":135,"column":56}},"70":{"start":{"line":138,"column":6},"end":{"line":138,"column":22}},"71":{"start":{"line":139,"column":6},"end":{"line":139,"column":50}},"72":{"start":{"line":139,"column":23},"end":{"line":139,"column":48}},"73":{"start":{"line":145,"column":2},"end":{"line":147,"column":14}},"74":{"start":{"line":146,"column":4},"end":{"line":146,"column":34}},"75":{"start":{"line":149,"column":2},"end":{"line":177,"column":4}}},"fnMap":{"0":{"name":"factoryDate","decl":{"start":{"line":21,"column":9},"end":{"line":21,"column":20}},"loc":{"start":{"line":21,"column":36},"end":{"line":24,"column":1}},"line":21},"1":{"name":"HubTime","decl":{"start":{"line":26,"column":16},"end":{"line":26,"column":23}},"loc":{"start":{"line":32,"column":17},"end":{"line":178,"column":1}},"line":32},"2":{"name":"(anonymous_2)","decl":{"start":{"line":38,"column":4},"end":{"line":38,"column":5}},"loc":{"start":{"line":38,"column":11},"end":{"line":38,"column":48}},"line":38},"3":{"name":"(anonymous_3)","decl":{"start":{"line":43,"column":4},"end":{"line":43,"column":5}},"loc":{"start":{"line":43,"column":19},"end":{"line":87,"column":5}},"line":43},"4":{"name":"(anonymous_4)","decl":{"start":{"line":44,"column":20},"end":{"line":44,"column":21}},"loc":{"start":{"line":44,"column":26},"end":{"line":86,"column":7}},"line":44},"5":{"name":"(anonymous_5)","decl":{"start":{"line":91,"column":37},"end":{"line":91,"column":38}},"loc":{"start":{"line":91,"column":43},"end":{"line":116,"column":3}},"line":91},"6":{"name":"(anonymous_6)","decl":{"start":{"line":112,"column":17},"end":{"line":112,"column":18}},"loc":{"start":{"line":112,"column":23},"end":{"line":112,"column":48}},"line":112},"7":{"name":"(anonymous_7)","decl":{"start":{"line":118,"column":39},"end":{"line":118,"column":40}},"loc":{"start":{"line":118,"column":45},"end":{"line":143,"column":3}},"line":118},"8":{"name":"(anonymous_8)","decl":{"start":{"line":139,"column":17},"end":{"line":139,"column":18}},"loc":{"start":{"line":139,"column":23},"end":{"line":139,"column":48}},"line":139},"9":{"name":"(anonymous_9)","decl":{"start":{"line":145,"column":18},"end":{"line":145,"column":19}},"loc":{"start":{"line":145,"column":24},"end":{"line":147,"column":3}},"line":145}},"branchMap":{"0":{"loc":{"start":{"line":22,"column":2},"end":{"line":22,"column":23}},"type":"if","locations":[{"start":{"line":22,"column":2},"end":{"line":22,"column":23}},{"start":{},"end":{}}],"line":22},"1":{"loc":{"start":{"line":38,"column":11},"end":{"line":38,"column":48}},"type":"cond-expr","locations":[{"start":{"line":38,"column":20},"end":{"line":38,"column":43}},{"start":{"line":38,"column":46},"end":{"line":38,"column":48}}],"line":38},"2":{"loc":{"start":{"line":45,"column":8},"end":{"line":49,"column":9}},"type":"if","locations":[{"start":{"line":45,"column":8},"end":{"line":49,"column":9}},{"start":{},"end":{}}],"line":45},"3":{"loc":{"start":{"line":54,"column":10},"end":{"line":61,"column":11}},"type":"if","locations":[{"start":{"line":54,"column":10},"end":{"line":61,"column":11}},{"start":{},"end":{}}],"line":54},"4":{"loc":{"start":{"line":57,"column":12},"end":{"line":60,"column":13}},"type":"if","locations":[{"start":{"line":57,"column":12},"end":{"line":60,"column":13}},{"start":{},"end":{}}],"line":57},"5":{"loc":{"start":{"line":66,"column":10},"end":{"line":69,"column":11}},"type":"if","locations":[{"start":{"line":66,"column":10},"end":{"line":69,"column":11}},{"start":{},"end":{}}],"line":66},"6":{"loc":{"start":{"line":70,"column":10},"end":{"line":72,"column":11}},"type":"if","locations":[{"start":{"line":70,"column":10},"end":{"line":72,"column":11}},{"start":{},"end":{}}],"line":70},"7":{"loc":{"start":{"line":74,"column":10},"end":{"line":81,"column":11}},"type":"if","locations":[{"start":{"line":74,"column":10},"end":{"line":81,"column":11}},{"start":{},"end":{}}],"line":74},"8":{"loc":{"start":{"line":74,"column":14},"end":{"line":74,"column":37}},"type":"binary-expr","locations":[{"start":{"line":74,"column":14},"end":{"line":74,"column":23}},{"start":{"line":74,"column":27},"end":{"line":74,"column":37}}],"line":74},"9":{"loc":{"start":{"line":75,"column":12},"end":{"line":80,"column":13}},"type":"if","locations":[{"start":{"line":75,"column":12},"end":{"line":80,"column":13}},{"start":{},"end":{}}],"line":75},"10":{"loc":{"start":{"line":75,"column":16},"end":{"line":75,"column":37}},"type":"binary-expr","locations":[{"start":{"line":75,"column":16},"end":{"line":75,"column":24}},{"start":{"line":75,"column":28},"end":{"line":75,"column":37}}],"line":75},"11":{"loc":{"start":{"line":99,"column":6},"end":{"line":109,"column":7}},"type":"if","locations":[{"start":{"line":99,"column":6},"end":{"line":109,"column":7}},{"start":{"line":101,"column":13},"end":{"line":109,"column":7}}],"line":99},"12":{"loc":{"start":{"line":101,"column":13},"end":{"line":109,"column":7}},"type":"if","locations":[{"start":{"line":101,"column":13},"end":{"line":109,"column":7}},{"start":{"line":103,"column":13},"end":{"line":109,"column":7}}],"line":101},"13":{"loc":{"start":{"line":101,"column":17},"end":{"line":101,"column":38}},"type":"binary-expr","locations":[{"start":{"line":101,"column":17},"end":{"line":101,"column":25}},{"start":{"line":101,"column":29},"end":{"line":101,"column":38}}],"line":101},"14":{"loc":{"start":{"line":103,"column":13},"end":{"line":109,"column":7}},"type":"if","locations":[{"start":{"line":103,"column":13},"end":{"line":109,"column":7}},{"start":{"line":105,"column":13},"end":{"line":109,"column":7}}],"line":103},"15":{"loc":{"start":{"line":103,"column":17},"end":{"line":103,"column":39}},"type":"binary-expr","locations":[{"start":{"line":103,"column":17},"end":{"line":103,"column":26}},{"start":{"line":103,"column":30},"end":{"line":103,"column":39}}],"line":103},"16":{"loc":{"start":{"line":105,"column":13},"end":{"line":109,"column":7}},"type":"if","locations":[{"start":{"line":105,"column":13},"end":{"line":109,"column":7}},{"start":{"line":107,"column":13},"end":{"line":109,"column":7}}],"line":105},"17":{"loc":{"start":{"line":105,"column":17},"end":{"line":105,"column":39}},"type":"binary-expr","locations":[{"start":{"line":105,"column":17},"end":{"line":105,"column":26}},{"start":{"line":105,"column":30},"end":{"line":105,"column":39}}],"line":105},"18":{"loc":{"start":{"line":126,"column":6},"end":{"line":136,"column":7}},"type":"if","locations":[{"start":{"line":126,"column":6},"end":{"line":136,"column":7}},{"start":{"line":128,"column":13},"end":{"line":136,"column":7}}],"line":126},"19":{"loc":{"start":{"line":128,"column":13},"end":{"line":136,"column":7}},"type":"if","locations":[{"start":{"line":128,"column":13},"end":{"line":136,"column":7}},{"start":{"line":130,"column":13},"end":{"line":136,"column":7}}],"line":128},"20":{"loc":{"start":{"line":128,"column":17},"end":{"line":128,"column":39}},"type":"binary-expr","locations":[{"start":{"line":128,"column":17},"end":{"line":128,"column":26}},{"start":{"line":128,"column":30},"end":{"line":128,"column":39}}],"line":128},"21":{"loc":{"start":{"line":130,"column":13},"end":{"line":136,"column":7}},"type":"if","locations":[{"start":{"line":130,"column":13},"end":{"line":136,"column":7}},{"start":{"line":132,"column":13},"end":{"line":136,"column":7}}],"line":130},"22":{"loc":{"start":{"line":130,"column":17},"end":{"line":130,"column":39}},"type":"binary-expr","locations":[{"start":{"line":130,"column":17},"end":{"line":130,"column":26}},{"start":{"line":130,"column":30},"end":{"line":130,"column":39}}],"line":130},"23":{"loc":{"start":{"line":132,"column":13},"end":{"line":136,"column":7}},"type":"if","locations":[{"start":{"line":132,"column":13},"end":{"line":136,"column":7}},{"start":{"line":134,"column":13},"end":{"line":136,"column":7}}],"line":132},"24":{"loc":{"start":{"line":132,"column":17},"end":{"line":132,"column":39}},"type":"binary-expr","locations":[{"start":{"line":132,"column":17},"end":{"line":132,"column":26}},{"start":{"line":132,"column":30},"end":{"line":132,"column":39}}],"line":132}},"s":{"0":1,"1":1,"2":2,"3":2,"4":0,"5":1,"6":1,"7":1,"8":1,"9":1,"10":0,"11":0,"12":0,"13":0,"14":0,"15":0,"16":0,"17":0,"18":0,"19":0,"20":0,"21":0,"22":0,"23":0,"24":0,"25":0,"26":0,"27":0,"28":0,"29":0,"30":0,"31":0,"32":0,"33":0,"34":0,"35":0,"36":0,"37":1,"38":0,"39":0,"40":0,"41":0,"42":0,"43":0,"44":0,"45":0,"46":0,"47":0,"48":0,"49":0,"50":0,"51":0,"52":0,"53":0,"54":0,"55":1,"56":0,"57":0,"58":0,"59":0,"60":0,"61":0,"62":0,"63":0,"64":0,"65":0,"66":0,"67":0,"68":0,"69":0,"70":0,"71":0,"72":0,"73":1,"74":1,"75":1},"f":{"0":2,"1":1,"2":1,"3":0,"4":0,"5":0,"6":0,"7":0,"8":0,"9":1},"b":{"0":[2,0],"1":[0,1],"2":[0,0],"3":[0,0],"4":[0,0],"5":[0,0],"6":[0,0],"7":[0,0],"8":[0,0],"9":[0,0],"10":[0,0],"11":[0,0],"12":[0,0],"13":[0,0],"14":[0,0],"15":[0,0],"16":[0,0],"17":[0,0],"18":[0,0],"19":[0,0],"20":[0,0],"21":[0,0],"22":[0,0],"23":[0,0],"24":[0,0]},"_coverageSchema":"1a1c01bbd47fc00a2c39e90264f33305004495a9","hash":"3f0f44f6bd3039b444bd0b149e324870ceceaac4"}
}
