TN:
SF:src\hub-avatar-menu\index.tsx
FN:19,HubAvatarMenu
FN:40,(anonymous_1)
FNF:2
FNH:1
FNDA:2,HubAvatarMenu
FNDA:0,(anonymous_1)
DA:31,2
DA:33,2
DA:41,0
LF:3
LH:2
BRDA:38,0,0,2
BRDA:38,0,1,0
BRDA:41,1,0,0
BRDA:41,1,1,0
BRDA:45,2,0,0
BRDA:45,2,1,0
BRDA:63,3,0,0
BRDA:63,3,1,0
BRDA:80,4,0,2
BRDA:80,4,1,2
BRDA:86,5,0,2
BRDA:86,5,1,2
BRDA:98,6,0,2
BRDA:98,6,1,0
BRF:14
BRH:6
end_of_record
TN:
SF:src\hub-data-list\index.tsx
FN:8,HubDataList
FN:18,columnToDataListItem
FN:24,(anonymous_2)
FN:25,(anonymous_3)
FN:67,(anonymous_4)
FNF:5
FNH:1
FNDA:1,HubDataList
FNDA:0,columnToDataListItem
FNDA:0,(anonymous_2)
FNDA:0,(anonymous_3)
FNDA:0,(anonymous_4)
DA:23,0
DA:24,0
DA:26,0
DA:30,0
DA:38,0
DA:39,0
DA:46,0
DA:64,1
DA:68,0
LF:9
LH:1
BRDA:26,0,0,0
BRDA:26,0,1,0
BRDA:30,1,0,0
BRDA:30,1,1,0
BRDA:30,2,0,0
BRDA:30,2,1,0
BRDA:38,3,0,0
BRDA:38,3,1,0
BRDA:47,4,0,0
BRDA:47,4,1,0
BRDA:48,5,0,0
BRDA:48,5,1,0
BRDA:65,6,0,1
BRDA:65,6,1,1
BRDA:71,7,0,0
BRDA:71,7,1,0
BRDA:73,8,0,0
BRDA:73,8,1,0
BRDA:76,9,0,0
BRDA:76,9,1,0
BRDA:79,10,0,0
BRDA:79,10,1,0
BRDA:81,11,0,0
BRDA:81,11,1,0
BRDA:83,12,0,0
BRDA:83,12,1,0
BRDA:83,12,2,0
BRF:27
BRH:2
end_of_record
TN:
SF:src\hub-data-list\styles.ts
FNF:0
FNH:0
DA:4,1
LF:1
LH:1
BRF:0
BRH:0
end_of_record
TN:
SF:src\hub-data-table-empty\ilus-empty-state.tsx
FN:5,(anonymous_0)
FN:8,(anonymous_1)
FNF:2
FNH:2
FNDA:1,(anonymous_0)
FNDA:1,(anonymous_1)
DA:4,1
DA:5,1
DA:9,1
LF:3
LH:3
BRF:0
BRH:0
end_of_record
TN:
SF:src\hub-data-table-empty\index.tsx
FN:19,HubDataTableEmpty
FNF:1
FNH:1
FNDA:1,HubDataTableEmpty
DA:28,1
DA:29,1
DA:31,1
LF:3
LH:3
BRDA:33,0,0,1
BRDA:33,0,1,1
BRDA:48,1,0,1
BRDA:48,1,1,1
BRDA:49,2,0,1
BRDA:49,2,1,1
BRDA:50,3,0,0
BRDA:50,3,1,1
BRDA:51,4,0,0
BRDA:51,4,1,1
BRDA:55,5,0,0
BRDA:55,5,1,1
BRDA:58,6,0,1
BRDA:58,6,1,0
BRDA:58,7,0,1
BRDA:58,7,1,0
BRDA:61,8,0,1
BRDA:61,8,1,1
BRDA:65,9,0,1
BRDA:65,9,1,0
BRDA:74,10,0,0
BRDA:74,10,1,1
BRDA:76,11,0,1
BRDA:76,11,1,0
BRF:24
BRH:16
end_of_record
TN:
SF:src\hub-data-table-initial\ilus-search-ellipse.tsx
FN:5,(anonymous_0)
FN:8,(anonymous_1)
FNF:2
FNH:2
FNDA:1,(anonymous_0)
FNDA:1,(anonymous_1)
DA:4,1
DA:5,1
DA:9,1
LF:3
LH:3
BRF:0
BRH:0
end_of_record
TN:
SF:src\hub-data-table-initial\index.tsx
FN:18,HubDataTableInitial
FNF:1
FNH:1
FNDA:1,HubDataTableInitial
DA:27,1
DA:29,1
LF:2
LH:2
BRDA:31,0,0,1
BRDA:31,0,1,1
BRDA:46,1,0,1
BRDA:46,1,1,1
BRDA:47,2,0,1
BRDA:47,2,1,1
BRDA:48,3,0,0
BRDA:48,3,1,1
BRDA:49,4,0,0
BRDA:49,4,1,1
BRDA:53,5,0,0
BRDA:53,5,1,1
BRDA:58,6,0,1
BRDA:58,6,1,1
BRDA:68,7,0,0
BRDA:68,7,1,1
BRF:16
BRH:12
end_of_record
TN:
SF:src\hub-date\index.tsx
FN:25,HubDate
FN:72,(anonymous_1)
FN:86,(anonymous_2)
FN:88,(anonymous_3)
FN:92,handleClose
FN:97,handleChange
FN:104,handleInputChange
FN:127,handleClick
FNF:8
FNH:3
FNDA:1,HubDate
FNDA:1,(anonymous_1)
FNDA:1,(anonymous_2)
FNDA:0,(anonymous_3)
FNDA:0,handleClose
FNDA:0,handleChange
FNDA:0,handleInputChange
FNDA:0,handleClick
DA:66,1
DA:68,1
DA:70,1
DA:72,1
DA:73,1
DA:74,0
DA:75,0
DA:77,0
DA:78,0
DA:80,0
DA:81,0
DA:83,0
DA:86,1
DA:87,1
DA:88,0
DA:93,0
DA:94,0
DA:98,0
DA:99,0
DA:101,0
DA:105,0
DA:107,0
DA:108,0
DA:110,0
DA:111,0
DA:112,0
DA:116,0
DA:117,0
DA:120,0
DA:121,0
DA:128,0
DA:129,0
DA:132,1
LF:33
LH:8
BRDA:27,0,0,1
BRDA:73,1,0,1
BRDA:73,1,1,0
BRDA:74,2,0,0
BRDA:74,2,1,0
BRDA:74,3,0,0
BRDA:74,3,1,0
BRDA:77,4,0,0
BRDA:77,4,1,0
BRDA:77,5,0,0
BRDA:77,5,1,0
BRDA:80,6,0,0
BRDA:80,6,1,0
BRDA:87,7,0,0
BRDA:87,7,1,1
BRDA:98,8,0,0
BRDA:98,8,1,0
BRDA:98,9,0,0
BRDA:98,9,1,0
BRDA:98,10,0,0
BRDA:98,10,1,0
BRDA:98,11,0,0
BRDA:98,11,1,0
BRDA:105,12,0,0
BRDA:105,12,1,0
BRDA:107,13,0,0
BRDA:107,13,1,0
BRDA:111,14,0,0
BRDA:111,14,1,0
BRDA:116,15,0,0
BRDA:116,15,1,0
BRDA:116,16,0,0
BRDA:116,16,1,0
BRDA:120,17,0,0
BRDA:120,17,1,0
BRDA:137,18,0,1
BRDA:137,18,1,1
BRDA:138,19,0,1
BRDA:138,19,1,1
BRDA:144,20,0,1
BRDA:144,20,1,1
BRDA:145,21,0,1
BRDA:145,21,1,1
BRDA:148,22,0,1
BRDA:148,22,1,0
BRDA:156,23,0,1
BRDA:156,23,1,1
BRDA:174,24,0,1
BRDA:174,24,1,1
BRDA:188,25,0,0
BRDA:188,25,1,1
BRF:51
BRH:17
end_of_record
TN:
SF:src\hub-feedback\index.tsx
FN:31,HubFeedback
FN:46,(anonymous_1)
FN:61,(anonymous_2)
FNF:3
FNH:3
FNDA:1,HubFeedback
FNDA:1,(anonymous_1)
FNDA:1,(anonymous_2)
DA:44,1
DA:46,1
DA:47,1
DA:49,0
DA:51,0
DA:53,1
DA:55,0
DA:57,0
DA:61,1
DA:62,1
DA:64,0
DA:66,0
DA:68,1
DA:70,0
DA:74,1
LF:15
LH:8
BRDA:47,0,0,0
BRDA:47,0,1,0
BRDA:47,0,2,1
BRDA:47,0,3,0
BRDA:47,0,4,0
BRDA:62,1,0,0
BRDA:62,1,1,0
BRDA:62,1,2,1
BRDA:62,1,3,0
BRDA:78,2,0,1
BRDA:78,2,1,1
BRDA:79,3,0,1
BRDA:79,3,1,1
BRDA:84,4,0,1
BRDA:84,4,1,1
BRDA:84,4,2,1
BRDA:89,5,0,1
BRDA:89,5,1,0
BRDA:99,6,0,1
BRDA:99,6,1,1
BRDA:100,7,0,1
BRDA:100,7,1,1
BRDA:101,8,0,1
BRDA:101,8,1,1
BRF:24
BRH:16
end_of_record
TN:
SF:src\hub-filters\index.tsx
FN:23,HubFilters
FN:54,(anonymous_1)
FN:72,(anonymous_2)
FN:81,(anonymous_3)
FNF:4
FNH:1
FNDA:2,HubFilters
FNDA:0,(anonymous_1)
FNDA:0,(anonymous_2)
FNDA:0,(anonymous_3)
DA:36,2
DA:37,2
DA:39,2
DA:41,2
DA:54,0
DA:73,0
DA:74,0
DA:81,0
LF:8
LH:4
BRDA:25,0,0,2
BRDA:41,1,0,0
BRDA:41,1,1,2
BRDA:60,2,0,0
BRDA:60,2,1,0
BRDA:63,3,0,0
BRDA:63,3,1,0
BRDA:65,4,0,0
BRDA:65,4,1,0
BRDA:67,5,0,0
BRDA:67,5,1,0
BRF:11
BRH:2
end_of_record
TN:
SF:src\hub-input-color\index.tsx
FN:13,HubInputColor
FN:22,handleChange
FN:29,(anonymous_2)
FN:45,(anonymous_3)
FNF:4
FNH:1
FNDA:1,HubInputColor
FNDA:0,handleChange
FNDA:0,(anonymous_2)
FNDA:0,(anonymous_3)
DA:6,1
DA:23,0
DA:25,0
DA:26,0
DA:28,0
DA:29,0
DA:33,1
DA:45,0
LF:8
LH:2
BRDA:23,0,0,0
BRDA:23,0,1,0
BRDA:25,1,0,0
BRDA:25,1,1,0
BRDA:28,2,0,0
BRDA:28,2,1,0
BRDA:44,3,0,1
BRDA:44,3,1,1
BRF:8
BRH:2
end_of_record
TN:
SF:src\hub-input-color\styles.ts
FN:8,(anonymous_0)
FN:9,(anonymous_1)
FNF:2
FNH:2
FNDA:1,(anonymous_0)
FNDA:1,(anonymous_1)
DA:3,1
DA:8,1
DA:9,1
LF:3
LH:3
BRF:0
BRH:0
end_of_record
TN:
SF:src\hub-modal-alert\index.tsx
FN:36,HubModalAlert
FN:52,(anonymous_1)
FNF:2
FNH:2
FNDA:1,HubModalAlert
FNDA:1,(anonymous_1)
DA:52,1
DA:53,1
DA:55,0
DA:57,0
DA:59,1
DA:61,0
DA:65,1
LF:7
LH:4
BRDA:53,0,0,0
BRDA:53,0,1,0
BRDA:53,0,2,1
BRDA:53,0,3,0
BRDA:69,1,0,1
BRDA:69,1,1,1
BRDA:73,2,0,1
BRDA:73,2,1,0
BRDA:73,3,0,1
BRDA:73,3,1,0
BRDA:75,4,0,1
BRDA:75,4,1,1
BRDA:85,5,0,1
BRDA:85,5,1,1
BRDA:90,6,0,1
BRDA:90,6,1,1
BRDA:102,7,0,1
BRDA:102,7,1,1
BRDA:108,8,0,1
BRDA:108,8,1,0
BRDA:112,9,0,0
BRDA:112,9,1,0
BRF:22
BRH:14
end_of_record
TN:
SF:src\hub-modal-right\index.tsx
FN:14,HubModalRight
FNF:1
FNH:1
FNDA:1,HubModalRight
DA:22,1
DA:24,1
LF:2
LH:2
BRDA:34,0,0,1
BRDA:34,0,1,1
BRDA:36,1,0,1
BRDA:36,1,1,1
BRDA:39,2,0,1
BRDA:39,2,1,0
BRDA:40,3,0,1
BRDA:40,3,1,1
BRF:8
BRH:7
end_of_record
TN:
SF:src\hub-phone\ddi.ts
FNF:0
FNH:0
DA:1,1
LF:1
LH:1
BRF:0
BRH:0
end_of_record
TN:
SF:src\hub-phone\index.tsx
FN:23,(anonymous_0)
FN:24,(anonymous_1)
FN:25,(anonymous_2)
FN:31,(anonymous_3)
FN:32,(anonymous_4)
FN:34,(anonymous_5)
FN:47,countriesForRows
FN:51,(anonymous_7)
FN:63,HubPhone
FN:85,(anonymous_9)
FN:90,(anonymous_10)
FN:90,(anonymous_11)
FN:95,(anonymous_12)
FN:100,(anonymous_13)
FN:125,(anonymous_14)
FN:130,(anonymous_15)
FN:144,(anonymous_16)
FN:158,(anonymous_17)
FN:168,(anonymous_18)
FN:173,(anonymous_19)
FN:189,(anonymous_20)
FN:202,(anonymous_21)
FNF:22
FNH:14
FNDA:2,(anonymous_0)
FNDA:2,(anonymous_1)
FNDA:2,(anonymous_2)
FNDA:2,(anonymous_3)
FNDA:2,(anonymous_4)
FNDA:2,(anonymous_5)
FNDA:1,countriesForRows
FNDA:246,(anonymous_7)
FNDA:2,HubPhone
FNDA:2,(anonymous_9)
FNDA:1,(anonymous_10)
FNDA:1,(anonymous_11)
FNDA:1,(anonymous_12)
FNDA:0,(anonymous_13)
FNDA:0,(anonymous_14)
FNDA:0,(anonymous_15)
FNDA:0,(anonymous_16)
FNDA:0,(anonymous_17)
FNDA:0,(anonymous_18)
FNDA:1,(anonymous_19)
FNDA:0,(anonymous_20)
FNDA:0,(anonymous_21)
DA:20,1
DA:23,2
DA:24,2
DA:25,2
DA:31,2
DA:32,2
DA:34,2
DA:37,1
DA:41,1
DA:51,246
DA:73,2
DA:75,2
DA:76,2
DA:81,2
DA:82,2
DA:84,2
DA:85,2
DA:89,2
DA:90,1
DA:94,2
DA:95,1
DA:99,2
DA:101,0
DA:103,0
DA:104,0
DA:105,0
DA:106,0
DA:109,0
DA:111,0
DA:112,0
DA:113,0
DA:115,0
DA:118,0
DA:119,0
DA:124,2
DA:126,0
DA:128,0
DA:129,0
DA:131,0
DA:137,0
DA:143,2
DA:145,0
DA:146,0
DA:147,0
DA:148,0
DA:153,2
DA:158,0
DA:168,0
DA:173,2
DA:174,1
DA:177,2
DA:189,0
DA:202,0
LF:53
LH:28
BRDA:34,0,0,0
BRDA:34,0,1,2
BRDA:54,1,0,1
BRDA:54,1,1,245
BRDA:78,2,0,2
BRDA:78,2,1,0
BRDA:85,3,0,2
BRDA:85,3,1,0
BRDA:103,4,0,0
BRDA:103,4,1,0
BRDA:111,5,0,0
BRDA:111,5,1,0
BRDA:128,6,0,0
BRDA:128,6,1,0
BRDA:174,7,0,1
BRDA:174,7,1,0
BRDA:189,8,0,0
BRDA:189,8,1,0
BRF:18
BRH:6
end_of_record
TN:
SF:src\hub-status-alert\index.tsx
FN:19,HubStatusAlert
FN:28,(anonymous_1)
FN:41,(anonymous_2)
FN:45,(anonymous_3)
FNF:4
FNH:3
FNDA:1,HubStatusAlert
FNDA:1,(anonymous_1)
FNDA:1,(anonymous_2)
FNDA:0,(anonymous_3)
DA:26,1
DA:28,1
DA:29,1
DA:31,0
DA:33,0
DA:35,1
DA:37,0
DA:41,1
DA:42,1
DA:44,1
DA:45,0
DA:49,1
LF:12
LH:8
BRDA:29,0,0,0
BRDA:29,0,1,0
BRDA:29,0,2,1
BRDA:29,0,3,0
BRDA:44,1,0,0
BRDA:44,1,1,1
BRDA:44,2,0,1
BRDA:44,2,1,1
BRDA:44,2,2,0
BRDA:49,3,0,1
BRDA:49,3,1,0
BRDA:54,4,0,1
BRDA:54,4,1,1
BRF:13
BRH:7
end_of_record
TN:
SF:src\hub-time\index.tsx
FN:21,factoryDate
FN:26,HubTime
FN:38,(anonymous_2)
FN:43,(anonymous_3)
FN:44,(anonymous_4)
FN:91,(anonymous_5)
FN:112,(anonymous_6)
FN:118,(anonymous_7)
FN:139,(anonymous_8)
FN:145,(anonymous_9)
FNF:10
FNH:4
FNDA:2,factoryDate
FNDA:1,HubTime
FNDA:1,(anonymous_2)
FNDA:0,(anonymous_3)
FNDA:0,(anonymous_4)
FNDA:0,(anonymous_5)
FNDA:0,(anonymous_6)
FNDA:0,(anonymous_7)
FNDA:0,(anonymous_8)
FNDA:1,(anonymous_9)
DA:18,1
DA:19,1
DA:22,2
DA:23,0
DA:33,1
DA:35,1
DA:37,1
DA:38,1
DA:42,1
DA:44,0
DA:45,0
DA:46,0
DA:47,0
DA:48,0
DA:51,0
DA:52,0
DA:54,0
DA:55,0
DA:56,0
DA:57,0
DA:58,0
DA:59,0
DA:63,0
DA:64,0
DA:66,0
DA:67,0
DA:68,0
DA:70,0
DA:71,0
DA:74,0
DA:75,0
DA:76,0
DA:77,0
DA:78,0
DA:79,0
DA:85,0
DA:91,1
DA:92,0
DA:93,0
DA:94,0
DA:95,0
DA:97,0
DA:99,0
DA:100,0
DA:101,0
DA:102,0
DA:103,0
DA:104,0
DA:105,0
DA:106,0
DA:108,0
DA:111,0
DA:112,0
DA:118,1
DA:119,0
DA:120,0
DA:121,0
DA:122,0
DA:124,0
DA:126,0
DA:127,0
DA:128,0
DA:129,0
DA:130,0
DA:131,0
DA:132,0
DA:133,0
DA:135,0
DA:138,0
DA:139,0
DA:145,1
DA:146,1
DA:149,1
LF:73
LH:13
BRDA:22,0,0,2
BRDA:22,0,1,0
BRDA:38,1,0,0
BRDA:38,1,1,1
BRDA:45,2,0,0
BRDA:45,2,1,0
BRDA:54,3,0,0
BRDA:54,3,1,0
BRDA:57,4,0,0
BRDA:57,4,1,0
BRDA:66,5,0,0
BRDA:66,5,1,0
BRDA:70,6,0,0
BRDA:70,6,1,0
BRDA:74,7,0,0
BRDA:74,7,1,0
BRDA:74,8,0,0
BRDA:74,8,1,0
BRDA:75,9,0,0
BRDA:75,9,1,0
BRDA:75,10,0,0
BRDA:75,10,1,0
BRDA:99,11,0,0
BRDA:99,11,1,0
BRDA:101,12,0,0
BRDA:101,12,1,0
BRDA:101,13,0,0
BRDA:101,13,1,0
BRDA:103,14,0,0
BRDA:103,14,1,0
BRDA:103,15,0,0
BRDA:103,15,1,0
BRDA:105,16,0,0
BRDA:105,16,1,0
BRDA:105,17,0,0
BRDA:105,17,1,0
BRDA:126,18,0,0
BRDA:126,18,1,0
BRDA:128,19,0,0
BRDA:128,19,1,0
BRDA:128,20,0,0
BRDA:128,20,1,0
BRDA:130,21,0,0
BRDA:130,21,1,0
BRDA:130,22,0,0
BRDA:130,22,1,0
BRDA:132,23,0,0
BRDA:132,23,1,0
BRDA:132,24,0,0
BRDA:132,24,1,0
BRF:50
BRH:2
end_of_record
